###################################################
#U#UUU#UUUUUUUUUUUUUUU#UUUUUUUUU#UUU#UUUUUUUUUUUUU#
#U###U#U###########U#U#U#####U#U###U#U###U#######U#
#UUU#U#UUUUU#UUU#UUU#U#UUU#U#U#UUU#U#UUU#U#UUUUUUU#
###U#U#####U#U#U#U###U###U#U#U###U#U###U#U#######U#
#E#U#UUUUUUUUU#U#U#U#U#UUUUU#U#U#U#UUUUU#UUUUUUU#U#
#S#U###U#########U#U#U#####U#U#U#U#U###########U#U#
#S#UUU#U#U#UUUUU#U#U#UUUUU#U#U#U#U#UUUUUUU#UUU#U#U#
#S###U#U#U#U###U#U#U#####U###U#U#U#####U###U#U#U#U#
# UU#U#UUU#UUU#U#U#UUUUU#UUU#U#U#UUUUU#U#UUU#UUU#U#
###U#U###U###U#U#U#U#######U#U#U#####U###U#######U#
#UUU#UUU#U#UUU#UUU#UUU#UUUUU#U#UUUUU#UUU#U#UUUUUUU#
#U#U###U###U#######U#U#U#####U#U#U#####U#U#U#######
#U#UUU#UUU#UUUUUUU#U#UUU# UUUU#U#U#UUU#UUU#U#ES SS#
#U#######U###U###U#U#####S#U###U###U#U#####U###U###
#U#UUUUU#UUU#UUU#U#UUUUU#S#U#UUUUUUU#UUUUU#UUU#UUU#
#U#U###U###U#####U#####U#S#U#U#######U###U###U###U#
#U#UUU#UUU#U#UUU#UUU#UUU#E#U#UUU#UUU#U#U#UUU#UUUUU#
#U###U#U###U#U#U#U#U#U#####U###U#U###U#U###U#####U#
#UUUUU#UUUUU#U#U#U#U#U#UUUUU#UUU#U#UUU#UUUUU#UUUUU#
#U###########U#U###U#U#U#####U###U#U#########U#####
#U#UUUUUUUUUUU#UUU#U#UUU#UUU#UUUUU#UUUUU#UUU#UUU#U#
#U#####U#########U#U#####U#U#####U#####U#U#U###U#U#
#UUUUUUU#UUUUUUUUUUU#UUUUU#UUUUUUUUUUU#UUU#UUUUUUU#
###################################################
