###################################################
# #UUU#               #         #UUU#             #
# ###U# ########### # # ##### # ###U# ### ####### #
#   #U#     #UUU#   # #   #U# #   #U#   # #       #
### #U##### #U#U# ### ### #U# ### #U### # ####### #
#E# #UUUUUU UU#U# # # #UU UU# #U# #     #       # #
#S# ###U######### # # #####U# #U# #U########### # #
#S#   #U#U#     # # #     #U# #U# #UUUUUUU#   # # #
#S### #U#U# ### # # ##### ### #U# #####U### # # # #
#SSS# #UUU#   # # #     #   # #U#     #U#   #   # #
###S# ###U### # # # ####### # #U##### ### ####### #
#   #   #U#   #   #   #     # #UUUUU#   # #       #
# #S### ### ####### # # ##### #U#U##### # # #######
# #SSS#   #       # #   #     #U#U#UUU#   # #ES SS#
# ####### ### ### # ##### # ###U###U#U##### ### ###
# #     #   #   # #     # # #UUUUUUU#UUUUU#   #   #
# # ### ### ##### ##### # # #U#######U###U### ### #
# #   #   # #   #   #   #E# #UUU#UUU#U#U#UUU#     #
# ### # ### # # # # # ##### ###U#U###U#U###U##### #
#     #     # # # # # #     #UUU#U#UUU#UUUUU#     #
# ########### # ### # # #####U###U#U######### #####
# #           #   # #   #UUU#UUUUU#UUUUU#UUU#   #U#
# ##### ######### # #####U#U#####U#####U#U#U### #U#
#       #           #UUUUU#UUUUUUUUUUU#UUU#UUUU UU#
###################################################
