###################################################
#U#UUU#UUUUUUUUUUUUUUU#UUUUUU UU#UUU#UUUUUUUUUUUUU#
#U###U#U###########U#U#U##### #U###U#U###U#######U#
#UUU#U#UUUUU#UUU#UUU#U#UUU#U# #UUU#U#UUU#U#UUUUUUU#
###U#U#####U#U#U#U###U###U#U# ###U#U###U#U#######U#
#E#U#UUUUUUUUU#U#U#U#U#UUUUU# #U#U#UUUUU#UUUUUUU#U#
#S#U###U#########U#U#U#####U# #U#U#U###########U#U#
#S#UUU#U#U#UUUUU#U#U#UUUUU#U# #U#U#UUUUUUU#UUU#U#U#
#S###U#U#U#U###U#U#U#####U### #U#U#####U###U#U#U#U#
#SSS#U#UUU#UUU#U#U#UUUUU#UUU# #U#UUUUU#U#UUU#UUU#U#
###S#U###U###U#U#U#U#######U# #U#####U###U#######U#
#WWS#UUU#U#UUU#UUU#UUU#UUUUU# #UUUUU#UUU#U#UUUUUUU#
#W#S###U###U#######U#U#U##### #U#U#####U#U#U#######
#W#SWW#UUU#UUUUUUU#U#UUU#     #U#U#UUU#UUU#U#ESSSS#
#W#######U###U###U#U#####S#S###U###U#U#####U###S###
#W#UUUUU#UUU#UUU#U#UUUUU#S#S#UUUUUUU#UUUUU#UUW#SSS#
#W#U###U###U#####U#####U#S#S#U#######U###U###W###W#
#W#UUU#UUU#U#UUU#UUU#UUU#E#S#UUU#UUU#U#U#UUU#WWWWW#
#W###U#U###U#U#U#U#U#U#####S###U#U###U#U###U#####W#
#WWWWW#UUUUU#U#U#U#U#U#WWWWS#UUU#U#UUU#UUUUU#WWWWW#
#W###########U#U###U#U#W#####U###U#U#########W#####
#W#UUUUUUUUUUU#UUU#U#WWW#UUU#UUUUU#UUUUU#UUU#WUU#U#
#W#####U#########U#U#####U#U#####U#####U#U#U###U#U#
#WWWWWWW#UUUUUUUUUUU#UUUUU#UUUUUUUUUUU#UUU#UUUUUUU#
###################################################
