########################
#SSSSSSSSSSSSSS#UUUU UU#
#SSSSSSSSSSSSSS#U###   #
#SSSSSSSSSSSSSS###U  UU#
#SSSSSS###S##          #
#SSSS###SSSS#          #
#SSSS#SSSS#S#    #U  UU#
#SSSS#SS###S#    #U  UU#
####S#SSSSSS#   ###    #
#ESSS SSS####    #     #
####  #SSS  SSS# #  #UU#
#     #     ###E    #UU#
#     #SSS  S#    ###UU#
#     ###S  S#         #
#   E    S  SS S###    #
#           ##    #    #
#####   #S  S#    #    #
#UUU#   ##   #         #
#UUU#      #SS S#      #
#UUU# #### ###  #      #
#UUUU UUU#      ###    #
#              E       #
#UUUU UUU            UU#
########################
