########################
#              #UUUU UU#
#              #U###   #
#              ###U  UU#
#      ### ##          #
#    ###SS S#          #
#    #S SS#S#    #U  UU#
#    #  ###S#    #U  UU#
#### #S  SSS#   ###    #
#ESSSSSSS####    #     #
####  #        # #  #UU#
#     #     ###ESSSS#UU#
#     #      # S  ###UU#
#     ###    # S       #
#   E          S###    #
#           ## S  #    #
#####   #    # S  #    #
#UUU#   ##   # S       #
#UUU#      #   S#      #
#UUU# #### ### S#      #
#UUUU UUU#     S###    #
#UUUU UUUU     EUUU  UU#
#UUUU UUUU     SUUU  UU#
########################
