###################################################
#W#UUU#WWWWWWWWWWWWWWW#UUUUUU UU#UUU#             #
#W###U#W###########W#W#U##### #U###U# ### ####### #
#WWW#U#WWWWW#UUU#WWW#W#UUU#U# #UUU#U# WW# #       #
###W#U#####U#U#U#U###W###U#U# ###U#U###W# ####### #
#E#W#UUUUUUUUU#U#U# #W#UUUUU# #U#U#WWWWW# WWWWWW# #
#S#W###U#########U# #W#####U# #U#U#U###########W# #
#S#WWW#U#U#UUUUU#U# #WWWWW#U# #U#U#UUUUUUU#WWW#W# #
#S###W#U#U#U###U#U# #####W### #U#U#####U###W#W#W# #
#SSS#W#UUU#UUU#U#U# SSSS#WWW# #U#UUUUW#U#WWW#WWW# #
###S#W###U###U#U#U# #######W# #U#####W###W####### #
#   #WWW#U#UUU#UUU# SS#WWWWW# #UUUUU#WWW#W#       #
# #S###W###U####### #W#W##### #U#U#####W#W# #######
# #SSS#WWW#UUUUUUU# #WWW#     #U#U#UUU#WWW# #ES SS#
# #######W###U###U# ##### # ###U###U#U##### ### ###
# #     #WWW#UUU#U#     # # #UUUUUUU#UUUUU#   #   #
# # ### ###W#####U##### # # #U#######U###U### ### #
# #   #   #W#UUU#UUU#   #E# #UUU#UUU#U#U#UUU#     #
# ### # ###W#U#U#U#U# ##### ###U#U###U#U###U##### #
#     #     #U#U#U#U# #     #UUU#U#UUU#UUUUU#     #
# ###########U#U###U# # #####U###U#U######### #####
# #UUUU UUUUUU#UUU#U#   #UUU#UUUUU#UUUUU#UUU#   #U#
# ##### #########U#U#####U#U#####U#####U#U#U### #U#
#       #UUUUUUUUUUU#UUUUU#UUUUUUUUUUU#UUU#UUUU UU#
###################################################
