###################################################
#U#UUU#UUUUUUUUUUUUUUU#UUUUUU UU#UUU#WWWWWWWWWWWWW#
#U###U#U###########U#U#U##### #U###U#W###W#######W#
#UUU#U#UUUUU#UUU#UUU#U#UUU#U# #UUU#U#WUU#W#WWWWWWW#
###U#U#####U#U#U#U###U###U#U# ###U#U###U#W#######W#
#E#U#UUUUUUUUU#U#U#W#U#UUUUU# #U#U#UUUUU#WUUUUUU#W#
#S#U###U#########U#W#U#####U# #U#U#U###########U#W#
#S#UUU#U#U#UUUUU#U#W#UUUUU#U# #U#U#UUUUUUU#UUU#U#W#
#S###U#U#U#U###U#U#W#####U### #U#U#####U###U#U#U#W#
#SSS#U#UUU#UUU#U#U#WWWWW#UUU# #U#UUUUU#U#UUU#UUU#W#
###S#U###U###U#U#U#W#######U# #U#####U###U#######W#
#   #UUU#U#UUU#UUU#WWW#UUUUU# #UUUUU#UUU#U#WWWWWWW#
# #S###U###U#######W#U#U##### #U#U#####U#U#W#######
# #SSS#UUU#UUUUUUU#W#UUU#     #U#U#UUU#UUU#W#ESSSS#
# #######U###U###U#W##### # ###U###U#U#####W###S###
# #WWWWW#UUU#UUU#U#WWWWW# # #UUUUUUU#UUUUU#WWS#SS #
# #W###W###U#####U#####W# # #U#######U###U###S### #
# #WWW#WWW#U#UUU#UUU#WWW#E# #UUU#UUU#U#U#UUU#SSSS #
# ###W#W###U#U#U#U#U#W##### ###U#U###U#U###U##### #
#     #WWWWW#U#U#U#U#W#     #UUU#U#UUU#UUUUU#     #
# ###########U#U###U#W# #####U###U#U######### #####
# #UUUUWUUUUUU#UUU#U#SS #UUU#UUUUU#UUUUU#UUU# WW#U#
# #####W#########U#U#####U#U#####U#####U#U#U###W#U#
#       #UUUUUUUUUUU#UUUUU#UUUUUUUUUUU#UUU#UUUUWUU#
###################################################
