########################
#              #UUUU UU#
#              #U###   #
#              ###U  UU#
#      ### ##          #
#    ###    #          #
#    #    # #    #U  UU#
#    #  ### #    #U  UU#
#### #      #   ###    #
#E       ####    #     #
####  #        # #  #UU#
#     #     ###E    #UU#
#     #      #    ###UU#
#     ###    #         #
#   E           ###    #
#           ##    #    #
#####   #    #    #    #
#UUU#   ##   #         #
#UUU#      #    #      #
#UUU# #### ###  #      #
#UUUU UUU#      ###    #
#UUUU UUUU     EUUU  UU#
#UUUU UUUU      UUU  UU#
########################
