########################
#SSSSSSSSSSSSSS#UUUU UU#
#SSSSSSSSSSSSSS#U###   #
#SSSSSSSSSSSSSS###U  UU#
#SSSSSS###S##          #
#SSSS###SSSS#          #
#SSSS#SSSS#S#    #U  UU#
#SSSS#SS###S#    #U  UU#
####S#SSSSSS#   ###    #
#ESSSSSSS####    #     #
####S #SSS  SSS# #  #UU#
#   S #     ###ESSSS#UU#
#   S #SSS  S# S  ###UU#
#   S ###S  S# S       #
#SSSESSSSSSSSSSS###    #
#   S       ## S  #    #
#####   #S  S# S  #    #
#UUU#   ##   # S       #
#UUU#      #SS S#      #
#UUU# #### ### S#      #
#UUUU UUU#     S###    #
#SSSSSSSSSSSSSSESSSSSSS#
#UUUU UUU      S     UU#
########################
