###################################################
#W#UUU#WWWWWWWWWWWWWWW#UUUUUU UU#UUU#             #
#W###U#W###########W#W#U##### #U###U# ### ####### #
#WWW#U#WWWWW#UUU#WWW#W#UUU#U# #UUW#U#   # #       #
###W#U#####W#U#U#W###W###U#U# ###W#U###W# ####### #
#E#W#UUUUUUWUU#U#W# #W#UUUUU# #U#W#WWWWW#       # #
#S#W###U#########W# #W#####U# #U#W#U###########W# #
#S#WWW#U#U#UUUUU#W# #WWWWW#U# #U#W#UUUUUUU#WWW#W# #
#S###W#U#U#U###U#W# #####W### #U#W#####U###W#W#W# #
#SSS#W#UUU#UUU#U#W#     #WWW# #U#WWWWW#U#WWW#WWW# #
###S#W###U###U#U#W# #######W# #U#####W###W####### #
#   #WWW#U#UUU#WWW#   #WWWWW# #UUUUU#WWW#W#       #
# #S###W###U####### #S#W##### #U#U#####W#W# #######
# #SSS#WWW#UUUUUUU# # WW#     #U#U#UUU#WWW# #ES SS#
# #######W###U###U# ##### # ###U###U#U##### ### ###
# #     #WW #UUU#U#     # # #UUUUUUU#UUUUU#   #   #
# # ### ### #####U##### # # #U#######U###U### ### #
# #   #   # #UUU#UUU#   #E# #UUU#UUU#U#U#UUU#     #
# ### # ### #U#U#U#U# ##### ###U#U###U#U###U##### #
#     #     #U#U#U#U# #     #UUU#U#UUU#UUUUU#     #
# ###########U#U###U# # #####U###U#U######### #####
# #UUUU UUUUUU#UUU#U#   #UUU#UUUUU#UUUUU#UUU#   #U#
# ##### #########U#U#####U#U#####U#####U#U#U### #U#
#       #UUUUUUUUUUU#UUUUU#UUUUUUUUUUU#UUU#UUUU UU#
###################################################
