0 0 S___S___S_____S__________
0 1 O_SO_O_OW___SOS_S_SO_____
0 2 W_OWOWOWS____WW_S__W_____
0 3 _OWOWOWOS__OS_S______OS__
0 4 OWOWOWOW_S_WS_______SW___
0 5 WOWOWOWOSOSOSOS_S___SOS__
0 6 SWOWOWOW_W_W_WW_W_S__W___
0 7 WOWOWOWO____SOS_SOSO_____
0 8 _W_W_WSW_____WW__W_WS____
0 9 S_____W___S_S____________
1 0 NO__N__SOS_S_SN__________
1 1 _WN___O_NW_SNSOSNSN______
1 2 __O__OW_N__W__N_NS_______
1 3 O_S_OWOSN__SNSN__S___SN__
1 4 W__OWOWO_N__NS_____SN____
1 5 __OWOW_SNSNSNSOSOS_SNSNS_
1 6 O_WOWOS__S_S_WN_N_NS_____
1 7 N_OWOWSO_W_WNSOSNSN______
1 8 _OWOW_OW___S__N_____N____
1 9 NW_W__N__SNSN____________
2 0 __O___SNSO_NSN___________
2 1 O_WO_OWO_NSOSNSNSNS______
2 2 W_NWOWSW_O_N____SNS______
2 3 O_WOWOWNSWSNSN__SN__SNS__
2 4 S_SWOW_N__W__N____SN_____
2 5 _OWOWO_W_NSNSOSNSNSNSNSN_
2 6 OWOWOWN_SOWO_NW___SN_____
2 7 WOWOW_NOWNSNSNSNSNS______
2 8 OWSWO_SWS_SNS____________
2 9 W_W_W___WNSN_____________
3 0 __S_S_O_NS_SNS___________
3 1 O_WOW_NSO_NSNSNSNSNS_____
3 2 W_SW__O_WS_W_O_SNSNS_____
3 3 N_WOSONONWOSNW_SN__SNSN__
3 4 W_OWOWOW__NW_S_S_SN______
3 5 O_NOWOWO_SOSNWOSNSNSNSNS_
3 6 W_OWOWOWOSNS_SN__SN______
3 7 _OWOW_W_NWNWNWNSNSN______
3 8 OWOWO_NOOSNSNS___________
3 9 S_N_W__WNSN______________
4 0 O_O_O_O__NSN_N____S______
4 1 WONON_SNS_SOSNSNSNSNS____
4 2 _WOW_O_OWOWNS_SNSNSN_____
4 3 OONONWOSSNSOS__N__SNSNS__
4 4 WW_WO_W___WN_OONSNS______
4 5 O__OW_O_SNSNSNWNSNSNSNSNS
4 6 W_OWOOWOWOWOSOS_SN_______
4 7 _OWOWW_WSNSNSNWNSN_______
4 8 NWOWO____NSNSNS__________
4 9 W_W_W____NS______________
5 0 OO____N__SNS_S___SN______
5 1 WWS_O_WSOSOONWNSNSNSN____
5 2 _O_OWO_NNSNSNSN_NSN______
5 3 OWOWOWOWNSOSNS_S__NSNSN__
5 4 WOWOWOW___N__S__NSNS_S___
5 5 _WOWOWOSO_OSNS__NSNSNSNSN
5 6 _OWOWOWWNSNSN_O_N________
5 7 OWOWOWO_NSNSNSNSNS_______
5 8 W_W_WOW___N_NSNS_________
5 9 _____W__S_N______________
6 0 O_______SNONSOS_SN_______
6 1 WONOSO_N_NSNSNWNSNSN_____
6 2 _WOW_WO_ONSWSNS__N_______
6 3 _OWO_OW_SN_N_NSNS__NSN___
6 4 OWOWOW__O_S_SN__SNSNSN___
6 5 WOWOWO_OW_ONSNS__NSNSNSN_
6 6 _WOWOWONSNSN_____________
6 7 _OW_WOWO_NSNSNSNSNS______
6 8 OWS__W_W____SNSNS________
6 9 W_______N_S_S____________
7 0 O_____S_N_NSNSO_N________
7 1 W__ON__O__W_NSNSNSNS_____
7 2 __OWO_OWNSNSNSN__________
7 3 SOWOWOWOWO___SNSNS__N____
7 4 _WOWOWOWSWNONS__NSNSN____
7 5 SOWOWOSO__NSNSNS__NSNSN__
7 6 OWOWOWOWNSW__S___________
7 7 WOW_WOWS__NSN_NSNSNS_____
7 8 SWN_SWSW_O_SN_NSNS_______
7 9 _________WNSN____________
8 0 O_S___NS___N_NS___S______
8 1 W____O_W_____NSNSNSN_____
8 2 __O_OWOS_NONSNS___S______
8 3 NOWOW_WOS_S__NWNSN_______
8 4 _WOWO_NSNOSNSNS_SNSN_____
8 5 NOW_WOWO_W_W_NWNW__NSNS__
8 6 OWO_OWOWSN__SNS_S________
8 7 W_W_W_WOO_SN__SNWNSNS____
8 8 N_O_N_NNS_SNS__NON_______
8 9 __W________N____S________
9 0 O_N_O_OOO_____N__ON______
9 1 W__OWOWNW_____N_NWN______
9 2 O_OWOWON_ONON_O__ONO_____
9 3 WOWOWOWNNWWW__N_NW_W_____
9 4 _WOWOW_W_ONON_O_O_N__O___
9 5 _OWOW____W_W__N_N___NWN__
9 6 OWOWO___N___NONOO__O_____
9 7 WOWOWO__N_N__WNWN_NWN____
9 8 OWOWOWO_WON_NO__N________
9 9 W_W_W_W__W___W__W________