0 0 S_O_________O_________________
0 1 S_WS_S_SO__SWO____O___________
0 2 _SO_S___WSO__WSO_OW___________
0 3 S_WS_S_SO_W____WOW____________
0 4 __O_S___WSO____OWO____________
0 5 __WS_S__O_WS_O_WOWO___________
0 6 S___S_S_W_O__W_OWOWSO_________
0 7 ___S_S__O_W__O_WOWO_WO________
0 8 __O_____WS___W_OWOW__WO_______
0 9 __WS_______S___WSWS__SWS______
1 0 N__S_S_____S_S_O__S__S_S______
1 1 N__NSNSN_S_N___WO__S_O________
1 2 SN_SNS_S_N_S__N_WO___WO_______
1 3 N__NSNSN_S___O___W____WO______
1 4 ___SN____N_S_W_O______OW______
1 5 ___NSNS__S_N__SWO____OW_______
1 6 NSOSNSN___O_____WO_N_W________
1 7 S_WNSNS___W______WO__O_____O__
1 8 _SOS_S___N__O_____W_OW__O__W__
1 9 __WN_____S_NW___N_N_WN_NW_____
2 0 ___NSNS__S_NON_O_ON_ONON______
2 1 S__SNSNS_N_SWO_WOWONWOW_______
2 2 NS_NSNSN_S_NOWSOWOW_OWO_______
2 3 ____NSNS_N_SWO_WOWO_WOWO______
2 4 S__NS____SONOWSOWOWSOWOW______
2 5 S__SNSNS_NW_WONWOWO_WOWO______
2 6 _NONSNS___O__WSOWOWSOWOW______
2 7 NSWSNSNS__W__O_WOWO_WOWO______
2 8 SN_NSN____O__W_OW_WSOWOWO_____
2 9 S__S___S_NWS___WS___WSWSWS____
3 0 ___SNSN_SN_S_S_O__S_O__SO_____
3 1 NS_NSNSN_S_N___W____WO__W_____
3 2 SN_SNSNS_NOSO_N______WO_______
3 3 ____SNSN_SWNW___O__S_OWO______
3 4 N__SNS_S_N_S__N_WO_N_WOWO_____
3 5 NS_NSNSN_S___O___WO__OW_W____O
3 6 _SOSNSN___OS_WNO__WN_W______OW
3 7 SNWNSNSN__W__O_WO____O_____OW_
3 8 NSOSNS_____S_W__W__N_W__O_OWO_
3 9 N_WNS_SN___N____N____N_NWNW_W_
4 0 S__NSNS_N_ONON_O_ON_O_ON______
4 1 SN_SNSNS_NWSWO_WOWO_WOW_______
4 2 NSONSNSN___N_W_OWOW_OWO_______
4 3 __W_NSNSON___O_WOWONWOW_______
4 4 ___NSNSNW_ON_WSOWOW_OW________
4 5 _N_SNSNS_NWS_O_WOWO_WO________
4 6 SNONSNS____NOW_OWOW_OWO_______
4 7 NSWSNSN_O___WO_WOWO_WOW_______
4 8 SNONSNS_WSON_W__W_WSOWO_______
4 9 __WSNSN___WS________WSWS______
5 0 N__SNSN_S_______S_S_O_OSO_____
5 1 NS_NSNSN_S_N__S____SWOW_W_____
5 2 _NOSNSN____S_________WO_______
5 3 __W_SNSN_S____________WO______
5 4 ___SNSNS______N__O_____W______
5 5 ___NSNSN_S_N_O__OW____________
5 6 NS__NSNS__OSOW_OW_____________
5 7 SN_NSNS___W_WO_WO____O________
5 8 N___NSNS_N_S_W__WO_N_W__O_____
5 9 ___NSNS____N_____W___N_NW_____
6 0 ___NSNS_N_O_O__ONON_O_ON______
6 1 SN_SNSNS_NWSWONWOWONWOW_______
6 2 __ONSNS___ON_WSOWOW_OWO_______
6 3 S_WSNSN__NWS_O_WOWO_WOW_______
6 4 S_ONSNSN_S___W_OWOWSOWO_O_____
6 5 S_WSNSNS_N_S_O_WOWO_WOWOW_____
6 6 SNO__NSN_S_NOW_OWOW_OWOWO_____
6 7 NSWSNSNS___SWO_W_W__WOWOWS_O__
6 8 ____SNSN_SON_W______OWOWO__WO_
6 9 ___SNSNS__WS______S_W_WSWS__WS
7 0 ___SN_N_S__SO___S_S_O___OS__O_
7 1 NS_NSNSN_S_NW_S_O__SWO_OW__OW_
7 2 ___SNSNS___SO_N_WO__OWOWO__W__
7 3 N__NSNS____NWO__OWOSWOWOW_____
7 4 N__SNSN__N_S_W_OWOWNOWOWO_____
7 5 NS_NSNSNO__N_OSWOWO_WOWOW__O__
7 6 NSOS__N_WNO__W_OWOW_OW_W___W__
7 7 _NWN_NSN__WN_OSWOWO_W____N____
7 8 _SOSN_NS_N_S_W_OWOW_O_____O___
7 9 __WNSN_N_S_N___W_WN_W__N_NW__N
8 0 S__N____NSON___ONON_O____N____
8 1 SN_SNSNS_NWS_ONWOWONW__O______
8 2 _SON_NSN_SON_WSOWOW___OW______
8 3 S_W_N_NSO_WS_O_WOWON_OW____O__
8 4 S__N_N__W__NOW__WOW_OW__O__W__
8 5 SN_SN_NS___SW_N_OWO_W__OW_____
8 6 _N_N__________S_W_WSO_OW______
8 7 ______NS_____ON_O___WOW_______
8 8 SNONS__N_S_NOW__W___OWO_______
8 9 S_WSNS___N_SW___S_S_W_WS______
9 0 N________N_______O____________
9 1 N__N_N_N___N____OW___O________
9 2 _N____N__N____NOW___OW________
9 3 N______N___N_O_W__O_W_________
9 4 N_O_______O__W_O_OW___________
9 5 N_WN___NO_WN_O_WOWO__O________
9 6 __O_____W_O__WNOWOWN_W________
9 7 __W____NO_W__O_WOWO___________
9 8 N___N___WN___W_OWOW_____O_____
9 9 N__N_N_____N___WNWN____NW_____