0 0 S____S_________O__O________O_O_____________
0 1 _____W__S___O__W_SW_____O_OWOW_____________
0 2 S___SSS_____W__O______O_WOWOWO_____________
0 3 _S_____S______OW_S_O_OW_OWOWOW_____________
0 4 _______SO___O_W___OWOWO_WOWOW______________
0 5 _S_S____W__SW___O_WOWOWO_WOW_______________
0 6 S_S_____O_______SO_WOWOW_OW________________
0 7 _______SWS__O____W_OWOWS_WO________________
0 8 S_S___S_S_S_W__S_O_WOWOW_OWO_______________
0 9 _S___S__SS__S___OW_OWOWO_WOWO______________
0 10 _______S____W__OW_OWOWOW_OWOWO_____________
0 11 __S_S_S__S____OWO_WOW_WO_WOWOWO____________
0 12 ___S____O_____WSWO_W___W__WOWOWO_O_________
0 13 ___S_O__W_____O__W_S_______WOWSWOW_________
0 14 _S___W_S__S___W____WS_______WSSSW__________
1 0 NS___O______S___S_OO_S___OSOS__S_OS________
1 1 _S___N_SN___W___SNWWO___OWOW__SW_W_________
1 2 N__SNNN_O_S_____S___W_O_WOWO__WO___________
1 3 SNS_SOSNW_S_____SN___OWO_WOW___WO__________
1 4 _____W_NO_S____OSS_SOWOW_OWO____WO_________
1 5 SNSN____W_SN__OWNW_OWOW_OWOW_____W_________
1 6 NSNS_____S____WOW_OWOW__WOWO_______________
1 7 ___S_S_N_N_____W_OWOW__OOW_WO______________
1 8 NSN__SNSNSNS_S_N_WOWO__NWO__WO_____________
1 9 _N__SNS_NN__O_O_SOWOW___OW___WO___O________
1 10 S_S___SNOS_SN_W_WWSWO_O_W_____WO_OW________
1 11 _SNSNSNSWN__S_O__SWSWOW_O______WOW_________
1 12 __SNSSS_S_____WN__OW_WO_W______OWO_________
1 13 S_SN__S_W___S_____WO__W_______NWOWO________
1 14 SN__S_SN_SN________NN________NNNW_W________
2 0 SNS___S_S___O__SN___ONO___N_N__O_ON________
2 1 SNS_S_SNS_S_NSO_N__OWOWO______ONOWO________
2 2 S_SN__S___NSO_WSNSOWOWOW_O___ONOWOWO_______
2 3 NSNSNONS_SNSWS__N_W_WOW_OWO_OWOWOWOWO______
2 4 _____S__OSN_S___NO_N_WO_WOWOWOWOWOWOWO_____
2 5 NSNS_O__WSNSW___SN_O__WO_WOWOWOWOWOWOW_____
2 6 SNSNSW__ON_____O___W__OW_OWOWOWOWOWOW______
2 7 S_SNSN_SW___S_OWO__O__WO_WOWOWOWOWOW_______
2 8 _NS_SNSNSNSNWNW_WS_WO_OW_OWOWOWOWOW________
2 9 _S_SNSN_SS_S_S__OW_SWOWO_WOWOWOWOWO________
2 10 NSNS_SNSSNSN___ON_OWOWOW_OWOWOWOWOW________
2 11 _NSNSNSNS__SN_OWONNOWSWO_WOWOWSWOWO________
2 12 _SNSNNN_O_____WOWSONSWOW_OW_WOWOWOWO_______
2 13 NSN__SN_N__SN_OWO_W_WSWS_WO__WSWOWOWO______
2 14 NS_SNSNS_NS___WSWS___WSW_SWS_SW_WSWSWS_____
3 0 NSNS_SNSN_____SN__OSOS_O_OSOS_S___SO__SO__S
3 1 N_NSNSNSNSN__N____W_WO_WOWOWO______W__SWO_O
3 2 NSN__SN_S_SNS__NSNO__WO_WOWOWO________W_WOW
3 3 SNSNSNSNSNSNSN___SWO__WO_WOWOWO_______SO_W_
3 4 S____WS_SNS_OS_SSS_SO_OS_OWOWOW____O__WW___
3 5 SNSNS_S_SNSNN_OSNSOSWOW__WOW_W____OW_______
3 6 N_NSNS_S______WO__W_OWO___WO__SS_OW________
3 7 NSNSNW_NS___O__S_S__WOWO___WO_SW_WO________
3 8 _SNSNSNSNSNSNS___O__SWOW_O__WOW___W________
3 9 _NSNSNS_NNSNSNO__NSOW_WO_W__OW__O__________
3 10 SNSNSNSNN_NS__WO__SNS_OW_O_OW__OW__________
3 11 _SNSNSNSN_SN__OW__W_WOW__WOW__OWO__________
3 12 SNSN_SS_O_____WS_NS_ON_S_OWO__NOW__________
3 13 SNS_SN__W_SNS_OW_SW_NO_O_W_WO_OW____O_O____
3 14 _NSNSNSN_SN_W_WN_N_S_NNN_N_NWNN__N_NWNW____
4 0 _N_NSNSNS_S___NO_O_NONO___N_NON__ON__ONO_ON
4 1 __SNSNSNWN____OWSW_OWOWO____OWO_OW__OWOWOW_
4 2 _N__SN__N_NSNSWON__WOWOW___OWOWOW__OWONOW__
4 3 NSNSN_NSNSNSNS_WSN_NWOWNO_OWOWOWO_OWOWOW___
4 4 NS____NSNSNS_N_NNN_W_WOWWOWOWOW_WOWOWON____
4 5 NSN_NSNSNSNS__ONSN_N__WO_WOWOW__OWOWOW_____
4 6 S__NSOSN____O_WNS_O_O_OW_OWOWONOWOWOW______
4 7 SNSNSN_SNS__WSOWWNWSWOWO_WOWOWONOWOWO______
4 8 _NSNSNSNSNSNSNWSOS_WOWOW_OWOWONOW_WOWO_____
4 9 _SNSNSNSO_NSN__SWSNONSWO_WOWOWOWO__W_W_____
4 10 NSNSNSNSW_SNS____WOWOWOW_OWOWOWOWO_________
4 11 _NSNSNSN_SNSO___SONSNSWSOWOWOWOWOWO________
4 12 NSNS_NN_O___W__OSWOW__ONWOWOWOWSWOW________
4 13 N_NSNS_SWSN_O_ONONN__OWO_WOWOWSWOW_________
4 14 _SNSNSNS_N__NSWSWS_N_WSW__WSWSWSW__________
5 0 _S_SNSN_OSN____SS____SO_SO____S_S_SOSO_____
5 1 _SNSNSNSNS_____SN__S_OWO_W____S____W_WO____
5 2 _S_SNS_SS_SN_N_S___WOWOW_O____WO______W____
5 3 _NSNSOSNSNSNSNOWNO_OWOWO_WO____W__O________
5 4 _N___WSNSNSN__WO_WOWOWOW_OW____S_OW________
5 5 _NS_SNSNSNSN__OSN_WOWOWO_WO____W_W_________
5 6 NS_SNSNSS_____W_O__W_WOW__W________________
5 7 NSNSNS_NWN___N_SNS_O__WS__O_O______________
5 8 _SNSNSNSNSNSN__NSN_NS__W_OWOW______________
5 9 SNSNSNSN__SN__ONOO_OWO__OWOWO______________
5 10 SNSNSNSN_SNSNSWOSNSW_N__WOWOW______________
5 11 _SNSNSNS_NSNS_OWN_WO_N_NOWOWO______________
5 12 SNSNS_S_SS__W_WSN__NO___WOW_W__O_O_________
5 13 S_SNSNSNSN__S_OW___OS____W____ON_W_________
5 14 _NSNSNSNS___WNWN_N_W__N____N_NNN___________
6 0 _NSNSNS_SN__O__NN_O_ON__N____ONONONON______
6 1 _NSNSNSNSNS_W_ON_OWOW_______OWOWOWOW_______
6 2 _NSN_NSNN_NS_SWO_WON__O____OWONOWOW________
6 3 _SNSNSNSNSNSNS_NS_W__OW___OWOWOWOW_________
6 4 _S____N_NSNSO__NO_O_OW___OWOWOWOWO_________
6 5 __NSNSNSNSN_WS_WS_WSWO_O_WOWOWONOW_________
6 6 SNSNSNSNO_S_OS____OWOWOW_OWOWOWOW__________
6 7 _NSNSN_SNS__WSONSNWOWSWO_WOWOWOW___________
6 8 _NSNSNSNSNSNS_WSN_OWOWON_OWOWOW__O_________
6 9 N_NSNSNSWSN__SO_NOWONOWO_WOWOW__OW_________
6 10 NSNSNSNS_N_N_NW_WSOWOWOW_OWOW__OW__________
6 11 SNSNSNSN_SN_O_O_SONSWOWO_WOW__OW___________
6 12 N_NSNSN_NNS_NSWOSWOWNWOW_OWO_OW____________
6 13 NSNSNSNSNS_SO_ONO_WOW_WO_WOWOW_____________
6 14 _SNSNSNSN___NSWSW_SW__SW__WSW______________
7 0 _SNSNSNSN_____SSS_O_________SOSSSOSOSOS____
7 1 _SNSNSNSN_N____W__WO_O_______W_WOWOW_W_____
7 2 _SNS_SNSS_SNSN_OS_OWOW_________SWOWO_______
7 3 SNSNSNSNSNSNSN_WNOSOWO____O___SW_WOWO______
7 4 SN____S_SNSN_S__NW_WOW___OW___WO_OWOW______
7 5 S_SNSNSNSN___NO_WO_OW___OWO___SWOW_W_______
7 6 NSNSNSNS__N_SNW__SSN____WOW___W_WO_________
7 7 __NSNS_N_N__SN_SN_WO_O__OW__O____WO________
7 8 _SNSNSNSOSNSN__NO_OWSN__W__OW_____WO_______
7 9 S__NSNSNNN__SNO_SNWSWS____OW_______WO______
7 10 _NSNSNSN____W_WO_W_WSW_S_OWO________W______
7 11 NSNSNSNS_N_____WNS_OWS__OWOW_______________
7 12 S_SNSNS_S_N__N_SNWSN_WO_WOW__O_____________
7 13 _NSNSNSNWNSN_S_W_OW__OW_OWO_OW_____________
7 14 SNSNSNSN_S___N_N_WN__WN_W_WNW______________
8 0 SNSNSNSNS___O_NONO__O____O_ONONON_NONON____
8 1 _NSNSNSNS___W_ONSW_OWO_O_WOWOWONO_OWOWO____
8 2 _N_NSNSNN_NSN_WON_NWOWOW_OWOWOWOWOWOWOWO___
8 3 N_NSNONSNSNSNS_WO_W_WOWO_WOWOWONOWOWOW_W___
8 4 NS___WNSN_N_SN_SW_O_OWOW_OWOWONOWOWOWO_____
8 5 NSNSNSNSNS_SW____NWOWOWO_WOWOWOWOWOWOW_____
8 6 SNSNSNSNS_S_N___OWOWOWOW_OWOWONOWOWOWO_____
8 7 S_SNSN_SSS__NSONWONOWSWO_WOWOWOWOWOWOW_____
8 8 _NSNSNSNSNSNS_WONWOWOWOW_OWOWOWOWOWOWO_____
8 9 NS__NSN_SS_SOSOSW_WONOWSOWOWOWOWOWOWOWO____
8 10 __NSNSNS____N_WS__ONONONW_WOWOWOWOWOWOWO___
8 11 SNSNSNSN_S__S__WSOWONOWO___WOWSWOWOWOWOW___
8 12 NSNSNSNSO___W__OSNOWONOW_O__WOWOWOWOWOW____
8 13 _SNSNSNSNSN_ON_NO_NSWOWS_WO__WSWOWOWOWO____
8 14 NSNSNSNS_NS_WS_SW_SSSW_W_SWS__W_WSWSWSW____
9 0 NSNSNSNSNS_____SSSO_OS________SO____SO_____
9 1 _SNSNSN_N_____OSNWWOWO________SWO____W_____
9 2 ___SNSN_S_SNO_W___OWOW________WOW__O_______
9 3 __SNS_SNSNSNWN_S_SWOWO_________W__OW_______
9 4 SN_____NS_S_OS_N___WOWO________S_OW________
9 5 _NSNSNSNSNSNN___S__OWOW_O_O____W_W_________
9 6 NSNSNSN_NSN_S___W__W_W_SWOW________________
9 7 NSNSNS_NNN__SN_____OSO_S_W_________________
9 8 _SNSNSNSNSNSN__N___WSN_W_____O_____________
9 9 _NS_SNS_NNSNSNOW___OWS_N__O_OW____O________
9 10 S__NSNSNO__S__WOS__WSW___OWOW____OWO_______
9 11 NSNSNSNSWN__OSONNS_SW___OWOW__O_OWOW_______
9 12 _NSNSNSNSS__N_WSN__W__O_WOW__ONOW_W__O_____
9 13 SNSNSNSNSN__S_OW_O_NS_WO_W__OWOW__O_OWO____
9 14 SNSNSNSNS_NSWNWN_WNNN__N_N_NW_N__NWNWNW____
10 0 SNSNSNSNSNS_O__NNO___N_______ONO_O_ONO_____
10 1 SNSN_NS_W___W_ONSN__________OWOWOWOWOW_____
10 2 __SNSNS_NSNS__W___O________OWONOWOWOW______
10 3 _SNSNON_NSNS___NSNW__O____OWOWOWOWOWO______
10 4 NS___W_SNSN_SN__S___OW___OWOWOWOWOWOW______
10 5 _SNSNSNSN_N_W_O_OO_OW___OWOWOWONOWOWO______
10 6 _NSNSNS_ONS_NSWONWOW__ONWOWOWOWOWOWOWO_____
10 7 SNSN_N_SWS__N__W_OWONOWO_WOWOWOWOWOWOW_____
10 8 SNSNSNSNSNSN___S_WSWOWON_OWOWOWOWOWOW______
10 9 __NSNSNS__NSNS_SSOWONOWSOWOWOWOWOWOW_______
10 10 NS__NSNS__SN___ONWOWONO_WOWOWOWOWOW________
10 11 _NSN_NSN_S__ON_WONWONSWO_WOWOWOWOW_________
10 12 _SNSNSNSNN__WS_OWO_N_SOW_OW_WOWOW__________
10 13 NSNSNSNSN___O_ONOW_ONOWO_WO__WOWO__________
10 14 N_NSNSNSN_SNNSW_WS_WSW_W_SWS_SWSWS_________
11 0 NSNSNSN_O_N_S__SS_OSOSO__O__SOSO__S________
11 1 NSN___NSN___W__SN_WOWOWO_W___WSW__O________
11 2 _SNSN_NSSN_NS__OS__WOWOW______W__OW________
11 3 SNSNS_S_WNSNS_OWNO_OWOW_O_____S_OW_________
11 4 _N_____NSNS_OSW_NWOWOWO_W_____W_W__________
11 5 SNSNSNSNS___N__S_OWOWOW_O___O______________
11 6 __NSN_NSSSN_SN___WOWOWO_W__OW______________
11 7 NSNS___NSN__S_OSOSW_WOW___OWO_____O________
11 8 NSNSNSNSNSNS__WNW_O_SW___OWOW____OW________
11 9 __SNSNSNO_SNONONN_N_WS_NOWOW____OW_________
11 10 _N___N_NWSN_S_W_O_S_OWO_WOW__O_OW__________
11 11 _SNS__NS_NS_S_O_WSWSWNW_OWO_OWOW___________
11 12 _NSNSNSNS___WNWO_W_WONO_W_WOWOW____________
11 13 SNSNSNSNW______W___OWOW___OWOW__O__________
11 14 ___N_N_N_SNS_N___N_WNW___NWNWN_NWN_________
12 0 _NSNSNS_____O__NNO_N_N_____ONONO_ON________
12 1 SNS____NS___N_ON_W_O______OWOWOWOW_________
12 2 SNSNS__NO___N_W_N__W_____OWOWONOWO_________
12 3 N_NSNON_N_NSNSO________O_WOWOWOWOW_________
12 4 _____W_SNSNSSNW_____O_OW_OWOWONOW__________
12 5 NSNSNSNSN___W_ONO___SOWO_WOWOWOWO__________
12 6 S_SNSO_NNNS_NSW_W___OWOW_OWOWOWOWO_________
12 7 SNSN_W_SNS__NS_NSN_OWOWO_WOWOWOWOW_________
12 8 _NSNSN_NSNSNS__S_O_WOWOW_OWOWOWOW__________
12 9 _SN_NON_O_NSN_O__W_SNOWO_WOWOWOWO__________
12 10 _S___W_SWN__W_WO__OWONOW_OWOWOWOWO_________
12 11 SNSNS__N_SNSO__W_ONOWOWO_WOWOWOWOW_________
12 12 _SNSNSNSO_S_N__O_NON_WOW_OWOWOWOW__________
12 13 NSNSNONSN_____OW_OW___WO_WOWOWOWO__________
12 14 _____W_S_N_NS_W__W__S__W__WSWSW_WS_________
13 0 _SN_N_NS____O__OS__O__O_SOS_S_S____________
13 1 N_N__O__N___S_OW__OW_OWO_W____S____________
13 2 NSNSNW__O___O_W__OW_OWOW_O____WO___________
13 3 ___NS___W__NWN_S_WO_WOWO_W_____WO__________
13 4 S______N_N_NO____OW_NWOW_O______W__________
13 5 _NSN_NSN____N__SOW_OWOWO_WO________________
13 6 NSN_NS__S_N_SN_SW_OWOWOW_OWO_______________
13 7 NSN___SNWN___NOSNOSOW_W_OWOWO______________
13 8 __N_N___NSNSN_WNOWOW____WOWOW______________
13 9 SN____S____NS___WSWO_O___WOWO______________
13 10 SN_____NS______SOWSN_WO___WOWO_O___________
13 11 N_N_NS___N_NS_OWWSW___W____W_WOWO__________
13 12 _NSN_NSN__NSW_W__W___________OWOW__________
13 13 SN_NS_SN__S____S___O________OWOW___________
13 14 S______N____N______WN______NWNW__N_________
14 0 _N_____N____N__ON___O___NONONONO___________
14 1 ____________W_OWO_O_W____WOWOWOW___________
14 2 _N_N__________W_WOW_O_O__OWOWON____________
14 3 ____NO_________NOW_OWOWO_WOWOW_____________
14 4 N____W__O_______W_OWOWOW_OWOW______________
14 5 __N___N_W_____ON__WOWOWO_WOWO______________
14 6 _N___N__O___N_WN__NWOWOW_OWOW______________
14 7 _N___ON_N______N__WOWOWO_WOWO______________
14 8 _____W__ON_N______OWOWOW_OWOW______________
14 9 N____ON_W___N____OWOWOWO_WOWO______________
14 10 N____W__N______O_NOWOW_W_OWOWO_____________
14 11 _____N______O_ON_ONOWO___WOWOWO____________
14 12 __N___N____NN_W_ONOWOW____W_WOWO___________
14 13 N___NON_O_N___ONWOWOW________WOW___________
14 14 N____W__W_____W__W_W__________W____________