0 0 S______________O____________O_____O________________
0 1 ______O________WSO____O___O_WO___OWO_______________
0 2 S___S_W________O_WS_O_W_O_W_OW_O_WOWO______________
0 3 _S___S_________W_O__W_O_W_O_WO_W_OWOW______________
0 4 _____________S_O_W__O_W_O_W_OW_O_WOW_______________
0 5 _S_S___________WS___W_O_W_O_WO_W_OW________________
0 6 S_S__________S_O______W_O_W_OW_O_WO________________
0 7 ____________O__W______O_W_O_WO_W_OWO_______________
0 8 S_S____S___SWS_O____O_W_O_W_OWSO_WOWO______________
0 9 _S___SO_S______WSO__W_O_W_O_WO_WSOWOW______________
0 10 ______W______S_O_WS_O_W_O_W__W_O_WOWO______________
0 11 __S_S_O_______SWSO__W_O_W_O____W_OWOW_O____________
0 12 ___S__WS_______O_W__O_W_O_W______WOWO_WO___________
0 13 ___S__O________WSO__W___W_________WOWSOW___________
0 14 _S____W______S___W_____S___________WS_W____________
1 0 NS______S___S___S___O_____S_O__O___S_S__SOS________
1 1 _S______________N_SOW_O____SWO_W_________W_________
1 2 N__SN___S_________NWO_W_____OW_O_____S_O___________
1 3 SNS_SNOS___SOS___OS_W__S__O_WO_W_______WO__________
1 4 ______W_____WNSOSW__O___O_W_OW_O________WO_________
1 5 SNSN_______SO__WNO__W_O_W___WO_W_________W_________
1 6 NSNS________WNS__W__O_W_O____W_O__O________________
1 7 ___S_SO______S___O__W_O_W_O__O_W_OW________________
1 8 NSN__SWNS_SN_N___W____W_O_W_OWN__W_________________
1 9 _N__SN_SN___OS__N_____O_W_O_WO__N__________________
1 10 S_S____S____WNSO__N_O_W_O_W_OW_O_________O_________
1 11 _SNSNS_S____OSNWNO__W_O_W___WO_W________OW_________
1 12 __SNS__NS___W___SW__O_W______W_O_______OW__________
1 13 S_SN___S_S__OS__N_SOW_O________W_____N_W___________
1 14 SN__S__S____WN_____W__WN____________N______________
2 0 SNS____SNS__N__ON_S_____O_N_O__O__ONON_ONON________
2 1 SNS_S_OS____O__WSONO__O_W_ONWO_W_OWOW_OWOWO________
2 2 S_SN__WSN__SWS_O_WSWO_W_O_W_OW_O_WOWONWOWOW________
2 3 NSNSNS_NS_SN_NSW__NOWSONWSO_WO_W_OWOW_OWOW_________
2 4 _______S___S_SN_N_SWO_W_O_W_OW_O_WOWO_WOWO_________
2 5 NSNS__O___SN____S___WSO_W_O_WO_W_OWOW_OWOW_________
2 6 SNSNS_W______SN_______W_O_W_OW_O_WOWO_WOWO_________
2 7 S_SNSN__S___ONS__O___SO_W_O_WO_W_OWOW_OWOW_________
2 8 _NS_SN_SNSNSWS_O_W__O_W_O_W_OW_O_WOWO_WOWO_________
2 9 _S_SNSONS____N_W_O__W_O_W_O_WO_WSOWOW_OWOW_________
2 10 NSNS_SWN_____SN__W__O_W_O_W_OWSO_WOWO_WOWO_________
2 11 _NSNSNON____ON___O_OW_O_WSO_WO_W_OWOWSOWOWO________
2 12 _SNSN_WSNS_SW__ONWSWO_WSO_WSOW_O_WOWO_WOWOWO_______
2 13 NSN__SONSN___NSWSONOWSO_W_O_WO_W_OWOWSOWOWOWO______
2 14 NS_SNSWN_____S___W_WS_W___W__WS__W_WS_W_WSWSWS_____
3 0 NSNS_S_NSN______S_N___S_O_S_O__OS_O__S_OS_SOSOSO___
3 1 N_NSNSON________N_SO____W_O_WO_W_OW____W___WOWOW___
3 2 NSN__SWNS_SN_N_OS_NWO_____W_OW_O_W___S_O____W_WO___
3 3 SNSNSNOSNSNSOSNW___OWN_S_NO_WO_W_O_____W_______WO__
3 4 S_____WNS_SNWNSOS_NWO_____W_OW_O_W___S__________WO_
3 5 SNSNS_OS_SNSOS_WN___WNO_____WOSW_O_______________W_
3 6 N_NSNSW_S___WNS_S___O_W______W_O_W___S_O___________
3 7 NSNSNS__N____SN___S_WNO____S__SW_______W___________
3 8 _SNSNS_NSNSN_N_O____O_W_O_______S__________________
3 9 _NSNSN_SNS_SOS_W_O__W_O_W_O_____N__________________
3 10 SNSNSN______WN_OSW__O_W__SW_O_N________O___________
3 11 _SNSNS_________W____W__S_N_SWO_______N_WO__________
3 12 SNSN___NSNSN____S_N__S_N___N_W_O__O____OW__________
3 13 SNS_SN_SNS_SOSN_N_S__N_________W_OW__N_WO_O_O______
3 14 _NSNSN_____SWN______N_________N__W__N___WNWNWN_____
4 0 _N_NSN_SN____S__N___O_N_O_N_____N___ON_ONONONON____
4 1 __SNSNO__S________NOW_O_W_O______O_OW_OWOWOWOWO____
4 2 _N__SNWSNSN____ON_SWO_WSO_W____O_WOWONWOWOWOWOW____
4 3 NSNSNS_NSNSNONSW____WSONWSO__O_W_OWOW_OWOWOWOW_____
4 4 NS_____SNSNSWSN_N_S_O_W_O_W_OW_O_WOWONWOWOWOW______
4 5 NSN_NS_NSNSN_NS_S___W_O_W_O_WONW_OWOW_OWOWOW_______
4 6 S__NSN_SN____SNON___O_W_O_W_OW_O_WOWONWOWOW________
4 7 SNSNSN__S___ONSW_ONOW_O_W_ONWONW_OWOW_OWOW_________
4 8 _NSNSN_SNSNSWS_O_WSWO_W_O_W_OWSONWOWO_WOW__________
4 9 _SNSNSONSNSN_N_WS___W_O_W_O_WO_WSOWOW_OW___________
4 10 NSNSNSW___S_____N_S_O_W_ONW_OW_O_WOWO_W____________
4 11 _NSNSNO_________SO__W_ONW_ONWO_W_OWOW_O____________
4 12 NSNS__WSNSNS___ONW__ONW_O_W_OW_O_WOWO_W____________
4 13 N_NSN_ONSNSN_N_WSONOWSO_WSO_WO_W_OWOWSO____________
4 14 _SNSNSW_S_SN_S___WSW__WS__WS_WS__WSWS_W____________
5 0 _S_SNS_N____SN__S___O_____S__S____O__S_OS_SOS______
5 1 _SNSNSO_SN__O______OW____________OW____WO__WO______
5 2 _S_SN_WNSNS_W__OS_NW___N_______O_W___S_OW___W______
5 3 _NSNSNOSNSNSOSNW___O_NOS_NO__O_W_______WO__________
5 4 _N____WNSNSNWNSOS_NWO_W_O_W_OW__S____S__WO_________
5 5 _NS_SN_SNSNSOSNWNO__W_O_W_O_WOS__________W_________
5 6 NS_SNS_NS___WN_OSW__O_W_O_W__W__S_O________________
5 7 NSNSNS__N____SNW__SOW_O_W_O___S__OW________________
5 8 _SNSNS_NSNSN_NS___NWO_W__SW_O_N__W_________________
5 9 SNSNSN_SNSN_O___NOS_W_O_____WO__N__________________
5 10 SNSNSN_S_SN_W__OSWN_OSW_O____W_O_________O_________
5 11 _SNSNSOS____OS_WN___W__SW______W_O______OW_________
5 12 SNSNS_WNSNSNW___S________________W_____OW__________
5 13 S_SNS__SNSN_OS__N_S__N___N___________N_W___________
5 14 _NSNSN_SNSN_WN____N____N___N__N___N_N______________
6 0 _NSNSN_S_S__N__ON_S_O___O_N_ON______ON_ONONON______
6 1 _NSNSNOSNS__O__WSO__W_O_W_O_W______OW_OWOWOW_______
6 2 _NSN__WSNSN_WS_ONW__O_W_O_W_______OWONWOWOW________
6 3 _SNSNSONSNSNONSW_O__W_ONWSO______OWOW_OWOW_________
6 4 _S____W_NSNSWSN_NW__O_W_O_W_O__ONWOWONWOWO_________
6 5 __NSNS_NSNSN_N___O_OW___W_O_WONW_OWOW_OWOW_________
6 6 SNSNSN_SNS___S_ONWSWO__S__W_OW_ONWOWO_WOW__________
6 7 _NSNSN__S____NSWSON_W_O___O_WONW_OWOW_OW___________
6 8 _NSNSN_SNSNS__NO_W__O_W_ONW_OWSO_WOWO_WO___________
6 9 N_NSNSONSN__O__W__NOW_O_W_O_WO_WSOWOW_OW___________
6 10 NSNSNSWNSN__WS__N_SWONWSO_W_OW_O_WOWO_W____________
6 11 SNSNSNON_____N__SO_OW_ONW_O_WO_W_OWOWSO____________
6 12 N_NSNSWSNSN____ONWSWO_WSO_W_OW_O_WOWO_WO___________
6 13 NSNSNSONSNS__NSWSONOWSO_WSO_WO_W_OW_WSOWO__________
6 14 _SNSNSWNSNS__S___W_W__WS__WS_WS__W__S_WSWS_________
7 0 _SNSNS_NSN______S_N_O___O____S__S__S_S_OS_SOSOSOSOS
7 1 _SNSNS_NSN______N_S_W_O_W_____S__O_____WO__WOWOWOW_
7 2 _SNS_S_NSN___N_O____O_W_________SWO__S_OW___W_WOW__
7 3 SNSNSNOSNSNSOSNW_O__W_OS_NO___S___W____WO______WO__
7 4 SN____W_SNSNWNS__W__O_W___W_O___S____S_OW_______W__
7 5 S_SNSNOSNSNSOS______W_O_____WOS________WO__________
7 6 NSNSNSWNSN__WNS_S_N___WNO____W__S_______WO_________
7 7 __NSNSO_N____SN_N_SO__O_W_O___S__________W_________
7 8 _SNSNSWNSNSN__SO___WO_W__SW_O_N_S_O________________
7 9 S__NSN_SNS_____W_O__W__S___SWOS_N_W________________
7 10 _NSNSN_SN____N_O_WN_OS_N_S___W_O_________O_________
7 11 NSNSNSOS_______WN___W______S_O_W_O_O_N__OW_________
7 12 S_SNSNWNSN______S_N__S_N_____W___WOW___OW__________
7 13 _NSNSNOSNSN_OSN_N_S__N___N_______OWO_N_W__O________
7 14 SNSNSNWSNSNSWN_________N___N__N__W_WN__N_NW________
8 0 SNSNSN_SNS_____ON___O___O___ON_ON_ONON_ONONONONONON
8 1 _NSNSN_SNS_____W_ON_W_O_W_O_WONW_OWOW_OWOWOWOWOWOW_
8 2 _N_NSN_SNS___S___W__O_W_O_W_OW_ONWOWONWOWOWOWOWOW__
8 3 N_NSNSONSNSNONS_S___W_ONW_O_WONW_OWOW_OWOWOWOWOW___
8 4 NS____W_NSNSWSNO____O_W_O_W_OW_ONWOWONWOWOWOWOW____
8 5 NSNSNS_NSNSN_NSWSO_OW_O_W_O_WONW_OWOW_OWOWOWOW_____
8 6 SNSNSN_SNS___SNONWSWO_W_O_W_OW_ONWOWO_WOWOWOWO_____
8 7 S_SNSN__S___ONSWSON_W_O_W_O_WONWSOWOW_OWOWOWOW_____
8 8 _NSNSN_SNSNSW_N__W__O_W_ONWSOWSONWOWO_WOWOWOWO_____
8 9 NS__NS_NSNS______O__W_ONW_ONWONWSOWOW_OWOWOWOWO____
8 10 __NSNS_N_______O_W__ONWSONWSOWSO_WOWO_WOWOWOWOWO___
8 11 SNSNSNONS______WSO_OWSO_WSONWO_WSOWOWSOWOWOWOWOW___
8 12 NSNSNSWSN____S_ONWSWONW_O_WSOWSO_WOWO_WOWOWOWOW____
8 13 _SNSNS_NSNS__N_WSONOW_O_W___WO_WSOWOWSOWOWOWOW_____
8 14 NSNSNS_NSNSN_S___WSWS_WS_____WS__W_WS_W_WSWSWS_____
9 0 NSNSNS_NSN__S___S___O___O___OS__S__S_S_OSOSOSO_____
9 1 _SNSNS_N_N__O____O__W_O_W_OSW_S__O_____W_W_WOWO____
9 2 ___SNS_N_N__WN_OSW__O_W_O_W_____SWO__S_O____W_W____
9 3 __SNSN_SNSNSO_NWNOS_W_OSW_O___S___W____W___________
9 4 SN______SNSNWN__SW__O_W_O_W_____S____S_____________
9 5 _NSNSN_SNSN_OSN_N___W___W_O___S____________________
9 6 NSNSNS_NSNS_WN__S_N_O_____W_____S__________________
9 7 NSNSNS__N___OSN_NO__W_O____S__S_N__________________
9 8 _SNSNS_NSNSNW_S__W__O_W__S_N__N_S_O________________
9 9 _NS_SNOSNSN_OS___OSOW__S___S__S_N_WO_______________
9 10 S__NSNWS____W____W_WO__N_S_N__N____W___O_______O___
9 11 NSNSNSOSN___OS__N___WN_S_N______N____N_W______OW___
9 12 _NSNSNWNS___WN__S_N__S_____N__N________O_____OWO___
9 13 SNSNSN_SNSN__S__N_S_____________N____N_WO_O_OWOW___
9 14 SNSNSN_SNSNS_N____N_N__N______N_____N___WNWNWNW____
10 0 SNSNSN_SN___NS_ON_S_O________N_ON_ONON_ONONON______
10 1 SNSN_NOS____O__WS___W______N_ONW_OWOW_OWOWOW_______
10 2 __SNSNWS____W___N_S____S____OW_ONWOWONWOWOWO_______
10 3 _SNSNSONSNSNO___S_NO_SON_SO_WONW_OWOW_OWOWOWO______
10 4 NS____W_N_NSWS_ON_SWO_W_O_W_OW_ONWOWONWOWOWOW______
10 5 _SNSNS_NSN___N_WSO_OWSO_W_O_WONW_OWOW_OWOWOWO______
10 6 _NSNSN_SNSNS_S_ONWSWO_W_O_W_OW_ONWOWO_WOWOWOWO_____
10 7 SNSN_N__S____NSW_O__W_O_W_ONWONW_OWOW_OWOWOWOW_____
10 8 SNSNSN_SNSNS__N__WS_O_W_ONWSOW_ONWOWO_WOWOWOW______
10 9 __NSN_ONSNS_ON__S_N_WSONW_ONWONW_OWOW_OWOWOW_______
10 10 NS__NSWNS_S_W_____S_O_WSONWSOWSO_WOWO_WOWOW________
10 11 _NSN_NONS____N__SO__W_ONWSO_WO_WSOWOW_OWOW_________
10 12 _SNSNSWSNS___S_ONWS_ONWSO_WSOWSO_WOWO_WOW__________
10 13 NSNSNSONSNS_ON_WSON_W_O_WSO_WO_WSOWOWSOWO__________
10 14 N_NSNSWNSNSNWS___W____WS__WS_WS__W_WS_W_WS_________
11 0 NSNSNS_N_____N__S_N_O___O___OS__S__SOS_OS__________
11 1 NSN____NS___O___N___W_O_W_OSWOS_____W__WO__________
11 2 _SNSN__NS___W__OS_N_O_WNOSW_OW__S____S_OW__________
11 3 SNSNSN_SN_NSOS_WNOSOWNOSWNO_WOS________WO__________
11 4 _N______S__NWNS__WNWO_W_O_W_OW_O________W__________
11 5 SNSNSN_SNS__OS__N___WNO_W_O_WO_W_O____O____________
11 6 __NSNS_NSN_NWN_OS_N___W___W_OW_O_WO_O_W____________
11 7 NSNS___SN___OSNW__SO_______SWOSW_OWOW______________
11 8 NSNSNS_NSNSNW_SO__NW____O__N_W___WOWO______________
11 9 __SNS_OSNSN_O__WNO___N__W__S_____OWOW______________
11 10 _N___NW_NSN_W__O_WN_O__N_S_NO_N__W_WO____O_________
11 11 _SNS___SNS__OS_WN___W____N__W___N___W___OW_________
11 12 _NSNSN_NSNS_WN__S_N__S_N___N__N________OW__________
11 13 SNSNSN_SN_NS_S__N_S______N______N____N_WO__________
11 14 ___N_N__NSNS_N_________N___N__N_____N___WN_________
12 0 _NSNSN_S_______ON___O________N_ON_ONON_ON__________
12 1 SNS___O_N______W____W______N_ONW_OWOW_OWO__________
12 2 SNSNS_W_NS______N________N__OW_ONWOWONWOWO_________
12 3 N_NSNSONS__NONS_S_N____N_SO_WONW_OWOW_OWOW_________
12 4 ______WSN___WSNO____O__SO_W_OW_O_WOWO_WOW__________
12 5 NSNSNS_NSN__ONSWSO__W_O_W_O_WO_W_OWOW_OWO__________
12 6 S_SNSN_SNS__W__ONWS_O_W_O_W_OW_O_WOWO_WOWO_________
12 7 SNSN__ON_____NSW_ON_W_O_W_ONWONW_OWOW_OWOW_________
12 8 _NSNSNWSNSNS_SN__W__O_WSO_W_OW_O_WOWO_WOWO_________
12 9 _SN_NSONSNS______O__W_O_WSONWO_W_OWOW_OWOWO________
12 10 _S____W_SN_____O_W__O_W_ONWSOW_O_WOWO_WOWOWO_______
12 11 SNSNS_ONSNS__N_W_O__W_O_W_O_WO_WSOWOW_OWOWOW_______
12 12 _SNSNSW_NSNS_S_ONW__ONW___W_OWSO_WOWO_WOWOW________
12 13 NSNSN_ONS__NON_WSON_W_______WO_WSOWOWSOWOW_________
12 14 ______W_SN_NWS___W___________WS__WSWS_W_WS_________
13 0 _SN_N__NS______OS___O___O___OS_OS____S_OSOSO_______
13 1 N_N___O_____O__W_OS_W_O_W_OSWO_W_O_____W_W_W_______
13 2 NSNSN_W__N__W__OSW__O_W_O_W_OW_O_W_________________
13 3 ___NSN__N_____NWN___W_OSWNO_WO_W___________________
13 4 S______N_____NS_S___O_WNO_W_OW_O__O________________
13 5 _NSN_N_SN___O_N_N___W_O_W_O_WO_W_OW________________
13 6 NSN_NS_NSNS_W__OS_N___W_O_W_OW_O_WO________________
13 7 NSN____S____OSNW_O______W___WO_W_OWO_______________
13 8 __N_N__N_N_NWN___W__O__N_S__OW_O_WOW_______________
13 9 SN___N_SN_N__S______W_O__N_SW__W_OWO_______________
13 10 SN______N____________SW____N_____WOWO______________
13 11 N_N_NSOSN_NSOS____S_____________N_W_W______________
13 12 _NSN_NW__N_NWN______O_________N____________________
13 13 SN_NS__SNS______NO__W___________N____N____O________
13 14 S_______N____N___W____________N___N_N____NW________
14 0 _N______N_______N___O________N__N___ON_ONON________
14 1 ______O___________N_W_O____N_______OW_OWOW_________
14 2 _N_N__W________ON_____W_O___O_____OWO_WOW__________
14 3 ____N_O________W_O_____NW_O_WO___OWOW_OW___________
14 4 N_____W_______NONW__O___O_W_OW_O_WOWO_W____________
14 5 __N____N____O__W_O__W_O_W___WO_W_OWOW______________
14 6 _N___N__N_N_W___NW__O_W_O___OW_O_WOW_______________
14 7 _N____ON_____N___O__W_O_W_O_WO_W_OWO_______________
14 8 ______W__________W__O_W_ONW_OW_O_WOWO______________
14 9 N_____ON____ON___O__W_O_W_ONWO_W__WOW_O____________
14 10 N_____W_____W__O_W__ONW_O_W_OW_O___WO_W____________
14 11 _____NON___N_N_W_ON_W_O_W_O_W__W_O__W_O____________
14 12 __N___W________O_W__O_W_O_W______WO___WO___________
14 13 N___N_ON_N__O__W_O__W_O_W_________WO___W___________
14 14 N_____W_____W____W____W____________W_______________