0 0 _O_________O______S___S___S___________________________
0 1 OW_________S____SO___O_____O__S________SO_O___________
0 2 WO__O______S____OS__SW____SW_S__S_______WSW___________
0 3 OWO_WO_____WO___SOSO___SS_SO___O_O_____SO__S_SOSOSO___
0 4 WOW_OWO____OWO__SWSWO_S____W_S_WSW______W__W__W_W_WS__
0 5 _WO_WOWO_O_W_W__O_WOW______O_S_OO_____OSOSOS_S___SOSO_
0 6 __W_OWOWOW___O__W_OW______SW___WS____SWSWSW_______WSW_
0 7 O___WOWOW__O_W___OWOSO_________OOO_O_____SO_S_________
0 8 W___OWOWO_OW_O___WSWSW____S___SWWWSW_S____W__S________
0 9 O_O_WOWOWOWO_W____S_OO_________O_____SOSOSO__SOS______
0 10 WOW_OW_WOWOW________WW_______S_W______W_WSWS__W_______
0 11 OWO_WO_OWOWO______S___SOS__O_S_OSOSO_SO_OS_O___O_S____
0 12 WOW_OWOWOWOW_O__S_S_S__W__SW___W_W_W__WSW__S___S_S____
0 13 _WO_WOWOW_WO_W__WOWS__S_S____S_O___SO_OSO_____________
0 14 _OW_OWOW___W_O___WSW__W________W____WSWSW_____________
0 15 OWO_WOWO_____W___OWOS_S___SO___O__________OOO___O_____
0 16 WOW_OW_WO________WSW__W____W_S_WS________SWWWS_SW_____
0 17 OWO_WO__WO______SO__SOS_SO___S_O___O____O_OS__________
0 18 W_W__W___WO______W___WW__W_____W__SW___SWSW___________
0 19 __________W_____S_S_S________________S________________
1 0 O_O________N_____SN__SN__SN___________________________
1 1 WOW_O___O__W____NN___S______O_NS______SN__S___________
1 2 _WO_WO_OW__O__O_NW_SNS___SNSWN_SN_______SNS___________
1 3 __W_OWOW__ON_OWOWON____NN_NSOS________SN__SOSNSNSN____
1 4 O_OSWOW__OWO_WOWNWOS__N__S_SWN_SNS_________NS_W_S__N__
1 5 WOW_OWO_OWOW_OWO_SNS_SO____S_N_SN______N_NSNSN__SNSN__
1 6 _WO_WOWOWOWO_WOWO____SWS_SN____SW__S_NSNSNS________N__
1 7 _OW_OWOWOWOW_OWOS_SSNS______OS__OS______SNSON_________
1 8 OWO_WOWOWOWO_WOWOSN_N____SNSWSNSW_NS_NS____WSNS_______
1 9 WOW_OWOWOWOW_OWOWONOOS______OW_S___S_NSNSN__SNSNS_____
1 10 _WO_WOWOWOWO_WOWOW_WW____S_SWN_____W_____NSNS_________
1 11 O_W_OWOWOWOW_OWOWSN__SNSNS_SON_SNSNS_N___NSNS_SN_NS___
1 12 W_O_WOWOWOWO_WOWOWO_N_____NSW____WSW__SN__SW__SWSNS___
1 13 _OW_OWOWOWOW_OWONONO_SOSN__SON_S_S_N___NS_____________
1 14 OWO_WOWOWOWO_WOWOWON__NO_S_SWS_S_WS_SNSNS_____________
1 15 WOW_OWOWOWOW_OWOSSN_NSOW_SN_O______________OS_OS______
1 16 _W__W_WOWOWO_WOW_ONO__N__S_SWN_SN_______SNSWSNSN______
1 17 OO_S___WOWOWS_W_NWSSNSOSN__SON_S__S________N__________
1 18 WW______WOW___________NW____W__S_SN___SNSN____________
1 19 _________W__S___NSNSN___S__________S_N________________
2 0 OO______________SNS_SN__SN___S__S______S______________
2 1 WWO________S______S_ONOOO_S____N_S___SN__SN___________
2 2 O_W_O______W_O__O_ONSNSWSNSN_S_NS____S_SNSN___________
2 3 W_O_W__O_____W__SOW____OS__N_NS______SN__SNSNSOSN_____
2 4 _OWNO_OWO__S_O__SWSNS_SWSNSN__SNSN_S_______WNWN_N_____
2 5 OW__WOWOWO_O_W___NWN_NO____N___N_______S__NSN__SNSNS__
2 6 W___OWOWOWOW_O__N___ONSNSN____SN__SN_SNSNSNS___W_S____
2 7 S_O_WOWOWOWO_W__W_NNSN__S____N___N_____SNSNS__________
2 8 OOW_OWOWOWOW_O___N__O_OOSNSN_OSNS__N_SN__S_SN_N_______
2 9 WWO_WOWOWOWO_W__SOOOWNWSS____NSNS_SO_SNSN__SNSNSN_____
2 10 O_W_OWOWOWOW_O___WWWS_O_SNSN_______N______NSNS________
2 11 W_O_WOWOWOWO_W__SO__WNWNSNSN_S_NSOSO______N_NSNS__N___
2 12 _OW_OWOWOWOW_O__SN__S_O_S__N__S_WNNN_SN__SN__SNSNSNS__
2 13 OWO_WOWOWOWO_W__WOSOSNWNS__N__SNSO______NS____________
2 14 WOW_OWOWOWOW_O__NWOSS_O__NSN_NSN_NNSNSNSNS____________
2 15 OWO_WOWOWOWO_W__WNW_SNW_SNS___S____________ONSNN______
2 16 WOW_OW_WOWOW_O__S__N_____NSN__SNS______SNSNSNSWS______
2 17 OWONW___WOWONW__W_NWSNSO__SN_S_NS_N___________________
2 18 W_W_O____WOW_O__S______N__S__S_NSNS__SNSN_____________
2 19 ____W_____W_NW__WNSN__S_N_S_______SN__________________
3 0 ________________NSNSNS__N__S_N_SN_____SN______________
3 1 O__________O_____SN_N_N_NSN______N__SN__SN____________
3 2 W__S_O_____NS_O_NSO_WSWSWSNS_N_SNS_S_NSNSN____________
3 3 O_OSOW____O__OW_WOW__S__N_____N____S_N__SNSOSOSN______
3 4 WOWSW____OWNSWO_NWO_NSNONSNS__NSNOSNS______NSNW_S_____
3 5 OWOSO_O_OW___OW_OSNO__NW_____S__OW____SN__SN__SOSNSN__
3 6 W_WSWOWOWO_O_WO_WS_WNSWSN__S__NSW_NS_NSNSNSN__WN_NS___
3 7 N_OSOWOWOWOW_OW_O__OW_OWN___OS________SNSNSNS_________
3 8 O_WSWOWOWOWO_WO_WS_W_SWNNONSW_NSNS___NS_SNSN__________
3 9 W_OSOWOWOWOW_OW_NOO___OWNS_S__NSNSNS_NSN__SNSNSNS_____
3 10 _OWSWOWOWOWO_W___WWOOSW_NSNS_____W_W______SNSNS_______
3 11 OWOSOWOWOWOW_O__NO_WN_OSNSNS_N_SOSN________O_NSN______
3 12 WOWSWOWOWOWO_WO_OW__NSW_NS_S__N_N___SN__SNSWSNSNSNSN__
3 13 OWOSOWOWOWOW_OW_N_NNN_O_NW__OSNSN_S___S__N____________
3 14 WOWSWOWOWOWO_WO___OWNSWS_SNSW_NS_S_NSNSNSNS___________
3 15 OWOSOWOWOWOW_OW__OW_N___N_NS__NS___________NSNS_______
3 16 WOWSWOWOWOWOSW__OWOS_S_O_SNS__NSN_S___SNSNSWSN_N______
3 17 OWOSOWOWOWOW_O__NSWON_NW_SNS_N_SNS____________________
3 18 WOWSWOWOWOWO_W__OW_WO__S_SNS_N_SNSNS_NSN______________
3 19 _W_S_W_W_W_WS___NSN_WSNW__NS___S__N___S_______________
4 0 O____________O__SNONON____SN_S_N_____SN_______________
4 1 W____O_____O_W__WNS_S_S_SN_______S_SN__SN_____________
4 2 O__NOW____OWNO__ONO__NONONSN_S_NSNSN_SNSN_____________
4 3 WO_NWO_O_OW__W__SOWO_NS_S_S___S___SN___SNSNSNSO_______
4 4 _WONOWOWOWOSNO_O_WOWONOO_NSNOS_NS_NSN__S____NWN_NS____
4 5 _OWNWOWOWOWO_WOWONWOS_WSOO__WN____O__SN__SN__SOSNSNS__
4 6 OWONOWOWOWOW_OWOWNOWSNOOWWSNO_SNOSWN_SNSNSN__SN___N___
4 7 WOWNWOWOWOWO_WOWO_SOW_WNO_S_WNS_W____SNSNSNSNS________
4 8 _WONOWOWOWOW_OWOWNSWSNO_SNSN__SN_N___SNSNSNS__________
4 9 _OWNWOWOWOWO_WOW_O_S__WS_WSN_S_NSOSO_SN__SNSNSNSNS____
4 10 OWONOWOWOWOW_OW_OWSWONO_SNSN_____NWN_____SNSN_NS______
4 11 WOWNWOWOWOWO_W__SOS_S_WNSNSN_S_NSN_O_S_S___O_SNS______
4 12 OWONOWOWOWOW_O__SW_SSN__SO_N____W__SN__SNSNSNSNSNSNS__
4 13 W_WNWOWOWOWO_WO__O_OO____NS__NSNS_NS_SN_______________
4 14 O_ONOWOWOWOW_OWOOWOWSNSNSNSN_S_NSNS_NSNSNSNS__________
4 15 WOWNWOWOWOW__WOWSOS____SS_SN__SN____________N_NS______
4 16 OWONOWOWOWO_N_WOOWSNSNS_WNSN__SN_SN__SNSNSNSN_________
4 17 WOWNWOWOWOWO___WSOWOO_S_ONSN_S_NSNS___________________
4 18 _W_NOW_WOW_W_O__SNSWS__OSNSN_S_NSNSN_SN__S____________
4 19 ___NW___W___NW___NW_SNSNS_SN_S_N_____SN_______________
5 0 O______O________O_N_N____SNS_N_S_____N________________
5 1 W__SO_OW___O_O__NSWOW_NSN______S_NSN__SN______________
5 2 O___WOWO___W_W__NWOW_SNONSNS_N_SNSN_SNSN____S_________
5 3 W___OWOWO______OWOWO__WSWSNS__NS__N___SNSNSNSO________
5 4 _O__WOWOW__NS_OWOWOWNS_N_ONS_N_SNOSNS_SNS___WN___NS___
5 5 OW__OWOWO____OWOWOWOW_OWOS_SOS__OWS_SNS_SNSO_NSNSNSNS_
5 6 W___WOWOWO_O_WOWOWNWOSW_WONSW_NSWNS__NSNSNSWSNS_______
5 7 S__S_WOWOWOW_OWOWOW_N_OSNWNSOSNSOSOS_NSNSNSNSNS_______
5 8 WO____WOWOWO_WOWOWNSNSW_WSNSWSNSWSS__NSNSNSN__________
5 9 OW__O_OWOWOW_OWOWS_O_SON_SNS_N_SNWOS_N__SNSNSNSNSNS___
5 10 W___WOWOWOWO_WOWN_NNNSW_NSNS______N_S___SNSNS__NS_____
5 11 O___OWOWOWOW_OWOW_N_W_OSNSNSON_SO_SN_NSN___N_N_NS_____
5 12 WO__WOWOWOWO_WOWNO_NN_WWNO__WS__NS_W__SNSNSWSN_NSNSN__
5 13 _W_SOWOWOWOW_OWO_WS_N____SNS__NSNS_NSNS_______________
5 14 O___WOWOWOWO_WOWN_NSWSNSNSN__N_SNSN_SNSNSNSNS_________
5 15 W___OWOWOWOWSOWOWOW____NO_NS__NS__OS___________NS_____
5 16 _O__WOWOWOWO_W_WNWOONSNSNSNS__NS_NS__NSNSNSNS_________
5 17 SW_SOWOWOW_WSO__WONSN_NONONSON_SNSNS__________________
5 18 WO__W_W_W____W__NWO_W__SWSNSWN_SNSN_SN__SN____________
5 19 _W_S________S_____N_NSN_NSNS_N_S_____NS_______________
6 0 _O______O____O__S_S_S_S__NSN__SN_S_____S______________
6 1 OWON___OWO_O_W___OWOW_SNS____S_NS_N__SNS______________
6 2 W_W_O_OWOWOW_____NOWSNSNSNSN__SNSN_SNSN____SN_________
6 3 O_O_WOWOWOW_____O_WO___WSNSN_S_NS____SNSNSNSO_________
6 4 WOW_OWOWOW_ONO_OW_OW_NO__NSNO_SNOSN_NSNSNS_WN_____NS__
6 5 OWO_WOWOWO_W_WOWO_WOS_WS_WSNWN__W_NSN_NSNSNS__NSNSNSN_
6 6 WOW_OWOWOW___OWOW_OWSNO_S__NO_SN_SN__SNSNSNSN_N_______
6 7 OWONWOWOWO_O_WOWOSS_W_WNW__NWNSNSNNN_SNSNSNSNSNS______
6 8 NOW_OWOWOWOW_OWOW_ONSN___NSN_NSN_OW__SNSNSN___________
6 9 _WO_WOWOWOWO_WOW_NWOSNS_ONSN_S_NSNSN___SNSNSNSNSNSN___
6 10 _OW_OW_WOWOW_OW_SO_W_N__WN_N_WS____SN__SNSNSNS__N_____
6 11 OWO_WO_OWOWO_WO_OW__S_SO_NSN__SNS_N__SNS________N_____
6 12 WOW_OWOWOWOW_OWOW__O___N_NS_ON__SN_S_SNSNSNSNS__NSN___
6 13 OW_NWOWOWOWO_WOW__NSS_O__W_NWS_N_N_SNSN_______________
6 14 WO__OWOWOW_W_OWO__SNSNSNONS__S_NSN_SNSNSNSNSN_________
6 15 OWO_WOWOW___NWOW_OO_____S__N__SN_SNN____________N_____
6 16 WOW_OWOWO__S_OWO_WWNSNSNSNSN__SNS_W__SNSNSNSN_________
6 17 OWONWOW_W___NW_WOO_W___N_NSN_S_NSNSN_S________________
6 18 NOW_OW_____S_O__WSSS__SWSWSN_S_NSN_SN__SN_____________
6 19 _W_NW_______NW____W_SN__SNSN__SNS_____NS______________
7 0 __O__O_O_O_SS___NOO_OSNS_SNS__NS_N____SN______________
7 1 SOWSOWOWOWOW_O___SNONSNSNS_S_N_SN___SNSNS_____________
7 2 OWOSWOWOWOWS_WO_O_OWN_N_N_NS__NSN_SNSN__S_SN__________
7 3 W_W_OWOWOWOW_OWOWOWOOSO_NSNSON_SN_S__NSNSNSO__________
7 4 O_O_WOWOWOW__WOWOWOWWSW__SNSWSNS_NS__NSNSNSN_______N__
7 5 WOW_OWOWOWOS_OWOWSWSNSON_WNSO__S___NS_SNSNSNS__NSNSN__
7 6 OW_SWOWOWOWW_WOWO_NWO_WSOS_SWSNS_NS__NSNSNSN__________
7 7 WO_SOWOWOWO__OW_WNWONSO_NW_SOSNSNS_S_NSNSNSNSNSNS_____
7 8 _WOSWOWOWOWO_W___S_WNSWO__N_WWNS___WSNSNSNS___________
7 9 O_W_OWOWOWOW_O___WO_NSNW_SNS_O_SNSNS__SNSNSNSNSNSN____
7 10 W__SWOWOWOWO_WO_NOW__S___S_S_NN__S_N__SNSNSNSN________
7 11 OO_SOWOWOWOW_OW__SO_NSN_S_NS__NSN_S__NSNS_____________
7 12 WWOSWOWOWOW__WO_OOWN_S____NS___SN__NSNSNSNSNSNS__N____
7 13 O_W_OWOWOWO___WOWS_WNSN____S_N_S__SNSNS_______________
7 14 W_OSWOWOWOWO__OWOSNSNSWSNONS_N_SNS_NSNSNSNSNS_________
7 15 O_W_OWOWOWOW_OW_WO______WS_S__N__NS___________________
7 16 W_OSWOW_WOWNSWO__SO_NSNONSN___NSNS___NSNSNSNS_________
7 17 _OW_OW___WO__OW_SNSS_S_S__N__N_SNSNS_NS_______________
7 18 OW_SWO____WNSW__SWON_SNSNSNS_N_SNS_N__SN______________
7 19 W__S_W____________N_N___NSNS__NSN_S___SN______________
8 0 __O__O_O___ON____N_S_N_NSNSN__SN_____SN_______________
8 1 NOWNOWOW___N__O_SW__SN_N_NSN_S_N___SNSNSN_____________
8 2 OWONWOW__O_O__WOW_OS__OS__SN_S_N_SNSNS_SNSN___________
8 3 WOW_OW__OW_N__OWSOWOSNWWONSN_S_NSONS_SNSNSNS__________
8 4 OWO_WO_OWO___OW__WOWON_SWO_N_NSNWWNS__NSNSNS__________
8 5 WOW__WOWOW_O_W__SNWOWN_WSNSN__SNS___NSNSNSNSNS__NSNS__
8 6 _WON_OWOWO_N_O_OWO_N__ON_O_N_N_N_SNS__NSNSN___________
8 7 S_WNOWOWOW_O_WOWSWOS_NWSSNSN_OSNSNSO__NSNSNSNSNSN_____
8 8 __ONWOWOWO_W_OWOWOW_ONOWO___ON_N___NNSNSNSNS__________
8 9 O_W__WOWOW_O_WOWSNSOWNW_WNSNWS_NSN_N_SNSNSNSNSNSNS____
8 10 W_ON_OWOWO_W_OWO_N_WSNOS_NSN____ON___SNSNSNSN_________
8 11 _OWNOWOWOW_O_WOWOWO_SNWSNS_N__SNWSN__SNSNS____________
8 12 OWONWOWOWO_W_OWOWNW_WN___WSN_S_NO__SNSNSNSNSNSN_______
8 13 WOW__WOWOW_O_WOWSW__ON_S__SN___NWSN_NSNS___S__________
8 14 OWON_OWOW__W_OW_WNONSNON_NSN_S_NSN_SNSNSNSNSN_________
8 15 WOW_OWOWO__S_WO_ONW___S_SW_N______N__S________________
8 16 OWONWOW_W__WNOW_WWN__NONONS__S_NSNS___NSNSNSN_________
8 17 WOW__W_____S_W__N_WNSNSWS_S____NSNSN_SN_______________
8 18 OW_N_______SNO__N_S__NSNSNSN__SNSN___SNS______________
8 19 W__N_________W_____S____SNSN_S_N__N__SNS______________
9 0 _O__________S____OON_S__NSNS__NS__S__NS_______________
9 1 OWOS_O___O______OWW_NSO_OONS_N_S___NSNSN______________
9 2 W_W_OW__OWO_S___NO_N__WOWSNS_N_S_NSNSNSNSNS___________
9 3 O_O_WO_OWOW_____NWO_NSONOSNS_N_SOS_NSNSNSNSN__________
9 4 SOW__WOWOWO_SO___OWO__WOWW_S__NSN__NS__NSNSNS_________
9 5 OWOS_OWOWOWO_W__OWOWS_ONNSNSO_NSNS___NSNSNSNSNS__NSN__
9 6 WOW_OWOWOWOW____NOW_OSW__S__W____N_NS__NSNS___________
9 7 NWOSWOWOWOWO____OWONW__ONSNS__NSNSNS__SNSNSNSNSNS_____
9 8 _OW_OWOWOWOW____NSW____N_S_S___S_____NSNSNSNS_________
9 9 OWO_WOWOWOWO____NSN___O__WNS_N_SN_S__NSNSNSNSNSNSN____
9 10 SOW_OWOWOWOW_O___O_ONSWN_SN__S_S__S_SNSNSNSNS_________
9 11 OWO_WOWOWOWOSW__OSOSOSONSO_SOWNS_N_S_NSNSNS___________
9 12 S_WS_WOWOWOWS___WOWSN_W__NNSWN_S__SNSNSNSNSNSN________
9 13 O_O___WOWOWOS___OWOWNS_N_SN____S_NS__NSNS_SN__________
9 14 WOW____WOWOW_O__NOS_WSN__SNS_N_SNS_NSNSNSNSNS_________
9 15 OWOS_O__WOWOSW__OSS_S_W_N__S_S_______NS_______________
9 16 WOW_OW___WON____WSWO__NONSNS_N_SNSNS___NSNSN__________
9 17 OWOSW_____WNS___S_SSNSWSWONSO___NSNS_NS_______________
9 18 WOW________N____WON__SNSNSNSW_NSNS_S_NSN______________
9 19 _W_S_____________W_N_S__NSNS_N_S_____NSNS_____________
10 0 O___O_O___OON____O__SN_S_NSN__SNS_N___NS______________
10 1 W_ONWOW__OWS____OWOS_N___N_N__SN_S__NSN_______________
10 2 _OW_OW__OWO_N__OWOW___O_SWSN__SNS_N_NSNSNSNS__________
10 3 NWO_WO_OWOWO__OWOWOS_NW__O_N_S_NSN_SNSNSNSNS__________
10 4 WOW__WOWOWOWNOWOWSWW__O_ONSNO__NS___NS_SNSNSNS________
10 5 _WON_OWOWOWO_WOWO__SN_SOWNSNWS_NWN___SNSNSNSNSNS__N___
10 6 _OW_OWOWOWOW_OWOW___SN_W_NS___S_____N___NSNS_____S____
10 7 OWONWOWOWOWO_WOW__SOO____NSN_S_NSNSN_SNSNSNSNSNSNS____
10 8 WOW_OWOWOWOW_OW_ON_WS__O_OSNOS_NO____SNSNSNSN_________
10 9 NWO_WOWOWOWO_WO_SNO_S_OSSNSNW_SNWSNS__NSNSNSNSNSN_____
10 10 WOW_OWOWOWOW_OWO_NWN_NS__NS_OOSN_SNSN_NSNSNSN_________
10 11 NWO_WOWOWOW_NWOWOWSWSN_SN__NWNSN_S_N_SNSNSN___________
10 12 WOWNOWOWOWO_NOWOWOWOW_OS__SN_S_NS_NSNSNSNSNSN_________
10 13 _WO_WOWOWOWONWOWOWNN_NW_SNS___SN__N__SNSNSN___________
10 14 _OW_OWOWOWOW_OWOWNWS_NOS_NSNOS_NSNS_NSNSNSNSNS________
10 15 OWONWOWOWOWONWOW_WOWN_W___SNWN________NS______________
10 16 WOW_OWOW_WOW_OWOSNNNS_ON_NSN_S_NSNSN_S__NSN___________
10 17 OWONW_WO__WONWOWO_NWWNWW_N_N__S__NSN_SNS______________
10 18 WOW_O__W___W_OW_N_S_SNSNSWSN_S_N_NSN_SNS______________
10 19 _W_NW________W____S__N__SNSN__SNS_____NSNS____________
11 0 O____O_____N_____O__NS_N__NS__NSN_S____N______________
11 1 W__SOW__O__W_O__OS_N__O____SO_NS_NS__NS_S_____________
11 2 ____WO_OW____WO_S___OSW_NONSW_NSN_S__NSNSNSN__________
11 3 ____OWOW___O_OW__S_OW__O_W_S_N_SNS_NSNSN_NSN__________
11 4 O___WOW__O_W_W__ONON_SNS_SNS_S_SOW_S_NSN_NSNSN________
11 5 W__SOWO_OWOO_O_OW_WN_SWO_ONS_N_SNS_S_NSNSNSNSNSN______
11 6 _O__WOWOWOWW_WOWOS_ON__S_WNS__N__SSWS____NSNS___SN____
11 7 OW_S_WOWOWO__OWOWWNSN_O_O_NSON_SNWNS_NSNSNSNSNSNSNS___
11 8 WO___OWOWOWO_WOWNOO_WSWNSSNSWN_S_____NSNSNSNS_________
11 9 _W__OWOWOWOW_OW_WWWONSNWN_N_OSNSONSNS__NSNSNSNSN______
11 10 O___WOWOWOWO_WO____W_SW__ONSW_NSWNSNS__NSNSN__________
11 11 W___OWOWOWOW_OW_S_O_OS_N_S_SO_NS_NS__NSNSN____________
11 12 O___WOWOWOWO_WO_WONSN__N_SNSWN_SNS_NSNSNSNSNS_________
11 13 W___OWOWOWOW__WO_W_SOS__NSNS__N______NSNSN____________
11 14 O__SWOWOWOWO___WOSOOW__N_SNS_N_SNSNS_NSNSNSNSNS_______
11 15 W___OWOWOWOWS___WOWN_S__OSNS___________N______________
11 16 O___WOWOWOWO____NS__OS_SW_NS_N_SNSNS_NS__NS___________
11 17 W__SOWOW_W_W_O_____ONS_____S__N___NS_NSNS_____________
11 18 O___W_W______WO_O_NSNSNSNSNS_N_S__NS_NSNS_____________
11 19 W___________S_W_SSN__S__NSNS__NSNS_S___NSN____________
12 0 ____O________O___NS__NO_S__N_S_N_SNS__________________
12 1 O_ONWO_____O_WO_NWO___WOS__N__SNS_N__SNSN_____________
12 2 WOW_OWO___OS_OWOW_SOSN_W___N_S_N_SN__SNSNSNS__________
12 3 _WO_WOWO_OWO_WOWONOWS__N__SN__SNSO_SNSNS__N___________
12 4 _OW_OWOWOWOW_OWOWOWSWNOWSNSNONSN_N_N_SNS__NSNS___S____
12 5 OWONWOWOWOWO_WOWOW__ONWNS_SNWS_NSNSO__NSNSNSNSN_______
12 6 WOW_OWOWOWOW_OWOWOSNW_SWS_SN__S_OONNNS____NSN__SNS____
12 7 _WONWOWOWOWO_WOWONOWO___N_SN_S_NWNSN_SNSNSNSNSNSNSNS__
12 8 _OW_OWOWOWOW_OWOWOSOWNOSWNSN__SNS_____NSNSNSNS________
12 9 SWO_WOWOWOWO_WOWOWOW_NWOS____N_N__NSNS__NSNSNSNS______
12 10 _OW_OWOWOWOW_OWOW_SOSN_SSNSN_O_NS_NSNS__NSN___________
12 11 OWO_WOWOWOWO_WOWO_OW_N_OWW_N_SSN_SN__SNSNS____________
12 12 WOW_OWOWOWOW_OWONOSN__SWSNSNOS_NSNS_NSNSNSNSN_________
12 13 OWO_WOWOWOWO_WOWOW_N_N__SNSNW_S_______NSNS____________
12 14 WOWNOWOWOWOS_OWOSNS___O_SNSN_S_NONSN_SNSNSNSNSNS______
12 15 OWO_WOWOWOWONWOWON_OSNWS_N_N____S_____________________
12 16 WOW_OW_W_W_W_OWOSWOS_NSNS_SNOS_NSNSN_SNS__NS__________
12 17 OWONW______O_W_W__WN_N____SNW____S_N_SNSNS____________
12 18 W_W_O______S____N_SWSN_NSNSN_S_NS__N_SN_NS____________
12 19 ____W_______N___WN__SN___NSN__SN_NSN_S__NS____________
13 0 O_O_______________N_____NS_S_N_S_NSN__S_______________
13 1 WOW_O_O____N______N_S_OSNS_S__NSN_S__NSNS_____________
13 2 _WO_WOWO___WS___O_WON_WS_S___N_S_NS__NSNSNSNS_________
13 3 SOW_OWOWO______OW_SSO__O_SNS__NSNS_NSNSNS_____________
13 4 OWO_WOWOW__O__OW___NN_OSNSNS__N____S_N_NS__NSNS_SN____
13 5 W_W_OWOW___SSOWOS_S__SW_NWNS_N_SNSNW___NSNSNSNS_______
13 6 S_O_WOWO_O_O_WOWWSN___NONONS__NS___SSN_____N__SNSN____
13 7 O_W_OWOWOWOW_OW_OWN__S_W_SNS_N_S__NW_NSNSNSN_NSNSNSNS_
13 8 W_O_W_WOWOWO_W__S_WOS__N_SNS__NSNS_____NSN_NSNS_______
13 9 N_W_O_OWOWOW____SSNWS_ONNS_________NSNS__NSNSNSN______
13 10 __O_WOWOWOWO____SSWONSWWOSNS_N_SNS_NSN___N____________
13 11 _OW_OWOWOWOW_O__W_NSO___NO_S_WN__NS__NSNSNS___________
13 12 SWO_WOWOW_W__W___SWSWSNSNSNS_N_SNSNS_NSNSNSN__________
13 13 O_W_OWOWO__NS___N___S___NSN___NS______SNSNS___________
13 14 W_O_WOWOWO_W____WON_S___NSNS_N_SNONO_NSNSNSNSNSN______
13 15 O_W_OWOWOWO__O__NWONN__N_S______WSSS__________________
13 16 W_O_WOWOW_WS_W__WOWWS_NSNSNS_N_SNSN_SNSNS__N__________
13 17 _OWS_WOW___N____SS_S_____SNS___S_N___NSNSNS___________
13 18 OWOS__WO___WS___WSNSNS_SNSNS_N_SNS___NS__NS___________
13 19 W_W____W____S_______N____SNS__NS__NS_N___NS___________
14 0 O________________________NSN___NS_N__SNS______________
14 1 W_O__O_____O_____SOSN_SN_NSN___N__N__SNSN_____________
14 2 __W_OW____OWNO___OWN__WNSN_____N_SN__SNSNSNSN_________
14 3 N_O_WO___OW__WO_OWNWS__NSNSN__SNSN_SNSNSNS____________
14 4 O_W__WO_OW_N__WOWO__W_OWWOSN__S___SO____NS__NSNSN_____
14 5 W_O__OWOW__WN_OWOWNS_NWSSNSN_S_NSNWN_S__NSNSNSNS______
14 6 N_W_OWOWO____OWONO_WO_OWON_N_S_N_S_ON______S_SNSNS____
14 7 __O_WOW_WO_O_W_WNNO_WNWSSW_N__SNS__N_SNSNSNW__NSNSNSNS
14 8 _OW_OWO__WOW____W_WON__S_NSN_S_NSNS_____N___NSNS______
14 9 OWO_W_WO_OWO____NN_WN_S__NS_________NSNS__NSNSN_______
14 10 WOW_O__WOWOW_O__ON_NSN__SNSNOS_NONS_NS________________
14 11 _WO_WO_OWOW__WO_N_SW____SN_NW___S_N__SNSNSNS__________
14 12 NOW_OWOWOWO__OWO_N_NSNSNSWSN_S_NSNSN_SN_NSNS__________
14 13 OW__WOWOWOWONW_WO_S_N_S__N_____N_____SNSNSNS__________
14 14 W___OWOWOW_W_O__WSWON_S__NSN_S_NSNSN_SNSNSNSNSN_______
14 15 S_O_WOWOWO___WO___OWS____NS______WNW_________S________
14 16 _OW_OWOWOW_N__WO_NS_N_ONSNSN___NON_SNSNSN_____________
14 17 OWONWOWOWO_____WOWSN__S_SNSN__SNS____SNSNSNS_S________
14 18 W_WN_WOW_WO_NO__NNSNONSNSNSN_S_NSNS___NS__NS__________
14 19 ______W___W_NW____S_S___SNSN__SN__SN_S____NS__________
15 0 __O____O_O_SS________S___SNS___SN_S__NSN______________
15 1 SOWSO_OWOW_W_O__SNSN_SO_S_N__________NSN______________
15 2 OWOSWOWOW__S_WO___WO__NSN____S_S_NS__NSNSNSN__________
15 3 W_W_OWOWO_OW_OWO_S_WOSOOO_NSO_NSN_SNSNSNSN____________
15 4 O_OSWOWOWOWSSWOWOWS_N_WSN_N_WSN___O______NS__NSNS_____
15 5 W_WSOWOWOWOWSOWOW__O_SOONSNS_N_SNSNS_NS__NSNSN_NS_S___
15 6 O_O_WOWOWOWO_WOW_S_N__WNNW_S_N_S_N_________OSNSNSN____
15 7 WOWSOWOWOWOW_OWO_SO_S_ONW_____NSNS___NSNSNSNS__NSNSNSN
15 8 _W_SWOWOWOWO_WOW_SSS__WNS_N__N_SNSNS_________NSN______
15 9 SO_SOWOWOWOWSOWO_WS__SNS__NS_________NSNS__NSNS_______
15 10 OWOSWOWOWOWOSWOWO_WON_OSNSNS_N_SNSNS_NS_S_____________
15 11 WOW_OWOWOWOW_OWOWSNW__W_NS___S__W____N_N_NSNS_________
15 12 OWOSWOWOWOWOSWOW___SNSNSNSNS_N_SNSNS_NS__NSN__S_______
15 13 WOW_OWOWOWOW_OWO__OS_SNS_______S_____NSN_NSNS_________
15 14 _WO_WOWOWOWS_WOWSNN___NS__N__N_SNSNS_NSNSNSNSN__S_____
15 15 N_W_OWOWOWO___WO_ON_N____SNS________________SN________
15 16 __OSWOWOW_WO___WOSW___NSNSNS___SNO_NSNSNS_____________
15 17 _OWSOWOWO__W_O__WSN__SWSNSNS__N_WSS__N_NSNSNSNS_______
15 18 OWO_W_WOW____WO_S_N_NSNSN_N__N_SNSNS___NS__N__________
15 19 W_WS___W______W___N_WS__NSNS__NS__N__NS____N__________
16 0 __O__O_O___ON_______SNS__N_NO_SN__NS__N_______________
16 1 N_WN_WOW___N__O_NSOS_NW_N_S_W_________NS______________
16 2 O_ON_OWO___O__WO__N_S_ON____ONSN__NS__N_NSN___________
16 3 WOW_OWOWO__N__OWOO_SONWN__SNW_SNS_NSNSNSNS____________
16 4 OWONWOWOWO_ONOWOWNNSW_SW____ONS__________SNS_SNONS____
16 5 WOWNOWOWOWONNW_WO__W_NW__OSNWS_NSNSN_SNS__NWNS_SNSN___
16 6 OWO_WOWOWOWO___OWN__S_S__NSN_S_NS________S_SNSNSN__S__
16 7 WOWN_WOWOWOW__OWSNNSN_S________N_NS___NSNSNWNS__NSNSNS
16 8 _WON__WOWOWO__WOWOWN____NS_____NONSN_S________N_______
16 9 N_WN__OWOWOWN_OWSNO__NSN___N__S_S_____NSNS__NSNS______
16 10 S_ON_OWOWOWON_W_W_NO__ONSNSNOS_NSNSN_SNSNS_S__________
16 11 O_W__WOWOWOW__O_SNSWS_W__NS_WN_______S____NWNS________
16 12 W_ON_OWOWOWON_WOWOSNSNSNSNSN__SNSNSN_SNS__NS_SN_______
16 13 _OW_OWOWOWOW__OW_WONSN_NS_S___SN_____SNS__NWNS________
16 14 SWO_WOW_WOWN_OWON_S____NS____SSNSNSN_SNSNSNON__SN_____
16 15 S_W_OWO__WOS_WOWSN____S__N_N_W_______S_____SNS_S______
16 16 W_ONWOWO__WW_OWOWWS___SNSNSN_S_N_NS_NSNSN_____________
16 17 _OWN_WOWO__S_WOWSNWOSNSNSNSN_S___WN_____NSNSNSN_______
16 18 OW____W_W__W_OW_NS_W_NSNS______NONSN_S__N_____________
16 19 W__N_________W____S__N___NSN___NS____SNS______________
17 0 __OS_____O__________N_O______SNS___N__________________
17 1 SOW___O_OW_S_O___NSN_SNS__NS_____S_____N______________
17 2 OWOS_OWOWO___W___OW_NSO__S_S__N____NS____N____________
17 3 WOW_OWOWOWOS_O__OW_N_SWSO_NS__NSNS_N_NSNSNS___________
17 4 OWO_WOWOWOW__WO_WS_O_SOOWS___SN_______S_SNSOSN_NSN____
17 5 WOWSOWOWOWOS_OW_SSON__NW_ONS_N_SNSNS_NSNS__NSNSW_N____
17 6 OWO_WOWOWOWS_WO_WOW_NSN__SN__N_SNS______SN_OSN_N__SN__
17 7 W_WSOWOWOWOW_OW_OW_N__NS__________NS___NSNSNSNS__NSNSN
17 8 __OSWOWOWOW_SWO_NOS______N_S____NSNS_NS_____S_S_S_____
17 9 SOWSOWOWOWO_S_W_OW__OSN_S_____NSW______NSNS__NWNS_____
17 10 NWO_WOWOWOW___O_NO_OW__SNSNS_N_SNSNO_NSNSN_OS_S_______
17 11 O_W_OWOWOWO_SOW_OWNWNS____NS______SS_N_____NWN________
17 12 W_O_WOWOW_WS_WO_N_NSNSNSNSNS__NSNSNS_NSNS__O_N________
17 13 __WSOWOWO__O__W_OSN_N__SNSN__SNS_____NSNS__NSN________
17 14 N_OSWOWOW__S__O_SSWO_S__NS___ON_NSNO_NSNSNSNO_SN______
17 15 O_WSOWOWO__OSOW_OS_WSSNS_S___N_S___S_N____SWWNSN______
17 16 N___WOW_WO_NSWO_NWOSWSNSNONS_N_S__NO_NSNS_____________
17 17 O__SOWO__WOOSOW_NSN_NSNSNWN__N_S___S_____NSNSN________
17 18 W_OSW_W___WNSW___N_S__N_NS______NSNS_NS_____S_________
17 19 __WS______________N__S____NS____W____N_NS_____________
18 0 __ON_O_______O___S__S_O_____ON_NO_____________________
18 1 N_W__W_____N_WO_S_OS_NSNS__NWS__SN____________________
18 2 __ON_O_O_____OWOW_NSSNO__NSNO_____S_N____S____________
18 3 SOW_OWOW___N_WOW_S__ONWNS__NWS_NSNS___NSN_NS__________
18 4 OWO_WOWO_____OW__NOSWN__SN__ON__S____SNSNSNSN___NS____
18 5 WOWNOWOWO__N_W__ONW_O__S_N_NWS_NWNSN_SNSNS__NSNS___S__
18 6 OWO_WOWOW__O____NO__WN__SWS____N_N_____SN__SNS_S_SN___
18 7 WOWN_WOW___N__O_OS_____N___________N_S__NSNWNSNW__NSN_
18 8 _WON__WO_O__N_WOSON________N_____NON__NS___SN_O_N_____
18 9 NOWN___WOW_ON__WOWS__NS_NS_____N__S_____NSNS__NSNS____
18 10 OWO____OWO_W___OSO____ON_NSN___NON_N_SNSNS__O_N_______
18 11 W_W_O_OWOW__N_OWOW_SSNW_S__N____S_NW_______SNS________
18 12 O_O_WOWOWO_N_OWOW_SNONSNSNSNOS_N_NSN_SN_NS___S________
18 13 WOWNOWOWOW_N_WOWNN_SS_SNSN__WNSN_____SN_NS_SNW________
18 14 SWONW_WOWO_W_OWOWNS__N___N______SNSN_SNSNSNS__NS______
18 15 _OWNO__WOW__NWOWSOW_ON_NSN_____NW__W_____SNS__N_______
18 16 SWO_WO__WO__NOW__NONNNSNO__NOS_N___N_SNSNS____________
18 17 O_WN_W___W_SNWO_SNW_SNSNWSS_W__NS__W_____SNSN_________
18 18 W__N________NOW_WS_NS____NS_O____NSN_SN____SN_________
18 19 ___N_______S_W____S__NS____NWS_______S_SNS____________
19 0 _____O___________N__N_N__O_____ON_____________________
19 1 _O__OWO___O_____O__N__W_NW___N_WW_____________________
19 2 _WO_WOW__OW_____N__NNOOO__NO_____ON_____ON____________
19 3 N_W_OWO_OW_______NO__WWWN__W_N__NWN____NW__N__________
19 4 O_O_WOWOW_______O_WN_O__N______OO__O_NONONON__O__NO___
19 5 WOW_OWOWO______OW____WON_____N_WN_NW_NWNWNW__NWN__WN__
19 6 OWO_WOWOW_____OW_N_O__WONON___________ON__OOON_O_N____
19 7 W_W_OW_WO____OWONW_W___W_W___________NW__NWNWN_N___N__
19 8 __O_W___WO_O_WOWWO_________O______N____NO_ONO___O_____
19 9 _OW_O_O__WOW_OW_NWN___N__N_W______W_____WNWNW__NWN____
19 10 OWO_WOW__OWO_W__WO____OO_ON_____N____NONONO___O_______
19 11 WOW_OWO_OWOW_____W_NN_WWNW______W_____W_W_WN_NW_______
19 12 OWO_WOWOWOWO______N_N_NON_NO_N____NO_N___NO__O________
19 13 W_W_OWOWOWOW_______NW_NWN__W__N____W_N___NWN_N________
19 14 N_O_WOWOWOW______OO_____________O_N__NONONON___NO_____
19 15 __W_OWOWOWO_____NWN_____N_______N_____W_WNWN____W_____
19 16 N_O_WOWOWOW_O_____OO_ON_O__O_N_______NONONO_O_________
19 17 _OW_OWOW_WONWO__O_WWNWN_WNNW____N_____W_WNWNW_________
19 18 OW__WOW___W_OW__NN_ON_____NO___O__NO_NO___ON__________
19 19 W____W_____NW_____NW__N____W_N_W___W_NWN_NW___________