0 0 ___O_____S__________________S__S________________________________
0 1 OSOW_____SO________SO__S_____O__O_____SO_S__O_OS_SO_S_S_________
0 2 WSWO_O__O_W____O_O__W_______SW_SW______W___SWSW___W___S_________
0 3 O__WOWO_WSO_O_OWOW_SO__S_____O__O__O_____S_SOSOSOSO_S_SOSOSO____
0 4 WS_OWOW___WOWOWOW___W_OS____SW_SW_SW__S_____WSWSW_W___SW_WSWS___
0 5 _SOWOWO___OWOWOWO__SO_W___O__O__O__O___O____OSOS____SOSO________
0 6 __WOWOW_O_WOWOWOWO_SW_OS__W_SW_SW_SW__SW_S_SWSW______W_WS_______
0 7 OSOWOWO_W_OWOWOWOW_SO_WS_____O__O______O_SOSOSOS_SO_S_SOSOSO____
0 8 WSWOWOW_O_WOWOWOWO_SW_OS____SW_SW_S___SW__W_WSW___W___SW_WSWS___
0 9 OSOWOWO_W_OWOWOWOW_SO_W______O__O_S___SO_SOSOS_SOSO_S_SO________
0 10 WSWOWOW_O_WOWOWOW__SW__S____SW_SW______W_SWSWS__WSW_S_SW________
0 11 OSOWOWO_W_OWOWOWO__S________S__SO_SO__SO_SOSO_OSOSO___S_SO______
0 12 WSWOWOW_O_WOWOWOW__S________S___W__W___W_SWSWSWSWSW_S_S_SW______
0 13 _SOWOWO_W_OWOWOWO___O__S_____O_S___O__S___OSOSO_________________
0 14 _SWOWOW_O_WOWOWOW__SW_______SW____SW__S__SWSWSW_________________
0 15 O_OWOWO_W_OWOWOW___SO__S____S___O__O___O__OS__OSOSO_S___________
0 16 WSWOWOW_O_WOW_WO___SW_OS_______SW_SW__SW_SW__SWSWSW_____________
0 17 OSOWOW__W_OWO__W______W___O_S__SO______O_S__OSOSOSO_S___________
0 18 W_W_W_____WOW_____________W_S___W_S___SW___SWSWSWSW_S___________
0 19 ___________W_______S___S____S_____S_____________________________
1 0 O_O_S____N________________S_N_SN________________________________
1 1 WNWOS___ON_________N_S_N____________S_NS_N_____NSNSONSN_________
1 2 _NOWS_O_W_O_________O_____S_NOSNS______S__SNSN_____W_SNS________
1 3 __WOSOW__NW__O_____NW_ON___O_W__S______S_NSNSNSNSNSONSNSNSNS____
1 4 ONOWSWO___O_OWO_O___O_WNO_SWNOSNS_N_S_NS_____N_NS__W_SN___NSNS__
1 5 WNWOSOW_O_WOWOWOW__NW___W__O_W___O_____S_____NSN__SONSN_________
1 6 __OWSWOSW_OWOWOWO__N___N__SWNOSNSWNOS_NS_NSNSNS_S__W_S__N_______
1 7 _NWOSOW_O_WOWOWOW__N__ON___O_W___O_WS__S_NSNSNSNSNSONSNSNSN_____
1 8 ON_W_WO_W_OWOWOWO__N_SWNO_SWN_SNSWN_S_N______N_____W_SNS__N_NS__
1 9 WN_OSOW_O_WOWOWOW__N_S__W__O____S_N_S_NS_NSNSNSNSNSONSN_________
1 10 _NOWSWO_W_OWOWOWO__N___NO_SWN_SNS________N_NSN___N_WNSNS________
1 11 _NWOSOW_O_WOWOWOW__N_S__W_S_N_SNS_N_S_NS_NSN___NSNSO_SNSN_______
1 12 _NOWSWO_W_OWOWOWO__NO___O_S_N_S__________N_NSNSNSNSWNSNSN_______
1 13 _NWOSOW_O_WOWOWOW___W__NW_SO__SN____S_N____NSNS_________________
1 14 ONOWSWO_W_OWOWOWO__N______SWN_S_S_N_S_NS_NSNSNS_S_______________
1 15 W_WOSOWSO_WOWOWOW__N__ON__S_N____O_________N___NSNS_NS__________
1 16 _NOWSWO_W__WOWOWO__NO_WN__S___SNSWN_S_NS_NS_SNSNSN______________
1 17 _NWOSOWS____WOWOW___WSO___S_N_SNS________N___NSNSN_ONS__________
1 18 ___WSWO______WOW____O_W_____N_____N_S_N___SNSNSNSNSWN___________
1 19 ______W_______W____NWS_N__S_N_S_S_N_____________________________
2 0 _S__N____S_____________S__N_S_NS__S_____________________________
2 1 ____N_O_____________ON_SOS__S_____S_N_SN_______SNSN_SN__________
2 2 ____NOW_OS_________SW_O_W_N_S_NSN_____SN_SNSN________NSNS_______
2 3 _SO_NWO_W_O_________O_W_O____O_SN_____SN_SNSNSNSNSN_SNSNSNSN____
2 4 __WONOW_OSWO_O_____SW_O_WSNOSWNSN_S_NOSN_S______NS___NS____N_NS_
2 5 OS_WNWO_W_OWOW______O_W_OS_W_O_S___O_WSN_S_S_SNS_SN_SNS_________
2 6 WS__NOWNO_WOWO______W_O_W_NOSWNSNOSWN_SN_SNSNSNSN____NS_________
2 7 OS__NWO_W_OWOW______O_W_OS_W_O_S_W_ON_SN_SNSNSNSNSN_SNSNSN______
2 8 W____OW_O_WOWO______WN_SWSNOSWNSN_SWN________S_______NSNS____N__
2 9 ____NWO_W_OWOW______ON__OS_W_O_SN_SON_SN_SNSNSNSNSN_SN__________
2 10 _S_ONOW_O_WOWO______W_OSW_N_SWNSN__W__S____SN________NSN________
2 11 ___WNWO_W_OWOW______ONW_O_N_S_NSN_SON_SN_SN_____NSN__NSNS_______
2 12 ___ONOW_O_WOWO______W_O_W_N_S_NS___W__S____SNSNSNSN_SNSN________
2 13 O__WNWO_W_OWOW______O_WSOSN_S_NS__S_N_______N_NS________________
2 14 W__ONOW_O_W_WO______W_O_WSN_S_NSN_S_N_SN_SNSNSNSNS______________
2 15 OS_WNWONW_O__W_____SO_W_O_N________O__S_________NSN_SNS_________
2 16 W__ONOW___WO________W_OSWSN_S_NSN_SWN_SN_SNSNSNSN_______________
2 17 O__WNWON___WO______SONWSO_N_SONSN__O__________NSN____NS_________
2 18 WS__NOW_O___WO______W_O_W__O_W_S__SWN_S__SNSNSNSNSN_____________
2 19 _____W__WS___W_____S_NWS__NWS_NSN_______________________________
3 0 _N__S____NO__________S_N__S_N_SNS_N_S___________________________
3 1 O__OS___O_W___________ON_NS_N_S_S_N_S_N_______SNSNS_N___________
3 2 W_OW__OSWNO_______ONOSW_O_S_NOSNS___S_NS_NSNS_________NSNS______
3 3 ONWOSOW_O_W______OW_W_O_W__O_W_NS___S_NS_NSNSNSNSNSONSNSNSN_____
3 4 W_OWSWO_WNO_O___OWONOSW_ONSWNOSNS_NOS_NS_NS______N_W_SNS______NS
3 5 ONWOSOWSO_WOWO_OWOW_W_O_WNS__W_NS__W__NS_NSNSNSNSNSONSN_________
3 6 WNOWSWO_W_OWOWOWOW___SW_O_S_NOSNS_NOS_NS_NSNSNSN___W_SN_________
3 7 _NWOSOW_O_WOWOWOW_______WN_O_W_N___WS_NS_NSNSNSNSNSONSNSN_______
3 8 __OWSWO_W_OWOWOW_____S_NONSWNOSNS_N_S__S__S_SNS____W_SNSN_______
3 9 __WOSOW_O_WOWOWO________WNS__WSNS_N_S_NS_NSNSNSNSNSONS__________
3 10 _NOWSWO_W_OWOWOW_____S_N__S_N_SN______NS__SNS______W__NS________
3 11 O_WOSOW_O_WOWOW______SO___SON_SNS_N_SONS_N_______NSO_SNSNS______
3 12 W_OWSWO_W_OWOWO_______W____WN_SNS____WN___SNSNSNSNSWNSN_________
3 13 O_WOSOW_O_WOWOWO_____SON_NSON_SNS_N_________S__NS_______________
3 14 W_OWSWO_W_OWOWOWO_____W_ON_WN_SNS_N_S_NS_NSNSNSNSN______________
3 15 ONWOSOW_O_WOWOWOWO_N__O_W_S__________ON__________NS_NSNS________
3 16 W_OWSWO_W_OWOWOW_WO_O_WN_NS_N_SNS_N_SWNS_NSNSNSN________________
3 17 O_WOSOW___WOWOWO__WNW_ON__SON_SNS______________NS_____NS________
3 18 WNOWSWO____WOWOW____O_W____W_OSNS_N___NS_NSNSNSNSN______________
3 19 __W_S_W__N__W_W____NWS_N__S_NWSNS_________S_____________________
4 0 O___N__________O_____NO___N_S_NSN_S_N___________________________
4 1 W___N_________OW___SO_W_OSN_S_NSN_S_N_S______SNSNSN_S___________
4 2 O____O_N_____OW____SWNO_WSNOS_NSNOS_N_SN_SNSN__________NSN______
4 3 W_O_NWO_____OW__O___O_W_O__WSO_SNWS_N_SN_SNSNSNSNSN_SNSNSN______
4 4 __WONOW____OW__OWO_SWNOSWSNOSWNSNOS_N_SN_SNS_________NSN_______N
4 5 __OWNWON__OW__OWOW__O_W_O_NW_O__NW_O__SN_SNSNSNSNSN_SN__________
4 6 OSWONOW_O_WO_OWOW__SWNO_WSNOSWNSNOSWN_SN_SNSNSN______NS_________
4 7 W_OWNWO_W_OWOWOW____O_W_O__W_O_S_W__N_SN_SNSNSNSNSN_SNSN________
4 8 _SWONOW_O_WOWOWO___SWNO_WSNOSWNSNOS_N_SN_SNSNSN______NSN________
4 9 __OWNWO_W_OWOWOW____O_WS__NWS_NSNWS_N_SN_SNSNSNSNSN_SN__________
4 10 OSWONOW_O_WOWOW____SWN_S__N_S_NS______SN_SNSN__________N________
4 11 W_OWNWO_W_OWOWO____S_N_S__N_SONSN_SON_SN__________N__NSNSNS_____
4 12 O_WONOW_O_WOWOW____________O_WNSN__W_____SNSNSNSNSN_SN__________
4 13 W_OWNWO_W_OWOWO____SON_S__NWSONSN_S________SNS__N_______________
4 14 _SWONOW_O_WOWOWO____W__S___OSWNSN_S_N_SN_SNSNSNSNS______________
4 15 __OWNWO_W_OWOW_WO___O_____NWS______O__S___________N__N_NS_______
4 16 OSWONOW_O_WOWO__WO_SW_OS__N_S_NSN_SWN_SN_SNSNSNS________________
4 17 W_OWNWO_W_OW_WO__W__O_W___N_S_N_N_S_____________N______NS_______
4 18 _SW_NOW___W___WO___SW_O_____S_NSN_S___SN_SNSNSNSNS______________
4 19 ____NW___S_____W_____NW___N_S_NSN_S______SN_____________________
5 0 __O_______O__________S____S_N_SNS_N_____________________________
5 1 __W_SO__O_WO_______N_S___NS_N_SNS_N_S_N_____SNSNSN__NS__________
5 2 __O__WO_W_OW____O_ON____ON__N__NS_N_S_NS_NSN____________N_______
5 3 __W__OWSO_WO___OWOW___O_W_S_N_SNS_N_S_NS_NSNSNSNSNSONSNSN_______
5 4 __O__WOSW_OW__OWOWON__WN_NS_N_SNS_N_S_NS_NSNS______W_SNS_______S
5 5 O_W__OWSO_WO_OWOWOW__SO___S___S_SO__S_NS_NSNSNSNSNS_NS__________
5 6 WNO__WO_W_OWOWOWOWONO_W__NS_N_SNSWN_S_NS_NSNSN________NS________
5 7 __W_SOW_O_WOWOWOWOW_W_O___S___SNSO__S_NS_NSNSNSNSNSONSN_________
5 8 _NO_SWOSW_OWOWOWOWONOSW__N__N_SNSWN_S_NS_NSNSN_____W_SNS________
5 9 O_W_SOWSO_WOWOWOWOW_WS_N__S_N_SNS_N_S_NS_NSNSNSNSNS_N___________
5 10 WNO_SWO_W_OWOWOWOW_N___N____N__NS___S_NS_NSN____________________
5 11 O_W_SOW_O_WOWOWOW__N_S_N__S_N_SNS_N_SONS___________O__NSNSN_____
5 12 W_O_SWO_W_OWOWOWO___OS____S__O_NS__O_W_S_NSNSNSNSNSWN___________
5 13 __W_SOW_O_WOWOWOWO_NW_ON__S_NWSNSONWS_____SNSN__________________
5 14 _NO__WO_W_OWOWOWOWO__SWN__S_N_SNSWN_S_NS_NSNSNSNSNS_____________
5 15 __W__OWSO_WOWOWOWOW_________N_S__O__S_N_________________NS______
5 16 _NO__WOSW_OWOWOWOW_NOS_N__S_N_SNSWN_S_NS_NSNSNSN________________
5 17 O_W_SOW_O_W_W_WOW___W_O___S_N_S_S_N_SO__________________N_______
5 18 WNO__WOSW______WO__NO_W___S_N_SNS_N_SWNS_NSNSNSNSN______________
5 19 __W_S_W__N______W___W_____S_N_SNS_N_S__S_N______________________
6 0 _S_O_____S_________S_N_S__N_S_NSN_S______S______________________
6 1 OSOWN_______O_______ON_SOSN_SONSN_S_N_S____SNSNSN____N__________
6 2 WSWO____OS_OW______SW_O_W__O_W_SN_S_N_SN_SN_____________________
6 3 O_OW___NW_OW________O_W_OSNWSONSN_S_N_SN_SNSNSNSNSN_SNSN________
6 4 WSWO___N__WO_______SW_O_WSNO_WNSN___N__N_SNSNS_______NSNS_____SN
6 5 OSOW___N__OWO___O___ONW_OSNWSONSN_S_N_SN_SNSNSNSNSN_SN__________
6 6 WSWO_O____WOWO_OW__SW_O_WSNO_WNSN___N_SN_SNSNS_________NS_______
6 7 _SOWNW_____WOWOWO_OSO_W_OSNWSONSN_S_N_SN_SNSNSNSNSN_SNS_________
6 8 _SWON__N____WOWOWOWSWN__W____WNSN_S_N_SN_SNSN________NSNS_______
6 9 _SOWN__N____OWOWOW___N_SO_N_SONSN_S_N_SN_SNSNSNSNSN_____________
6 10 _SWON______OWOWOWO____O_WS_O_W_SN_S_N_SN_SNS____________________
6 11 OS_WN_____OWOWOWOW_SONWS__NWSONSN_S_N_SN_______________NSNS_____
6 12 WS_ON_____WOWOWOWO__WN_S_SN__W__N_S__OSN_SNSNSNSNSN_S___________
6 13 OSOWN_____OWOWOW_WOSO___OSN_S_NSN_S_NWS__SNSN___________________
6 14 WSWO______WOWOW___W_WNO_WSN_S_NSNOS_N_SN_SNSNSNSNSN_____________
6 15 OSOW___N__OWOW_____SO_W______ONS_WS_N_S__S_______________N______
6 16 WSWO_O_N__WOW_______WN_S__N_SWNSN_S_N_SN_SNSNSN_________________
6 17 OSOWNW___S_W_______SO__SO_N_S_NSN___N_S__S______________________
6 18 WSW__O_NO___________W___W_N_S_NSN_S_N_SN_SNSNSNSN_______________
6 19 _S__NW__WS_____________S__N_S_NSN_S_N_SN_S______________________
7 0 _NO___O__NO___O___ONOS_N__S_N_SNS_N____S_N______________________
7 1 _NWOSOWSO_W__OWO_OW_W_ON_NSON_SNSON_S_N___SNSNSN________________
7 2 _NOWSWO_WNO_OWOWOW_NO_W____W_OSNSWN_S_NS_N______________________
7 3 __WOSOW_O_WOWOWOW___WSO__NSONW_NSON_S_NS_NSNSNSNSNSONSN_________
7 4 ONOWSWO_W_OWOWOW__ONO_W_ON_W_O_N_W_OS__S_NSNSNS____W__N_N____SN_
7 5 WNWOSOW_O_WOWOW__OW_W_O_WNSONWSNSONWS_NS_NSNSNSNSNS_NS__________
7 6 ON_WSWO_W_OWOWO_OW_NO_W_ON_W___N_W__S_NS_NSNSNS_________NS___S__
7 7 WN_OSOW_O_WOWOWOW__NWSO_WNSON_SNSON_S_NS_NSNSNSNSNSONSNS________
7 8 ONOWSWO_W_OWOWOWO_ONO_W_O__W_O_NSWN_S_NS_NSN_______W_SNSNS______
7 9 WNWOSOW_O_WOWOWOWOW_WSONW_SONWSNS_N_S_NS_NSNSNSNSN______________
7 10 _NOWSWO_W_OWOWOWOW____W_ONSW_OSNS_N_S_NS_NSN____________________
7 11 _NWOSOW_O_WOWOWOW__N_SONW_S_NWSNSON_S_NS________________N_N_____
7 12 _NOWSWO_W_OWOWOWO___O_WNON_______WN_S_NS_NSNSNSNSN__NS__________
7 13 _NW__OW_O_WOWOWOWO_NWSO_WNS_N__NS_N_S_NS_NSN____________________
7 14 _NO_SWO_W_OWOWOWOWO_O_W_ONS_N_SNS_N_S_NS_NSNSNSNSNS_____________
7 15 _NWOSOW_O_WOW_WOWOWNW_O_W_S____NSON__ONS_NS_____________________
7 16 _NOWSWO_W_OWO__W_WO_O_WN__S_N_SNSWN_SWNS_NSNSNS_________________
7 17 _NWOSOWSONW_WO____WNWSON__SON_SNSO__S_NS_N______________________
7 18 ONOWSW__W_O__WO_______W___SWN_SNSWN_S_NS_NSNSNSN________________
7 19 WNW____S_NW___W______S_N__S_N_SNS_N_S_NS_N______________________
8 0 ___O_O___S___________NOS__N_S_N_N_S___SN________________________
8 1 __OWNW_N_S__O_O____SO_WS__N_S_NSN_S_N_S__SNSNSN_________________
8 2 O_WONO___S_OWOW____SW__S___OS_NSNOS_N_SN_S______________________
8 3 WSOWNWO___OWOWO___OS_N_S__NWSO_SNWSON_SN_SNSNSNSNSN_SNS_________
8 4 O_WON_W_O_WOWOW__OWS___S___O_W_S___WN_SN_SNSNSNS____________SN__
8 5 W_OWN_O_W_OWOW__OWOSO_____NWSONSN_SON_SN_SNSNSNSNSN__NS_________
8 6 __WONOW_O_WOW__OWOW_W__S___O_W_S___WN_SN_SNSNSN__________N__SN__
8 7 __OWNWO_W_OWO_OWOW_S_N_S__NWSONSN_SON_SN_SNSNSNSNSN_SNSN________
8 8 __WONOW_O_WOWOWOW_____O_____SW_SN_SWN_SN_SNS_S_______N_NSNS_____
8 9 __OWNWO_W_OWOWOW___S_NWS__N_SONSN_S_N_SN_SNSNSNSNS______________
8 10 __WONOW_O_WOWOWO___S__OS__N_SWNSN_S_N_SN_SN_____________________
8 11 _SOWNWO_W_OWOWOWO__S_NWS__N_S_NSN_S_N_SN_S_S_S__________________
8 12 O_WONOW_O_WOWOW_W__S__OS____S____OS_N_SN_SNSNSNSN____NS_________
8 13 WSOW_WO_W_OWOWO_____ONWS__N_SO_SNWS_N_SN_SN_____________________
8 14 O_WONOW_O_WOWOWO___SW__S__NOSWNSN_S_NOSN_SNSNSNSNSN_____________
8 15 WSOWNWO_W_OWOW_WO______S__NWS__SN__O_W_N_SN_____________________
8 16 O_WONOW_O_WOW___WO_S___S__N_S_NSN_SWN_SN_SNSNSN_________________
8 17 W_OWNWONW_OWO____WOS_N_S__N_S_NSN_S_N_SN________________________
8 18 O_W_NOW_OSW_W_____WS___S__N_S_NSN_S_N_SN_SNSNSN_________________
8 19 W____W_NW__________S_N_S__N_S_N_N_S_N_SN_S______________________
9 0 __O_S____N__________OS_N__S_N_S_S_N_S_N_________________________
9 1 O_WO_O___N_________NW__N__S_N_SNS_N_S_NS_NSNSN__________________
9 2 W__WSW_S_NO_______ONO__N__S_N_SNS_N_S_NS_NS_S___________________
9 3 _N_OSO__O_WO_____OWNW__N__S_N_SNS_N_S_NS_NSNSNSNSNS_NSN_________
9 4 __OW_WO_W_OWO___OWONO__N_____O_NS_____NS_N_NSNSNS__________SN___
9 5 O_WOSOW_O_WOW__OWOWNW_____S_NWSNS_N_SONS_NSNSNSNSNS___N_________
9 6 W_OWSWO_W_OWO_OWOW___S_N_____O_N_____WNS_NSNSNS____________SN___
9 7 __WOSOW_O_WOWOWOW__N_S_N____NWSNS_N_S_NS_NSNSNSNSNS_NSN_________
9 8 __OWSWO_W_OWOWOW____OS____S_N_SNS_N_S_NS_NSNSN__________N_N_____
9 9 O_WOSOW_O_WOWOW____NW__N__S_N_SNS_N_S_NS_NSNSNSNSN______________
9 10 W_OWSWO_W_OWOW_____N_S_N__S_N_SNS_N_S_NS_N______________________
9 11 _NWOSOW_O_WOWO_____N___N__S_N_SNS_N_S_NS_NSNSN__________________
9 12 __OWSWO_W_OWOWO____NOS_N__S_N___S_N_S_NS_NSNSNSNS_____N_________
9 13 ONWOSOW_O_WOW_WO____W__N__S_N_SNS_N_S_NS_NS_____________________
9 14 W_OWSWO_W_OWO__WO__NO__N__S_N__NS_NOS_NS_NSNSNSNSNS_____________
9 15 ONWOSOW_O_WOWO__WO__WS_N____N_SN___WS____NS_____________________
9 16 W_OWSWO_W_OW_WO__W_N_S_N__S_N_SNS_N_S_NS_NSNSN__________________
9 17 O_WOSOW___W___WO___N___N__S_N_SNS_N_S_NS________________________
9 18 W_OWSW_S_NO____WO__NOS_N__S_N_SNS_N_S_NS_NSNSN__________________
9 19 __W_S_____W_____W__NW__N__S_N_S_S_N_S_NS_NS_____________________
10 0 _S_ON____S___________NOS__N_S_NSN_S_N_S_________________________
10 1 __OW______O________SO_WS__N_S_NSN_S_N_SN_SNSN___________________
10 2 _SWONO_NO_W__O_____SW_OS__N_S_NSN_S_N_SN_SNSN___________________
10 3 OSOWNWO_W_O_OW__O_OSO_W___N_S_NSN_S_N_SN_SNSNSNSNSN_SNS_________
10 4 WSWO_OW_O_WOW__OWOWSW__________SN____OSN_S_SNSNSN_________SN____
10 5 _S_WNWO_W_OW__OWOWOSO__S__N_S_NSN_S_NWSN_SNSNSNSNSN_____________
10 6 _S_ONOW_O_WO_OWOWOW_WN______S__S_______N__NSNSNS__________SNS___
10 7 OSOWNWO_W_OWOWOWOW___N________NSN_S_N_SN_SNSNSNSNSN_SNS_________
10 8 WSWONOW_O_WOWOWOW____N_S__N_S_NSN_S_N__N_SNSNS____________S_____
10 9 _SOWNWO_W_OWOWOW___S______N_S_NSN_S_N_SN_SNSNSNSN_______________
10 10 _SWONOW_O_WOWOWO___S_N_S__N_S_NSN_S_N_SN________________________
10 11 OSOWNWO_W_OWOWOWO___O_____N_S_NSN_S_N__N_SNSNS__________________
10 12 W_WONOW_O_WOWOW_W__SWN_S__N____SN_S_N_SN_SNSNSNSN_______________
10 13 _SOWNWO_W_OWOWO___________N_S_NSN_S_N_SN_SNS____________________
10 14 _SWONOW_O_WOWOWO_______S__N_S___NOS_N_SNOSNSNSNSNSN_____________
10 15 OSOWNWO_W_OWOWOWO____N______S_NS_W__N___W_N_____________________
10 16 WSWONOW_O_W_W_WOWO_S_NOS__N_S_NSN_S_N_SN_SNSNS__________________
10 17 O_OWNW__W_O____W_WO___WS__N___NSN_S_N_SN________________________
10 18 WSW_NO_NO_W_______WS_NO___N_S_NSN_S_N_SN_SNSN___________________
10 19 _S__NW__WS____________WS__N_S_NSN_S_N_SN_SNS____________________
11 0 ONO_S____NO_O_______OS_N__S_N_SNS_N___N_________________________
11 1 W_WO_O_SO_WOW______NWS_N____N__NS_N_S_NS_NSNS___________________
11 2 _NOWSWO_W_OW______ONO__N__S_N_SNS_N_S_NS_NSNS___________________
11 3 _NWOSOW_O_W______OWNWSO___S_N__N__N_S_NSONSNSNSNSNS_NSN_________
11 4 ONOWSWO_W_____O_OWONO_W_O_S___SN___OS_N_WNSN_NSNS________SN_____
11 5 WNW__OW_O__O_OWOWOWNWSONW_S_N_SNS_NWS_NSONSNSNSNSN______________
11 6 _NO_SWO_W_OWOWOWOW____W___S_N_SN________W_SNSNSN_________SNSN___
11 7 _NWOS_W_O_WOWOWOWO____O___S____NS_N_S_NSONSNSNSNSNS_NSNS________
11 8 _NOWS_O_W_OWOWOWOW___SWNO_S_N_SNS_N_S___WNSNSNS__________SN_____
11 9 _NWOSOW_O_WOWOWOW__N__O_W_S_N_SNS_N_S_NS_NSNSNSNS_______________
11 10 ON_WSWO_W_OWOWOW___NOSWNO_S_N_SNS_N_S_NS________________________
11 11 WN__SOW_O_WOWOWO____W_O_W_S_N_SNS_N_S__S_NSNSN__________________
11 12 O_O_SWO_W_OWOW_WO__N_SWNO_____SNS_N_S_NS_NSNSNSN________________
11 13 WNWOSOW_O_WOW___WO____O_W___N_SNS_N_S_NS_NSNS___________________
11 14 ONOWSWO_W_OWO____W___SWNO_S_N_S___NOS_NS_NSNSNSNSNS_____________
11 15 WNWOSOW_O_W_W_________O_W_S_N_SNS__W______S____________S_S_S____
11 16 ONOWSWOSW__________NOSWN__S_N_SNS_N_S_NS_NSNSNS_________________
11 17 W_WO__W_O___________WSON_______NS_N_S_NS________________________
11 18 ONOWS___W_O________NOSW_O_S_N_SNS_N_S_NS_NSNS___________________
11 19 WNW_S____NW_________WS_NW_S_N_SNS_N___NS_NSNS___________________
12 0 _S_ONO__O____________N_S__N_S_NSN_S_____________________________
12 1 O_OW_WONWS__O_____O__N_S________N_S_N_SN_SNSN___________________
12 2 WSWONOW__S_OW____OWS___S__N_S_NSN_S_N_SN_SN_NS__________________
12 3 __OWNWO___OWO___OWOS_N_S__N_S__S__S_N_SN_SNSNSNSNSN_SNS_________
12 4 _SWONOW_O_WOW__OWOWS__O___N_S_N__OS_N___O_NS__NSNS______SN______
12 5 O_OW_WO_W_OWO_OWOW_S_NWS__N_S_NSNWSON_SNWSNSNSNSN_______________
12 6 WSWONOW_O_WOWOWOW_________N_S_NS_O_W_O__O_N_N_NS________SNSN____
12 7 _SOWNWO_W_OWOWOW___S______N_____NWS_NWSNWSNSNSNSNSN_SNSNS_______
12 8 _SWONOW_O_WOWOWO_____NOS__N_S_NSN_S_N_____N_N_NS________SN______
12 9 _SOWNWO_W_OWOWOW______W___N___NSN_S_N_SN_SNSNSNSNS______________
12 10 __WONOW_O_WOWOWO___S_N_S__N_S_NSN_S_N__N________________________
12 11 OSOWNWO_W_OWOWOWO______S__N_S_NSN___N_SN_SNSNS__________________
12 12 W_WONOW_O_WOWOWOWO_S_NO_____S_NSN_S_N_SN_SNSNSNS________________
12 13 OSOWNWO_W_OWOWOW_WO___WS____S_NSN_S_N_SN_SN_NS__________________
12 14 WSWONOW_O_WOWOW___WS_NO___N_S_NS__S_NOSNOSNSNSNSNSN_S___________
12 15 OSOWNWO_WS_WOWO_______WS__N_S_NSN_S__W__W_N___________SNSNSN____
12 16 WSWONOWN____WOWO___S_N____N_S_NSN_S_N_SN_SNSNSNS________________
12 17 OSOW_W___S___WOW_____N_S____S__SN_S_N_SN_S______________________
12 18 WSW_N_________WO___S_N_S__N_S_NSN_S_N_SN_SN_NS__________________
12 19 ____N____S_____W_____N_S__N_S_NSN_S____N_SNSNS__________________
13 0 ONO_S_______O________S_N__S_N_SNS_N_S___________________________
13 1 W_WOSO___N_OW__________N________S_N_S_NS_NSNS_S_________________
13 2 _NOWSW___NOWO______NO__N__S_N_SNS_N_S_NS_NS__NS_________________
13 3 __WOSO_SO_WOW______NW_ON___ON_SNS_N_S_NS_NSNSNSNSNS_NSN_________
13 4 _NOWSWO_W_OW__O___ON_SW___SWN___S_N________N___NSNS____SNS______
13 5 __WO_OW_O_WO_OWO_OWN_S_N__S_N_SNS_N_SONS_NSNSNSNS_______________
13 6 _NOWSWO_W__WOWOWOW__OS____S_N_SNS__O_W_S__S____N_______SNSN_____
13 7 _NWOSOW_O__OWOWOWO_NW_O____O____S_NWSONSONSNSNSNSNS_NSNSNS______
13 8 _NOWSWO_W_OWOWOWOW___SWNO_SWN_SNS_N__W__W______NS______SN_______
13 9 _NWO_OW_O_WOWOWOW____SO_W_____SNS_N_S_NS_NSNSNSNSNS_____________
13 10 __OWSWO_W_OWOWOWO__NO_WN__S_N_SNS_N_S___________________________
13 11 _NWOSOW_O_WOWOW_WO__WSON____N__N_O__SONS_NSNSN__________________
13 12 __OWSWO_W_OWOWO__WON__W___S_N_SNSWN_SWNS_NSNSN_N________________
13 13 _NWOSOW_O_WOWOWO__W__SON__S_N_SNS_N_S_N__NS__NS_________________
13 14 _NOWSWO_W_OWOWOWO__N__W___S_N__NS_N_S_NS_NSNSNSNSNS_NS__________
13 15 _NWOSOW_ONW_W_WOW____S_N__S_N_SNS_N_S_____S__________SNSNSNS____
13 16 _NOWSWOSW_O____W___NO___O_S_N_SNS_N_S_NS_NSNSNSN________________
13 17 _NWOSOW_ONW_________W_ONW_S_N_SN__N_S_NS_NS_____________________
13 18 ON_WSWO_W_O________NOSWN__S_N_SNS_N_S_NS_NS__NS_________________
13 19 W___S_WS_NW_________WS_N__S_N_SNS_N_S____N_NSNS_________________
14 0 _S_ONO___S___________N_S__NOS_N_NOS_N_S_________________________
14 1 _SOWNWO_____O_____OS___S___W___SNWS_N_SN_SNSNSN_________________
14 2 _SWONOW_OS_OW__O_OW____S__NOS_NSNOS_N_SN__NS__NS________________
14 3 _SOWNWONW_OW__OWOW_SO______W__NSNWS_N_SN_SNSNSNSNSN_SNS_________
14 4 _SWONOW_O_WO_OWOW__SWN_S_SN____SN____O__O_______N_N___SNSN______
14 5 _SOW_WO_W_OWOWOWO____N__OSN_S_NSN_S_NWSNWSNSNSNSNS______________
14 6 _SWONOW_O_WOWOWOW____N_SW_N___NSN____O_NO_N___________SNSN______
14 7 _SOWNWO_W_OWOWOW____O__________SN_S_NWSNWSNSNSNSNSN_SNSNSNS_____
14 8 _SWONOW_O_WOWOWO___SWN_S__N_S_NSN_S__OS_________NS____SN________
14 9 O__W_WO_W_OWOWOWO___ON_S____S_NSN_S_NWSN_SNSNSNSNSN_____________
14 10 WS_ONOW_O_WOWOWOW__SW__S_SN_S_N_NOS_N_S_________________________
14 11 _SOWNWO_W_OWOWOWO____N_______O___W__N_SN_SN_NS__________________
14 12 __WONOW_O_WOWOWOW__S__OS__N_SWNSN_S_N_SN_SN_NS__________________
14 13 OSOWNWO_W_OWOWOWO__SONWSO_N_S_NSN_S_N_S___NS__NS________________
14 14 WSWONOW_O_WOWOWOWO__W_O_W_N____SN_S_N__NOSNSNSNSNSNOSN__________
14 15 _SOWNWO_W_OWOWOWOWOS_NWS__N_S_NSN_S_N_S_W_N________W_NSNSNSN____
14 16 _SWONOWNO_WOWOWOWOW____S__N_S_NSN_S_N_SN_SNSNSNS________________
14 17 OSOWNWO_WS_WOWOWOWOSO__S__N_S_N_____N_SN_SN_____________________
14 18 WSWONOW_OS__W_W_W_W_WN_S__N_S_NSN_S_N_SN_SNS__NS________________
14 19 ___WNW_NW__________S_N_S__N_S_NSN_S_N_______NSNS________________
15 0 _NO______NO_________O__N__S_NOS___N_S_N___________S_____________
15 1 _NWOS___O_W____O___NWS_N_____WSNSON_S_NS_NSNSNS_________________
15 2 ON_WS_O_WNO_O_OW_____S_NO___N__NSWN_S_NS___N___N________________
15 3 WN_OSOW_O_WOWOW____N__O_W_SO__SNS_N_S_NS_NSNSNSNSNS_NSNS________
15 4 _NOWSWO_W_OWOWO___ON_SWNONSW_OSN___O______S_______S__SNSN_______
15 5 _NWOSOW_O_WOWOWO_OW___O_WNSONWSNS_NWS_NS_NSNSNSNSNS_____________
15 6 ONOWSWO_W_OWOWOWOW___SWN__SW__SNS_________S_______S__SNSN_______
15 7 WNWOSOW_O_WOWOWOW_____________SNSON_S_NS_NSNSNSNSNS_NSNSNSN_____
15 8 _NOWSWO_W_OWOWOW___NO__N__S_N_SNSWN_S_N__________N___SN_________
15 9 __WOSOW_O_WOWOW_____W_ON__S_N_SNS_N_S_NS_NSNSNSNSNS_____________
15 10 ONOWSWO_W_OWOWO____N_SWNONS_N_S___NOS_NS________________________
15 11 WNWOSOW_O_WOWOWO______O_W_S______O_W__NS_N___NS_________________
15 12 O_OWSWO_W_OWOWOWO__N_SWN__S_N_SNSWN_S_NS_NS__NS______S_S________
15 13 WNWOSOW_O_WOWOWOWO_N_S_N__S_N_SNS_N___NS___NS__NS_______________
15 14 _NOWSWO_W_OWOWOWOW__O_________SNS_N_S____NSNSNSNSNS_NS__________
15 15 _NWOSOW_O_WOWOW_WO_NWSON__S_N_SNS_N_S_N___________S__SNSNSN_____
15 16 _NOWSWO_W_OWOWO__W__OSWN__S_N_SNS_N_S_N__NSNSNSNS_______________
15 17 _NWOSOW__NW_WOWO___NWS_N__S_N_S_______NS_NS_S___________________
15 18 ONOW_W___N___W_WO______N__S_N_SNS_N_S_NS_NSNS__N________________
15 19 W_W_S___________W__N_S_N__S_N_SNS_N_S________NSNS_S_____________
16 0 _S_______S____________O__SN_S_NS____N_S__________SN_____________
16 1 __O_N_O_______O____S_NW__S__SONSN_S_N__N_SNSNSNS________________
16 2 OSWONOW______OW____S_NO__S_O_W_SN___N_SN________________________
16 3 W_OWNWO__SO_OW____OS__W__SNWSONSN_S_N_SN_SNSNSNSNSN_SNSNS_______
16 4 OSWONOW_O_WOW____OW__NO___N__WNS_O______O_N______SN_SNSN________
16 5 W_OWNWO_W_OW__O_OW_S__W__SN_SONSNWS_N_SNWSNSNSNSNSN_S___________
16 6 OSWONOW_O_WO_OWOW____NOS__N__WNSNOS_____O_N______SN_SNSN________
16 7 W_OWNWO_W_OWOWOW______WS____SONSNWSON_SNWSNSNSNSNSN_SNSNSNS_____
16 8 __WONOW_O_WOWOWO___S______N__WNSN__WN_S_____________SN__________
16 9 _SOWNW__W_OWOWOW___S______N_S_NSN_S_N_SN_SNSNSNSNSN_S___________
16 10 _SWONO__O_WOWOWO_____NOS__N___NS____NOSN_S______________________
16 11 __OWNWO_W_OWOW_WO__S__W___N_S________W_N______NS________________
16 12 __WONOW_O_WOWO__WO___N_S__N_S_NSN_S_N_SN_SN___NS____SNSN________
16 13 __OWNWO_W_OW_WO__WO__N____N_S_NSN______N_S__NS__NS______________
16 14 OSWONOW_O_WO__WO__WS___S____S_NSN___N_S___NSNSNSNSNOSNS_________
16 15 W_OWNWO_W_OW___WO__S_N____N_S_N_N_S_N____________SNW_NSNSN______
16 16 __WONOW_O_WO____WO___N_S__N_S_N_NOS_NOS___NSNSNSN_______________
16 17 _SOWNWO_WS_WO____W_S_N_S__N_S_NS_W___W_N_SNSN___________________
16 18 O_WO_OW_O___WO_____S__O___N_S_NSN_S_N_SN__NSN_________S_________
16 19 W__WNW__WS___W_______NWS__N_S_NSN___N_S_______NSNSN_____________
17 0 ON_OS____NO_____________ON__N__NS_____NS________SNS_____________
17 1 W__W_O_SO_W________N_SO_WNSON_SNS_N______NSNSNSN________________
17 2 ON_OSWO_W_O_O_O____NO_W_ON_W_O_N______NS_____________S__________
17 3 W_OW_OW_ONWOWOWO_O_NWSO_WNSONWSNS_N_S_NS_NSNSNSNSNS_NSNSN_______
17 4 _NWO_WO_W_OWOWOWOWO___W_O__W_OSNS__O______S___S_SNS_NSN_________
17 5 __OWSOW_O_WOWOWOWOWN_SO_WNSONWSNS_NWS_NS_NSNSNSNSNS_N___________
17 6 _NWOSWO_W_OWOWOWOW____WN___W_O_N__N_S_________S_SNS_NSN____S____
17 7 ___WSOW_O_WOWOWOW____S_N__SONWSNSON_S_NS_NSNSNSNSNS_NSNSNSN_____
17 8 ___OSWO_W_OWOWOW___N_______W_O_N_W__S_NS________S_S_N___________
17 9 _NOWSOW_O_WOWOW____N_SO___SONWSNS_N_S_NS_NSNSNSNSNS_NS__________
17 10 _NWO_WO_W_OWOWO_____O_WNO__W__SNS_____NS_NS_____________________
17 11 __OWSOW_O_WOWOWO___NWS__W_SON_S___________S____N________________
17 12 __WO_WO_W_OWOWOWO____S_NO_SWN_SNS_N_S_NS_N_____NS_S_NSN_________
17 13 ___WSOW_O_WOWOWOW_______W___N__N_________NS__NS__NS__S__________
17 14 _N__SWO_W_OWOW_W___NOS_N__S_N_SNS_____NS___NSNSNSNS_NSNS________
17 15 ____SOW_O_WOWO_____NW_______N_S___N_____________SNS__SNSNS______
17 16 ____SWOSW_OWOWO________N__S_N_S___NOS_NS___N_NSNS_______________
17 17 _N__SOW_ONWOWOW____N_S_N__S_N__NS__W_____NSNS_____S_____________
17 18 _____W_SW_OW_WO____NOS__O_S_N_SN__NOS_NS___NS________SN_________
17 19 ____S____NW___W_____W__NW_S_N__NS__W__N________NSNS_____________
18 0 ___ON_O_______________O____O____N_S____NOS_____SNSN_____________
18 1 __OW__WNOS___________NWSOSNWS_NSN_______W_N_NSNS________________
18 2 O_WON_O_W__________S__O_W__O___________N_S_________OSNS_________
18 3 WSOW_OW_OS__________ONWSOSNW_ONSN_S_N_SN__N_NSNSNSNWSNSNS_______
18 4 OSWO_WO_WS_________SW_O_W__O_WN_N____O__O_N__SNSNSN_SN__________
18 5 W_OWNOW_O___O_______ONWSOSNWSONSN_S_NWSNWSNSNSNSNSN_____________
18 6 OSWONWO_WS_OW______SW_O_W__O_W___O__N_S______SNSNSNOSN____SN____
18 7 W_OWNOW_OS_W________ONWSOSNWSONSNWS_N_SN__NSNSNSNSNWSNSNSNS_____
18 8 __WONWO_WS___O______W_O_WS_O_W___O__N__N_S___S_SNSNO____________
18 9 _SOWNOW__SO_OW______ONWSOSNWS_NSNWS_N_SN__NSNSNSNSNWSN__________
18 10 OSWO_W____WOWO_____SW_O_WS____N_N______NOSNS____________________
18 11 WSOWN___O__WOW______ONWSOSN_S_NS________W_N_____________________
18 12 OSWO__O_W__OWO_____SWNOSWSN_S_NSNOS_N_SN_____S__NSNO_N__________
18 13 W_OWNOW_OS_WOW_____SO_WS_________W________NS__NS__NWSN__________
18 14 _SWONWO_W__OWO______WNOS__NOS_NSN______N_S__NSNSNSNOSNSNS_______
18 15 __OWN_W__SOWOW_____SO_W____W__N________________SNSNW_NSNSN______
18 16 OSWON__N__W_WO______W__S__N___N__O__NOSNOS____NSNS______________
18 17 W_OWN____S___W_____SON____N_S___NWS__W__W_N_N____SN_S___________
18 18 _SW___ON_S_O________WNOS__N_S_NS____NOSNOS__NS_____OSN__________
18 19 ____N_W____W_______S__W___N_S___N____W__W______SNSNWS___________
19 0 __________O_____________O_O__O__O_N______NO___ONON______________
19 1 ___O____ONW____________NWNWONW_NW_________W__NWNW_______________
19 2 ___WO_O_W___O______N____O_OW_______O___O_NO_____O_O_N_NO________
19 3 _N_OWOW_ON_OW__________NWNWO___N__NW__NW__W__N_NWNW_N_NWN_______
19 4 ONOWOWO_WNOW_______N____O_OW_______O___O__O_ONONONO_N___________
19 5 W_WOWOW_O_WO___________NWNW_N__N__NW__NW_NWNWNWNWNW_____________
19 6 ONOWOWO_WNOW__O____NO_____O________O__N_____ONONONO_N__O_ON_____
19 7 W_W_WOW_ONWO_OW_____W__N_NW_N__N__NW__N____NWNWNWNW_N_NWNWN_____
19 8 __O_OW__WNOWOWO__________N___O__O__O___O_N__ONONONO__O__________
19 9 _NWOWO___NWOWOW________N_N__NW_NW_NW__NW___NWNWNWNW_NW__________
19 10 ON_WOWO___OWOWO____N_____NO__O__O________NONO___________________
19 11 WN_OWOW_O_WOWOW________N_NW_NW_NW_________W_W___________________
19 12 _NOW_WO_W_OWOWO____N___N_N__NO_NO_N___NO____ON__ONO__O__________
19 13 __WO_OW_ONWOWOW____N___N_____W__W______W___NW__NW_W_NW__________
19 14 ONOWOWO_W_OWOW______O__NO___NO_N_________NO__NONONO_N_N_NO______
19 15 W_WOWOW_ONWOWO_____NW___W____W____________W___WNWNW___N_NW______
19 16 _NOWOWO_W_OWOWO_____O__N_____O_____O__NO_NO____NONO_____________
19 17 __WOWOW_ONW_WOW____NW_______NW____NW___W__W_____WNW_N___________
19 18 ON_WOWO_WNO__WO_____O__NO___N__N______NO_NO__NO___O_N___________
19 19 W___W_W___W___W____NW___W___N__________W__W___WN_NW_N___________