0 0 O_O_O___________S_____O__S_________S_S__S___S_____S_______________
0 1 WOWOWO_____O____WO____S___OS___SOSO____O___O___OS_________________
0 2 OWOWOW__O_OW_____WO______OWS_S__W_W___SW__SWS_SW__________________
0 3 WOWOWO_OWOWO___OSOWO__SO_SOOO__SO___SOOOSOS__OSOS___SO____________
0 4 OWOWOWOWOWOW__OW_WOWO__W_OWWW__SWS_S_WWW_W__SWSW__S__WS___________
0 5 W_WOWOWOWOWO_OWOSOWOW__O_WO__SO_OSO__SSOOO___OS__O___O__S_________
0 6 ___WOWOWOWOWOWOWSWOW__OW_OW___WSWSWS___WSW__SWS_SW__SW__S_________
0 7 _O_OWOWOWOWOWOWOWOWO_OSO_WOOOOOSOSO_S______O_O____SOSO__S_________
0 8 _WOWOWOWOWOWOWOWSWOWSW_WOSWWWWW_WSW_S_S_S_SWSW_____WSW__S_________
0 9 _OWOWOWOWOWOWOWOSOWO____WO_OOSOS_SOS___OSO_OS_S__O______SOSO______
0 10 _WOWOWOWOWOWOWOWSWOW__O__W_WW_W__SW_S_SW_WSW____SWS______WSWS_____
0 11 _OWOWOWOWOWOWOW_WOWO__WO__S_OSOSO__S__S_O______OS__OSOS_SOS_______
0 12 OWOWOWOWOWOWOWO_SWOW__SW_OS_WOW_W__S__W_S_S___SW__SWSWS__WS_______
0 13 WOW_WOWOWOWOWOWOWOWO_OWO_W_S_SS___O__S_OOOSOS__OS__O_O_O__________
0 14 OWO_OWOWOWOWOWOWSWOWSW_W_S_S_____SWS___WSWSW__SW__SWSWSW__________
0 15 WOWOWOWOWOWOWOWOWOWOSO________S_O_______O_SOSOSOS__OS_OOSO________
0 16 OWOWOWOWOWOWOWOWOWOW_WS___S__S__WS______S_SWSWSW__SW__WW_W________
0 17 WOWOWOWOWOWOWOWOW_WO__WO_S_S__OS__O__SOS___O_OS_O__OSO___OSO______
0 18 _WOWOWOW_WOWOWOWO__W___W_W___SW__SWS__W___SWSW__S_SWSW__SWSW______
0 19 _OWOWOWO__WOWOW_WO____SO___SSO_S_________OSOSOS__OSOS_____________
0 20 OWOWOW_WO__WOWO_OWO____W__S__W_S________SWSWSW__SWSWS_____________
0 21 WOWOW___WO__WOW_S_WO_____SO_SO___SO____S_O___OS__OSOSOO__OSOSO_OS_
0 22 OWOW_____W___WO_S__WO_____WS_W_S__WS_____S__SW__SWSWSWS_SWSWSWSW__
0 23 WOW___________WOWO__WO_O_S_____SOSO__S_____SSOSOS_S__O____________
0 24 _W_____________W_W___WSW_W______W_W_____S_S__WSW__S_SW____________
1 0 _O_____O________O___S_N_ONS_S_S___SNSNS_NS_SN____SN_______________
1 1 _WO_O_OW________NO__SOW_S_ONW_SNSN___O_S___O_S_SNS________________
1 2 __WOWOW______O_O_WO__W_OONWNONS_W_S__SN__SNSNSN___________________
1 3 O_OWOW______OWOWN_W__ONWSWSOS_SN____NOOSNSN__SN_N__SNS____________
1 4 WOWOWO_____OWOWO__O_OWO____W__WNSNSN_SWW_S_SNSN__SNS__N___________
1 5 OWOWOW____OWOWOWN_W_WOW_O_S_SN___N__SNNSN_____NO______OSNS________
1 6 WOWOW____OWOWOWOO_O__WN_W___S_SNSNSN__S_WS_SNSNSNS_SNSWSNS________
1 7 OW_WO___OWOWOWOWN_W___W_S_SO_O_NWN_ONS___O_O_____SNSNSO_N_________
1 8 W___WO_OWOWOWOWON_O_N_O__NSWOWO_SNSWNSNSNSNSNS______NSWSNS________
1 9 __O__WOWOWOWOWOWN_W_S_W_SOWOWNWNON_N_S_SN___NSNO_______SNSN_______
1 10 _OW__OWOWOWOWOWOO___W_O__WSWO_S_WN__NSN__SN__S_SNSN_______N_NS____
1 11 _WO_OWOWOWOWOWOWNO__SOW_O_N_WNWN__SN_SO_NS______N___NSNSNSN_______
1 12 _OWOWOWOWOWOWOWOOW__SWO_W_N__NS___SN__NSWSN__SN__SNSNSN___NS______
1 13 OWOWOWOWOWOWOWOWNO__W_N_S__N_WN_____SN_SN_NSNS__NS________________
1 14 WOWOWOWOWOWOWOW_OW__N_O_WNSNS___SNSN___SWSN__SN__SNSNSN___________
1 15 OWOWOWOWOWOWOW__N___N_W_S____SN_O_______N_N_N_N_N___NSO_NS________
1 16 WOWOWOWOWOWOWO__O_O___O_SSN_SN__SN_____SWSNSNSN__SNS__WS__________
1 17 _WOWOWOWOWOW_WO_W_W_SON_WOSN___N____SN_N_S____NON__SNSO__SNS______
1 18 _OWOWOWOWOWO__WOO_O__W_OSN__SNS_SNSN_____SNSN__SWSNSNSWSNSNS______
1 19 _WOWOWOWOWOW___WW_W_SONWW__NNOSNS_________N_NSN__SNSNS____________
1 20 _OWOWOWOWOWO____N___SW__S_N_SWSNS______SNSNSN__SNSNSN_____________
1 21 OWOW_WOWOWOWO___W___WOO_SN__NO__SNSS__SN_N___SNO__NSNSNS_SNSN___N_
1 22 WOWO__WOW_W_WO__O____WW_S_SNSWSN___N____SW_SN__SNSNSNSWSNSNSNSNS__
1 23 OWOW___W_____W__N____O__WO____SNSN__SN_S___NN_N_NSN_______________
1 24 W_W_________________SWN_SN____W_S_S____SNSN__SN__SNSN_____________
2 0 O_O___O_________S___N_O_NONOO_N__SNSNSN_SNSN____SN________________
2 1 WOWO_OWO___O____WO_ON_S_WSOWNSNSOS___N_NO_SN_NSN_NS_______________
2 2 _WOWOWOWO_OW_____WOW_O_ON_WONSN_N_N_SW__SNSWSN__S_________________
2 3 _OWOWOWOWOWO_____OWO_WOWW_NWWSOS_S_S_NSO_NS__N_O__SNSNS___________
2 4 _WOWOWOWOWOW____OWOWO_W__S_S__NSNSNS_W_N_NSNSNSWSNSN______________
2 5 _OWOWOWOWOWO_O_OWOWOW_S_O_NSN__S____N_SNO_S____NS_____ONSN________
2 6 OWOWOWOWOWOWOWOWSWOWO_WOW__SNONSOSNS_SN_SNSNSNSWSNSNSNSN_N________
2 7 WOWOWOWOWOWOWOWO_OWOW_OWNSNO_S_SNS___N___NSNS___SNSNSNS___________
2 8 OWOWOWOWOWOWOWOWSW_W_OWO_SOWS__SNSNS_NSNSWSWSN_______N_N_N________
2 9 WOWOWOWOWOWOWOWO___OOWOWNWNSS__SOSO__NSN___O_N_NS_____SNSN________
2 10 _WOWOWOWOWOWOWOWO_OWN_W__SNW__O_WSW_SN__SNSWSNSWSN____W______NS___
2 11 _OWOWOWOWOWOWOWOWOW_N_S_OW_SSONSO_N_SN__SNS____O____SNSNSNS_______
2 12 OWOWOWOWOWOWOWOWOWO_O___WOS__WNSWSNS__SNSN__SNSWSNSNSNW____N______
2 13 WOWOWOWOWOWOWOWOSOWON_O_OW_S________N_SNS_SNSNSOSNS_S_____________
2 14 _WOWOWOWOWOWOWOWOWOW_OW_NSNSN__SNSNS__SNSN__SNSW_NSNSN____________
2 15 _OWOWOWOWOWOWOWOWOWO_W__N__S_N_SNS_____________OS___SNS__N________
2 16 OWOWOWOWOWOWOWOWOWOW__S_ONS_N__SW_____SNSNSNSNSWSNSN___NS_________
2 17 WOWOWOWOWOWOWOWOWOWON_S_NSNS___S___SNS___NS____N__SNSN__SN_NS_____
2 18 OWOWOWOWOWOW_WOWOWOW_OS_OW_SNSNSNSN_____SNSN__SWSNSNSNSNSNSNS_____
2 19 WOWOWOWOWOWO__WOSOWONWW_N__SSSNSNS_S_________NS__NSNSNS___________
2 20 _WOWOWOWOWOWO__WOWOWO___NS__NSNSNS____SNSNSN__SNSNSNS_____________
2 21 _OWOWOWOW_WOWO__SOWON_O_NO_S___SN_NN_SN______NSNO__NSN_NSNSNS_____
2 22 _WOW_WOWO__WOWO_SWOWO_WOOWNSNSN________SN_SN__SWSNSNSNSNSNSNSNSN__
2 23 _OW___W_W___W_WO__WOW__WN____SOSNS_SN_SN_______OSNS_______________
2 24 _W_____________W___WN___N____SN_NSN___SNSN__SNSW_NSNS_____________
3 0 ____________O___O___S_N_SNO_____SNSNSN_SNSNS___SN_________________
3 1 _O___O___O_OW___NO__S_W_OWS_ONSNSNS____ONON__SNS__N_______________
3 2 _WO_OWO_OWOW____OWO_S___WS__WNW_O_S_N__SWSNSN__SN_________________
3 3 _OWOWOWOWOW_____SOW___O____SON_NWNSNS_N___NO_S___SNSNSNS__________
3 4 _WOWOWOWOW______OW__O_W_SNSNWOSNSNWNS____SNSNSNSN_NS______________
3 5 _OWOWOWOW_______S___S_O_S_ON_WSN______NSN_N_____NS____N_N_________
3 6 OWOWOWOW____O___N___O_NO__SNSNWNSNONSN_SWSNSNSNSNSNSNSW___________
3 7 W_WOWOWO_O_OW____O__S_OWSNSO_W_NSNW__S____NSNS_SNSNSNSNS__________
3 8 O_OWOW_WOWOWO___NWO___W_SOSWN_SNSNSN_SNSNSNSN__W_S________________
3 9 WOWOWO_OWOWOW____OW___O_SNOON_SN_N____NS___O_S__NS___SOSN_________
3 10 _WOWOWOWOWOWO___OWO___WOSOWN_S__SNS_NS_SNSNSNSNSNS____N_______N___
3 11 _OWOWOWOWOWOW___S_W___NWWNSNNSSN__S_N__SNSNO_S_____SNSOSNSN_______
3 12 _W_WOWOWOWOWO___N_O____OSSN_S__NSNSN_SN_N__SNSNSNSNSNSNS__________
3 13 _O_OWOWOWOWOW___W_W___OWW__N_S________NSNSN_NSNSNSNSN_____________
3 14 OWOWOWOWOWOWO___O_O___WO_NSNS_SNSNSN_SNSN__SNSN__SNSN_____________
3 15 WOWOWOWOWOWOW___W_W_S__W___NS__NSN___S_O_O_S___ON__SNSNS__________
3 16 _WOWOWOWOWOWO_______W_N_S_N_S_SNS_S_S_NSNSNSNSNSN_N__S__NS________
3 17 _OWOWOWOWOWOW____O__S_N_SOSNW_SN__SNSN____NS______NSN___NS__N_____
3 18 _WOWOWOWOWOWO___NWO_S_O__NSNSNSNSN_____SNSN__SNSNSNSNSNSNSNSNS____
3 19 _OWOWOWOWOWOW___W_W_W_N_S__NNNSN_NSN__________N__SNSNSNS__________
3 20 OWOWOWOWOW_W____N___S_S__NS_SNSNSN___SNSNSNS_SNSNSNSNS____________
3 21 W_WOWOWOWO______W___W_O____N__SN____SN________NONS__NS__NSN_NS____
3 22 __OWOW_WOWO_____N_____W____NSN__S_____SN_SN__SNSWSNSNSNSNSNSNSN___
3 23 _OW_W___WOWO____SO__S_______SNSNSNSN_SN_________NSN_______________
3 24 _W_______W_W_____W__W_S_____SNS_SN___SNSN__SNSNS_SNSN_____________
4 0 ____O_______O_______N___NSNO___SNSNSNS_NSNSNS_SN__________________
4 1 ___OW______OW___S___N_S_OSWSS_OSNSN___SN_N__SNSN__________________
4 2 __OW__O_O_OW____N_O_N_O_WN__WSNS_SN_S_SWSWSN__SN__________________
4 3 _OWO_OWOWOW__O__WOW___S___SN______OSNS__O_SN_NS_SNSNSNSN__________
4 4 _WOWOWOWOWO_OW__NWO_N_O_NSNS_SNSNSNSNS__SNSWSNSNS__NS_____________
4 5 _OWOWOWOWOWOWO_OWOWOWOS_N_N___OS______SN__S______NS_______________
4 6 OWOWOWOWOWOWOWOW_WOWNWO__OWSNONSNS_SNS_NSNSNSNSNSNSNSN____________
4 7 WOWOWOWOWOWOWOWOSOWOWOSONSNWOW_SNS__SN____SN_NSOSNSNSNSN__________
4 8 OWOWOWOWOWOWOWOWSWOWOWOWNONSWSNSN_NS_NSNSNSNS__NSN________________
4 9 WOWOWOWOWOWOWOW_WOWOW_S_NSOSOSN________NS_SN_N___N__SNSNS_________
4 10 _WOWOWOWOWOWOW__NWOWO_O_O_WSWN_SNSN_SNSNSNSWSNSNSN____W___________
4 11 _OWOWOWOWOWOW___WOWOWOS_N_NSSNN___NS___NSNSNSNS___SNSNSNSN________
4 12 OWOWOWOWOWOWO____WOWOWO_ONS_N__SNSNS_NS___SWSNSNSNSNSN_NS_________
4 13 W_WOWOWOWOWOWO__OOW_WOS_N____N___S__S__NSN__SNSN_NSNS_____________
4 14 O_OWOWOWOWOWOWO_WW___WO___N_NSNSNSNS_NSN__SNSN__SNSN__S___________
4 15 WOWOWOWOWOWOWOWO____O_W_____NS_SN___SN_N_N_NS_SNS_SNSNSN__________
4 16 _WOWOWOWOWOWOWOWO_O_N_S_N__OOSNSNSNSN_SWSWSNSNSW____SN___NS_______
4 17 __WOWOWOWOWOWOWOWOW_NOW_N_NWNSN__SNSN______NS______NS_O_SNS_______
4 18 O_OWOWOWOWOW_WOWOW__OWS__SNSNSNSNS____SNSN__SNSNSNSNSNSNSNSNSN____
4 19 WOWOWOW_WOWO__WOS___NOW_NS_S__NS_SN_S____________NSNSNSN__________
4 20 _WOW_WO__WOWO__WO___OWN_S_NSNSNSNS__SNSNSNSNSNSNSNSNSNS___________
4 21 _OWO__WO__WOWO__WO_ON________SNS___SN__________NSN__SNO__NS__NS___
4 22 OWOWO__W___WOWO_SWOW____S___N__SNS___SN_SNS_SNSWSNSNSNSNSNSNSNS___
4 23 WOW_WO______WOWON_WOO______SNSNSNSN_SN___________NS_______________
4 24 _W___W_______W_W___WN_N__S_SNSNSN__S_NSN__SNSNSNSN_N______________
5 0 _____O______________S____NON_S_NSNSNSN_SNSNSNSN___________________
5 1 ____OW__O_______N___S_N_SNSWO__NSN__S_NS___SN_N___________________
5 2 ___OW__OWO______S_____N_S___NNSNSN__NSNSNSN__SN___________________
5 3 O_OW__OWOW_______O___OW__SN_______ONSN_SNONS__NSNSNSNSNS__________
5 4 WOW__OWOWO______OW__OWN_ONONONSNSNSN_N_SWSNSNSNSNS__NS____________
5 5 _WO_OWOWOWO_____SO_OWOWOS_S_S_SN__S_O_N__ON____S__NS______________
5 6 __WOWOWOWOWO_____WOWOWNWONSOO_WN_NSNSN_SNSNSNSNSNSNSN_____________
5 7 __OWOWOWOWOW____N_WOWOWOWW_NW_SNSNS_N_____NS_SNSNSNSNSN___________
5 8 _OWOWOWOWOWO____O__WOWNWONON_NONO_SN_SNSNSNSNS_SN_________________
5 9 OWOWOWOWOWOW____NO_OWOWOSWSNSNS_W_OO___ONSNO_S_____SNSOSN_________
5 10 WOWOWOWOWOWO____SWOWSWNW__ON__SNSNSWNSNSNSNSNSNSNS____N___________
5 11 _W_WOWOWOWOW____O_WOW_WO_OWNN_S_S__N_S_SNSNSN_NS__NSNSNSNS________
5 12 ____WOWOWOWO____W_OWO_NWOWN___ONSNSN_SNS_SNSNSNSNSN_N___NS________
5 13 ____OWOWOWOW____O_WOSOWOS_____S_SNS_N___N__SNSNS_SNSNS____________
5 14 _O_OWOWOWOWO____W_OWOWOW__OS_NSNSNSN_SN__SNSN__SNSN__SNS__________
5 15 _WOWOWOWOWOW____O_W_SOW_OOW__NSN__S_N____O__NSN_NSNSNSN___________
5 16 _OWOWOWOWOWO____W_O_SWO_WWS__NSNSNSN_SNSNSNSNSN____SN_____N_______
5 17 OWOWOWOWOWOW______WO__NOS_S_ONS_SNSN_S______N_______NSN_N_NS______
5 18 W_WOWOWOWOWO____N_OWO_OWWNSNSNSNSNS__SNSN__SNSNSNSNSNSWSNSNSNS____
5 19 __OWOWOWOWOW____WOW_W_N__NSN___NSN__N____S________NSNSN___________
5 20 _OWOWOWOWOW_____OWO_S___N_SNSNSNSNS_NSNSNSNSNSNSNSNSNSNS__________
5 21 _WOWOWOWOW______S_W_______S_SN_NS_SN___________ONS_SNSN__SNS__N___
5 22 _OWOW_WOWO______N_____S_N___W_SNSN__SN_SNSNSNSNSNSNSNSWSNSNSNSNS__
5 23 OWOW___W_WO_____________S_SNSNSNSNS_NS___O_S___S__N_______________
5 24 W_W_______W_____S_______WNSNSNSN__SN_SN__SNSNSNSNS________________
6 0 O___O___________S___N_S___NS_NOSNSNSN_SNSNSNSN____________________
6 1 WO_OW____O__________N_S_N_WSSOW_NSO_N_SNS_SN______________________
6 2 OWOWO___OW______N_______N_S__WNSNSW_SNSNSN__SN____________________
6 3 WOWOWO_OWO_________OS____N_S______N_NSONSN_N__SNSNSNSNSNS_________
6 4 _WOWOWOWOWO_____N_OWO___NONONSNSNSWS_SWNSWSNSNSNSNS__NS___________
6 5 __WOWOWOWOW_____WOWOW_S_WWWSW_O_OSN_N_S__N____SNS__NS_____________
6 6 ___WOWOWOW____O_OWOWOOS___NO__NSW_NSWS_NSWSNSNSNSNSNS_____________
6 7 _O_OWOWOWO___OWOWOWOWWW__S_SSSNSNSN_S______NSNSNSNSNSN____________
6 8 _WOWOWOWOWO_OWOWOW_WO___N_NSWONS_SNOSNSNSNSNSNSNS_________________
6 9 _OWOWOWOWOWOWOWOW___W_O_W_WONWW___NWO_SN_N_N_NS___SNSNSN__________
6 10 OWOWOWOWOWOWOWOWN_O_O_WO__OW_ONSNSWSWNSWSNSWSNSN_N________________
6 11 WOWOWOWOWOWOWOW_OOWON_SW_OWS_SNSN____NSNONSNS_SNS_SNSNSNSN________
6 12 _WOWOWOWOWOWOW__WW_WN___NS_O_SNSNSNS_N_NSNSN_NSNSN_______N________
6 13 __WOWOWOWOWOWO__OO__W_O_W__W_SWSNSN_S_S____NSNSNSN_NSNS___________
6 14 ___WOWOWOWOWOWO_WW__N_W__O_NO_NSNSNS_N__SNSNS_SNSN__SNSN__________
6 15 _O__WOWOWOW_WOW_OO__W___OS__SSN__SN_S___ON___N__SNSNSN____________
6 16 OW__OWOWOWO__WO_WW__NO__WONS_WNSNSNS_NSNSWSNSN____SNS_____________
6 17 WO_OWOWOWOWO__WO_____W__OSN_NSNSNSN_SN__________O_S__NS____NS_____
6 18 _WOWOWOWOWOWO__WO_______N_NSWSNSNSNS_NSN__SNSNSNSNSNSNSNSNSNSNS___
6 19 _OWOWOW_WOWOWO__WO______OSN____SNS__S___SN____S_S__NSNS___________
6 20 _WOWOW___W_W_WO_NWO_N_O_WSNSNSNSNSNS_NSNSNSNSNSNSNSNSNSN__________
6 21 _OWOWO________W_WOWO__S__SNSO___NSN____________N_NSNSNO_SN_NS_____
6 22 OWOWOWO__________W_WO_N__S_SNSNSN__SN_SNSNSNSNSWSNSNSNSNSNSNSNSNS_
6 23 WOWOW_W_____________W_S_OWN_NSNSNSN_SN__ON_NS_SN__________________
6 24 _W_W____________N_______N_NSNSNS_SNS_N__SWSNSNSNSNS_______________
7 0 _O_____O___O____N___S_N__S_N_S_NSNSN_SNSNSNSN_____________________
7 1 OW____OW__OW__________N_OW_NNOS__N_S_SNSNSN_______________________
7 2 WO_O_OW__OW_____S_____S_W_N_OWSNSN_SN_NSNS_SN_____________________
7 3 OWOWOWO_OWO_______O_NOW__O_NS________N_SNS___SNSNSNSNSNSN_________
7 4 WOWOWOWOWOW_____S_WO_W___W_NSNONONONSN_SNSNSNSNSNSNS__N___________
7 5 OWOWOWOWOW______O_OWOON_S_OW_OS_SNW__SN__S___SNSNS__NS____________
7 6 WOWOWOWOW__O___OWOW_WWO_S_SNSWSNS_SNSN_SNSNSNSNSNSNSNS____________
7 7 OWOWOWOW__OW__OWOW__O_N_WNSWON_NSNOSN______SNSNSNSNSN_____________
7 8 WOWOWOWO_OWO_OWOW___S_S__S_NN__NSNS_NONSNONSNSNSN_________________
7 9 _WOWOWOWOWOWOWOW__O_____OWOOO______SOSN__S_S__NS_SNSNSN___________
7 10 _OWOWOWOWOWOWOW_O_W___SOWSWWWNSNSNSNS_NSNSNSNSN____S_S____________
7 11 OWOWOWOWOWOWOWO_S_O_SONWSN_N_WSN____S_NSNSNSNSN_NSNSNSNSNS________
7 12 W_WOWOWOWOWOWOW_O_W__WS__W___NSNSNSN___SWSNS__NSN_________________
7 13 __OWOWOWOWOWOW__S_O_S_____S__NSNSN__NSN____SNSNSNS__NSNS__________
7 14 _OWOWOWOWOWOWO__O_W_W____NOSN_SNSNSNS__SNSNSNSNSN__SNSNS__________
7 15 OWOWOWOWOWOWOWO_S_O_SOS_SWW_WOS_SN__NO__NO___S_SNSNSN_____________
7 16 WOWOWOWOWOWOWOW_S_W__WO__NONSN_NSNSN_SNSWSNSN____SNSNS____________
7 17 OWOWOWOWOWOWOWO_O_O___W_SWS__NSNSNS_N______O_S_SNSNS__NS____NS____
7 18 WOWOWOWOW_WOWOWOWOWO__S___SNSNSNSNSN_SN__SNSNSNSWSNSNSNSNSNSN_N___
7 19 OWOWOWOWO__W_W_WOW_W____SN____SNSN__NS_SN____SNSN___NSN___________
7 20 WOWOWOWOWO______SO_OO_N__NSNSNSNSNSNS_NSNSNSNSNSNSNSNSN__S________
7 21 OWOW_WOWOWO_____OWOWS_W_SNSN____SN___S____________NSN_N_N___N_____
7 22 WOWO__W_WOW_____W_W_____WOWNSN_NS_SNS_NSNSNSNSNSNSNSNSWSNSNSNSNSN_
7 23 OW_WO____WO_________S_N_SN___NSNSNS_N__ON___NSN___________________
7 24 W___W_____W________________NSNSNSNSN___SWSNSNSNSNSNS______________
8 0 _O_________O_O__O___N____O_S_N_SNSNS_NSNSNSNS_____________________
8 1 OWO_O_____OWOW__S_______SNS___N___ONSNSNSN__S_____________________
8 2 WOWOW____OWOW___N____OO__S_SNSNSNSWNS_SNSNSNS_____________________
8 3 _WOWO___OWOW________OWN_S__OWO_S___OS_SNSNS_SNSNSNSNSNSNS_________
8 4 _OWOW__OWOW____ONO__W______SNSNSNS_WN_SNSNSNSNSNSNSNS_____________
8 5 OW_WO_OWOW__O_OWOW__O___NSNO_OW_W__O_NO_SN__SNSNSNS__NS___________
8 6 W__OWOWOW__OWOWOWO__W___O_WSNSNSNSNSN_SNSNSNSNSNSNSNSNS___________
8 7 __OWOWOW__OWOWOWOW__N___N_N___OSN_NN______SNSNSNSNSN______________
8 8 _OWOWOWO_OWOWOWOW___WON__O_O_SW_NSWS_NSNSNSNSNSN__S_______________
8 9 _WOWOWOWOWOWOWOW_____W__ON_SS______NNWO__WSN__SNSNSNSN____________
8 10 _OWOWOWOWOWOWOW_N_____N_WN___SNSNSNSW_SNSNSNSN____SNSN____________
8 11 OWOWOWOWOWOWOW__W___N___NSOS_ONS____N__NSN_NSNS_SNSNSNSNSN________
8 12 WOWOWOWOWOWOWO__N_____N__SWS_WNSNSNO__SNSNSNS__N__________________
8 13 OWOWOWOWOWOWOW__W___O____WNW_SNSN__SSN_____N_NSNSNS__NSNS_________
8 14 WOWOWOWOWOWOWO__N___NO_____NS_NSNSNSN_SNSNSNSNSN__SNSNSNS_________
8 15 OWOWOWOWOWOWOWO_W___NWN_NS____NSN____NS_ON___NSNSNSNS_____________
8 16 WOWOWOWOWOWOW_WONO____S___N_NS_SNSNS_WSNSWSN__S_SNSNSNS___________
8 17 OWOWOWOWOWOWO__WOW__S_W_N_WS_SNSNSN_____O_SN_NSNSNSNS__NS____N____
8 18 WOWOWOWOW_WOWO__WO__WON__SN_NSN_NSNS_N__SNSWSNSNSNSNSNSNSNSNS_____
8 19 _WOWOWOWO__WOWO_NW___WS_N__S_SNSN___SN_N_____NSN_____NS___________
8 20 _OWOWOWOWO__WOWOWO__N_S___NSNONSNSNSN_SNSNSNSNSNSNSNSNS_SN________
8 21 OW_WOWOWOW___WOWSW__W_WOOSOS_S_SNS___NS____________NS_____________
8 22 WO__WOWOWO____WOWO____SWNONSNS__NSNSNS_NSNSNSNSNSNSNSNSNSNSNSNSNS_
8 23 _W___WOW_WO____WOW__N_W_NW___SNSNSNS__ON____SNS___________________
8 24 ______W___W_____W__________SNSNSNSN___SWSNSNSNSNSNSNS_____________
9 0 _________O______N___S___S__N__SNONSN_SNSNSNSN_____________________
9 1 ____O___OWO_____W_O_S_O_NSN_S___S___NSNSNS_SN_____________________
9 2 _O_OWO_OWOW____O__W_WOW__NSNSNSNSNO_NSNSNSNSN_____________________
9 3 _WOWOWOWOW____OWS_O_OWO_N_SN_N_N__S_NSN_NSNSNSNSNSNSNSNSN_________
9 4 _OWOWOWOW____OW_OOWOWOS_S_SWOWONSNO___NSNSNSNSNSNSNSNS____________
9 5 _WOWOWOW____OW__WWOWOW__SN_NSNS___SNOSN_N__SNSNSNSNS__NS__________
9 6 __WOWOW____OW____OWOWOO_WOSWSWONSNSWS_WSNSNSNSNSNSNSNSNS__________
9 7 O_OWOWO___OWO_O_OWOWSWSO_SS_O_WNO_S__S___SNSNSNSNSNS______________
9 8 WOWOWOWO_OWOWOWOWOW_S_SW___NSN__SNSN_SNONSNONSNS_SNS______________
9 9 OWOWOWOWOWOWOWOWOW__W_O_S_SWN_O_S____SNS_SNS_SNSNSNSN_____________
9 10 WOWOWOWOWOWOWOWOW_____W_S_S_SNSNONSN_SWSNSNSN____SNSNS____________
9 11 _WOWOWOWOWOWOWOW____S___WNWNS__NS_S_____NS_SNSNSN_NSNSNSN_________
9 12 _OWOWOWOWOWOWOW_____W_O__OSOS_SNSNON_ONSNSNSNS_W_S________________
9 13 OWOWOWOWOWOWOW______S_S_SNWNWN_NS_WWNS___S___SNSNSN___NSNS________
9 14 WOWOWOWOWOWOW___OO__W_O_S_S_NS_NSNONO_NSNSNSNSNS_SNSNSNSN_________
9 15 _WOWOWOWOWOWO___WW__S_SOWNS___SNO_W_SSN_NO_S_SNSNSN_NS____________
9 16 _OWOWOWOWOWOWO__OO__S_OWS_S__NSNSNSN_ONSWSNS_SNSNSNSNSN___________
9 17 OWOWOWOWOWOWOWO_WW__O_N_W_WNSNSNSN___S__NSNS_SNSNSN_N___N_________
9 18 WOWOWOWOWOWOWOWO____N____NS_SNS_SNSN___SWSNSNSNSNSNSNSNSNSNSNS____
9 19 OWOWOWOWOWOWOWOWO_O___NO__SNSN_N__O_N__O_S___SNS______NS__________
9 20 WOWOWOWOWOWOWOWOWOW_O_OW__WN_NSNSNSN_SNSNSNSNSNSNSNSNSNSN_________
9 21 OWOWOWOWOW_W_WOWOWO_S_NO_NSN_WSNON____N______S______NS____________
9 22 WOWOWOW_W_____WON_W_O_OW__ONSN__SNSNSN_SNSNSNSNSNSNSNSNSNSNSNSNSNS
9 23 OWOWOWO________WO___S_NOS_S_SNSNSNSN__NS___SN_NS__________________
9 24 W_W_W_W_________W___S__W___N_NSNSN___SWSNSNSNSNSNSNSN_____________
10 0 __O_O_________O_____N_S_N_S__SNSNSNS_NSNSNSNS_____________________
10 1 _OWOW__O___O_OW____OO____N__NS_SW___SNSNSNSN______________________
10 2 OWOWO_OWO_OWOW____OWNO___ONSNSNSN_NS_NSNSNSNS_____________________
10 3 WOWOWOWOWOWOWO_ON_WO_WN__SNS_____SW_SN___NSNSNSNSNSNSNSN__________
10 4 _WOWOWOWOWOWOWOWO_OW_OW_NONONSNSNSNS___NONSNSNSNSNSNSNS___________
10 5 __WOWOWOWOWOWOWOWOWO_W__OS_SWOWS__W_NN__S_SNSNSNSNSNS__N__________
10 6 __OWOWOWOWOWOWOWOWOW_ON_NNNONS__NSNSW_SNSNSNSNSNSNSNSNSNS_________
10 7 _OWOWOWOWOWOWOWOWOWONWW_OWNSN___N_N_SNS_SNSNSNSNSNSNS_____________
10 8 _WOWOWOWOWOWOWOWOWOWO_N_SO_SWO_SWSNOSNSNSNSNSNSNSNSN______________
10 9 _OWOWOWOWOWOWOWOWOW_N_S_NWNS_SN_NS_WSNSWSN_WSNSNSNSN______________
10 10 OWOWOWOWOWOWOWOWOW___OS_O_OSNSWSNSNS_NSNSNSN____SNSNSNS___________
10 11 WOWOWOWOWOWOWOWOW___OWW_NSNSNO__W_NOS____NSNSNSOS__NSNSNS_________
10 12 OWOWOWOWOWOWOWOWO___NON___OSOSNSN__S_NONSNSNSNSN_N________________
10 13 WOWOWOWOWOWOWOWOWO__OWW_NSNWNS__NS_OSWS_SN__SN_NSNS____N_N________
10 14 OW_WOWOWOWOWOWOWOWO_NON_OWNS_N_SNS_SN_ONONSNSNSNSNSNSNSNS_________
10 15 WO_OWOWOWOWOWOWOWOW_NWW_NSNS__N_N___WNS_SN_NSNSNSN___N____________
10 16 _WOWOWOWOWOWOWOWOWO_N___OWOW__NSWSNO_NONSWSNSNSNSNSNSN____________
10 17 _OWOWOWOWOWOWOWOWOWO____NSNSNSNSNS_SSWS_SN_NSNSNSNS_______________
10 18 _WOWOWOWOW_WOWOWOWOW_O___WNSNSNSNSNSW_SNSNSNSNSNSNSNSNSNSNSNSN____
10 19 _OWOWOWOWO__WOWOWOWO_WO__SOSNS____N___SNSNS_SN_NS______N__________
10 20 OWOWOWOW_WO__WOW_WOWN_WO_SN__SNSNSWS_NSWSNSNSNSNSNSNSNSNS_________
10 21 WOWOWOWO__W___WO__WOW_OWOONS__N_NS__S_O_____SNS______N____________
10 22 OWOWOWOW_______WO__WN_WOSWN_N__SWSNSN_SNSNSNSNSNSNSNSNSNSNSNSNSNSN
10 23 WOWOWOW_________W___W_OWN_W_NSN_NSN___SN__SN___NS_________________
10 24 _W_W_W______________N_S____S__NSN___SNSNSNSNSNSNSNSN______________
11 0 ___________O_O______S_NO__N_SNSNSNSN_SNSNSNSN_____________________
11 1 O_O_O_O_O_OWOW__S_O_O_OW_____NSNS_S_NSNSNSNS______________________
11 2 WOWOWOWOWOWOW__O__W_SOW_SNSNSNSNS_SN_SNSNSNSN_____________________
11 3 _WOWOWOWOWOWO_OWO___OWS__W_N__S_SNS_N__S_SNSNSNSNSNSNSN___________
11 4 _OWOWOWOWOWOWOWOW__OW____NSN_NSNSNON_OS_NSNSNSNSNSNSNSNS__________
11 5 OWOWOWOWOWOWOWOWO_OWS___SWOW_N_N__S__W__WSNSNSNSNSNSN_____________
11 6 WOWOWOWOWOWOWOWOWOW_WO__S_WNOWO_SNSN_SN_NSNSNSNSNSNSNSNSN_________
11 7 _WOWOWOWOWOWOWOWOW__SWS_N__WS_W_S_S_NSNSN_NSNSNSNSNSN_____________
11 8 _OWOWOWOWOWOWOWOWO__W___WS_N_NSNSN_SNSNSNONSNSNSNSNS______________
11 9 _WOWOWOWOWOWOWOWOW__S_N____N_WO_SNS_N_NSNS_SNSNSNSN__S____________
11 10 _OWOWOWOWOWOWOWOW___S_O_SS_NSNSNSNON_SNSNSN____SNSNSNSN___________
11 11 OWOWOWOWOWOWOWOWO___S_N_WNSNSNO___SNN____SNSNSNSNS__NSNSN_________
11 12 WOWOWOWOWOWOWOWOWO__O_____SO_WSN__SW_SNSNONSNSNS__________________
11 13 _WOWOWOWOWOWOWOWOWO_S_S__OWN_NS_SNSNN_WSNS_SNS__NSNS______________
11 14 _OWOWOWOWOWOWOWOWOW______N_N__SNSNSWS_NONSNSNSNSNSNSNSNSNS________
11 15 OWOWOWOWOWOWOWOWOWO_S____OSOS_S_______WSWS_SNSNSNS________________
11 16 WOWOWOWOWOWOWOWOWOW_W_O__NSN__SNSNSNS_NSNSNSNSNSNSNSN_____________
11 17 OWOWOWOWOWOWOWOWSW__S_S_SOWNSNSNONOWOOW_N__SNSNSNSNS______________
11 18 W_WOWOWOWOWOWOWOWO______SNSNSNSNSNSNNSNSNSNSNSNSNSNSNSNSNSNSNS____
11 19 O_OWOWOWOWOW_WOWOW__O_O_SNWN_N__O____SNSN_NSN___N_________________
11 20 WOWOWOWOWOWO__WOWO__W_W__N__ONSNSNON_SNSNSNSNSNSNSNSNSNSN_________
11 21 _WOWOWOWOWOWO__WSWO_O_O_N_SNS____NS_N_NO___SNSN___________________
11 22 _OWOW_WOWOWOW___W_WOS_W_WO____ONSNSN_SWSNSNSNSNSNSNSNSNSNSNSNSNSN_
11 23 OW_W___WOWOW____S__W__N_OSS__NS__N___SN__SN_____N_________________
11 24 W_______W_W_________S_W_S__N__SN___SNSNSNSNSNSNSNSNS______________
12 0 _O__________________N_SO___SNSNSNSNS_NSNSNSN______________________
12 1 _WO_O___________N___N_OW__S___NSNSNS_N_NSNSN______________________
12 2 __WOWO___________O_OWOW_N_NSNSN_NSN_SNONSN_NS_S___________________
12 3 O_OWOW__________OWOWOWN__S_S__NSNSN_S_SNSNSNSNSNSNSNSN____________
12 4 WOWOWO_________OWOWOWO___SNS_SNSNSNO__N_SNSNSNSNSNSNSNSNS_________
12 5 OWOW_WO_______OWOWOWOW__NWO__S____WSS___SNSNSNSNSNSN______________
12 6 W_WO_OWO_____OWOWOWONO__N_W_NS__NSNS_NS_SNSNSNSNSNSNSNSNS_________
12 7 __OWOW_WO___OWOWOWOWOWN__S__W___NSN_SNWNS__NSNSNSNSN__S___________
12 8 _OWOWO__WO_OWOWOWOWONO___N___SNSNS_N_NSNSNSNSNSNSNSNS_____________
12 9 _WOWOW___WOWOWOWOWOWNW__S_OS__N_NSN_S_SNSW_NSNSNSN__SNS___________
12 10 _OWOWO___OWOWOWOWOW_N_OOONS_NSWSNSNS_NONSNS_S_SNSNSNSN____________
12 11 _W_WOWO_OWOWOWOWOW__N_WWN_N_NSN_O_W_S_S_SNSNSNSNSNS__NSN__________
12 12 _O__WOWOWOWOWOWOW___N_____OS_SWSW_NS_NSNONSNSNSNS_S_______________
12 13 OWO__WOWOWOWOWOWS___W_N__SNS_ONSN_N___SNSWSNSNS__NSNS_____________
12 14 WOWO_OWOWOWOWOWOWO___O_____S_SNSNSNSN_SNSNSNSNSNSNSNSNSNSN________
12 15 _WOWOWOWOWOWOWOWOW__OW____N_NSN_______SW_NSNSNSN_NS_______________
12 16 _OWOWOWOWOWOWOW_WO__N_N___O__SNSNSNSN_SNSNSNSNSNSNSN______________
12 17 OWOWOWOWOWOWOW__OWO_N_W_N_N_N_N_N_NOSN__S_SNSNSNSNSN______________
12 18 WOWOWOWOWOWOWO__N_WO__S_N_O_NONSWSWS_WSNSNSNSNSNSNSNSNSNSNSNSN____
12 19 OWOWOWOWOWOWOW____OWO___NSN__S__NS__SNSNS_SNS_____________________
12 20 WOWOWOWOWOW_WO___OW_WO___S__NONSWSNS_NONSNSNSNSNSNSNSNSNS_________
12 21 _WOWOWOWOWO__WO_OW__NWO___N_WS_S__W_S_SN__SNSNS___________________
12 22 _OW_WOWOWOW___WONO__WOWO_N__OSNSNSNS_NSWSNSNSNSNSNSNSNSNSNSNSNSN__
12 23 OWO__WOW_W_____WNW___W_WNWNOWOW_O_O_SN__SN________________________
12 24 W_W___W_____________N___W__S_SNSWSWNSNSNSNSNSNSNSNSN______________
13 0 _____________O_OSO____N_S__NSNSNSNSN_SNSNSN_______________________
13 1 O_O_________OWOWOW__OO_OS_N___SNSNSN___SNSNS______________________
13 2 WOWO_O_____OWOW_S___SWOWW_SNSN__SNS_NSNSNS__NSN____S______________
13 3 _WOWOW__O_OWOW__O_O_O_WOSNSN__SNSNS_N_WSNSNSNSNSNSNSN_____________
13 4 _OWOWO_OWOWOW__OWOWOW_OWSOSNSN_NSNSN_S__NSNSNSNSNSNSNSNSN_________
13 5 OWOWOWOWOWOW__OWOWOWO_WOWNWO_NS_S__WN__SNSNSNSNSNSNS______________
13 6 WOWOWOWOWOW__OWOWOW_S_OWS_SW_N__SN_N__OSNSNSNSNSNSNSNSNSNS________
13 7 _WOWOWOWOWO_OWOWOW__O_W_SNWO__S_SNS_NSNSNS__NSNSNSNS_SN___________
13 8 _OWOWOWOWOWOWOWOWO__S_O__SSW_NSNSN____NSNSN_NSNSNSNSNS____________
13 9 OWOWOWOWOWOWOWOWOW___OW_NWNN__S_SNS_NSN_N__SNSNSN__SNSN___________
13 10 WOWOWOWOWOWOWOWOW___SWO__SW_SNSNSNSN_ONSNSNSNSNSNSNSN_____________
13 11 OWOWOWOWOWOWOWOWO_O__OWO_OS__N____S_NSWSNSNSNSNSNSNS__NS__________
13 12 WOWOWOWOWOWOWOWOW_W_SWOWSW_NSNSN__SNS_NSNSNSNSNSNSN_______________
13 13 _WOWOWOWOWOWOWOWO____OWO_NSNON_N_____SNSWSNSNSN___NSNS____________
13 14 _OWOWOWOWOWOWOWON___OWOW_OSNSW_NSNSNOSNSNSNSNSNSNSNSNSNSN_________
13 15 OWOWOWOWOWOWOWOWO___SOWOSS_OSNS_____W_NS_SNSNSNS__N_______________
13 16 WOWOWOWOWOWOWOWOWO__OWOWS_OWWNSNONSN_SNONSNSNSNSNSNS______________
13 17 OWOWOWOWOWOWOWOWOWO_SOW_WOSOS___S_ONN__WNSNSNSNSNSN_______________
13 18 WOWOWOWOWOWOWOWOWOWOSWN_OWSW_NONSNSW_SN_NSNSNSNSNSNSNSNSNSNSNS____
13 19 _WOWOWOWOWOWOWOWOWOWOO_OSN_OOWS__NS_NSNSNSN_N_____________________
13 20 _OWOWOWOWOWOWOWOWOWOWWOWSNOWSNSN_NON_SNONSNSNSNSNSNSNSNSNS________
13 21 OWOWOWOWOW_WOWOWOWOW_OW_O_SO_WON__S_N_WS_SNSNSN___________________
13 22 WOWOWOW_W___WOW_W_W_SWO_W_SW_NSN_NON_SNSNSNSNSNSNSNSNSNSNSNSNSN___
13 23 _WOWOWO______WO_______WO___N_N____S_N__SN_________________________
13 24 __W_W_W_______W_S______WS__WSWSNSNS_NSNSNSNSNSNSNSN_______________
14 0 O_O_O_O_________N_O__OS_NO__NSNSNSNS_NSNSNS_______________________
14 1 WOWOWOW__O___O_ON_W_NW__OS_S_SNSNSN_S_SN_NSNS_____________________
14 2 _WOWOW__OWO_OWOWW_O_WO__N_NSNS_SNSNS_NSNSNS_SNS___SN______________
14 3 _OWOW__OWOWOWOW__OW_OWO_NSNS_SNSNSN___SNSNSNSNSNSNSNS_____________
14 4 OWOWO_OWOWOWOWO_OW__WOWOOWO_N___NSNS_NS__NSNSNSNSNSNSNSN__S_______
14 5 WOWOWOWOWOWOWOWOW___NWOWNSNS__NSNSOS_OSNSNSNSNSNSNSNS_____________
14 6 _WOWOWOWOWOWOWOW____WOWONSOW___SN_WOSW_NSNSNSNSNSNSNSNSNSN________
14 7 __WOWOWOWOWOWOWO____NWOWNWNSO_NSNSNWSNSNSNS__NSNSN_NSN____________
14 8 __OWOWOWOWOWOWOWO___WOWOSON_WSN_NS____SNONS__NSNONSNSNS___________
14 9 _OWOWOWOWOWOWOWOWO___WOW_NS__SNSNSN_SNS_S_SNSNSNS_SNSNS___________
14 10 OWOWOWOWOWOWOWOWOW__NOWOON_SNSNSNSN_SNSN_NSNSNSNSNSNS_____________
14 11 W_WOWOWOWOWOWOWOWO___WOWS_NS___SO_NS_WSNSNSNSNSNSNSNS__NS_________
14 12 __OWOWOWOWOWOWOWOWO_NOWONO_ONSNSWSNSN_SN_NSNSNSNSNS_S_____________
14 13 _OWOWOWOWOWOWOWOWOW__WOWOWNSN______S_NSNSN_NSNS____NSNS___________
14 14 _WOWOWOWOWOWOWOWOW__N_SOWNNSW__SNSNO_NSNSNSNSNSNSNSNSNSNS_________
14 15 _OWOWOWOWOWOWOWOWO__W_OWNW__O_N____S__SNSNSNSN_NS_________________
14 16 _WOWOWOWOWOWOWOWOW__N_S_OONSN_NSNSNS_NO_SNSNSNSNSNSN______________
14 17 _OWOWOW_WOWOWOWOWO__W___NSWSNS_SW_N___W_SNSNSNSNSNS_______________
14 18 _WOW_WO__WOWOWOWOWO_NOSONSNO_SNSNSWS_NS_SNSNSNSNSNSNSNSNSNSNSN____
14 19 _OWO__WO__WOWOWOWOW_OWOWW__WN_W_OSN_SNSNSNS_______________________
14 20 OWOWO__WO__WOWOW_WO_WOW_NONSWSNSW_NO_NSNSNSNSNSNSNSNSNSNSN________
14 21 W_W_W___WO__WOW_S_W__W__OWW_O_N_O_WSS__W_NSNSN____________________
14 22 O_O______W___WO_W_O_NOS_WSNSWOWSW_NS_NSNSNSNSNSNSNSNSNSNSNSNSNS___
14 23 WOW___________W___W__W_______W_S__WS___N________________S_________
14 24 _W______________N_______NS__NSNSNSNWSNSNSNSNSNSNSN________________
15 0 __O___________________N__NS_SNSNSNSN_SNSNSNS______________________
15 1 _OWO_O_O____________O___SWSNSNSNSNS_NSN__SNSN_____________________
15 2 _WOWOWOW__O_________S_S_W_SNSNSN_NSNOSNSNSNSN_NS_SN_______________
15 3 __WOWOW__OW_____O_O___O_SOSNWNSNSN__WSNSNSNSNSNSNSNSNS____________
15 4 O_OWOWO_OW______W_WOS_WOSNS_____WN_N__NS__NSNSNSNSNSNSNS_SN_______
15 5 WOWOWOWOW_______O_OWO__WSNWOSOONSNSNS_NSNSNSNSNSNSNSNS____________
15 6 OWOWOWOW__O_____WOWOS_S_SOSNOWSNS_W_NS_SNSNSNSNSNSNSNSNSN_________
15 7 WOWOWOW__OW_____OW_WO_W__NWNW_SNWNS_NSNSNSNS__NSN__SNS____________
15 8 _WOWOWO_OWO_____S___S___NS_OSN__SN___SNSNSNS__NONSNSNSNS__________
15 9 __WOWOWOWOW_______O_S_____NWWNSNWNS_N_N_WSNSNSNSW_NSNSN___________
15 10 __OWOWOWOW______S_W_____NS_NSNONSNS_NSN__SNSNSNSNSNSN_____________
15 11 _OW_WOWOW_______S_____S_WOSN__SNS__N_SNSNSNSNSNSNSNSNS__NS________
15 12 _WO_OWOWO_______W_____W_SWONSNSNSN_N_SNS_SNSNSNSNSNSN_____________
15 13 _OWOWOW_WO______O___O_N_S_WW_O____SNS_NSNS__N_N_____NSNS__________
15 14 OWOWOW__OWO_____S___S_W_S__NSWSNSNONS_NSN_NSNSNSNSNSNSNSN_________
15 15 WOWOWO_OWOW_____O_____N_S_____S___WW_SNSNSNSN___N_________________
15 16 _WOWOWOWOW______WO__S_W_SN_NO_SNSNSNSS_SNSNSNSNSNSNS______________
15 17 _OW_WOWOWO_______WO_O___WWONSNSN_____W_SNSNSNSNSNSN_______________
15 18 _WO_OWOWOW______OOWOS_N_SNWOSNSNSNSN_ONSNSNSNSNSNSNSNSNSNSNSN_____
15 19 _OWOWOWOW_______WWOWS___S__W__O_SNS_NWNSNSN_______________________
15 20 _WOWOWOWO________OW_W___WOSNONSNS_WN_SNSNSNSNSNSNSNSNSNSN_________
15 21 _OWOWOW_W_______OW______SSS_S___S__WNS_S__NSN_____________________
15 22 _WOWOWO_________N_____N__NON__SNO_SN_SNSNSNSNSNSNSNSNSNSNSNSNSNS__
15 23 _OWOWOWO____________S_____W_S_SNW_SO_S_______________S_SN_________
15 24 _W_W_W_W____________W_S__NS__NSNSN_NNSNSNSNSNSNSN_________________
16 0 _O______________O____OS___NSN_NSNSN__NSNSNSNS_____________________
16 1 OWO_O_O_________S_O_NWW_OSNSNSNSNSNS_NS_SNSNS_____________________
16 2 WOWOWOWO_____O___OWOWON_NWNOO_N__SN_SNSN_NSNS__NSN________________
16 3 _WOWOWOW__O_OW__OWOW_W__N_NWNSNSOSOS_NSNSNSNSNSNSNSNSN____________
16 4 _OWOWOW__OWOW__OWOW_NOO_NSOS____N_W____NS__NSNSNSNSNSNSNSN________
16 5 OWOWOWO_OWOWO_OWOW__NWS_NSNWNSNSNSOSN_SN_NSNSNSNSNSNSN____________
16 6 WOWOWOWOWOWOWOWOW___WOO_NSO___W_O_NS_NSN_NSNSNSNSNSNSNSNS_________
16 7 OWOWOWOWOWOWOWOWN___NWN__WNS_SNSNSNS_NSNSNSNS__NS_SN_NS___________
16 8 W_WOWOWOWOWOWOW_WO__W____N_WOW_SO____NSN_NSNS__NSNSNSNSNS_________
16 9 ___WOWOWOWOWOWO__W__N______SNONSNSNS____SNSNSN_WS__NSN____________
16 10 ___OWOWOWOWOWOWON________N__NWNSN_NS_N__WNSNSNSNSNSNS_____________
16 11 O_OWOWOWOWOWOWOWO___S_O__SNS__WSNS_S_NSNSNSNSNSNSN_NSNS__N________
16 12 WOWOWOWOWOWOWOWONO__WON_NW__NSNSNS_WSN_NSN_NSNSNSNSNS_____________
16 13 _WOWOWOWOWOWOWOWNWO_NWS_NS_S___S_SNSN_SNSNS_____S____NSNS_________
16 14 _OWOWOWOWOWOWOWOWOW_W_W_NS_SNSNSNS__N_SNS_SNSNSNONSNSNSN__________
16 15 OWOWOWOWOWOWOWOWOW____S_NWO___NS___S_NSNSNSN____S_S_______________
16 16 WOWOWOWOWOWOWOWOWO__NO__O_W_NSNSNSNSNOWNSNSNSNSNSNSN______________
16 17 OWOWOWOWOWOWOWOWOWO_NWO_NS__WSNS_S__SNSNSNSNSNSNSN________________
16 18 WOWOWOWOWOWOWOWOWOWOW_W_NW__NONSNSNS__SNSNSNSNSNSNSNSNSNSNSNS_____
16 19 OWOWOWOWOWOWOWOWOWOWO_S_O__S_SNSNSOS___NSN________________________
16 20 WOWOWOWOWOWOW_WOW_WONO__NNNSNSWSNSN__NSNSNSNSNSNSNSNSNSNS_________
16 21 OW_WOWOWOWOW___W___WOWO_NWNWWS_SN___SNSN___N______________________
16 22 W___WOWOW_WO____S___W_WO_S____N___N_SNSNSNSNSNSNSNSNSNSNSNSNSNSN__
16 23 O____WOW___W____W_O_O__W_W_ONSNS__NS_N______________SNSN__________
16 24 W_____W___________W_N_N___NS_SNSN____NSNSNSNSNSNS_________________
17 0 __O_O___________N_____O_S_SNS__NSNS___NSNSNSN_____________________
17 1 _OWOW___________W___S_N_WOSNSNSN_NSN_SNSNSN_NS____________________
17 2 OWOW________________WO___NW___W_SNS_NSNS_SNSNS_SNS________________
17 3 WOWO___________O_____W__S_S_SNSNSNSN_SNSNSNSNSNSNSNSN_____________
17 4 OWOWO___O_____OW______N_SN_OW_S_S_S_____NS__NSNSNSNSNSNSN_________
17 5 W_WOWO_OW____OWOS_____W_SNSN_NSNSNWN_SNS__NSNSNSNSNSNS____________
17 6 O_OWOWOW____OWOWW_O_____WOW_____S_SNS_N___NSNSNONSNSNSNSN_________
17 7 WOWOWOWO___OWOWO__WOS___SNSOSOSNWNWN_SNSNSNSNS_SNSN___NS__________
17 8 _WOWOWOWO_OWOWOW___WO___W_WNWNWNS_S__SNS__NSNS_SNSNSNSNSNS________
17 9 _OWOWOWOWOWOWOWOS___W_S___SN__SNSNWN___SOSNSNS_SNS__N_____________
17 10 OWOWOWOWOWOWOWOWW___S_S_S_W_O_SNO_SN___WNWNSNSNSNSNSNS____________
17 11 WOWOWOWOWOWOWOW_____O_W__OSNW_SNWNSO_SNSNSNSNSNSNS__NSN___________
17 12 _W_WOWOWOWOWOWO_S___N____NS__NSNSNSNNW_SNS__NSNONSNSNS____________
17 13 _O_OWOWOWOWOWOWOSO____O_SNWN__SNSN_NS_NSNSNS___SN_____NSNS________
17 14 OWOWOWOWOWOWOWOW_W____NOWOSNONONWN___SNSNSNSNSNONSNSNSN___________
17 15 WOWOWOWOWOWOWOWO______NWSN_OS_SNS_SNS_OSNSNS___SW_N_______________
17 16 OWOWOWOWOWOWOW_WS_O_S_____SW_NSNSNON_SNSNSNSNSNSNSNS______________
17 17 WOWOWOWOWOWOWO__S_W___S_OOWO_NSNSNS_NSNSNSNSNSNSN_________________
17 18 _WOWOWOWOWOWOWO_W_____WOWN_WONSNSN_NOSNSNSNSNSNSNSNSNSNSNSNSN_____
17 19 __WOWOWOWOWOWOWO____S_NWS_SNWWSNSNSNWS__N_________________________
17 20 O_OWOWOWOWOWOWOWO_O_____W__O_NONONO__SNSNSNSNSNSNSNSNSNSNS________
17 21 WOWOWOWOWOWOWOWOWOW_S_____SN_NWNW_WSNSNS__________________________
17 22 OWOWOWOWOWOW_WOWOW__W_S__OW___S____WNSNSNSNSNSNSNSNSNSNSNSNSNSN___
17 23 W_WOW_W_WOWO__W_N_______SNSN_NWNS_SNS____S_________SNSN____S______
17 24 ___W_____W_W______________SWSN_NS_____NSNSNSNSNSN_________________
18 0 ___O__________________S_O_N_N__SNSN_S_SNSNSNS_____________________
18 1 __OW____O_______S___O_S_NSOSNSO__SNS_NSNSNS__NS___S_______________
18 2 _OWO___OW_______WO__N_W__SNW__N_NSN_SNSNSN_NSNSN_NS_______________
18 3 _WOW__OW_________WO_O_S_NWNSOSNSNSNS_N_NSNSNSNSNSNSNS_____________
18 4 _OWO_OW____O_____OWOW_W_N__SN_NSN_OSS____NS__NSNSNSNSNSN__________
18 5 OWOWOW__O_OW____OWOW__S_OSOS__NSNSNW_NSNS__NSNSNSNSNSN____________
18 6 W_WOWO_OWOW_____NOW__OWONWNW___SOSO_N_S_S_SNSNSNSNSNSNSNS_________
18 7 __OWOWOWOW______OW__NW_WOSOSOSOSNSNS_NSNWNSNSN_W_N_____NS_________
18 8 _OWOWOWOW______OWO______NWNWN_N_N_OSSN_NS__NSNSN_NSNSNSNSNS_______
18 9 OWOWOWOWO_____OWOW____N__SOS__NSNSNW__SOSOSNSNSNSNS_______________
18 10 WOWOWOWOWO___OW_N___N_O_NWNW__N___N___WN_N_NSNSNSNSNSNS___________
18 11 OWOWOW_WOWO_OW________N___NSOSNS_SN_SOSNSNSNSNSN_NS__NS___________
18 12 WOWOWO__WOWOW___N________OO_WWN_NSN_SN_N_NS_SNSNSNSNSNS___________
18 13 _WOWOWO__WOWO___N_____S_OWNS__NSOSO_N_SNSNSN___WS______NSNS_S_____
18 14 _OWOWOWO_OWOWO________W_NONONSNSN_W__N_NSNSNSNSNSNSNSNS___________
18 15 _WOWOWOWOW_WOWO_______S_NW_WW_WSNSNSN_SNSNSN___W__________________
18 16 _OW_WOWOWO__WOWON___N____SOS_SNSNSN_SNSN_NSNSNSNSNSNS_____________
18 17 _W___WOWOWO__WOWO___S_O_S_NWO_NSNSWSONSNSN_NSNSN__________________
18 18 _O_O_OWOWOWO__WONO__W_N_W__SW_N_N___WNSNSNSNSNSNSNSNSNSNSNSN______
18 19 _WOWOW_WOWOWO__WOWO_N_S_OSNS__NSNSNS_N____________________________
18 20 _OWOWO__WOWOWO__WOW___WONW_____S_____NSNSNSNSNSNSNSNSNSNSN________
18 21 OWOWOW___W_WOWO__WO_O__W_SOSOS_S___OSNSNS_________________________
18 22 WOWOWO______W_WO_OWON_N__WNSWWO__S_N_N_NSNSNSNSNSNSNSNSNSNSNSNS___
18 23 OWOWOW_________WOW_WO_S_N_NW_SNSNSN_NS__SN________SNSN____SNS_____
18 24 W_W_W___________S___W____SNSNS_SNS_____NSNSNSNSN__________________
19 0 _O___________O___O__S_N_______SNSNS_NSN_NSNONS____________________
19 1 OWO_________OW__OW____O_SNSOSN__SNSN_SNSNSNS_SNS_SN_______________
19 2 WOW________OW___N_____N_WO_NW_S__NS_N_NSNS__NSNS__NS______________
19 3 OWO_______OW____S_O_S_O_SNSNSNSNSNSN_S__NSNSN_NSNSNSNS____________
19 4 WOWO_____OW____O_OWOWONOW_SNS_SNS_SON_____NS__NSNSNSNSNS__________
19 5 _WOWO_O_OW____OWSW_WSWOWSOSOW_SNWNSNS_NSNS__NSNSNSNSN_____________
19 6 _OWOWOWOWO___OWOWO__WON__NWN___NSN___SNSO_NSNSNSNSNSNSNSNS________
19 7 _WOWOWOWOWO_OWOWOWO_SW___OSOSNSNSNSNS_NWNSNSNS_S________N_________
19 8 _OWOWOWOWOWOWOWOWOWOWOS__NSN____O__ONS_SNS__NSNS__NSNSNSNSNS______
19 9 OWOWOWOWOWOWOWOWSWOWSW___OWOSOSNWN_NS_OSNSNSNSNSNSN__S____________
19 10 WOWOWOWOWOWOWOWOWOW_W_S_SNSNSWS_______NS_S_SNSNSNSNSNSN___________
19 11 OWOWOWOWOWOWOWOWSW______O_ONWOWNSNSONSNSNWNSNSNS__NS__NS__________
19 12 WOWOWOWOWOWOWOWOWO__S__OSOS_SN__WNOWNS_S_SNSN_NONSNSNSNS__________
19 13 _WOWOWOWOWOWOWOWSW__O_OWOWSNW_SNSNW_S_NWNWNS___SN_______NSNSN_____
19 14 __WOWOWOWOWOWOWOWO__S_NOS____N_NO_______NSNSNSNONSNSNSNS__________
19 15 ___WOWOWOWOWOWOWSWO___NWSSS_O__NWNSNS_NSNSN____S_________S________
19 16 _O_OWOWOWOWOWOWOWOW_____SNOOSNSNSNW_NSNS__NSNSNSNSNSN_____________
19 17 _WOWOWOWOWOWOWOWOW__O_S_O_SN__SN_NSNS_NSNS__NSNS__________________
19 18 _OWOWOWOWOWOWOW_WO__N___N_SNS_W_S_W___NSNSNSNSNSNSNSNSNSNSNS______
19 19 OWOWOWOWOWOWOWO_SWO_S_O_SOSN_S_NSNSNS____________S_S_____S________
19 20 WOWOWOWOW_WOWOWOWOWOS_N__NS___SN______N_NSNSNSNONSNSNSNSNS________
19 21 OWOWOWOW___WOW_WSW_WO____OWNSOSNS___NSNSNS_____S__________________
19 22 W_WOWOWO____WO__WO__W_S_SNSOWNW_SNS_____NSNSNSNSNSNSNSNSNSNSNSN___
19 23 ___W_WOWO____WO_NW__S_N____NSNSNSNS__NS_N________SNSN____SNSNS____
19 24 ______W_W_____W_W_______SNSN_NSN_NS_____NSNSNSNS__________________
20 0 ______O_O_______OO_ON________SNSN_NS_NS__NSNSNS___________________
20 1 _O___OWOWO______WWOW__S_OSNSOS_SNSNS_NSNSN_W_N_NSN________________
20 2 _WO_OWOWOW__O_____W__OWON__SN_NS_SN___SNSNS_SNSNS__N______________
20 3 _OWOWOWOW__OW___N___OW_WOSN_NSNSNSNS_NS__NSNS__NSNSNSNS___________
20 4 OWOWOWOW__OW_____O_ONO__N_N_OSNSO_N__S__S_SNS__NSNSNSNSN__________
20 5 WOWOWOWO_OW_____OWOWOW__NSOSNSN_NSNSNW_NWNS__NSNSNSNS_____________
20 6 _WOWOWOWOW______NOW_NO___SN_____NS___NSO___N_N_N_NSNSNONSNS_______
20 7 _OWOWOWOWO______OW__OW__S_NSNSNSNSNSNS_NSNSNSNSNS_____S_S_________
20 8 _WOWOWOWOWO_O___W___N_N__OO____S_____N_N_N__SNSNS__NSNONSNSNS_____
20 9 _OW_WOWOWOWOW___O___O____SNSNSN__SO_N_SNSNSNSNSNSNS_SNS___________
20 10 _W__OWOWOWOW____N___N_NONSNWOWOS__W___SN_O_N_NSNONSNSNS___________
20 11 ___OW_WOWOWO____O_____OWNONSN_NSOSN_SNWNSNSNSN_NS_SNS__N__________
20 12 O_OW___WOW_WO___NO__N_SOWSWOO___N____NSOSOSNS_SNONSNSNSN__________
20 13 WOWO___OWO__W___OW__N_OWN_NWNSNSNS__N_SNWNSN___WS_S______NSNS_____
20 14 OWOWO_OWOWO_____NO__W_SOW____W_S___S_____NSNSNSNSNSNSNONS_S_______
20 15 WOWOWOWOW_WO____OW____OWNNN_N__S_SOWN_SNSN_____W______S_SN________
20 16 OWOWOWOW___WO___N_____S_NONSWSN_N_N_SNSNS__NSNSNSNSNS_____________
20 17 WOWOWOW_____W___O_O___N__WWO_WOS_SOSNS_NSN___NSN__________S_______
20 18 _WOWOWO_________WOWO_O___SNSN_N_N_N____NSNSNSNSNSNSNSNSNSNSN______
20 19 _OWOW_W_________OWOWNW__NSNSON_SNSNSNS________S__NSN____SNS_______
20 20 OWOWO___________NOW_NO____O_W_N_______SS_NSNSNSNSNSNSNSNSN________
20 21 WOWOWO__________OW___W__S_NSOSOSN____NWNSNS____W__________________
20 22 OWOW_W__________N_____NONSNWNWNSNSN______NSNSNSNSNSNSNSNSNSNSNS___
20 23 WOW_______________O_N_OW___SNSNSN_NS_SNS________SNSN____SNSNSN____
20 24 _W______________S_W___S_NSNS__NS__N_S____NSNSNSN__S_______________
21 0 ______O_____________S___S___SNSNO_SN_SNS__N_NSNO__________________
21 1 _____OW________OSO__O_O_SNSN_NWNWNSN_SNSNS_____SNS________________
21 2 __O_OW____O___OW_WO_S_NOS__N__SNSN___SN_NSNSN_NSNS_____S__________
21 3 _OWOWO_O_OW__OWOS_WOS_OW_NSOSNWNSNSNS_NS__NSNS__NSN_NSN___________
21 4 _WOWOWOWOW__OWOWW_OWWOW_O_SW_N_N_____O_SO_NSNS__NSNSNSN___________
21 5 _OWOWOWOWO_OWOW__OWO_WO_SNWNSNS__NSNSNS_NSN___NSNSN_N_____________
21 6 _WOWOWOWOWOWOW__OWOW_OWO_NS_____SNS__SNS_S_O______NSNSNSNSN_______
21 7 _OWOWOWOWOWOWO_OWOW_SWOWN__NSNSNWNSNSNS_NWNWNSNSN_____W_NS________
21 8 OWOWOWOWOWOWOWOWSW__W_WOSNS___ON_________O_SN_NSN___NSNSNSNSNS____
21 9 WOWOWOWOWOWOWOWOS_____SWSWSOSOW_SNS___NSNWNSNSNSNSNSN_W___________
21 10 _WOWOWOWOWOWOWOWW___S_W_SNONON_NW____SO____S__NONSNSNSNS__________
21 11 _OWOWOWOWOWOWOWOS_____N_SNWNW_SNSNSONSNSNSNWNS_SWSNSNS____________
21 12 _WOWOWOWOWOWOWOWS___S_WOSWOO__W_S_OW_SN_O_NSNSN_NSNSNSNS__________
21 13 _OWOWOWOWOWOWOW_WO____NWO_WWSOSNWNW_S_N_NSNW____W_N______SNSN_____
21 14 _WOWOWOWOWOWOWO__W____WOWO__WN_N___OSS____NSNSNSNSNSNSNSNSNS______
21 15 _OWOWOWOWOWOWOWO____S_NWOS_SO_SNSNSNW_NSN________S_S__WSN_________
21 16 _WOWOWOWOWOWOWOW______WOSS_NSOW___S_N_NSNS__N_NSNSNSNS____________
21 17 _OWOWOWOWOW_WOWO____S__WO__NSNSNSNSNSN_SN__S__NS_________SN_______
21 18 OWOWOWOWOWO__WOWO___W_S_WNSWS___W_S___SSNSN_NSNSNSNSNSNSNSNS______
21 19 WOWOWOW_W_WO__W_WO__S_O__NSNW__NSN_NSNW______SN__SN__S_SNSNS______
21 20 OWOWOWO____WO____WO_W_W_______S_______ON_SNSNSNSNSNSNSNSN_________
21 21 WOWOWOWO____WO___OWO__S_N_SOSOSN__S___NSNWN______S_S______________
21 22 OWOWOWOWO____W__SW_WS_W__NWNSNSN_NS_____SSNSNSNONSNSNSNSNSNSNSNS__
21 23 W_W_WOW_W_____________N_S_SNWNWNS__NSNSNW______SNSN____SNSNSNS____
21 24 _____W__________N___S_W_SN_N__SN____NS____N_NSNS__N_______________
22 0 _________________O__NO__N__SN_OS_SN_SN_NS____NSNS_________________
22 1 _O_O___O_O______NW__NWO_NSNS__NS_SNS_NSNSNS____WSNS_______________
22 2 OWOW__OWOW_______O__WOWON__S__OSNS___NS_ONSNS__NSNS___SN__________
22 3 WOWO_OWOW_______OW__OWOW__NWNSNSNSNSNS_NW__NSNS__N___NW___________
22 4 OW_WOWOWO___O___N___NOS_NSO____________N___N_N__SNSNSNS___________
22 5 WO_OWOWOW__OW_______OWO_WONSNSNS__NSNSN_SNS____NWNS_______________
22 6 OWOWOWOW__OW__O_OO__WOW__SNS____O_NS_NSNSO________SNSNSNSNS_______
22 7 WOWOWOWO_OWO_OW_WW__OWO__S__NSNSNSN_NSNS_N___NSNS_S_____SN________
22 8 _WOWOWOWOWOWOWO_N___NOWON_N___O_________S__N___NS____NONSNSNSNS___
22 9 _OWOWOWOWOWOWOW_O____WOWNSNSN_WSOSNS___NW__NSNSNSNSN__S_____S_____
22 10 _WOWOWOWOWOWOWO_NO__NON_NOOWO__SN___SNS___SO___NSNSNSNSN__________
22 11 __WOWOWOWOWOWOW_NW___WS_NWWSW_OSNSNS_NSNSNSNSNSW_N_N_NS___________
22 12 __OWOWOWOWOWOW__O___N_W_NOOW__N_OSOS_NS_S__O_NS__NSNSNSN__________
22 13 _OWOWOWOWOWOWO__N___S_S__WWSOSNSNSWSN_W__NSNS_________S_SN_N______
22 14 _WOWOWOWOWOWOWO_____W_WO_N__NS______ONS_S__NSNSNONSNSNONSNSN______
22 15 _OWOWOWOWOWOWOW_O___N_SWNWSNNSOSNSN_N_WN________SNSNS_WNS_________
22 16 _WOWOWOWOWOWOWO_WO____WOWNWOWWN__SNS_O_N_NS____NSNSNSNS___________
22 17 _OWOWOWOW_WOWOW__W__O__W___WNSNSOSN_NWSNS_SN___N______S_SN________
22 18 _WOWOWOWO__WOWO_OO__NON___N_OW_SN_N___ON_NS__NSNSNSNSNSNSNSN______
22 19 _OWOWOWOWO__W_W_WW__OWS_OSNSNS__N___NSNS____SN__SN__SNSNSNSN______
22 20 OWOW_WOWOWO_____OO__NO__WW___SN_________SO_NSNSNONSNSNSNS_________
22 21 WOWO__W_WOWO____WW___WO_S_OSNWNS_SN____NWNS_____SNSN__S___________
22 22 OWOW_____WOW____NO__NONO__NSO_O___NS____ON_NSNSNSNSNSNSNSNSNSNSN__
22 23 W_WO______WO_____W___W_WNSN_NSNSNS_SNSN_NS_____WSN____SNSNSNSNS___
22 24 ___W_______W________N_S_N_____NS_____NS______NSN__________________
23 0 __________O____________O___NO__NON__NS__N_____NONS___S____________
23 1 ___O_O_O_OW__O_OS_____OWSN_NS__NWN_NS_N_NSNS___SN_NS______________
23 2 O_OWOWOWOWO_OWOWWO__SOWOWSSOS__NONS__SNO__N_N___NSN___O___________
23 3 WOWOWOWOWOWOWOW_SWO_OWNWS__N_N_NWN_NSN_S____NSNS______NS__________
23 4 _WOWOWOWOWOWOW__WOWOWOW_WNS___________OS________O_N_NSNS__________
23 5 _OWOWOWOWOWOWO_O_WOWOWS__N_NSN_NS__NSNWSNSN_____NSNS______________
23 6 _WOWOWOWOWOWOWOWS_WOW___SWSN______SNS_NSNO_____O__NSNSN_NSNS______
23 7 _OWOWOWOWOWOWOWO___WO____N___NSNSNW__NSN_S____NWNSNS___SN__S______
23 8 OWOWOWOWOWOWOWOW___OWO________S_____S_S_O______ONS____NSNSNSNSNS__
23 9 WOWOWOWOWOWOWOWOS_OWOWS_SNSOSO_NSNSNW___NS__NSNSNSN___W____SNS____
23 10 OWOWOWOWOWOWOWOWO_WOWOWOW_SNSW_N__O_N_NS__NS____NSNSNSN___________
23 11 WOWOWOWOWOWOWOWOW_OWSWOWSSOOWO_NSNSNS_NSNSNSNSN____S_SN___________
23 12 OWOWOWOWOWOWOWOWO_WOWONOWOSN_W___NONOSO_N__S__NO__NSNSNS__________
23 13 WOWOWOWOWOWOWOWOW_OWOWOWSW_NSN_NSNWNW_NS__NWNS_SS____SNSN_________
23 14 _WOW_WOWOWOWOWOWO_WONONOWS_O_N________O_N___NSNSNSNSNS__NSNS______
23 15 _OWO_OWOWOWOWOWOW_OWOWOWS_OWSOSNSNS___NS_______SWSNSNS_SN_________
23 16 OWOWOWOWOWOWOWOWO_WOWON_WONSSN__SN_NOS_O__NS____NSNSNSN___________
23 17 WOWOWOWOWOWOWOWOW_OWSWS_SW___OSNWNS_W_NWNSN__________SNSN_________
23 18 OWOWOWOW_WOWOWOWO_WOWOWOW_S_SN_N________S_NO__NONSNSNSNSNSN_______
23 19 WOWOWOWO__WOWOWOW_OWOWNWSO_NWNS______N_NW__SN__SN__SNSNSNSNS______
23 20 OWOWOW_WO__WOWOWO_WOWO___N___OO_________O__SNSNSNSNSNSNSN_________
23 21 WOWOWO__WO__WOWOW_OWOWO_N_SNSNWNSN______NSNW____WSN__SNS__________
23 22 OW_WOWO__WO__W_W__WOWOW___ON__O_O__N_______SNSNONSNSNSNSNSNSNSNS__
23 23 WO__W_W___W_____S__WOW__SNW_SNWNWNSNSNS__N_W___SN____SNSNSNSNSN___
23 24 _W______________W___S_N_S______NS_____N_______N___________________
24 0 __________________O______O__N___OO___N____O_O__N_NO_ON____________
24 1 __O___O___O_____O_W_____OW__W___WW__N____NWNW__W__WNW_____________
24 2 _OWO_OW__OW_____N_O_N___NNN_NO__OON__NONO_____O__NO_____O_________
24 3 _WOWOW__OW______O_W_O_O_O____W__WW__N_WWW____NWN__W____NW_________
24 4 __WOW__OWO______N_O_W_WON_NO_O________ON__O_______O_ONONO_________
24 5 __OWO_OWOW__O____OWO__NW___WNW__N___N_WN_NW______NWNW_W_W_________
24 6 _OWOWOWOW__OW__ONWOW_O_ON_NO_____OOON__NONO____OO_ON_NO__NON______
24 7 OWOWOWOW__OWO_OW_OWO_WOW___W__N_NWNW__N_WWW____WWNWN__WN__WN______
24 8 WOWOWOWO_OWOWOWO_WOW_OW____O__NO_O_OOON___O___ONON_____NONONONON__
24 9 OWOWOWOWOWOWOWOWN_WO_WO_O_NWN__WNWNWNW___NW__NWWWN______W_WNWNW___
24 10 WOWOWOWOWOWOWOWOO_OW__N_N_NOO____ON__O_N__ONO_O__NONONO___________
24 11 OWOWOWOWOWOWOWOWW_WOO___ONNWN_O_NWW_NW_N_NWNWNW___WNWNW___________
24 12 WOW_WOWOWOWOWOWO___WN___NOW__OW__OOOONO____O__ON___NONONO_________
24 13 _WO_OWOWOWOWOWOW________OW__NW__NWWWW_WN___N_NWWN___WNWNW_________
24 14 _OWOWOWOWOWOWOW_________NN_O___O_O______O____NONONONONO__NONO_____
24 15 OWOWOWOWOWOWOWO_________O__WN_NWNWN____NW_____WNWNWNWNWN__W_W_____
24 16 WOWOWOWOWOWOWOWO________NO_NN__OOO_OONO____NO____NONONO___________
24 17 OWOWOWOWOWOWOWOW_O__O_O_OW____NWNWNWW_W__N__W_____W_WNWN__________
24 18 W_WOWOWOWOWOWOW__WO_N_N_N_N_O___________O__N___N_NONONONONO_______
24 19 O_OWOWOWOWOW_WO___WO__O_N___N_N_________N__W___W__WNWNWNWNWN______
24 20 WOWOWOWOWOW___WOO_OW_OW____O_O____________OO_N_NON_NONON__________
24 21 OWOWOWOWOWO____WW_WO_W____NWNW__N________NWN____WN__WNWN__________
24 22 WOWOWOWOWOW_______OW_O___OOO_OOOOO_O_______O_NONON_NONONONONONON__
24 23 _WOWOW_W_W______O_W_NW__NWWWNWWWWWNWN_N____N__WWW___WNWNWNWNWNW___
24 24 __W_W___________N___W___N_______N_________________________________