0 0 O_O_O________________S______S___________S_S__S_S___________S____________
0 1 WOWOWO_____O_____O___SO__O__S___S_SO__O_S__O_S_SO_O_S________SO_________
0 2 OWOWOW__O_OW____OW____WO_W__S___S__W_SW___SW_S_SWSW_S_________WS________
0 3 WOWOWO_OWOWO___OW_____OW____S_O_SOSO_S___OSO_S____O_S________SO___SO____
0 4 OWOWOWOWOWOW__OWO_O___W_______W__W_W_S__SWSW_S_S_SW_S__S______W____W_S__
0 5 W_WOWOWOWOWO_OWOWOW_____SO__S_O_SOSO_____OSO_S____O___________OSO_S_____
0 6 ___WOWOWOWOWOWOWOW_______W____W__W_W_S__SWSW_S_S_SW_S__S_____SWSW_______
0 7 _O_OWOWOWOWOWOWOW____SO_S___S_O_SOS__SO_SO____O_OS___________SOS__SO____
0 8 _WOWOWOWOWOWOWOWO_____WO______W__W____W__WS__SWSWS____________WS___W____
0 9 _OWOWOWOWOWOWOWOW____SOW_O__S___SOSO_S__SOSO_S__O_O___O______SO_________
0 10 _WOWOWOWOWOWOWOW______WO_W_O_____W_W_S__SWSW_S_SWSW_S_W_______WS________
0 11 _OWOWOWOWOWOWOW______SOW_O_WS___SOSO_S___O______OSO_S__S___SOSOSO_SO____
0 12 OWOWOWOWOWOWOWO_______WO_W_______W_W_S__SWS____SWSW_S__S____W_WSW_SW____
0 13 WOW_WOWOWOWOWOWO_____SOW_O__S_O_SOS___O_SOSO__O_OS____O__O__OSO____O_S__
0 14 OWO_OWOWOWOWOWOWO_____WO_W____W__W___SW_SWSW_SWSW___S_WS_W_SW_WS__SW____
0 15 WOWOWOWOWOWOWOWOW____SOW____S_O_SOS___O__OSO_S__OSO_S____O__O__SO_______
0 16 OWOWOWOWOWOWOWOWO_____W_S_____W__W___SW_SWSW_S_SWSW____S_W_SW___W_S_____
0 17 WOWOWOWOWOWOWOWOW____SO_S___S___SO____O__O______OSO____S____O_OS________
0 18 _WOWOWOW_WOWOWOWO_____W_____S____W___SW_SW___S_SWSW_S__S___SWSW_________
0 19 _OWOWOWO__WOWOW_WO___SO_______O____O_SO_SO_O____OSO____S_____SO_________
0 20 OWOWOW_WO__WOWO__WO___WO____S_W_S_SW_SW__WSW_S_SWSW_S__S______W_________
0 21 WOWOW___WO__WOW___W___OWS________O_O_SO_SO____O_OSO____S____O_OSO_S___O_
0 22 OWOW_____W___WO_______WO________SWSW__W__W___SWSWSW_S__S___SWSWSW_S__SW_
0 23 WOW___________WO_____SOW_O__S________SO_SO___S__OS____O__O______________
0 24 _W_____________W______W__W__S___S_____W_SWS____SW___S_WS_W______________
1 0 _O_____O_________S___N____S_N_________S_NSNS_NSN_________S_N____________
1 1 _WO_O_OW__________O__N_____ON_SONSN_____N___ONSNS___N_S_____SN__________
1 2 __WOWOW______O_O__WO__O__O_WN_SWN___SNS__SNSWNSNSNS_N__________N________
1 3 O_OWOW______OWOW_SOWO_WO_WSON_SONSN_SN____NSONS_S__ON_S_____SNS__SN_____
1 4 WOWOWO_____OWOWO_SWOW_OW_O_W_O_W____SNS_NSNSWNSNSNSWN_SN_____________N__
1 5 OWOWOW____OWOWOW_SOWO_WONWSONWSONSN_S_____NSONS____O__S________N_SN_S___
1 6 WOWOW____OWOWOWO__WOW_OW_O_W_O_W___OSNS_NSNSWNSNSNSWN_SN____SNSN________
1 7 OW_WO___OWOWOWOW__OWONWONWSONWSONSNWSNS_N___O_S__NS_________SNSN_SN_____
1 8 W___WO_OWOWOWOWO__WOW_OW_O_W_O_W_S_OS_S__SNSWNSNSN_____________N_S__S___
1 9 __O__WOWOWOWOWOW__OWONWO_WSONWSONSNWSNS_N_NSONS____O__S__S__SN__________
1 10 _OW__OWOWOWOWOWO__WOW_OW_O_W_O_W___O_NS_NSNSWNSNSNSWN__________N_S______
1 11 _WO_OWOWOWOWOWOW_SOW_NWO_WSONWSONSNWSNS__S_______NSON_SN_S_NSNSN_SN_____
1 12 _OWOWOWOWOWOWOWO__WO__OW_O_W_O_W_____NS_NSNS__SNSNSWN_SN_S_____N__N_S___
1 13 OWOWOWOWOWOWOWOW_SOWONWO_WSONWS_NSN_____N_NS_____N_O__S___O_SNS______N__
1 14 WOWOWOWOWOWOWOW__SWOW_OW_O_W__S_____SNS_NSNS_NSNS_SWN_SN_SWN___N_SN_____
1 15 OWOWOWOWOWOWOW___SOWONWO_WSON_SONSN_______NS_NS__NS_N_S___O_S_SN_S______
1 16 WOWOWOWOWOWOWO___SWOW_OWN__W___W_S__SNS_NSNS_NSNSNS___SN_SWN______N_S___
1 17 _WOWOWOWOWOW_WO__SOWONW_N_S_N_SONS____S__________NSO__SN__O____N_S______
1 18 _OWOWOWOWOWO__WO_SWOW_____S_N__W_S__SNS_NS_S_NSNSNSWN_SN_SWNSNS_________
1 19 _WOWOWOWOWOW___W_SOWON_____O__S______NS_N___O____NSO__SN_S__SN__________
1 20 _OWOWOWOWOWO______WOW_O__OSWN_S_NSN_SNS__SNSWNSNSNSWN_SN________________
1 21 OWOW_WOWOWOWO____SOWO_WONW_O___O____SNS_N___O_S__N_O__SN__O____N_SN_S_S_
1 22 WOWO__WOW_W_WO___SWOW_OW_OSW__SWNSN________SWNSNSNSWN_SN_SWNSNSN_SN_SN__
1 23 OWOW___W_____W____OW_NW__W_ON_S_____SNS_N__S_N___NSO__S_________________
1 24 W_W______________SW________WN_S_N_______NSNS__SN__SWN_SN________________
2 0 O_O___O__________NO__S____NOS___S____SN_SNSN_SN________S_N______________
2 1 WOWO_OWO___O______WO__O__O_W__N_SN____________NSN_____NS___SN___________
2 2 _WOWOWOWO_OW_______WOSW_SW____N_S_S_N_N_SNSN_SNSNSN________S____________
2 3 _OWOWOWOWOWO_____N_OW_O__ON_S_N_SNS_NS_____N__NSN___S_NS___SNSNS_N______
2 4 _WOWOWOWOWOW____ON_WOSW_SW_O______S_NSN_SNSN_SNSNSN_S_N_________________
2 5 _OWOWOWOWOWO_O_OWN_OW____ONW__N__NSONS_____N_SNS_____ON__________N__NS__
2 6 OWOWOWOWOWOWOWOWO__WOS__SW_OS___S_SWNSN_SNSN_SNSNSN_SWN____SNSN_________
2 7 WOWOWOWOWOWOWOWOW__OW____ONWS_N_SNSONSN_______N___N________SNSNSONS_____
2 8 OWOWOWOWOWOWOWOWO__W____SW_OS___SNSWNSN_SNSN_SNSN_______________WNS_N___
2 9 WOWOWOWOWOWOWOWOW_______S_NWS_N_SNSONSN_S__N__NS______NS_N_SN___________
2 10 _WOWOWOWOWOWOWOWO____S__S__O______SW_SN_SNSN_SNSNSN_S__S_________N______
2 11 _OWOWOWOWOWOWOWOWN_O______NW__N_SNS_NSN_SN________N__ONS_N_SNSNSON______
2 12 OWOWOWOWOWOWOWOWO__W_S_____O______S__SN_SNSN_SNSNSN_SWNS_N______W_S_NS__
2 13 WOWOWOWOWOWOWOWOWN____O_S_NWS_N_SNSO_S__S__N_S_S_____ONS___SNSN_O_______
2 14 _WOWOWOWOWOWOWOWON___SW_S__O__N___SWNSN_SNSN_SNSNSN_SWNS_N_____SWNS_____
2 15 _OWOWOWOWOWOWOWOWN____O_S_NWS_N_SNSO_______N__N___N__ON_O__SNSNS_N______
2 16 OWOWOWOWOWOWOWOWON___SW____O_____NSWNSN_SNSN_SNSNSN_SWNSWN__________NS__
2 17 WOWOWOWOWOWOWOWOWN________NWS_N_SNS__SN___________N__ONS_________NS_____
2 18 OWOWOWOWOWOW_WOWON________N_S___SNS_NSN_SNSN_SNSNSN_SWNS_N_SNSNS________
2 19 WOWOWOWOWOWO__WOWN___SO_____S_N______SN_S_________N__ONS_N_SN___________
2 20 _WOWOWOWOWOWO__WO_O___W___NOS_N_SNS_NSN_SNSN_SNSNSN_SWN____S____________
2 21 _OWOWOWOW_WOWO__WNW__S_____W______S_NSN_S_____NS_____ONS_________N_ONSN_
2 22 _WOW_WOWO__WOWO__NO_______N_S_N_SN___S____SN_SNSNSN_SWNS_N_SNSNS_NSWN___
2 23 _OW___W_W___W_WO__W___________N_S_SONSN_S_SN______N__ONS________________
2 24 _W_____________W_N____________N_S__W____SNSN_SNS_SN_SWNS________________
3 0 ____________O____S___N___OS_NO__NS__SNS_NSNS_NS_______SN________________
3 1 _O___O___O_OW_____O____O_WSO_WSONS__________O_SNS______N_S_N____________
3 2 _WO_OWO_OWOW_____SWO_NOWNO_W___WNSN_S_S_NSNSWNSNSN_______S_N____________
3 3 _OWOWOWOWOW_______OWO_WO_W_ON_S_NSN_SNS_____O_SNS_S_N__N_S_NSNSN________
3 4 _WOWOWOWOW_______SWOWNOWNOSW__S__SN_SNS_NSNSWNSNSNS_N____S______________
3 5 _OWOWOWOW_________OWO_WO_W_O______N_SNS_____ON_N___O_________________NS_
3 6 OWOWOWOW____O_____WOWNOWNOSWN_S_NSNOSNS_NSNSWNSNSNSWN____S_NSN__________
3 7 W_WOWOWO_O_OW_____OWO_WO_W_ON__ONSNWSNS_____O___S________SONSNSN_SN_____
3 8 O_OWOW_WOWOWO_____WOW_OWN_SWN_SWNSNOSNS_NSNSWNSNS_________W_S_____N_____
3 9 WOWOWO_OWOWOW_____OWO_W_N__ON_S_NSNWSNS_NS_S___N__S___SN_SON____________
3 10 _WOWOWOWOWOWO____SWOWNO_N_SW__S__SNOSNS_NSNS_NSNSNS_N_SN__W_____________
3 11 _OWOWOWOWOWOW_____OWO_W____O__S_NSNWSNS_NS__O______O__SN_S_NSNSN________
3 12 _W_WOWOWOWOWO_____WOWNO___SW__S__SN_SNS_NSNSWNSNSNSWN_SN__________N_SN__
3 13 _O_OWOWOWOWOW_____OW__WON_S_N_S_NSN_SNS_N___ONSN___O__SN_SONSN__________
3 14 OWOWOWOWOWOWO_____WO_NOWN_S__OS__SN_SNS_NSNSWNSNSNSWN_SN__W___SN__N_____
3 15 WOWOWOWOWOWOW____SOWO_W_N_SONWS_NSN_S_______O_S____O__S__S_NSNSN________
3 16 _WOWOWOWOWOWO_____WOWN_____W_O___SN_SNS_NSNSWNSNSNSWN_SN_____________NS_
3 17 _OWOWOWOWOWOW____SOW______S_NWS_NSN_SN___S__O_S____O__SN_S__S_____N_____
3 18 _WOWOWOWOWOWO_____WO________N_S_NSN_SNS_NSNSWNSNSNSWN_SN_S_NSNSN_S______
3 19 _OWOWOWOWOWOW____SOW_N____S_N_S__S__SN__NS__O_S____O__SN_S_N____________
3 20 OWOWOWOWOW_W______WO______S_N_S_NSN_SNS_NSNSWNSNSNSWN____S_NS___________
3 21 W_WOWOWOWO_______SOW_N____S____O_SN_SN__NS__O_SN___O__SN__O__________NS_
3 22 __OWOW_WOWO_______WO______S_NOSWNS__SN___SNSWNSNSNSWN_SN_SWNSNSN_SN_____
3 23 _OW_W___WOWO_____SOWO________WS_NSN_SNS_NSN_O______O___N_S______________
3 24 _W_______W_W______W_W_____S_____NS__S_S_NSNSWNSNSNSWN_SN________________
4 0 ____O_______O____NO__S____N_S____NS_NSN_SNSN_SNS____S_N_________________
4 1 ___OW______OW_____WO__O___N_S_N_SNS___________N_N______S_N______________
4 2 __OW__O_O_OW_____NOWOSWO____S___SNS_NSN_SNSN_SNSN______S_N______________
4 3 _OWO_OWOWOW__O____WOW_OWS___S_N_SNS_NSN_______NSNSN____S_N_SNSN_________
4 4 _WOWOWOWOWO_OW__ONOWO_WOS_NOS_N_SNS_NSN_SNSN_SNSNSN____S_N______________
4 5 _OWOWOWOWOWOWO_OW_WOW_OW___W_O__S___NSN______S________________________N_
4 6 OWOWOWOWOWOWOWOWO__WO_WO__NOSWNOSNS_NSN_SNSN_SNSNSN_S__S_N_SNS__________
4 7 WOWOWOWOWOWOWOWOW___W_OW_O_W___W_NS_NSN_S_S__S_SN______SON_SNSNS_N______
4 8 OWOWOWOWOWOWOWOW______WO_WNO__N_SNS_NSN_SNSN_SNSN_______W__SN___________
4 9 WOWOWOWOWOWOWOW________W_O_W_ON__N__NSN_SNSN_____SN_S_NSON_S____________
4 10 _WOWOWOWOWOWOW___NO______WNOSWN_SNS_NSN_SNSN_SNSNSN_S_N_W__S____________
4 11 _OWOWOWOWOWOW_____WO____SO_W__N__NS_NSN_SNS_________S_NS_N_SNSN_________
4 12 OWOWOWOWOWOWO______W_____WN_S_N_SNS_NSN_SNSN_SNSNSN_S_N_____________NS__
4 13 W_WOWOWOWOWOWO__________SON___N_SNS_NSN_S_____NS_____ONSON_SN___________
4 14 O_OWOWOWOWOWOWO___O______WN_S_N_SNS_NSN_SNSN_SNSNSN_SWN_W____SN_________
4 15 WOWOWOWOWOWOWOWO_NW__S__SON___N_SNS_N_________NS_____ONS_N_SNSN_________
4 16 _WOWOWOWOWOWOWOWO___O____W_O____SNS_NSN_SNSN_SNSNSN_SWN_______________N_
4 17 __WOWOWOWOWOWOWOWN_OW____ONW__N__NS_NS__SN____N______ONS_N_SN___________
4 18 O_OWOWOWOWOW_WOW__OWO___SW__S_N_SNS_NSN_SNSN_SNSNSN_SWNS_N_SNSNS_N______
4 19 WOWOWOW_WOWO__WO_NWOW___S_N_S_N_SNS_N____NS___NS____S_NS_N_S____________
4 20 _WOW_WO__WOWO__WO_OW______N_S_NOSNS_NSN_SNSN_SNSNSN_S__S_N_SN___________
4 21 _OWO__WO__WOWO__WNW_______N__O_WSNS_N____N____NS_____ONSO_______O_____N_
4 22 OWOWO__W___WOWO___O_______NOSWN_SNS_N___SNSN_SNSNSN_SWNSWN_SNSNSWNS_____
4 23 WOW_WO______WOWO_NW__S_____WS_N_SNS_NSN_SN___S___________N______________
4 24 _W___W_______W_W_____S____N_S___SNS_NSN_SNSN_SNSNSN_S_N_________________
5 0 _____O_______________N____S_N_S__SN_SNS_NSNS_NSN__S_N___________________
5 1 ____OW__O________S________S_N_S_NSN_S__O____O_S_______SN________________
5 2 ___OW__OWO_______S___NO__OS_N_S_NSN_SNSWNSNSWNSN______SN________________
5 3 O_OW__OWOW________O_O_WONWSON_S_NSN_SNS____S__SNSNS___SN_S_NSNS_________
5 4 WOW__OWOWO_______SWOW_OWN__WNOS_NSN_SNS_NSNS_NSNSNS___SN_S______________
5 5 _WO_OWOWOWO_______OWO_W___SO_W__NS___NSO_S_SON__S_S___S___O_____________
5 6 __WOWOWOWOWO_____SWOW_O__O_WNOS_NSN_SNSWNSNSWNSNSNS_N_SN_SWNSN__________
5 7 __OWOWOWOWOW______OWO_WO_WSO_WS___N_SNSONSNS_NSNS_____SN_S_NSNSN________
5 8 _OWOWOWOWOWO_____SWOW_OW_O_W____NSN_SNSWNSNS_NSNS_S______S_N____________
5 9 OWOWOWOWOWOW______OWO_WO_WS__________NSONSNSO_S_SNS_N_SN___N____________
5 10 WOWOWOWOWOWO_____SWOW_OW_O__N_S_NSN_SNSWNSNSWNSNSNS_N______N____________
5 11 _W_WOWOWOWOW______OWO_WONW_O_____SN_SNS_NSNS__S_S_S_N_SN_SONSNS_________
5 12 ____WOWOWOWO______WOW_OW_OSWN_S_NSN_SNS_NSNS_NSNSNS_N_____W__________N__
5 13 ____OWOWOWOW______OWO_WONW______NSN_SNS_NS_____NS__O__SN_S_NS___________
5 14 _O_OWOWOWOWO______WOW_OW__S_NOS_NSNOSNS_NSNS_NSNSNSWN_______SN__________
5 15 _WOWOWOWOWOW______OWONW_N__O_W__NSNWS_______O_SNS__O__SN_SONSN__________
5 16 _OWOWOWOWOWO_____SWOW_____SW_OS_NSN_SNS_NSNSWNSNSNSWN_____W_____________
5 17 OWOWOWOWOWOW______OWO______O_WS__SN_SNS_N___O_S____O__SN_S_NS___________
5 18 W_WOWOWOWOWO______W_W_O_N_SWN_S_NSN_SNS_NSNSWNSNSNSWN_SN_S_NSNSN_S______
5 19 __OWOWOWOWOW_____SO___W_N___N_S_NSN_S_____N_O_SN__S_N_SN___NS___________
5 20 _OWOWOWOWOW______SWO______S_NOS_NSN_SNS_NSNSWNSNSNS_N_SN_S_NS___________
5 21 _WOWOWOWOW________OWO______O_WS_NSN_S__O____O_SN___O___N_S______________
5 22 _OWOW_WOWO_______SW_W_O___SWN_S_NSN___SWNSNSWNSNSNSWN_SN_S_NSNSN_SN_S___
5 23 OWOW___W_WO__________NW___S_N_S_NSN_SNS_N__S_N__S_______________________
5 24 W_W_______W______S___N____S_N_S_NSN_SNS_NSNS_NSNSNS_N___________________
6 0 O___O________________S____N_S_N_SNS_NSN_SNSN_SNS_SN_____________________
6 1 WO_OW____O_______N___S____N__ON_SNS_NS________NS_S__S_N_________________
6 2 OWOWO___OW_______N___S____N_SWN_SNS_NSN_SNSN_SN_____S_N_________________
6 3 WOWOWO_OWO________________N___N__NS_NSN_S_SN_SNSNSN_S_NS_N_SNSNS________
6 4 _WOWOWOWOWO______NO________OS_N_SNS_NSN_SNSN_SNSNSN_S_NS_N_S____________
6 5 __WOWOWOWOW_______WO______NWS____N____N__NSN___SNSN_S_NS________________
6 6 ___WOWOWOW____O_ONOWOS________N_SNS_NSN_SNSN_SNSNSN_S_NS_N_SN___________
6 7 _O_OWOWOWO___OWOW_WOW_O_S_N_SON_S___NSN__NSN_SNSNS__S_NS_N_SNSN_________
6 8 _WOWOWOWOWO_OWOWONOWO_WOS__O_W__SNS_NSN_SNSN_SNSNSN_S__S_N______________
6 9 _OWOWOWOWOWOWOWOW_WOW_OW_ONWS________SN__NSN__NSNSN_SON_________________
6 10 OWOWOWOWOWOWOWOW_NOWO_W_SW_OS_N_SNS_NSN__NSN_SNSNSN__W__________________
6 11 WOWOWOWOWOWOWOW___WOW_O_S__W_O__SNS_NSN_SNSN_SNSNSN_S_NSON_SNSNS________
6 12 _WOWOWOWOWOWOW_____WO_WOS_NOSWNOSNS_NSN_SNSN_SNSNSN_____W_______________
6 13 __WOWOWOWOWOWO______W_OW_O_WS__W_NS_NSN_SNS_____N___S_NS_N_SN___________
6 14 ___WOWOWOWOWOWO_______W_SWNOS_N_SNS_NSN_SNSN_SNSNSN_S______SN___________
6 15 _O__WOWOWOW_WOW______S_____W_O__SN__NS________NSN___S_NS_N_SN___________
6 16 OW__OWOWOWO__WO__NO__S____NOSWN_SNS_NSN_SNSN_SNSNSN_S___________________
6 17 WO_OWOWOWOWO__WO__W________W_ON_SNS_NSN_______NS_S__S_NS_N_SNS__________
6 18 _WOWOWOWOWOWO__WO____S____N_SWN_SNS_NSN_SNSN_SNSNSN_S_NS_N_SNSNS_N______
6 19 _OWOWOW_WOWOWO__WN____O_____S_N_SNS_N_________N__SN_S_N_____NS__________
6 20 _WOWOW___W_W_WO__NO__SW_S_NOS_N_SNS_NSN_SNSN_SNSNSN_S_NS_N_SNS__________
6 21 _OWOWO________W___W___O_S__WS_N_SNS_NS________NS_____O___N______________
6 22 OWOWOWO__________NO__SW___N___N_SNS__SN_SNSN_SNSNSN_SWNS_N_SNSNS_NS_NS__
6 23 WOWOW_W___________W__S____N_S_N_SNS_NSN___SN___SN_______________________
6 24 _W_W_____________N___S____N_S_N_SNS_NSN_SNSN_SNSNSN_S___________________
7 0 _O_____O___O_________N____S_N_S_NSN_SNS_NSNS_NSNSN______________________
7 1 OW____OW__OW_____S___N__________NSN__N_________NSNS_N_S_________________
7 2 WO_O_OW__OW______S___NO___S_N_S_NSN_SNS_NSNS_NS_S_S_N___________________
7 3 OWOWOWO_OWO_______O_O_W___S_______N_SNSONSNS_NSNSNS_N_SN_S_NSNSN________
7 4 WOWOWOWOWOW______SWOW_____S_N_S_NSNOSNSWNSNS_NSNSNS_N_SN_S_N____________
7 5 OWOWOWOWOW______OSOW______S_N______W___O_SNSO_SNSNS_N_SN________________
7 6 WOWOWOWOW__O___OWSWO_N________S_NSNOSNSWNSNSWNSNSNS_N_SN_S_N__S_________
7 7 OWOWOWOW__OW__OWOSOW____N_SON_S_NS_W_N_O_SNS_NSNSNS_N_SN_S_NSN__________
7 8 WOWOWOWO_OWO_OWOWSW_____N__W_O__NSNOSNSWNSNS_NSNSNS_N_SN________________
7 9 _WOWOWOWOWOWOWOW__O_________NWS____W_N_O_SNSO_SNSNSON___________________
7 10 _OWOWOWOWOWOWOW__SW_____N_S_N_S_NSN_SNSW_SNSWNSNSNSW__S_________________
7 11 OWOWOWOWOWOWOWO___O_____N_S___S_NSN_SNS_NSNS_NSNSNS_N_SN_SON_NSN_S______
7 12 W_WOWOWOWOWOWOW__SW_____NOS_N_S_NSN_SNS_NSNS_NSNSNS_______W_____________
7 13 __OWOWOWOWOWOW____O______WS_N_S__SN_SNSONSNSO_S_S_S_N_SN_S_N____________
7 14 _OWOWOWOWOWOWO___SWO__O_NOS_N_S_NSNOSNSWNSNSWNSNSNS_N_S__S_N____________
7 15 OWOWOWOWOWOWOWO___OWONW__WSO__S_N__W_N_O_S_S___NS_S_N_SN_S_N____________
7 16 WOWOWOWOWOWOWOW__SWOWN_____WN_S_NSN_SNSWNSNS_NSNSNS_N_S_________________
7 17 OWOWOWOWOWOWOWO___OWO_____S___S_NSN_SNSO_S__O_SNSNS_N_SN___NSNS_________
7 18 WOWOWOWOW_WOWOWO_SWOWN____S_N_S_NSN_SNSWNSNSWNSNSNS_N_SN_S_NSNSN________
7 19 OWOWOWOWO__W_W_WO_OW______SON_S_NSN____O_S__O_S_SNS_N________N__________
7 20 WOWOWOWOWO______WSWO_NO_N__WN_S_NSN_SNSWNSNSWNSNSNS_N_SN_S_NSN___S______
7 21 OWOW_WOWOWO_______OW__W_N_SON_S_NSN__N_O_S_SO_SNS_______________________
7 22 WOWO__W_WOW______SW__N_____W__S_NSN_SNSWNSNSWNSNSNS_N_SN_S_NSNSN_SN_SN__
7 23 OW_WO____WO______SO__N____S_N_S_NSN_SNS__SN___SN________________________
7 24 W___W_____W______SW__N____S_N_S_NSN_SNS_NSNS_NSNSNS_N_S_________________
8 0 _O_________O_O_______S____NOS_N_SNS_NSN_SNSN_SNSNS______________________
8 1 OWO_O_____OWOW___N_______O_WS____NS____________SNSN_S_N_________________
8 2 WOWOW____OWOW____N___S_O_WN_S_NOSNS_NSN_SNSN__NSNSN_____________________
8 3 _WOWO___OWOW__________OW__N____W___ONSN_SNSN_SNSNSN_S_NS_N_SNSNS________
8 4 _OWOW__OWOW____O_NO_O_W_S_N_S_N_SNSWNSN_SNSN_SNSNSN_S_NS_N_S____________
8 5 OW_WO_OWOW__O_OW_NWOW_____N__O_____O_S___NSN_SNSNSN_S_NS________________
8 6 W__OWOWOW__OWOWO_NOW_______OSWN_SNSWNSNOSNSN_SNSNSN_S_NS_N_S_SN_________
8 7 __OWOWOW__OWOWOW_NWO__O___NW__N_SN_O_S_W_NSN_SNSNSN_S_NS_N_SN___________
8 8 _OWOWOWO_OWOWOWO_NOW_SW_____S___SNSWNSNOSNSN_SNSNSN_S_N_________________
8 9 _WOWOWOWOWOWOWOW__W__S_______ON_S__O_S_W_NSN_SNSNSN_S___________________
8 10 _OWOWOWOWOWOWOW__NO_______N_SWN_SNSWNSN_SNSN_SNSN_N_S_N_________________
8 11 OWOWOWOWOWOWOW____W_______N_SON_SNS_N_N_SNSN_SNSNSN_SONSON____NS_N______
8 12 WOWOWOWOWOWOWO___NO_______N__WN_SNS_NSN_SNSN_SNSNSN__W__W_______________
8 13 OWOWOWOWOWOWOW____W__SO_S_N_SON_SNS_N_N__NSN__NSNSN_S_N__N______________
8 14 WOWOWOWOWOWOWO___NO___W___N__WN_SNS_NSNOSNSN_SNSNSN_S_NS_N______________
8 15 OWOWOWOWOWOWOWO___W__S____N_SON_S_S____W_NSN____NSN_S_NS_N_S____________
8 16 WOWOWOWOWOWOW_WO_N__O________WN_SNS_NSN_SNSN_SNSNSN_S_NS________________
8 17 OWOWOWOWOWOWO__W___OW_____N_SON_SNS_N_N__N____NSNSN_S_N_____N_N_________
8 18 WOWOWOWOW_WOWO___NOW______N__WN_SNS_NSN_SNSN_SNSNSN_S_NS_N_SNSNS________
8 19 _WOWOWOWO__WOWO___W_____SON_S_N_SNS______N____NSNSN_____________________
8 20 _OWOWOWOWO__WOWO_NO______W_O__N_SNS_NSN_SNSN_SNSNSN_S_NS_N_SN__S_N______
8 21 OW_WOWOWOW___WOW__WO_SO_SONWS_N_SNSO_S___NSN__NSNS______________________
8 22 WO__WOWOWO____WO_N_W__W__W_O__N__NSWNSNOSNSN_SNSNSN_S_NS_N_SNSNS_NS_NS__
8 23 _W___WOW_WO____W_N___S__S_NWS_N_SNS_N_NWSN___SNS________________________
8 24 ______W___W______N________N_S_N_SNS_NSN_SNSN_SNSNSN_S_N_________________
9 0 _________O___________N____S_N_S_NSN_SNS_NSNS_NSNSN______________________
9 1 ____O___OWO______SO_________N_S___N____O_S_S__SNSNS_N___________________
9 2 _O_OWO_OWOW____O__W__NO___S_N_S_NSNOSNSWNSNS__SNSN______________________
9 3 _WOWOWOWOW____OW_SO_O_WO______S__S_W_NS_NSNSONSNSNS_N_SN_S_NSN_N_S______
9 4 _OWOWOWOW____OW___WOW_OWN_S_NOS_NSNOSNS_NSNSWNSNSNS_N_SN_S_N____________
9 5 _WOWOWOW____OW___SOWO_W______W_O_S_W_NS__SNSONSNSNS_N_SN_S______________
9 6 __WOWOW____OW____SWOW_O___S_NOSWNSN_SNS_NSNSWNSNSNS_N_SN_S_NSN__________
9 7 O_OWOWO___OWO_O_OSOWO_W____O_W__N____NS__SNSONSNSNS_N_SN_S_N____________
9 8 WOWOWOWO_OWOWOWOWSWOWN____SWNOS_NSN_SNS_NSNSWNSNSNS_N_S_________________
9 9 OWOWOWOWOWOWOWOWOSOWON_____O_W__N____N___SNS_NSNSNS_N_S_________________
9 10 WOWOWOWOWOWOWOWOWSWOW_____SWN_S_NSN_SNS_NSN__NSNS___N_S_________________
9 11 _WOWOWOWOWOWOWOW_SOW______SON_S_NSN____ONSNS_NSNSNSON_SN_______N________
9 12 _OWOWOWOWOWOWOW___W___O____W_O__NSN_SNSWNSNS_NSNSN_W____________________
9 13 OWOWOWOWOWOWOW___SO__NW_N_S_NWSONSN______SNSO_SNSNS_N___________________
9 14 WOWOWOWOWOWOW_____WO__O___S____WNSN_SNS_NSNSWNSNSNS_N_SN_S______________
9 15 _WOWOWOWOWOWO____SOW_NW___SON_S_NSN_S____SNSO___SNS_N_SN___NS___________
9 16 _OWOWOWOWOWOWO___SWO_______W_O__NSN_SNS_NSNSWNSNSNS_N_SN________________
9 17 OWOWOWOWOWOWOWO__SOWO_____S_NWS_NSN_S__O______SNSNS_N___________________
9 18 WOWOWOWOWOWOWOWO_SWOW_O___S_____NSN_SNSWNSNS_NSNSNS_N_SN_S_NSNSN_S______
9 19 OWOWOWOWOWOWOWOWOSOWO_WON_S_N_S_N_N_S_S__S____SNSN______________________
9 20 WOWOWOWOWOWOWOWOWSWOW_OW__S__OS_NSN_SNS_NSNS_NSNSNS_N_SN_S_NS_SN________
9 21 OWOWOWOWOW_W_WOW__OWONW_N_S_NWS_NSN__N_O_SNS__SNSNS_____________________
9 22 WOWOWOW_W_____WO_SWOW_O___S______SN_SNSWNSNS_NSNSNS_N_SN_S_NSNSN_SN_SNS_
9 23 OWOWOWO________WO_OW_NW_N_S_N_S_NSN___S_NS_SONSN________________________
9 24 W_W_W_W_________WSW_______S_N_S_NSN_SNS_NSNSWNSNSNS_N_S_________________
10 0 __O_O_________O______S____NOS_N_SNS_NSN_SNSN_SNSNS______________________
10 1 _OWOW__O___O_OW__N___S___O_W__N_S_S__S__SNSN_SNSNSN_S___________________
10 2 OWOWO_OWO_OWOW____O__S_O_WNOS_N_SNS_NSN_SNSN_SNSNS______________________
10 3 WOWOWOWOWOWOWO_O_NWO__OWSO_WSON_SN___SN_SNSN_SNSNSN_S_NS_N_SN____NS_____
10 4 _WOWOWOWOWOWOWOWO_OWOSWOSWNOSWNOSNS_NSNOSNSN_SNSNSN_S_NS_N_S_S__________
10 5 __WOWOWOWOWOWOWOWNWOW_OW_O_W_O_W_NSO_SNW_NSN_SNSNSN_S_NS_N______________
10 6 __OWOWOWOWOWOWOWONOWOSWOSWNOSWNOSNSWNSNOSNSN_SNSNSN_S_NS_N_SN___________
10 7 _OWOWOWOWOWOWOWOWNWOW_OW___W_O_W__S__SNW_NSN_SNSNSN_S_NS_N_S____________
10 8 _WOWOWOWOWOWOWOWONOW_SW_S_NOSWN_SNS_NSNOSNSNOSNSNSN_S_N_________________
10 9 _OWOWOWOWOWOWOWOWNW________W_O__S__O_S_W_NSNWSNSNSN_S_NS________________
10 10 OWOWOWOWOWOWOWOWON________N_SWN_SNSWNSN_SNS__SNSNS__S_NS________________
10 11 WOWOWOWOWOWOWOWOWN___S____N_S_N_SNSO_S___NSN_SNSNSN_SONS________________
10 12 OWOWOWOWOWOWOWOWO_O_________S__O_NSWNSNOSNSN_SNSN____W__________________
10 13 WOWOWOWOWOWOWOWOWNW__S____N_S_NWSNS____W_N_N_SNSNSN_S___________________
10 14 OW_WOWOWOWOWOWOWO_O_______N_S__OSNS_NSNOSNSNOSNSNSN_S_NS_N_S____________
10 15 WO_OWOWOWOWOWOWOWNW__SO_S_N_SONWSNS_N__WSNSNW__SNSN_S_N_____NS__________
10 16 _WOWOWOWOWOWOWOWON____W____OSW___NS_NSN_SNSN_SNSNSN_S_N_________________
10 17 _OWOWOWOWOWOWOWOWN___SO_S_NWS_N_SN_ON________SNSNSN_____________________
10 18 _WOWOWOWOW_WOWOWON__O_W___N_____SNSWNSNOSNSN_SNSNSN_S_NS_N_SNSNS_N______
10 19 _OWOWOWOWO__WOWOWN_OWS____N_S_N_S__ONSNW_N___SNSN_______________________
10 20 OWOWOWOW_WO__WOW_NOWOS____N_S_N_SNSWNSNOSNSN_SNSNSN_S_NS_N_SNSN_________
10 21 WOWOWOWO__W___WO__WOW_O___N___N_SNSO_S_W_NSN_SN_NSN_S___________________
10 22 OWOWOWOW_______WONOW_SW_S_N____OSNSWNSNOSNSN_SNSNSN_S_NS_N_SNSNS_NS_NSN_
10 23 WOWOWOW_________W_W___O_S_N__ONWSNSO_SNW_NSN_SNS________________________
10 24 _W_W_W___________N___SW___N_SWN_SNSWNSN_SNSN_SNSNSN_S_NS________________
11 0 ___________O_O___S___N____S_N_S_NSNOSNS_NSNS_NSNSN______________________
11 1 O_O_O_O_O_OWOW___S_O_N__________NSNWSNS_NSNS_NSNSN__N_S_________________
11 2 WOWOWOWOWOWOW__O___W_NO__OS_N_S_NSNOSNS_NSNS_NSN_N______________________
11 3 _WOWOWOWOWOWO_OWOS_O__W_NW__N_S_NS_WSNS_NSNS_NSNSNS_N_SN_S_NS_____N_____
11 4 _OWOWOWOWOWOWOWOW__WON__N_S_NOS_NSNOSNS_NSNS_NSNSNS_N_SN_S_NSN__________
11 5 OWOWOWOWOWOWOWOWO__OW_____S__WS__SNW_NSO_SNS_NSNSNS_N_SN________________
11 6 WOWOWOWOWOWOWOWOW_OW_NO_NO__NOS_NSNOSNSWNSNS_NSNSNS_N_SN_S_N____________
11 7 _WOWOWOWOWOWOWOWOSW___W__WS__W___SNWSNS__SNS_NSNSNS_N_SN_S_N____________
11 8 _OWOWOWOWOWOWOWOW_O__NO_N_S_NOS_NSNOSNS_NSNS_NSNSNS_N_S_________________
11 9 _WOWOWOWOWOWOWOWOSW___W___S__WS_NS_WSNS__SNS_NSNSNS_N_SN_S______________
11 10 _OWOWOWOWOWOWOWOW_____O___S_N_S_NSN_SNS_NSNS_N_NSNS_N__N_S______________
11 11 OWOWOWOWOWOWOWOWO____NW_____N_S_NSN__NS__SNS_NSNSNSON_SN_S______________
11 12 WOWOWOWOWOWOWOWOWS________S_N_S__SN_SNS_NSNS_NSNS__W____________________
11 13 _WOWOWOWOWOWOWOWO____N____S_N_S_NSN_S______S_NSNSNS_N___________________
11 14 _OWOWOWOWOWOWOWOWS____O___S_N_S_NSN_SNS_NSNS_NSNSNS_N_SN_S_NS___________
11 15 OWOWOWOWOWOWOWOWOS___NW_N___N_S_NSN_S_S_N_N___SNSNS_N_S______N__________
11 16 WOWOWOWOWOWOWOWOW_____O___S_N_S__SN_SNS_NSNS_NSNSNS_N___________________
11 17 OWOWOWOWOWOWOWOWOS_O_NW_N___N_S_NS_____O___S_NSNSNS_____________________
11 18 W_WOWOWOWOWOWOWOW__W______S___S_NSNOSNSWNSNS_NSNSNS_N_SN_S_NSNSN_S______
11 19 O_OWOWOWOWOW_WOWOS___N______N_S_NS_W_NS__S_S_NSN________________________
11 20 WOWOWOWOWOWO__WOWS__ONO___S_NOS_NSN_SNS_NSNS_NSNSNS_N_SN_S_NSN__________
11 21 _WOWOWOWOWOWO__W_S_OW_W______W__NSN__NS__SNS_NS__NS_N_S_________________
11 22 _OWOW_WOWOWOW______W_NO_N_____S_NSNOSNS_NSNS_NSNSNS_N_SN_S_NSNSN_SN_SN__
11 23 OW_W___WOWOW_____S____W_N_____S_NSNWSNSO_SNS_NSN________________________
11 24 W_______W_W__________N____S_N_S_NSN_SNSWNSNS_NSNSNS_N__N_S______________
12 0 _O_______________N___S_O__NOS_N_SNS_NSN_SNSN_SNSN_______________________
12 1 _WO_O____________N____OWSO_WS___SNS_NSN_SNSN_SNSN_____N_________________
12 2 __WOWO____________O_OSWO_WN_S_N_SNS_NSNOSNSN_SNS________________________
12 3 O_OWOW__________ONWOWSOWS___S_N_SNS_NSNWSNSN_SNSNSN_S_NS_N__NS__________
12 4 WOWOWO_________OW_OWO_WOS_N___N_SNS_NSN_SNSN_SNSNSN_S_NS_N_SN_____S_____
12 5 OWOW_WO_______OWO_WOW_OW_ON_S_N_SNSO_SN_SNSN_SNSNSN_S_N_________________
12 6 W_WO_OWO_____OWOW_OWOSWO_W_O__N_SNSWNSNOSNSN_SNSNSN_S_NS_N_S____________
12 7 __OWOW_WO___OWOWONWOW_OW_ONWS___SNSONSNWSNSN_SNSNSN_S_NS_N_S____________
12 8 _OWOWO__WO_OWOWOW_OWOSW_SWN___N_SNSWNSNOSNSNOSNSNSN_S_NS________________
12 9 _WOWOW___WOWOWOWONWOW_O___N_S_N_SNS_NSNWSNSNWSNSNSN_S_NS_N_S____________
12 10 _OWOWO___OWOWOWOW_OW_SW___N_S_N_SNS_NSNOSNSN_S_SNSN_S____N______________
12 11 _W_WOWO_OWOWOWOWO_W___O_S_____N_SNS___NWSNSN_SNSNSN_S_NS_N______________
12 12 _O__WOWOWOWOWOWOWNO__SW___N_S_N_SNS_NSN_SNSN_SNSNS______________________
12 13 OWO__WOWOWOWOWOWO_WO_SO_S_N_S_N_SNS_NS____SN_SNSNSN_____________________
12 14 WOWO_OWOWOWOWOWOWNOW_SWO__NOS_N_SNS_NSN_SNSNOSNSNSN_S_NS_N_SN___________
12 15 _WOWOWOWOWOWOWOWONWO_SOW_O_WS_N__NS_NSN_S_S_WSNSNSN___NS________________
12 16 _OWOWOWOWOWOWOW_W_OW_SWO_WNOS_N_SNS_NSN_SNSNOSNSNSN_S___________________
12 17 OWOWOWOWOWOWOW___NWO__OWSO_WS_N_SNS_______SNWSNSNSN_S___________________
12 18 WOWOWOWOWOWOWO____OWOSWO_WN_S_N_SNS_NSN_SNSN_SNSNSN_S_NS_N_SNSNS_N______
12 19 OWOWOWOWOWOWOW___NW_W_OW______N__N____N_SNSN_SN_________________________
12 20 WOWOWOWOWOW_WO___NO__SWO__N_S_NOSNS_NSNOSNSNOSNSNSN_S_NS_N_SNS__________
12 21 _WOWOWOWOWO__WO__NWO__OW_O_____W_NS__SNW_NSNWSNS__N_S_N_________________
12 22 _OW_WOWOWOW___WO__OWOSW__W_OS_N_SNS_NSNOSNSN_SNSNSN_S_NS_N_SNSNS_NS_N___
12 23 OWO__WOW_W_____W_NW_W_O_S__W__N__N__NSNWSNSN_SN_________________________
12 24 W_W___W______________SW___N_S_N_SNS_NSN_SNSN_SNSNSN_S____N_S____________
13 0 _____________O_O_S___N___OS_N_S_NSN_SNS_NSNS_NSN________________________
13 1 O_O_________OWOW__O_____NW__N_S_NSN_SNS_NSNS_NSN________________________
13 2 WOWO_O_____OWOW__SWO_N______N_S_NSN_SNS_NSNS_NSNS_S_____________________
13 3 _WOWOW__O_OWOW__O_OW_N_ON_S_N_S_NSN_SNS_NSNS_NSNSNS_N_SN_____NS_________
13 4 _OWOWO_OWOWOW__OWSWO___WN_____S_NSN_SNS_NSNS_NSNSNS_N_SN_S_NS____SN_____
13 5 OWOWOWOWOWOW__OWO_OW___O__SON_S_NSN_SNS_NSNS_NSNSNS_N_S_________________
13 6 WOWOWOWOWOW__OWOWSWO_N_W_O_W_O__N_N__NS_NSNS_NSNSNS_N_SN_S_NS___________
13 7 _WOWOWOWOWO_OWOWOS_W___O_WSONWS_NSN_SNS_NSNS_NSNSNS_N_SN_S_NS___________
13 8 _OWOWOWOWOWOWOWOWS___NOWNO_W_OS_NSN_SNS_NSNS_NSNSNS_N_SN_S______________
13 9 OWOWOWOWOWOWOWOWO_O___W__WS_NWS_NSN_SNS_NSNS_NSNSNS_N_SN_S_NS___________
13 10 WOWOWOWOWOWOWOWOWSWO_N___OS_N_S_NSN_SNS_NSNS_NSNSNS_N_S_________________
13 11 OWOWOWOWOWOWOWOW__OW____NW______N_N_S_S_NSNS_NSNSNS_N_SN________________
13 12 WOWOWOWOWOWOWOWO_SWO_N____S_N_S_NSNOSNS_NSNS_NSNSNS___S_________________
13 13 _WOWOWOWOWOWOWOWO_OW_N__N___N_S_NSNWSNS__SNS_NSNSNS_____________________
13 14 _OWOWOWOWOWOWOWOWSWO_N____S_N_S_NSN_SNS_NSNS_NSNSNS_N_SN_S_N____________
13 15 OWOWOWOWOWOWOWOWO_OW_N____S_N_____N_SNS_NSNS_NSNSN_____N_S______________
13 16 WOWOWOWOWOWOWOWOWSWO_N____S_N_S_NSN_SNS_NSNS_NSNSNS_N_S_________________
13 17 OWOWOWOWOWOWOWOWOSOW____N___N___NSN_S____SNS_NSNSN__N_S_________________
13 18 WOWOWOWOWOWOWOWOWSWO_N___OS_N_S_NSN_SNS_NSNS_NSNSNS_N_SN_S_NSNSN_S______
13 19 _WOWOWOWOWOWOWOWO_OW___O_W_O__________S_NSNS_N__________________________
13 20 _OWOWOWOWOWOWOWOWSWO_NOW_OSWNOS_NSN_SNS_NSNS_NSNSNS_N_SN_S_NSNS_________
13 21 OWOWOWOWOW_WOWOWO_OW__W__W_O_W____N_SNS__SNS_NSNS___N_S_________________
13 22 WOWOWOW_W___WOW_WSW__NO___SWNOS_NSNOSNS_NSNS_NSNSNS_N_SN_S_NSNSN_SN_____
13 23 _WOWOWO______WO_______W_N____W___S_W_NS_NSNS_NS_________________________
13 24 __W_W_W_______W__S___N____S_N_S_NSN_SNS_NSNS_NSNSNS_N______N____________
14 0 O_O_O_O_________ONO__S____N_S_N_SNS_N_N_SNSN_SNS________________________
14 1 WOWOWOW__O___O_OW_WO_SO__O__S_N_SNS_NSN_SNSN_SNS________________________
14 2 _WOWOW__OWO_OWOW_NOWO_WO_W_OS_N_SNS_NSN_SNSN_SNSNSN_____________________
14 3 _OWOW__OWOWOWOW___WOWSOWS_NWS_N_SNSONSN_SNSN_SNSNSN_S_N_______NS________
14 4 OWOWO_OWOWOWOWO_ONOWO_W____OS_N__N_WNSN_SNSN_SNSNSN_S_NS_N_SN__S_N______
14 5 WOWOWOWOWOWOWOWOW_WOW_____NWSON_SNSONSN_SNSN_SNSNSN_S_N_________________
14 6 _WOWOWOWOWOWOWOW_NOWO______O_W_O___W_SN_SNSN_SNSNSN_S_NS_N_SN___________
14 7 __WOWOWOWOWOWOWO_NWOW_O___NWSONWSNSONSN_SNSN_SNSNSN_S_NS_N_SN___________
14 8 __OWOWOWOWOWOWOWONOW_SW____O_WN_SNSWNSN_SNSN_SNSNSN_S_NS_N_S___S________
14 9 _OWOWOWOWOWOWOWOW_WO__O_S_NWS_N_SNS_NSN_SNSN_SNSNSN_S_NS_N_SNS__________
14 10 OWOWOWOWOWOWOWOWONOWOSWOS_N_S_N_SNS_NSN_SNSN_SNSN_N_S_NS________________
14 11 W_WOWOWOWOWOWOWOW_WOW_OWSO___O____S_NSN_SNSN_SNSNSN_S_NS________________
14 12 __OWOWOWOWOWOWOWONOWOSWOSWNOSWN_SNS_NSN_SNSNOSNSNSN_S_N_________________
14 13 _OWOWOWOWOWOWOWOW_WOW_OWSO_W__N__NS_NSN_SNSNWSNSNSN_S________S__________
14 14 _WOWOWOWOWOWOWOWONOW_SW_SWN_S_N_SNS_NSN_SNSNOSNSNSNOS_NS_N_S____________
14 15 _OWOWOWOWOWOWOWOW_W___O__ON_____S_S_NSN_SNSNWSNSNS_W___S_N______________
14 16 _WOWOWOWOWOWOWOWONO_OSWO_WNOS_N_SNS_NSN_SNSNOSNSNSN_S_N_________________
14 17 _OWOWOW_WOWOWOWOWNWOW_OW_O_W_O__SNS_NS__SNSNWSNSN_____NS________________
14 18 _WOW_WO__WOWOWOWONOWOSWOSWNOSWNOSNS_NSNOSNSN_SNSNSN_S_NS_N_SNSNS_N______
14 19 _OWO__WO__WOWOWOW_WOW_OW_O_W_O_W_____SNWSNSN_S__________________________
14 20 OWOWO__WO__WOWOW_NOWOSWOSWN_SWNOSNS_NSN_SNSNOSNSNSN_S_NS_N_SNSN_________
14 21 W_W_W___WO__WOW___WOW_OW_______WS_S_NSN_SNSNWSN_N_____NS________________
14 22 O_O______W___WO__NOWOSWOS_NOS_N_SNS_NSN_SNSNOSNSNSN_S_NS_N_SNSNS_NS_____
14 23 WOW___________W___W_W_OW_O_WS___SN_O_SN__NSNW_NS________________________
14 24 _W_______________N___SW__WN_S_N_SNSWNSN_SNSN_SNSNSN_____________________
15 0 __O__________________N____S_N_S_NSN_S_S_NSNS_NSNS_______________________
15 1 _OWO_O_O__________O__N_____ON_S_NSN_SNS_NSNS_NSN________________________
15 2 _WOWOWOW__O______SW____O__SWN_S_NSN__NS_NSNS_NSNSN______________________
15 3 __WOWOW__OW_______O__N_WN___N_S_NSN_SNSONSNSONSNSNS_N_S________N_S______
15 4 O_OWOWO_OW_______SW_______S_N_S____O_NSWNSNSWNSNSNS_N_SN_S_NS_SN________
15 5 WOWOWOWOW_________O_______S_N_S_NSNWSNSONSNSONSNSNS_N_S_________________
15 6 OWOWOWOW__O______SWO______S________O_NSWNSNSWNSNSNS_N_SN_S_NS____S______
15 7 WOWOWOW__OW_______OW________N_S_NSNWSNSONSNSONSNSNS_N_SN_S_N____________
15 8 _WOWOWO_OWO______SW__N_O__S_____N_N__NSWNSNSWNSNSNS_N_SN_S_N__SN________
15 9 __WOWOWOWOW_______O____WN__ON_S_NSN_SNSONSNS_NSNSNS_N_SN_S_NSN__________
15 10 __OWOWOWOW_______SW__N_ON_SWN_S_NSN_SNSWNSNS_NSNS_S_N_SN_S______________
15 11 _OW_WOWOW________SO____WN__O__S__SN_SNS_NSNSONSNSNS_N_SN_S____S_________
15 12 _WO_OWOWO_________W__N_ON_SWNOS_NSN_SNS_N_NSWNSNSNS_N_S_________________
15 13 _OWOWOW_WO________O____WN__O_W____N_SNS_NSNS_N_N_NS_N_______SN__________
15 14 OWOWOW__OWO______SW__N_ON_SWNOS_NSNOSNS_NSNS_NSNSNS_NOSN_S_NS_S_________
15 15 WOWOWO_OWOW_______O____W___O_WS_NSNW_NS_NSNS_NSN_N___WSN________________
15 16 _WOWOWOWOW________WO_N_O__SWN_S_NSN_SNS_NSNS_NSNSNS_N_S_________________
15 17 _OW_WOWOWO_________W__OW__SO__S_NSN__NS_NSNS_NSNS______N_S______________
15 18 _WO_OWOWOW_________O_NWONO_WN_S_NSNOSNS_NSNS_NSNSNS_N_SN_S_NSNSN________
15 19 _OWOWOWOW_________OW___W_WS___S____WSNS_NSNS_NS_________________________
15 20 _WOWOWOWO________SW__N__NO__N_S_NSNOSNS_NSNS_NSNSNS_N_SN_S_NSN__________
15 21 _OWOWOW_W_________O______WSO__S_NSNWSNS_NSN__N_________N________________
15 22 _WOWOWO__________SW__N_ON_SWN_S_NSNOSNS_NSNS_NSNSNS_N_SN_S_NSNSN_SN_S___
15 23 _OWOWOWO_______________W__SON_S_N__W_NS__SN____NS_______________________
15 24 _W_W_W_W_____________N_____WN_S_NSN_SNS_NSNS_NSNSN______________________
16 0 _O__________________OS_O__NOS_N_SN__NSN__NSN_SNSNS______________________
16 1 OWO_O_O____________OWSOWS__WS_N_SNSONSN_SNSN_SN_________________________
16 2 WOWOWOWO_____O___NOWO_W_S_NOS_N_SNSW_SN_SNSN_SNSNS______________________
16 3 _WOWOWOW__O_OW__O_WOWS_____WS_N_SNSONSN_SNSN_SNSNSN_S_N__________NS_____
16 4 _OWOWOW__OWOW__OWNOW_S____N_S_N_S__W_SN__NSN_SNSNSN_S_NS_N_SNSN_________
16 5 OWOWOWO_OWOWO_OWO_WO______N_S_N_SNSONSN_SNSN_SNSNSN_S_NS________________
16 6 WOWOWOWOWOWOWOWOWNOW______N____O___W_SNOSNSN_SNSNSN_S_NS_N_SNS_S_N______
16 7 OWOWOWOWOWOWOWOW__WO_S______S_NWSNSONSNWSNSN_SNSNSN_S_NS_N______________
16 8 W_WOWOWOWOWOWOW__NOW______N_S__O___W_SN__NSN_SNSNSN_S_NS_N_S_SN_________
16 9 ___WOWOWOWOWOWO___W_________S_NWSNSONSN_SNSN_SNSN_N_S_N__N_SNS__________
16 10 ___OWOWOWOWOWOWO_N___S____N___N__NSWNSN__NSN_SNSNSN___N__N_S____________
16 11 O_OWOWOWOWOWOWOWON___SO_____S_N_SNS_NSN_SNSN_SNSNSN_S_NS_N_S_SN_________
16 12 WOWOWOWOWOWOWOWOW_O___WOS_N___N_SNS_NSN_S__N_SNSNSN_S_NS________________
16 13 _WOWOWOWOWOWOWOWO_WO_SOWS___S___S_S_NSN_SNSN_S____N_S______SN___________
16 14 _OWOWOWOWOWOWOWOWNOW__W_S_NO__N_SNS_NSN_SNSN_SNSNSNOS_NS_N_SNSN_________
16 15 OWOWOWOWOWOWOWOWO_W__SO____WS_N_SN___SN_SNSN_SN____W__N_________________
16 16 WOWOWOWOWOWOWOWOW_O___W___N___N_SNS_NSN_SNSN_SNSNSNOS_NS_____S__________
16 17 OWOWOWOWOWOWOWOWO_WO_S____N_SON_SNS__SN_SNSN_SN_N__W_____N_S____________
16 18 WOWOWOWOWOWOWOWOW_OWOS_____O_WN_SNS_NSN_SNSN_SNSNSN_S_NS_N_SNSNS________
16 19 OWOWOWOWOWOWOWOWO_WOW_O_S_NWSON_S_S_NSN_SNSN_SN_________________________
16 20 WOWOWOWOWOWOW_WOWNOWO_WO_____WN_SNS_NSN_SNSN_SNSNSN_S_NS_N_SNS__________
16 21 OW_WOWOWOWOW___W__W_WSOW__N_S_N_SNSONSN_SNS_____________________________
16 22 W___WOWOW_WO_____NO___W_S_N___N_SNSWNSNOSNSN_SNSNSN_S_NS_N_SNSNS_NS_N___
16 23 O____WOW___W______W__SO___N_SON_S_S__SNW_N______NS______________________
16 24 W_____W_______________W______WN_SNS_NSN_SNSN_SNSNS______________________
17 0 __O_O________________N___O__N_S_NS__SNS___NS_NSNSNS_____________________
17 1 _OWOW____________SO__N__NWSON_S_NSN_SNSONSNS_N__________________________
17 2 OWOW______________W___O_N__WN___NSN_SNSWNSNS_NSNSNS_____________________
17 3 WOWO___________O_S___NW___SON_S_NSN_SNSONSNS_NSNSNS_N_S___________N_____
17 4 OWOWO___O_____OWO____N_____WN_S_N__O_N_W_SNS_NSNSNS_N_SN_S_NSN__________
17 5 W_WOWO_OW____OWOWSO_______SON_S_NSNWSNS_NSNS_NSNSNS_N_SN_S______________
17 6 O_OWOWOW____OWOW__WO_______W_O_____O_NS_NSNS_NSNSNS_N_SN_S_NSNSN________
17 7 WOWOWOWO___OWOWO___WON____SONWS_NSNWSNS_NSNS_NSNSNS_N_SN_S______________
17 8 _WOWOWOWO_OWOWOW____W______WN______O_NS__SNS_NSNSNS_N_SN_S_NSN__________
17 9 _OWOWOWOWOWOWOWO_SO_______SON_S_NSNWSNSONSNS_NSNS___N_S____N_N__________
17 10 OWOWOWOWOWOWOWOW__W__N_____W_O___SN__NSW_SNS_NSNSNS________NS___________
17 11 WOWOWOWOWOWOWOW______N____SONWS_NSN_SNS_NSNSONSNSNS_N_SN_S_NSN__________
17 12 _W_WOWOWOWOWOWO__S____O_N__W_O__NSNOSNS_N___WNSNSNS_N_SN_S______________
17 13 _O_OWOWOWOWOWOWO_SO__NW_N_SONWS_NSNWSNSONSNS_NS_____N_S__S_N____________
17 14 OWOWOWOWOWOWOWOW__W___O_N__W__S_NSN_SNSWNSNS_NSNSNS_NOSNOS_NSNS_________
17 15 WOWOWOWOWOWOWOWO_____NW___SON_S_NS__SNS_NSNS_N_______WS_W_______________
17 16 OWOWOWOWOWOWOW_W______O____W__S_NSN_SNS_NSNS_NSNSNS_NOSN_S__SN__________
17 17 WOWOWOWOWOWOWO___SO__NW___S_N_S_NSN_SNSONSNS_NS______W_____N____________
17 18 _WOWOWOWOWOWOWO___W__N____S__O__N_N_SNSWNSNS_NSNSNS_N_SN_S_NSNSN________
17 19 __WOWOWOWOWOWOWO________N_SONWS_NSN_SNS_NSN__NS__________S______________
17 20 O_OWOWOWOWOWOWOWO_____O____W_O__NSN__NS_NSNS_NSNSNS_N_SN_S_NSNS_________
17 21 WOWOWOWOWOWOWOWOW____NW___SONWS_NSN_SNS_NSNS____________________________
17 22 OWOWOWOWOWOW_WOW_S____O_N__W_O__N_N_SNS_NSNS_NSNSNS_N_SN_S_NSNSN_SN_____
17 23 W_WOW_W_WOWO__W______NW___SONWS_NSN_SN________S__N______________________
17 24 ___W_____W_W_____S_________W__S_NSN_SNS_NSNS_NSNSN______________________
18 0 ___O______________O___________N_SNS_N_N_S__N_SNSN_N_S___________________
18 1 __OW____O________NW__SO___N_SON_SNSONSN_SNSN____________________________
18 2 _OWO___OW_________O___W_S__O_W__SNSWNSN__NSN_SNSNSN_S___________________
18 3 _WOW__OW_________NW__SO_S_NWS_N_SNS_NSN_SNSN_SNSNSN_S_NS________________
18 4 _OWO_OW____O______O_O_W_S___S_N_S______O_NSN_SNSNSN_S_NS_N_SNS__________
18 5 OWOWOW__O_OW_____NWOWSO_S_N_SON_SNS_NSNWSNSN_SNSNSN_S_NS_N_S____________
18 6 W_WOWO_OWOW_______OW__W____O_W_O_____SNO_N_N_SNSNSN_S_NS_N_SNSN_________
18 7 __OWOWOWOW______O_WO_SO___NWSONWSNS_NSNWSNSN_SNSNSN_S_NS_N_S____________
18 8 _OWOWOWOW______OW_OW__W_S__O_W_OS_S___NO_N_N_SNSNSN_S_NS_N_SNS__________
18 9 OWOWOWOWO_____OW_NW__SO___NWSONWSNSONSNWSNSN_SNSNS____NS________________
18 10 WOWOWOWOWO___OW_______W_S__O_W__SN_W_SN__NSN_SNSNSN_S______SNS__________
18 11 OWOWOW_WOWO_OW_______SO___NWSON_SNS_NSN_SNSN_SN_N_N___NS_N_SNS__________
18 12 WOWOWO__WOWOW____N____W_S__O_W__SNS_NSN_S_S__SNSNSNOS_NS_N_S____________
18 13 _WOWOWO__WOWO____N___SO_S_NWSON_SNSONSN_SNSN_SN____W__NS_N______________
18 14 _OWOWOWO_OWOWO________W_S__O_WN_SNSWNSNOSNSN_SNSNSNOS_NS_NOSNSNS________
18 15 _WOWOWOWOW_WOWO______S____NWSON__NS_NSNWSNSN_______W__N___W_____________
18 16 _OW_WOWOWO__WOWO__O________OSWN_SNS_NSNOSN_N_SNSNSNOS_NS_N_SN___________
18 17 _W___WOWOWO__WOWONW__SO___NWS_N_SNSONSNWSNSN_SN____W____________________
18 18 _O_O_OWOWOWO__WOW_O___W___N_S______WNSN_SNSNOSNSNSN_S_NS_N_SNSN_________
18 19 _WOWOW_WOWOWO__WO_WO_SO_S_N_S_N_SNSONSN_SN__W_N________S_N______________
18 20 _OWOWO__WOWOWO__W_OW__W____O_____NSW_SN_SNSN_SNSNSN_S_NS_N_SNSN_________
18 21 OWOWOW___W_WOWO___WO__O___NWS_N_SNSONSN__NSN_S_________S________________
18 22 WOWOWO______W_WO_NOWOSW_S__O_______WNSNOSNSNOSNSNSNOS_NS_N_SNSNS_NS_____
18 23 OWOWOW_________W__W_W_O___NWS_N_SNS_NS_W____W_N____W____________________
18 24 W_W_W____________N____W_S___S_N_SNS_NSN_SNSN_SNSN_______________________
19 0 _O___________O___S_O______S__O__NSN_S___NS___NSNS___N___________________
19 1 OWO_________OW___SOW_N____S_NWS_NSN_SNS_NSNS____________________________
19 2 WOW________OW____SW___O_N____O__NSN__NS___NS_NSNSNS_N_S_________________
19 3 OWO_______OW____OS___NW_N_S_NWS_NSN_SNS_NSNS_NSNSNS_N_SN_S______________
19 4 WOWO_____OW____OW_____O_N_S_N_S_NS_______SN__NSNSNS_N_SN_S_N_NS_________
19 5 _WOWO_O_OW____OWOSO_ONW_N_S_N_S_NSN_SNS_NSNS_NSNSNS_N_SN_S_NS___________
19 6 _OWOWOWOWO___OWOW_WOW_O___S__OS____O_N___S___NSNSNS_N_SN___NSNS_________
19 7 _WOWOWOWOWO_OWOWOSOW_NW___S_NWS_NSNWSNS_NSNS_NSNSN__N__N_S_N____________
19 8 _OWOWOWOWOWOWOWOWSW___O_N_S__O__NSNO_________NSNSNS_NOSN_S_NSNS_________
19 9 OWOWOWOWOWOWOWOWOSO__NW_____NWS_NSNWSNS_NSNS_NSNSNS__W_N_S__S___________
19 10 WOWOWOWOWOWOWOWOW_W___O_N_S_____N__O_N___SNS_NSNSNS_N_S__S_N_NS_________
19 11 OWOWOWOWOWOWOWOWOSO__NW_____N_S_NSNWSNSONSNS_NS_______SN_S_NSNS_________
19 12 WOWOWOWOWOWOWOWOW_WO__O_N_S_____NSN__NSWNSNS_NSNSNS_NOSN_S_NS___________
19 13 _WOWOWOWOWOWOWOW_SOW_NW_N___N_S_NSN_SNS_NSNS_NS______WSN_S______________
19 14 __WOWOWOWOWOWOWO__WO__O_N_S___S_NSN__NS_NSN__NSNSNS_NOSN_S_NSNSN_S______
19 15 ___WOWOWOWOWOWOW_SOW_NW_____N_S__SN_SNSONSNS_________WS_______________S_
19 16 _O_OWOWOWOWOWOWO__W_______S_N_S_NSN_SNSWNS___NSNSNS_NOSNOS_NS___________
19 17 _WOWOWOWOWOWOWOWOSO_ON______N_S_NSN_SNSONSNS_N_______WS_W_______________
19 18 _OWOWOWOWOWOWOW_WSWOW_O___S_N_S______NSWNSNS_NSNSNS_NOSN_S_NSNS_________
19 19 OWOWOWOWOWOWOWO__SOWONW_N___N_S_NSN_SNS_N____________WSN________________
19 20 WOWOWOWOW_WOWOWO__WOW________OS___N_SNS_NSNS_NSNSNS_NOSNOS_NSNS_________
19 21 OWOWOWOW___WOW_WOSOW______S_NWS_NSN_SNS___NS_NS______WSNW_______________
19 22 W_WOWOWO____WO__W_WO_NO_N_S________O_NS_NSNS_NSNSNS_NOSNOS_NSNSN_SN_____
19 23 ___W_WOWO____WO__SOW__W___S_N_S_NSNWSNS_______S_S____W__W_______________
19 24 ______W_W_____W___W_____N_S_N_S_NSN_SNS_NSNS_NSNS_______________________
20 0 ______O_O________N___S____N_S__OSNS_NS___NS___NSNS______________________
20 1 _O___OWOWO_______N_______ON_SONWSNSONSN_SNSN_S__________________________
20 2 _WO_OWOWOW__O____N______SW_O_W_O_N_W__N___SN_SNSNSN___N_________________
20 3 _OWOWOWOW__OW____N_O______NWS_NWSNS_NSN_SNSN_SNSNSN_S_NS_N_S____________
20 4 OWOWOWOW__OW______OW______N_S_N__N_____O_N____NSNSN___NS_N_S__N_________
20 5 WOWOWOWO_OW______NWO____S_N___N_SNS_NSNWSNSN_SNSNSN_S_NS_N__N___________
20 6 _WOWOWOWOW________OWO_____N_S_N_S____S_O_N__O_N_N_N___NS___SNSNS________
20 7 _OWOWOWOWO_______NWOWSO_S_N_S_N_SNS_NSNWSNSNWSNSNS_______N_S____________
20 8 _WOWOWOWOWO_O____NOWO_W___N_S__OSN_____O______NSNSN_S_NS_N_SNSNS________
20 9 _OW_WOWOWOWOW____NWOW_O_S___S_NWSNSONSNWSNSN_SNSNSN_S____N_SN________S__
20 10 _W__OWOWOWOW______OW__W___NOS______W___O_N_NO_NSNSNOS_NS_N____NS________
20 11 ___OW_WOWOWO_____NW___O____W_ON_SNSONSNWSNSNWSNS___W__NS_N_SNSN_________
20 12 O_OW___WOW_WO_____O__SWOS_N_SW___N_W_SN__NSNOSN_NSNOS_NS_N_SN___________
20 13 WOWO___OWO__W____NWO__OWS____ON_SNSONSN_SNSNWSNS___W__N__N_S____________
20 14 OWOWO_OWOWO_______OW_SWOS_N_SWN__NSW__N_SNS___NSNSNOS_NS_NOSNSNS_NS_____
20 15 WOWOWOWOW_WO_____NWO__OW_____ON_SNSONSN_SN_N_S_S___W__N___W_______S__SN_
20 16 OWOWOWOW___WO_____OW_SW_S_NOSWN_SNSWNSN__NS_OSNSNSNOS_NS_NOSNS__________
20 17 WOWOWOW_____W____NWO__O__O_WS_N_SNS_NSN_SNSNWS_____W__N___W__________S__
20 18 _WOWOWO__________NOW_SW_SWNOS_N______SN_SNSNOSNSNSNOS_NS_N_SNSN_________
20 19 _OWOW_W__________NWO_______WS_N_SNSONSN_____W__S___W__NS________________
20 20 OWOWO_____________OWOS_____OS_N____WNSN_SNSN_SNSNSNOS_NS_NOSNSNS________
20 21 WOWOWO___________NW_W_O_S_NWS_N_SNS_NSN_S__N_SN____W__N___W_____________
20 22 OWOW_W____________O___W_S_N_S__O_____SN__NSNOSNSNSNOS_NS_NOSNSNS_NS_____
20 23 WOW______________NW___O_SON_S_NWSNS_NSN_S___W_NSN__W______W_____________
20 24 _W___________________SW__WN_S_N_SN__NSN_SNSN_SNSNS______________________
21 0 ______O_________O__O_NO___S_N_S_N_N__NS___N____NSNS_____________________
21 1 _____OW________OWSOW__W___SON_S_NSN_SNS_NSNS_NS__________S______________
21 2 __O_OW____O___OWO_WO__O_NO_W_O___________SN__NSNSNS__O__________________
21 3 _OWOWO_O_OW__OWOWSOWO_WO_WSONWS_NSN_SNS_NSNS_NSN_NS_NWSN_S_N____________
21 4 _WOWOWOWOW__OWOW__WOW_OW_O_WN_S_______S__S____SNSNS___SN_S_N____________
21 5 _OWOWOWOWO_OWOW__SOWO_W_NWSO____NSN_SNS_NSNS_NSNSNS_N__N________________
21 6 _WOWOWOWOWOWOW__O_WOW____OSWN_S_N__O_N___S____S________N_S_N_NSN_S______
21 7 _OWOWOWOWOWOWO_OWSOWON__NW__N___NSNWSNS_NSNS_NSNSNS________N____________
21 8 OWOWOWOWOWOWOWOW_SWOW_____S_N_S_N__O_____S_____NSNS_N_SNOS_NSNSN_S______
21 9 WOWOWOWOWOWOWOWO_SOW____N_SON_S_NSNWSNS_NSNS_NSNSN__N_S_W__NS_______SN__
21 10 _WOWOWOWOWOWOWOW__W_______SWN______O_____S_____NSNS_NOSN_S_____N_S______
21 11 _OWOWOWOWOWOWOWO_S________S___S_NSNWSNSONSNS_NSNS____WSN___NSNS_________
21 12 _WOWOWOWOWOWOWOW_____NO_N_S_NOS____O_NSW_SNS_NS__NS_NOSN_S_NS___________
21 13 _OWOWOWOWOWOWOW__SO___WON_SO_WS_NSNWSNS_N_N__NSNS____WS____NS___________
21 14 _WOWOWOWOWOWOWO___W__NOWN_SWNOS___N_S_S_NSNS___NSNS_NOSNOS_NSNSNOSN_S___
21 15 _OWOWOWOWOWOWOWO_SO___WO___O_WS_NSN_SNS_N____NSN_____WS_W_______W_N_SN__
21 16 _WOWOWOWOWOWOWOW_SWO_NOWNOSWN_S_N_N__N____NS_N_NSNS_NOSNOS_NSNS_________
21 17 _OWOWOWOWOW_WOWO___WO_WO_WSON_S_NSN_SNS_NSN__NS______W__W___________SN__
21 18 OWOWOWOWOWO__WOWO___WNOWN_SWN_S__S_O_N__NSNS_NSNSNS_NOSN_S_NSNS_________
21 19 WOWOWOW_W_WO__W_WSO___W___S_N_SONSNWSNS_______SN_____WSN________________
21 20 OWOWOWO____WO_____WO_N____S_N__W_S_O_NS_NSNS_NSNSNS_NOSNOS_NSNSN_S______
21 21 WOWOWOWO____WO____OWO___N_S_N_S_NSNWSNS_NS___N_______W__W___________S___
21 22 OWOWOWOWO____W___SW_W_O_N___N______O_N___SNS_NSNSNS_NOSN_S_NSNSN_SN_S___
21 23 W_W_WOW_W_____________W_N_S_N_S_NSNWSNS_NS____SN_____WS_____________S___
21 24 _____W___________S___N____S_N_S_N____N__NSN__NSNSNS_____________________
22 0 __________________O__S____N_S_N_S____SN_S_______NSN_S___________________
22 1 _O_O___O_O_______NW___O___N_S_N_SNS_NSN_SNSN__NS_______S_N______________
22 2 OWOW__OWOW________O__SWO___OS__________O_N____NSNSN_S______S____________
22 3 WOWO_OWOW________NWO__OWS_NWS_N_SNS_NSNWSNSN_SNS__N___NS_N_S____________
22 4 OW_WOWOWO___O_____OWO_W_S__O__N_S____SNO_N__O_N_N_N_S_N__N_S____________
22 5 WO_OWOWOW__OW____NWOW_O___NWS____NS_NSNWSNSNWSNSNSN_S___________________
22 6 OWOWOWOW__OW__O____WO_WOS_NOS_N_S______O_N__O_NS___O___S_N_S__N__NS_____
22 7 WOWOWOWO_OWO_OW__N__W_OWS__W_O___NS_NSNWSNSNWSNSNSNWS________________S__
22 8 _WOWOWOWOWOWOWO__N____WO__N_SWN_S____S_O_N__O__SN_N_S_NS_NOSNSNS_NS_____
22 9 _OWOWOWOWOWOWOW__N___SOWS_N_SON_SNS_NSNWSNSNWSNSNS____N___W_N_____S_N___
22 10 _WOWOWOWOWOWOWO___O___W___N__W_______S_O_N_____SN_NOS_NS_NOS_____NS_____
22 11 __WOWOWOWOWOWOW__NW__SO_S_N_SON_SNSONSNWSNSN_SNSN__W__N___W_N_NS________
22 12 __OWOWOWOWOWOW____O___W___N__WN____W_SNO_NSN_SN___NOS_NS_NOSNS__________
22 13 _OWOWOWOWOWOWO___NW__SO_S_N_S_N_SNS_NSNWS_____NSNS_W__N___W_N___________
22 14 _WOWOWOWOWOWOWO_______W___NO__N_____NSN__NSNOS__NSNOS_NS_NOSNSNS_NS_NS__
22 15 _OWOWOWOWOWOWOW__N___SO_S__WS_N_SNS_NSN_S___W_NS_S_W__NS__W_______S_N___
22 16 _WOWOWOWOWOWOWO__N____W___N___N___________SNOS__NSNOS_NS_NOSNSNS________
22 17 _OWOWOWOW_WOWOW______S__S_N_SON_SNS_NSN_SN__W_NS_S_W______W_______S_NS__
22 18 _WOWOWOWO__WOWO___________N__WN_SN___S___NSNOSNSNSNOS_NS_N_SNSN_________
22 19 _OWOWOWOWO__W_W__N_O______N_S_N_SNS_NSN_S___W_NS___W__NS________________
22 20 OWOW_WOWOWO________WO_____N____O_N___SN__N_NOSNSNSNOS_NS_NOSNSNS_NS_____
22 21 WOWO__W_WOWO________W_O_S_N_S_NWSNS_NSN_SNS_W______W___S__W_______S_N___
22 22 OWOW_____WOW_____NO___W_S__O___O_____S_O_N_NOSNSNSNOS_NS_N_SNSNS_NS_N___
22 23 W_WO______WO______W__S____NWS_NWSNS_NSNWSN__W_N____W__NS__________S_NS__
22 24 ___W_______W_____N________N_S_N_S________NS___NSN_N_S___________________
23 0 __________O__________NO__O__N_S_N__O_N__N_____S__NS_N___________________
23 1 ___O_O_O_OW__O_O_SO___WO_W_ON_S_NSNWSNS_NSNS___NS_____SN________________
23 2 O_OWOWOWOWO_OWOW__WO_NOW__SWN_S__________S____SN_NS_NOS_O__N____________
23 3 WOWOWOWOWOWOWOW__SOWO_W_N___N_S_NSN_SNS_NSNS_NSN_____W_NWS_NS___________
23 4 _WOWOWOWOWOWOW____WOW___N_S__O__NS_O_N___S_S__S_S_S_N______NS___________
23 5 _OWOWOWOWOWOWO_O_SOWO_______NWS___NWSNS_NSNS_NSNSN__N_S_________________
23 6 _WOWOWOWOWOWOWOWOSWOW_O_N_S_NOS_NS_O_____S____SN__S___SN___NS_____NOS___
23 7 _OWOWOWOWOWOWOWOWSOWO_WON____W____NWSNS_NSNS_NSNSNS_N_S____________W_N__
23 8 OWOWOWOWOWOWOWOWOSWOW_OW_OS_N_S_NS_O_N___S____SN__S_N_SN_S_NSNSNOSN_S___
23 9 WOWOWOWOWOWOWOWOWSOWONWONWSON_SON_NWSNS_NSNS_NSNSNS___________S_W_N_____
23 10 OWOWOWOWOWOWOWOWOSWOW_OW_O_W_O_W___O_N___S_S__SN__S_NOSNOS_NS_____N_S___
23 11 WOWOWOWOWOWOWOWOW_OWONWONWSONWSONSNWSNS_NSNS_NSNS____W__W_____SN________
23 12 OWOWOWOWOWOWOWOWO_WOW_OW_O_W_O_W___O_NS__SN__NS___S_NOSNOS_NSNS_________
23 13 WOWOWOWOWOWOWOWOW_OWONWONWSONW_ONSNWSNS_NS_____NSN___W__W_____S_________
23 14 _WOW_WOWOWOWOWOWO_WOW_OW_O_W_O_W___O_NS___NS_NS__NS_NOSN_S_NSNSNOSNOSNS_
23 15 _OWO_OWOWOWOWOWOW_OWONWONWSONWSONSNWSNS_NS_____NSN___WSN______S_W_NWS___
23 16 OWOWOWOWOWOWOWOWO_WOW_OW_O_W_O_W___O_____SN__NS__NS_NOSNOS_NSNSNOS______
23 17 WOWOWOWOWOWOWOWOW_OWONWONWSONWSONSNWSNS_N______NSN___W__W_______W_N_SN__
23 18 OWOWOWOW_WOWOWOWO_WOW_OW___W_O_WN__O_N___SNS_NSNSNS_N_SN_S_NSNS_________
23 19 WOWOWOWO__WOWOWOW_OWO_W___S_NWS_NSNWSNS_NS____SN__S___SN______S__S______
23 20 OWOWOW_WO__WOWOWO_WOW_O____________O_N___S_S_NSNSNS_N_SN_S_NSNSNOSN_____
23 21 WOWOWO__WO__WOWOWSOWO_WON_S_N_S_NSNWSNS_NSNS____S_S___SN______S_WSN_S___
23 22 OW_WOWO__WO__W_W__WOW_OWN_S________O_N___S_S_NSNSNS_N_SN_S_NSNSNOSNOS___
23 23 WO__W_W___W______SOWONW___S_N_S_NSNWSNS_NS______S_S___SN______S_W_NWSN__
23 24 _W________________W_W_______N_S_NS________N____N____N___________________
24 0 __________________O___________N___O__O______O_N__ONO____________________
24 1 __O___O___O______NW___________N__NW_NWN__N_NW___NW_W__N_________________
24 2 _OWO_OW__OW_______O____O__NO__N______O_O_NO_O_NO__NO__N___O__O__________
24 3 _WOWOW__OW_______NWO__OW___W__N__N__NWNW_NWNW_NW___W_____NW_NW__________
24 4 __WOW__OWO________OWO_W___NO___O_N___O_O_NONO_NONON_________NO__________
24 5 __OWO_OWOW__O____NWOW_O____W__NW____NWNW_NWNW_NWNW____N______W__________
24 6 _OWOWOWOW__OW__O_N_WO_W___N___NO_NO__O_O_NO_O_NO_ONO__N_____NO______NO__
24 7 OWOWOWOW__OWO_OW_N__W_O________W__W_NWNW_NWNW_NWNWNW__N______W_______W__
24 8 WOWOWOWO_OWOWOWO_N____WO__N___N__N___O_O_NO_O_NO_ON___NO_NO_NONO_NO_NO__
24 9 OWOWOWOWOWOWOWOW_N_O___W__N___N_____NWNW_NWNW_NWNWN____W__W__WNW__W__W__
24 10 WOWOWOWOWOWOWOWO_N_W___________O__O__O_O_NONO_NO_ON___NO_NO_NO______NO__
24 11 OWOWOWOWOWOWOWOW___O______N___NW_NW_NWNW_NWNW_NWNW_____W__W__WN______W__
24 12 WOW_WOWOWOWOWOWO___W_______O______O___NO_N____N__ON___NO_NO_NONO________
24 13 _WO_OWOWOWOWOWOW__________NW_O___NW_N_NW_N______NW_____W__W__WNW________
24 14 _OWOWOWOWOWOWOW____________O_W____O__ON____N__NO_ONO__N__NO_NONO_N__N_NO
24 15 OWOWOWOWOWOWOWO___________NW__N__NW_NWN__N_____WNW_W__N___W__WNW____N__W
24 16 WOWOWOWOWOWOWOWO___________O______O____O_N____NO_ON___NO_NO_NONO_N______
24 17 OWOWOWOWOWOWOWOW___O______NW__N__NW_N_NW_______WNW_____W__W__W_W____N___
24 18 W_WOWOWOWOWOWOW____WO______O______O__O_O_NONO_NONONO__N__NO_NONO________
24 19 O_OWOWOWOWOW_WO_____W_O___NW__N__NW_NWNW_NW_W_NW_WNW__N___W__WNW_N______
24 20 WOWOWOWOWOW___WO____O_WO___O___O__O____O_NON__NONONO__N__NO_NONO_N______
24 21 OWOWOWOWOWO____W_N_OW__W__NW__NW_NW_N_NW_NWN___WNWNW__N___W__WNW_N__N___
24 22 WOWOWOWOWOW_______OWO_____N____O__O____O_NON__NONONO__N__NO_NONO_N__N___
24 23 _WOWOW_W_W_______NW_W_____N___NW_NW_N_NW_NW____WNWNW__N___W__WNW____N___
24 24 __W_W_________________________N__N______________________________________