0 0 __S_O_______________O__________O________________________O_________________________________
0 1 _S__S____S__________W________O_WO________________O_____OWO________________________________
0 2 S___O__________S_____S_______W_OW_______O_______OW____OWOWO_______________________________
0 3 _S_SS________________SO_____OO_W_______OW______OW____OWOWOW_______________________________
0 4 _S__O__S_S___S_______WW_O___SW___O_O__OW______OW____OWOWOW__O_____________________________
0 5 ____W__S_S___________O__S_______OS_WO_W______OW____OWOWOWO_OWO____________________________
0 6 S___O____S__________SWO___S__OO_S__OW_O_O___OW____OWOWOWOWOWOWO___________________________
0 7 __S_W__S_______S____W_W_O____SWS__OWO_WOW__OWO___OWOWOWOWOWOWOW___________________________
0 8 ____O_______________O___W___S_SW_OWOWO_WO__WOW__OWOWOWOWOWOWOW____________________________
0 9 ____W_S_S___________W___O___O_O_OWOWOW_OW__OW__OWOWOWOWOWOWOW_____________________________
0 10 _S_SO_S_________________W___S_SOW_WOW_OWO__W__OWOWOWOWOWOWOW______________________________
0 11 _S__S___S_S___________S_O_____OWS_OWO_WOW____OWOWOWOWOWOWOWO______________________________
0 12 S_________S_____________W___S_W_WOWOWO_WOO__OWOWOWOWOWOWOWOWO_____________________________
0 13 _S_S__S_______________S_S___W_O_OWOWOWS_SW_OWOWOWOWOWOWOWOWOW_____________________________
0 14 ____________________O___W___OOW_SOWOWOW_O__WOWOWOWOWOWOWOWOW______________________________
0 15 S_S__S___S_________SWO____S_WS___W_WSWO_WO_OWOWOWOWOWOWOWOWO______________________________
0 16 ____S_S___S_________OSS_____OO_____O__W_OWOWOWOWOWOWOWOWOWOW______________________________
0 17 ___SSS_S___S________W_______SWO_O_OWO___WSWOW_WOWOWOWOWOWOWO______________________________
0 18 ____O___S_S_S_________O______OS_WOWOW_O_OWOWS_OWOWOWOWOWOWOW______________________________
0 19 _S__S__S______________W______S__OWOWO_WOWOWO__WSWOWOWOWOWOW_______________________________
0 20 __S_O_________________O______O__WOWOWO_WOWOWS__WSWOWOWOWOW________________________________
0 21 _S_SW_______________O_W_____OW___WOWOWO_WOWOWO__WOWOWOWOW_________________________________
0 22 _S_SO_____________S_WSO_O_S_WO____WOWOW_OWOWOWO__WSWOWOWO_________________________________
0 23 S___W_S_________S___OSWSWS___S_O__OWOWO_WOWOW_WS__WOWOWOWO________________________________
0 24 _S_SO____________S__WS_S__S____WO_WOWOW_OWOWO__WO__WOWOWSWO_______________________________
0 25 ____W_S_______S_____OO__O_____O_W_OWOWO_WOWOWO__WO__WOWOWOWO_O____________________________
0 26 _S_SO_______________WW__W____OWO__WOWOW_OWOWOWO__WS__WOWSWOWOWO___________________________
0 27 __S_W__S_S__________O________WOW___WOWO_WOWOWOW___WO__WOWOWOWSW___________________________
0 28 _S__SS_S___________SW__SO_____WO____WOW__WOWOW_____WO__WSWOWOWO___________________________
0 29 __S_S___________________W____S_W_____W____WSWS______WS__SSWSWSW___________________________
1 0 _SNSN______S____________OS___SO__O_OS_O_O___O_OSO____SO_SSOS_____SO_______________________
1 1 SN__W___SN______S_____O_W___O_W_OSOWO_WOS__OSOWOWO____WOS_W_______W_______________________
1 2 NS__N_________SN__S_SNW_O___W_O_WOWOS_OW_O_WOWOWOWS_O_OWO_________________________________
1 3 _NSNW___________S___SO__W___N_WO_WOWO_WO_W_OWOWOW_WOWOW_WO___O____________________________
1 4 SNS_S_SNSN__SN______WN__N___W_OW_NWOWO_WO_OWOWOW__OWOWO__W__OW____________________________
1 5 _S_SS_SNSNS___________OSW___O_W_NWOWOW_OWOW_WOW_O_WOWOWO___OW_____________________________
1 6 N___S_S_SN__________O_W_S_N_WN_SWOWOWO_WOWO__WO_W_OWOWOW__OW______________________________
1 7 _SN_S_SNS_____SN____NS_SO____W_OOWOWOW_OWOW__OWO_OWOWOWO_OW_______________________________
1 8 ____S____S___________SO_S__SNSNNWOWOW_OWOW__OWOWOW_WOW_WOW________________________________
1 9 _S__SSNSNS_______S___OW____SNSN_SWOWO_WOW__OWOWOWO__WO_OWO________________________________
1 10 SNSNNSN__S_S_S______OS__O___W_W_W_WOW_OW__OWOWOSOWO__WOW_W________________________________
1 11 SN__WS_SNSNS________S_NSW____SS_O_OW__WO__WOWOWOWOW__OW___________________________________
1 12 NS__O__S_SN_________O__S_S__O_W_N_WO___WN__WOWOWOW__OW__O_________________________________
1 13 SNSNS_N_____________W_N_O_S_N__SN__W__OOW__OWOWOW__OW__OWO________________________________
1 14 S___OS_S___________S___SN___SN_WWO_O__NWO_OWOWOWO_OW__OWOW________________________________
1 15 NSN_WN__SN________SN_N__S_NSWWOSOWOWN__OWOW_WOW_WOW__OWOWO________________________________
1 16 _S_SNSN__SN__S______SWN_____N_WOSOWO___WOW___WO_OW__OWOWOWO_______________________________
1 17 S_SNNNSN__SN________WSO_S___W_NSOSOWO_O_WO_O_OWOW___WOWOWOWO______________________________
1 18 ____NS_SNSNSN_______OSW_____ONWOSOW_WOW__N_WNWOWO___OWOWOWOWO_____________________________
1 19 SNS_W_SN____________W_O_____SWOW_W__OW_O___O__WOW__OW_WOWOWOWO____________________________
1 20 _SNSOS_S_____S___S___SS_O___S_W_S__OW__WO__WO__NO_OW___WOWOWOWO_O_________________________
1 21 SNSNW___________________W___W_SO__OW___OW__ON___N_W_____WOWOWOWOW_________________________
1 22 _NSN___S_S_S_S_S_SN__N___SN__N_WO_WO___WO__W____O_O______WOWOWOW__________________________
1 23 N_____N________SN___SN_NON__OWO_W_OWO___W______OW_N_______WOWOW___________________________
1 24 SNSN__S_________SN__WNSNS_N_SOW__OWOW__________N__O_____O_OWOWO___________________________
1 25 _S_SSSN______SN____S__O_S____WO__WOWO____________OW_____NOWOWOW___________________________
1 26 _NSNS_________S_S____OW_W_S_O_W___W_WO__________OWO_____OWOW_WO___________________________
1 27 _SNS__SNSN___________WO_S___S___O____W_________OW_N_____NOW__OW___________________________
1 28 SNS_NNSN________S_SN_OWN____S___WO__________O_OW______O_NW___N____________________________
1 29 _SNSN____S___________W______WN___W_________NWNW______NW_NN_N_N____________________________
2 0 _NSN______SN__S_____OO___NS__NOO_N_ON_O_N_O_N__NO___ON__NN_N____ON________________________
2 1 NS_S___SN______SN___SW________SW_W_WN_WOWOW_W___W__OWO__NO_____OW_________________________
2 2 SNS_S______S_SN__SNSNO__O________O_OWO_WOW________OWOW___WO___OW__________________________
2 3 _SNSW____S_____SNS__OWO_W____O__OS_WOW_OW________ONOW_____WO_OWO__________________________
2 4 NSNSNSNSN__SN______SNSWSS_S__W__SO_OSOOWO_______OWOWO_O____WOWOW__________________________
2 5 _NSNN_NSNSN______S___S_NW____O___S_WSSW_W____O_OWOWOWOWO___OWOW___________________________
2 6 S___NSNSN__S___S_____S_SN_S_OS_N_O________O_SWOWOWOWOWOW__OWOW____________________________
2 7 SNS_NSNSNS___SNS____SNSNN___W_S__WO____O_OWO__WOWOWOWOW__OWOW_____________________________
2 8 ____N_S_SNS_S_______WNW_W_SNSNWO_OWO_O_W_SOWO_OWOWOWOWO_OWOW______________________________
2 9 _NS_NNSNSN______SN___NS_S_SNON_WOWOWOW_O_OWOWOWNWOWOWOWOWOW_______________________________
2 10 NSNSONS_SNSNSN____S_NWS_____S__ONOWOWOOWOWOWOWOWOWOWOWOWOWO_______________________________
2 11 NS__WNSNSNSNS_S_____WOON____ONOWOWOWOWS_WOWOWOWOW_WOWOWOWOWO______________________________
2 12 SNS_N_SNSN__________SWSNSNS_WSN_WSWOWSO__WOWOWOWO_OWOWOWOWOWO_____________________________
2 13 NSNSW_S_____________SO____N__W_OSWOWS_WO_OWOWOW_WOWOWOWOWOWOW_____________________________
2 14 N____NSNS_______S_SNSWON____O_SNWOWOWO_WOWOWOWO__WOWOWOWOWOWO_____________________________
2 15 _NS__S_SN__S_____SNSW_WSN_SNN_SNNW_WSWO_WOWOWOWO_OWOWOWOWOWOWO____________________________
2 16 SNSNSN__SN__SN______OS______OO_NWN_O__W_OWOWOWOWOWOWOWOWOWOWOWO___________________________
2 17 NSNSSSN__SN_________NN__N___SW_WNW_WS__OWOWOW_WOWOWOWOWOWOWOWOWO__________________________
2 18 S____NSNSNSN_________N__OS__NO_OW__O___WOWOW__OWOWOWOWOWOWOWOWOW__________________________
2 19 NSNS__NS_______S_____SNSWS__WW_S__OWS_O_W_WO__WOWOWOWOWOW_WOWOWO__________________________
2 20 SNSNSNSN____SN__SN__SNW_____O__ONOWO_OW_O__WO__WOWOWOW_WO__WOWOW__________________________
2 21 NSNS___S____________O______SNONWOW_WSWO_W__OWO__WOWOWO__WO__WOWO__________________________
2 22 _SNS__SNSNSNSNSNSN__W_O_SNS__WS_WO_O__W_O__W_WO__WOWOWO__WO__WOWO_________________________
2 23 ______S_______SNS___OSWSN___NSW_OWOW___OW__O__WO__WOWOWO__WO__WOWO________________________
2 24 NSNS__NS_______SN___NSNSW___WO__WOW___OW__OW___WO__WOWOWO__WO__WOW________________________
2 25 _NSNNNS_S___SN____SN__OSO____WO_OW__O_W__OW_____WO__WOWOWO__WO__WO_O______________________
2 26 _SNSNS_____S_SNSNS__O_W_NSNSNOWOWO_OW___OWO______W___WOWSWO__W___S_W______________________
2 27 _NSN_SNSNS__________WOOSN___WWOWOS_WS_O_WOWO__________WOWOWO_________O____________________
2 28 NSNS__N________SNSN_SWW_____O_WOWO____W_OWOW____O______WSWOWO_______OW____________________
2 29 SNSN__S_SNS_S_______S_____S_N__WSW______WSW____SW_______W_WSWS______S_____________________
3 0 _SNS_____SN__SNS____N__S_SN_S_N_SOSOSO___S__OS__SSO_____SS_S_SO_OSO_OS____________________
3 1 _NSN__SNS_____SN____W_S_S___SOW_OWOW_W_O___OW__SSOW_____SO____WOWOWOW_____________________
3 2 NSNSO_S___SNSN__SNSNOOO_O___SWO_WNWO_SOWO_OW__OSOWO______WO___OWOSOW______________________
3 3 SNSNN_S_SNS___SNSN__WWW_W___S_WSNWOWNSW_WOWOS_WOW_W_______W__OWOWOW_______________________
3 4 _NSNSNSN__SN______SN_N_NOSN_O__OWNWOWN__OWOW__OW________S___OSOWOWO_______________________
3 5 _SNSS_SNSNS_S___SN__SN_SN___WN_WOWOWNWO_SOWO__W_________WO_OWOWOW_W_______________________
3 6 N___SNSN__SN__SN____SNSNS_N_SW__SOWO_OW_OWOWN_O__________WOWOWOW__________________________
3 7 NSNS_NSNSNS_SNSNS___OOO_W____SO_OSOWOW__WNWO__WO_________OWOWOW___________________________
3 8 _____SNSNSNSN_______NWN__SNSN_NOW_WOW_O__WOWO_OWO___O___OWOWOW____________________________
3 9 _SNS__NSNS_____SNS__O_NSNSNSNS_WO_OWS_WO__WOWOW_WO_OW__OWOWOW_____________________________
3 10 SNSNSSNSNSNSNS___SN_S_N_____W___WOW_W_NWO__WOWO__WOW__OWOWOW______________________________
3 11 SN__S_NSNSNSNSN______SN_____S_O_OW__SSW_WO_OWOWO_OWO_OWOWOWO______________________________
3 12 NSNS__NSN___________NSWSNSN_WOWOWO_OWNO__WOWOWOWOW_WOWOWOWOW______________________________
3 13 _NSN_SN__S_________SNS__S____N_WON_WO_SOSOWOW_WOWO_OWOWOWOW_______________________________
3 14 S___S_NSN____S_SNSNSOSS_SS___SNONS_ON__WOS_W__OWOWOWOWOWOW________________________________
3 15 __N_SNSN__SNS___SNSNN_SNS_N___NS_W_WN__OW__OS_W_WOWOWOWOWO________________________________
3 16 NSNSN__SN__SN____S__SNOS__S_NS_O_O_O_SOWO__W__OS_WOWOWOWOW________________________________
3 17 _NSNNNS_SN__S_______W_W_O_S_W_OSOWOWNOWOW__OSOWO__WOWOWOWO________________________________
3 18 N__S__NSNSNS_S______O_O_SN__O_SNSOWO_SOW__OWOWOWO__WOWOW_WO_______________________________
3 19 _NSN__SNS_____SN____SNSN_N__W__WOSOWNOWO_OWOWOW_WO__WOWO__WO______________________________
3 20 NSNSNSN____SN__SN__SN___O____S__W_WO_WOWOSOWOWO__WO__WOWO__WO_____________________________
3 21 SNSNO_SNS_________S_SOS_W_SN____S_OWN_WOWOWOWOWO__WO__WOWO__WO_O__________________________
3 22 SN_NW_NSNSNSNSNSN___OW_SNSN_O_OSWOWO_O_WOWOWOW_WO__W___WOWO__WOW__________________________
3 23 ___S__NS_S___SNSN___SNSNS___SNNO_W_WOW_OWOWOWO__WO______WOWO_OWO__________________________
3 24 _NSNS__NS___S_SN____SNSNS___O__W_O_OWO_WOWOWOWO__WO______WOWOW_WO_________________________
3 25 _SNSSSNSN__SN____SN_WOSNS_S_S____WOWOW_OW_WOWOW___WO______WOWO__WN________________________
3 26 SNSNSN__S_SNSNSNSN__SWW_SNSNO_O_ONWOWO_WO__WOWO____WO___O_OWOW__OWO_______________________
3 27 _SNS_NSNSNS_S_______W_SNS___SOSOSW_WNW__W___WOW_____WO__NOW_WO_OW_WO______________________
3 28 _NSN__S_____S_SNSN__N_W_OS_S_SOW____OO_______WO______WO_OW___WOW___WN_____________________
3 29 NSNS__NSNSNSNS_____SN__SWSN_S_W_N___WW___N____WN______W_N__N_NW_____W_____________________
4 0 _NSN__S_SN__SNSNS___OOSNSNS_N__ONSNONSO_ON__ON__NN______NNONON___NO__N____________________
4 1 _SNS__NSN__S_SN_____SWN_NS__NO_WOO_W__SOW__OW__NNO_____ON_WOW____NW_______________________
4 2 _NSNO_N__SNSNS_SNSNS___SO___NSO_SW_O_N_WO__W__ONOW____OWO_OWO____W________________________
4 3 NSNSSSNSNSNS_SNSNS______S___N_SN___W_N_OW___NOWOW____OWOWOW_WN____________________________
4 4 _SNSNSNS_SN______SN___O__N__O_OO_O_____WN_O_OWOWO___OWOWOW___W____________________________
4 5 SNSNN_NSNSNSNS_SN__SN_SN____S_WSNWO_____W_WOWOW_WO_OWOWON_________________________________
4 6 S___NSNS_SN__SN__S_SNSNSO_S_N__OWNWO______OWOW___WOWOWOW____O_____________________________
4 7 SNSNS_N_NSNSNSNSNS_SOO__N_S_ONOWSW_W___O__WOW____OWOWOW____OWO____________________________
4 8 ____SNSNSNSNS_______SW__SNSNWSS____O_O_WO__W____OWOWOW____OWOWO___________________________
4 9 _NSNS__NSN____SNSN__NOONSNSN_NO_O_OWOW_OW____O_OWOWOWO___OWOWOWO__________________________
4 10 N_NSNNSNSNSNSN__SN__WWS______SWOSOWON_OW____SWOWOWOW_W__OWOWOWOWO_________________________
4 11 NS__N_SNSNSNSNS_S___SN______O__WOWOWONW____O_OWOWOW____OWOWOWOWOW_________________________
4 12 _NSNS_SNS___S_______WN_NSN__NSSOWOWONON___OWOW_WOW____OWOWOWOWOWO_________________________
4 13 _SNS_NS_SN____S_S_SNSNS_N_____WWSWOWOWW_NNWOW__OW____OWOWOWOWOWOWO________________________
4 14 NS_SN_SNS___SNSNSNSNSNN_NN__SNSNWOWOWSO_OW_W__OW__S_OWOWOWOWOWOWOW________________________
4 15 S_S_NSNS_SNSN__SNSN__SNSN_S_W_WW_NOWS_WOW__ON_W__O__WOWOWOWOWOWOWO________________________
4 16 _NSN__SNS_SN____SN__O_SNS_NS_NSNS_W__N_WO_OW__ON_WO__WOWOWOWOWOWOWO_______________________
4 17 _SNS_SNSN__SN_______NS_SNSN__SNWNSO__N_OWOW_N_WO__WO__WOWOWOWOWOWOW_______________________
4 18 S_SN__SNSNSNSNS_____NSNSW___S_W_WNWO_W_WOWO_O__WO__WO__WOWOWOWOWOW________________________
4 19 _SNS__NSNS___SN_____WSW_O___W___SWOW___OWNWOW___WO__WO__WOWOWOWOW_________________________
4 20 _NSNSNS___SN__SN__SN_SS_W___SN___OWO__OW_W_WO____WO__WO__WOWOWOW__________________________
4 21 NSNS__NSN__S_____SNSNSN__SN_WO__OWOWO_W_____WO____W___WO__WOWOW___________________________
4 22 NS_S__SNSNSNSNSN____N_SNSNS_NWSNNOWOSO__O___OW_________WO__WOW____________________________
4 23 __SN__SNSN__SNSN____WSNSNS__W_WS_WOWOSSOW___S___________WO__WO_O__________________________
4 24 _SNSNS__NS_SNSN_____OSNSN_S_N_SW_OWOW_OW____O____________WO__S_W__________________________
4 25 SNSNNNSNS_SN__S_SN__NSOSN_N_WS_O_W_WO_W____OW________O____WO_____O_O______________________
4 26 N_NSN__SNSNSNSNSN___OSNSNSN_NSNSN__OW_O_O__WO_____O_OW_____WO____SOWO_O___________________
4 27 SNSNO_NSNSNSN_______NSO_N___WNW_W__W__WOWO__WO_O__WOW_______WS___OW_S_W___________________
4 28 _SNSWSNS___SNSNSN___SSN_SNSN_W________OW_WO__WOW__OW____O_O__WO__S__O___O_________________
4 29 SNSN__SNSNSNSNS___SNS_SNSN__NS____S_S_WS_SWS_SW___S_____S_W___WS___SS__SW_________________
5 0 __NSSSNSNS_SNSNSN___NSNSNSN_O_SOSNSOSNNSOSOSSSO__S______O_OS__O___OSO_____________________
5 1 _NSNS__NS_SNSN____S_W_S__NS_WN_WNO_WO_WOWOWOSOWS_______OSOW__OW__OWOW_____________________
5 2 _SNSN_S_SNSNSNSNSNSN__SNN___OWNSWW_OW_OWOWOWOWOW______OWOW__OW__OSOW______________________
5 3 SNSNWNSNSNSNSNSNSN___SS_W___WSWSOS_WO_WOWOWOWOWO_____OWOS__OW__OWOW_______________________
5 4 SNSNSNSNSNS_____SN__OSN__S__NOSNWW_OWO_WOWOWOWOWO___OWOW__OW__OWOW________________________
5 5 NSNSS_SNSNSNSNSN__SNW_W_____WWSW__OWOWO_WOWOWOWOW__OWOWO_OW__OWOWO________________________
5 6 N___SNSNSN__SN__SNSNSNSN_SN___SS__W_W_W_OWOWOWOW__OWOWOWOW__OWOWOW________________________
5 7 NSNSN_S__NSNSNSNSNSNNSO___N_S_NSN_O__O__WOWOWOW__OSOWOWOW__OWOWOW_________________________
5 8 ____N_NSNSNSNS______WSWSNSN_SNWO_OWOSWO_OWOWOWO_OWOWOWOW__OWOWOW__________________________
5 9 _SNSNS_SNS___SNSN____WNSNSN_O_OSNSOWO_WOW_WOWOWOWOWOWOW__OWOWOW___________________________
5 10 __SNS_NSNSNSNS_SNS___SW_O___SNW_WOWOW_OW___WNWOWOWOWOW__OWOWOWO___________________________
5 11 _N__S_NSNSNSNSNSN___OSOSW________W_WO_WO___O__WOWOWOW__OWOWOWOWO__________________________
5 12 _SNSNSNSNS_SNS______NSWSN____NOO_S_OW__WO_OWO__WOWOWO_OWOWOWOWOWO_________________________
5 13 SNSN_SNSNS___SNSNSNSNSN______SNWOWOW___OWOWOWO__WOWOWOWOWOWOWOWOW_________________________
5 14 SNSNS_NSNS_SNSNSNSNSN_SSSS_SOWOON_WOSNOWOSOW_WO_OWNWOWOWOWOWOWOW__________________________
5 15 NSN_SNSNSNSNS_SNSNS_SNSNS_NSNSNS__OWN_WOWOWO_OWOW__OWOWOWOWOWOW___________________________
5 16 _SNSSSNSNSN____SN____SNSN_SNO_NON_WO_OOWOWOWOWOW__OWOWOWOWOWOWO___________________________
5 17 SNSNSNSN__SNS_______ONSNONS_SNOSONOWOSW_W_WOWOWO_OWOWOWOWOWOWOWO__________________________
5 18 NSNSSSNSNSNSNSNS____WNSNS___OOSOSOWOW_O____WOWOWOWOWOWOWOWOWOWOWO_________________________
5 19 SNSNS__NSN__SN______SNS_O___NWOSNWOW_OWO___OWOWOWOWOWOWOWOWOWOWOWO________________________
5 20 _SNSNSNS_SN__SN__SN__NN_S___OOSO__WO_S_W__OW_WOWOWOWOWOW_WOWOWOWOWO_______________________
5 21 SNSN__SNS_SN____SNSNSNS_SN__NWSW___WN_S_SOWOSOWOWOWOWOW___WOWOWOWOWO______________________
5 22 SNSNO_NSNSNSNSN______SNSNSN___OS____WN__OSOWNW_WOWOWOWO____WOWOWOWOW______________________
5 23 _SNSWSNSNS_SNSN_____SNSNSN__SONOO_O__WNOSOWOWO__WOWOWOW_____WNWOWOWO______________________
5 24 SNSNSN__SNSNSN______SN_NS_NSWWNNSOWO_O_WOWOWOWO__WOWOW_______WOWOWOWO_____________________
5 25 NSNS_SNSNSNS_SNSNS__ON_NS_S_SNONOSOWOW__WOWOW_WO__WOWO________WOWNWOWO____________________
5 26 __SNO_SNSNSNSNSN____SNSNSN__WNWWSOWOWO___WOWO__WO__WOWO________WOWOWNWO___________________
5 27 NSNSW_SNSNSN_________NS_S______OSSOWOW_O__WOWO__WO__WOWO_____O_OWNWOWOW___________________
5 28 _NSNSNSNS_SNSNSNS___NN__N_NS___WWOWOWO_WO__WOW___WN__WOWN____N_W_WOWNWO___________________
5 29 N_NSSSNSNSNSNSNS_SNSNSNSNS___N___WNWNW_NWN_NWN____W___W_W______N__WNW_WN__________________
6 0 S__NNNSNSNSNSNSNS____NSNSNS_OON_NSNON_ONONONNNO_ONO___O_N__N_______N______________________
6 1 _SNSNS__NSNSN____SN__SNS__N_SWO____WOOWOWOWON_WOWOW__OW_WO_______N________________________
6 2 SNSN_SNSNSNSNSNSNSN_OSN__S__O_SN___OSW_W_WOWO_ONOW__OW__NWO______W__O_____________________
6 3 NSNS__NSNSNSNSNSN___WNNS____SN_NOO_W_OOO__WOWOWOWO_OW___WOWO___O___OW_____________________
6 4 NSNSNSNSNSN____SN__S_NS__NS_O_N_SN_O_WSWO__WOWOW_WOW__O__WOWO_OW__OW______________________
6 5 SNSNNSNSNSNSNSN__SN__S__S___WSN_O_OW___OSO_OWOWO_OW__OW___W_WOW__OW_______________________
6 6 S___NSNSN__SNS_SNSNSNSNS_N___SNNWOWO___WOS_WOWOWOWN_OW______OWO_OW________________________
6 7 SNSN_SNS_SNSNSNSNSN__NS_S_S_NS_NOWOW___OWO__W_WOWOWOWO_____OW_WOW_________________________
6 8 S___S_SNSNSNSN______SOSNSN__NWONWNWON_OWOWO___OW_WOWOWO___OW__OW__________________________
6 9 SNSNSNSNSN__SNSN____ONSNSN__NOWW_W_WSOWOW_WO__W__OWOWOWO_OW__OW___________________________
6 10 _SNSN_SNSNSNSNSNSNS_SNO_O_S_WSOOSO_O_WSWO__W__O__WOWOWOWOW__OW____________________________
6 11 _S__N_SNSNSNSNSNS___SNWNW___O_SWOWOWSOW_W__O__WS__W_WOWOWO_OW_____________________________
6 12 _N_NSNSN_NSNSN______WNSNO___W_S_WOWO_W_____WO________WOW_WOW______________________________
6 13 NSNSSNSNSNS_SNSNSNSNSNSSS____OW_ONOW_O___N_OW________OWO_OWO______________________________
6 14 NSNSN_SN_NSNSNSNSNSN__NNNNSN_NSNWSWONWO_OWOWO_______OW_WOW_WO_____________________________
6 15 SNS_NSNSNSNSNSNSNSNSNSNSN_SNSNWWSWOWS_SOWOW_WO_O___OW__OWO__WO____________________________
6 16 _NSNNNSNSNS_S_SN____SNSN_SNSNS_NS_W__NOWOWO__W_S__OW__OW_WO__WO___________________________
6 17 NSNSNSN__SNSN______S__NSN_NSWSNWN_O__WWOWOWO_O___OW__OW__OWO__WO__________________________
6 18 _NSNNNSNSNSNSNSN_____SNSW____OWNW_WO_SSWOWOWOW__OW__OWO_OW_WO__W__________________________
6 19 NSNSNS__N__SNS___S__NSNSN____SNWO_OWSNWOW_WOWO_OWO__WOW_S___WO___O________________________
6 20 SNSN_NSNSN__SNS_SNS__O__W_____WOWOWO_W_W__OW_WOWOWO__W______OWO_OW________________________
6 21 NSN__SN_NSN____SNSNSNSNSN____ONWSWOWSONONNWON_WOWOWO_______OW_WOW_________________________
6 22 NSNSS_SNSNSNSN__S___SNSNSN___WSNSOWO_WOWNW_WO_OWOWOW____O_OW__OW__________________________
6 23 SNSNSNSNSNSNSNS_S___NSNSN___OSWONWOWS_WOW___WOW_WOWO____SOWO_OW___________________________
6 24 N_NSN__SNSNSN______SNS_SN_SNNWOWWNWOW_OWO___OW___WOWO___OW_W_S____________________________
6 25 SNSNSN_NSNSNSNSNSN__NSS_N_N_O_WONW_W__WOW__OWO____WOW___S______O_O_O______________________
6 26 _SN_SSNSNSNSNSN____SWSNSN___N__WWN_O__OW__OWSWO_O__WO_________OW_SOWO_O___________________
6 27 _NSNS_NSNSN____S______N_N___S__SOW_W__WO__WOWOWOW___WO_______OWO_OW_S_W___________________
6 28 __NSNSNSNSNSNSNSN_____SSS_SN_O_SN__O__OWO_OWSWOWO___OWO_____OSOWOS__O_____________________
6 29 __SNNNSNSNSNSNSNSNSNSNSNSN___WS___SWS_WSSSW_SSWSWS_SWSW____SWSWSW__SWS_S__________________
7 0 N__SSSNSNSNSNSNSN___S_NSN_N_NS_S_NSOSO_SO__SOSOS____OSOS____OS__OS__O_OSOSO_______________
7 1 SNSNSNS_SNSN____SN__SNSNO_S_WSNSO__WNW_OW__OSOW____OWOW____OWO_OW__OSOWOWOW_______________
7 2 NSNSSNSNSNSNSNSNSN__SNO_WN__NSWOWO_OWO_WO_OWOW____OWOWO___OWOWOW__OWOWOWOW________________
7 3 _NSNS__NSNSNSNSN____S_WNS___WSOWNWOWOWN_WOWOW____OWOWOW__OWOWOW__OWOSOWOW_________________
7 4 _NSNSNSNSNS___SN__SNO_N_S_N_SSWSW_WOW_W_NWOW__OSOWOWOW__OWOWOS__OWOWOWOW__________________
7 5 N_NS_N_NSNSNSN__SN__SNS_N___SNOOOSOW_O_OWNWO_OWOWOWOW__OWOWOW__OWOWOWOW___________________
7 6 N____NSNS_SNSNSNSNSNSNSN_S__SNWWWSWOSWOWOWOWOWOWOWOWO_OWOWOWOSOWOWOWOW____________________
7 7 NSNS_NSNSNSNSNSNSN__W_N_NSN_WOS__WOW_OWOW_WOWOWOWOW_WOWOWOWOWOWOWOWOWO____________________
7 8 N___N_NSNSNSN______SNSNSNS__ONS__OWOSWOW__OWOWOWOW__OWOWOWOWOSOW_WOWOWO___________________
7 9 NSNSNSNSN__SNSN____SNSNSNS__SNSO_WOWNOW_SOWOWOWOW__OWOWOSOWOWOWO__WOWOWO__________________
7 10 _NSNS_NSNSNSNSNSNSNSW____SN__WNSNOWO_WO_OWOWOWOWO_OWOWOWOWOWOWOWO__WOWOW__________________
7 11 _N__S_NSNSNSNSNSNS_SO____S___OW_OW_WNSNOWOWOWOWNWOWOWOWOWOWOWOWOWO__WOWO__________________
7 12 ___SNSNS_SNSN__S____NSNSN____WO_WS_O__SWOWOWOWO_OWOWOWOWOWOWOWOWOWO__WOW__________________
7 13 SNSNN_NSNSNSNSNSNSNSN_NNW_S_O_NS_WOWO__OWOWOWOWOW_WOWOWOWOWOWOWOWOWO__W___________________
7 14 SNSNS_NS_SNSNSNSNSNS___S_SN_SSOW_OW_W_NWOWOWOWOWO_OWOWOWOWOWOWOWOWOWO_____________________
7 15 NSN_SNSNSNSNSNSNSNSNSNSNO_NSNWNONNO_N_WOW_WOWOWNWOWOWOWOWOWOWOWOWOWOW_____________________
7 16 _SNS__NSNSNSNSNS___SNSNSSNSNON_WNSWO_O_WO_OWOWOWOWOWOWOWOWOWOWOWOWOWO_____________________
7 17 SNSNSNS_SNSNS_S___SNO_SNS_SNSNS_OS_WOW__WOWOWOWOWOWOWOWOWOWOWOWOWOWOW_____________________
7 18 _SNSSSNSNSNSNSN_____SNSNS___ONO_W__OWNO_OWOW_WOWOWOWOWOWNWOWOWOWOWOW______________________
7 19 SNSNSNS___SNSN__SN__SNSN____SWWO_SOWNSNOWOW__OWOWOWOWOWOWOWOWOWOWOWO______________________
7 20 NSN_O_NSNS_SNSNSNSNS_NSS____O__W_SWO__SWOWO_OWOWOWOWOWOW_WOWOWOWOWOW______________________
7 21 SNS_SN__SNS___SNSNSNSWSN____WS__NW_WNSWOW_WOWOWOWOWOWOWO__WOWOWOWOWO______________________
7 22 _NSNN_NSNSNSNS_SN__SNSNSN___SWOSNO___O_WO__WOWOWOWOWOWOWN__WOWOWOWOWO_____________________
7 23 NSNSNSN_NSNSNSNSN___SNSN____WONSOWO_OW_OWO_OWOWOWOWOWOWOWO__WNWOWOWOWO____________________
7 24 S__N__SNSNSN____S_SNSNWN__N_SN_WWOWONO_WOWOW_WOWOWOWOWOWNWO__WOWOWOWOW____________________
7 25 NSNSNS_SNSNSNSNSN____NN_____W_O__WOWOS_OWOW___WOWOWOWOWOWOWO__WOWNWOWO____________________
7 26 _NS_NNSNSNSNSN____SNSNSN_____OW__OWOSO_WOW__O_OWOWOWOW_WOWOWO__WOWOWNWO___________________
7 27 _SNSN_SNSN____SN______S_S___NWONOSOWOWO_W__ONOWOWOWOW___WOWOWN__WNWOWOWO__________________
7 28 S__NSNSNSNSNSNSNS_S___NNN_N_O_SNWOWOWOW_N__WNW_W_WOWO____WOWOWO__WOWOWOWO_________________
7 29 _SNSSSNSNSNSNSNSNSNSNSNSN___W_N__WNWNW_NWN__NN_N_NWNWN____WNWNWN__WNWNWNW_________________
8 0 __SNNNSNSNSNSNSNS___NS_NO_S_ONON__N_NO_N_OONNNON_____NONO____NO__NO_N__N_N________________
8 1 NSNSN_NSNSN____SN__SNSNSS_NSSNWNO_O__W_O_WW_W_WO______WOWO____WO__W_W__O__________________
8 2 SNSNN_NSNSNSNSNSNS_SNO______ONSOSOWO___WO______W_______WOWO____WO___N_OW__________________
8 3 _SNSNS__NSNSNSNS___SNWO_N___WNOS_W_W__O_WO______________WOWO_N__W__OW_W___________________
8 4 _SNSNSNSNSNS_SN__SNSNSS_N___NNSN___O__W_OWO___ON____O____W_WOWO___OW______________________
8 5 S_SN_S_SNSNSNS_SN___WSN_O___NO___N_W____W_WO_OW_____W_______W_W__OW_______________________
8 6 S___OSNSNSNSNSNSNSN_OSNSWN__OS___O_ON___O__WOW_______________NO_OW________________________
8 7 _NSNWSNSNSNSNSNSNS_SNSS_SN__NSNOONOW___OWO_OWO_______________NWOW_________________________
8 8 ____S_SNSNSNS_S___SNSNSN_N__NSNWW_WON_OW_SOWOWO_________N____W_W__________________________
8 9 _NSNSNSNS_SNSN____SNSNSNON__WWNNO__WS_WON_W_WOWO________W_________________________________
8 10 _SNSN_SNSNSNSNSNSNSNSOO_SN__S__WSO_O__OWO____WOWO_________________________________________
8 11 _S__N_SNSNSNSNSNSNSNWWW_SN__W_S__WOWONW_W__O__W_WO________________________________________
8 12 __SNSNSNSNSNS_SNS___SNSNW____SW__OWOWSN_O__WO_O_OWO_______________________________________
8 13 NSN_S_SNSNSNSNSNSNSNSOSSSSNSNWSOSNOWO___W___WOWOW_WO______________________________________
8 14 NSNSN_SNSNSNSNSNSNSNSWSNSN__WOWNWOWOW_____O_OWOS___WO_O___________________________________
8 15 SNS_NSNSNSNSNSNSNSNSNSN_N_SN_NS__WOW___O_OWOWOW____OWOWO__________________________________
8 16 _N_N__SNSNSNSNSN__SNSNSNWSNSNSSO_NW____W_SOWOWO___OWOWOW__________________________________
8 17 NSNSNSNSNSNSNSN__SN_NSN_N_N_WSNW_N___O_O__W_WOW___SOWOW___________________________________
8 18 SNSNNNSNSNSNSNS_____WSNSNS__NO_____O_WOW_O___W____OWOW____________________________________
8 19 N_NSNSNS_SNSN__SNS__NSNSS___WW__SNOWONWO_W_______OWOW__O__________________________________
8 20 SNS_N_SNSNSNSNSNSNSN__NNW___O__O_OWOSSOW_OO___O__WOW__OWO_________________________________
8 21 NSNSW__SN_NS_SNSNSNSNSN_____WO_WONOWONN__WWO__WO__W__OWOW_________________________________
8 22 _SNSS_SNSNSNSNSN__SNSNSN____ONSNWSWOWO__O__W__OW____OWOW__O_______________________________
8 23 _NSNSNS_SNSNSNSNS___NSO_O___NOWOOWOW_W_OW__O_OW__O__WOWO__WO______________________________
8 24 NS_SSSNSNSNS___SNSNSNSNSW_S_OWONWOWO_NOW__OWOW___WO__WOW__OWO_____________________________
8 25 _NSN_NSNSNSNSNSN_____SS_____NOWS_W_WNWWO__WOW__S_OWO__WO__WOW__O__________________________
8 26 _SN__SNSNSNSNS_S_SNSNSNS_S___W_W_N_OW__WO_OW__O__WOWO__WO__WO_OW__________________________
8 27 SNSN_SNSN____SNS_____ON_NS___SN_OW_W___OWOW___WS__W_W__OWO__WOWO__________________________
8 28 NS__NSNSNSNSNSNSNSN__WSSS_S__OW_W__O___WOW_____WO_____OWOW___SOW__________________________
8 29 SNSNNNSNSNSNSNSNSNSNSNSNS____W____SWS__SW____S__WS___SWSS____SW___________________________
9 0 _SNS__NSNSNSNSNSN___SNS_NSN_N_O_SOS__O__S__SOS_SO___OSOS____OSO_OSO_______________________
9 1 _NSN__SNSNS___SN__SNSNSNW__NWOW_NWO_OW__S__OW__OWO_OWOW____OWOWOWOWO______________________
9 2 NSNSS_SNSNSNSNSNSNSNO_S_____OWNNWOWOWO__O__W__OW_WOWOW____OWOSOWOSOW______________________
9 3 _NSNSNS_SNSNSNSNS_SNW_N_S___W_NWOWOWOWO_W____OWO_OWOW____OWOWOWOWOWO______________________
9 4 _N_NSNSNSNSNSN__SNSN_NW_OS__SSW_WOWOWOW_SO__OWOWOWOWO___OWOWOSOWOWOW______________________
9 5 NSNSSNSNSNSNSNSN____SN__W___SNSO_WOWOWO_WW_OWOWOWOW_WO_OSOWOWOWOWOW_______________________
9 6 N___SNSNSNSNSNSNSN__SNSN_____WOW__WOSOW_O_OWOWOWOWO__WOWOWOWOSOWOW________________________
9 7 _SNSSNSNSNSNSNSNSNSNSNN_NS___NWS__OW_W_OWNWOWOWOW_WO_OWOSOWOWOWOW_________________________
9 8 ____NSNSN_NSNSNS_SNSNSNS____OOO__OWOSO_WOWOWOWOS___WOWOWOWOWOWOW__________________________
9 9 __NSNSNSNSNSN__S_SNSNSNSNS__WNW_NWOWNW_OWOWOSOW____OWOWOWOWOWOWO__________________________
9 10 SNSNS_NSNSNSNSNSNSNSOO__W___OO__WOWO___WOWOWOWO___OWOWOWOWOWOWOWO_________________________
9 11 _N__S_NSNSNSNSNSNSN_NS__OS__NWOO_SOWO__OWOWOWOW__OSOWOWOWOWOWOWOWO________________________
9 12 _SNSNSNSNSNSNSNSN__SN_NSNS___ONW__W_WNOWOWOWOWO_OWOWOWOWOWOWOWOWOWO_______________________
9 13 SN__N_N_NSNSNSNSNSN_NSNNNN_N_NOOO_O__OWOSOWOWOWNSOSOWOWOWOWOWOWOWOWO______________________
9 14 SNSNS_NSNSNSNSNSNSNSNSNSN____SNSN_WOSWOWOS_W_WOWOWOWOWOWOWOWOWOWOWOWO_____________________
9 15 N_N_SNSNSNSNSNSNSNSNSNS_O_NS__NSOSOW_OWOWN_OS_WOWOWOWOWOWOWOWOWOWOWOW_____________________
9 16 _S_S__NSNSNSNSN__SNSNSN_SNSNONN_WOWOSWOW_WOWO__WOWNWOWOWOWOWOWOWOWOW______________________
9 17 SNSN_NSNSNSNSN__SN__SNS_O___WNO_OWOWO_SOS_WOWO__WOWOWOWOWOWOWOWOWOWO______________________
9 18 NSNSSSNSNSNSNSNS____SNONWN____SOSOWOWO_WO__WOWOS_WOWOWOWOWOWOWOWOWOW______________________
9 19 __SNSNSNSNSN__SNSN__SNSNO____O_WNWOWNWO_W__OWOWO_OWOWOWOWOWOWOWOWOW_______________________
9 20 NSNSSSN_NSNSNSNSNSN__SS_N____WO__SWOWNW_OS_WOWOWOWOWOWOWOWOWOWOWOW________________________
9 21 SNSNS_SN___NSNSNSNSNSNW______OW_SW_W____W__OWOWOWOW_WOWOWOWOWOWOWO________________________
9 22 _NSNN_NSNSNSNSN__SNSNSN______WO_WO___O____OWOWOWOWO_OWOWOWOWOWOWOW________________________
9 23 __NSNSNSNSNSNSNSN___SNS_S____ON_SN__OS___OW_WOWOWOWOWOWOWOWOWOWOWO________________________
9 24 _NSNNNSNSNSNS_SNSNSNWN_N__NS_W__W__OW___OW__OWOWOWOWOW_WOWOWOWOWOW________________________
9 25 _SNSSSNSNSNSNSN______NN_O____O_OS_OW___OW__OWOWNWOWOWO__WOWOWOWOW_________________________
9 26 SNS_SNSNSNSNSNSNSNSNSNONSN__OW_NWOWOSO_W__OWOW___WOWOWO__WOWOWOW__________________________
9 27 NSNS_NSNS___SNSNS___O_S__N__SN_O_SOWOW__S_WOWO_O__WOWOWO__WOWNWO__________________________
9 28 SNS__NSNSNSNSNSNSN__W_NNN_N_O__S_OWOW_O____WOW_N___WOWOWN__WOWOW__________________________
9 29 N_NS_SNSNSNSNSNSNSNSNSNSN___S____WNWN_WN____WN___N__WNWNW___WNW___________________________
10 0 SNSNS_SNSNSNSNSNS___NSN_SNS__O_ON_N___O_NO_NONON_____NONO____N___NO_______________________
10 1 _SNS__NSNSNS_SNS_SNSNSN_O____S_W____O_WONW_OWOWO______WOWO___N___NW_______________________
10 2 SNSNN_NSNSNSNSNSNSNS__N_W___O____O_OW_OW_O_WOWOWO______WOWO__W___WO_______________________
10 3 __NSNSNSNSNSNSNSNSNS____NS__W_O_OSOW_OWO_W_OW_WOWO______WOW__N_O__WO______________________
10 4 _S_SNSNSNSNSNS_SNSN______N__NNWOWOWO_WOWO__WO__W_W__O___NWO__W_W___W______________________
10 5 _NSNN_NSNSNSNSNS___SN_S_O___N_NWSWOWN_WON__OW____O__WO__WOW__N_O__________________________
10 6 S___NSNSNSNSNSNSN__SNSNSW____S__WSWOWSOWO__W__O__WO__WO_NWO__W_W________O_________________
10 7 _NSNNSNSNSNSNSNSNSNSN_O__NS__WSNOWOW_SWOW__O_OWN__W___W_WOWO_____O_____OW_________________
10 8 S____N_NS_SNSNSNSNSNSNSNO___OOWOW_WONWOWO__WNW_WO________WOW____OW____OW__________________
10 9 __SNSNSNSNSN__SNSNSNSNSNSNS_SWOWO__WO_WOW__OWO__WO________WO___OW____OW___________________
10 10 NSNSN_SNSNSNSNSNSNSNSNO_S___O_S_WN_OW_OWO__W_W___WN_______OWO_OW____OW____________________
10 11 _S__N_SNSNSNSNSNSN__WWW_SN__W_O_OWOWS_WOW_________W______OW_WOW____OW_____________________
10 12 _NSNSNSNSNSNSNSN__SNS_ONWN____W_SOWO___WN___O_O_N_N_O___OW__OWO___OW______________________
10 13 NS__S_S_SNSNSNSNSNS_SNS_______ON_WOW____WN_OS_WOW_W_W__OW__OW_W__OW_______________________
10 14 N_NSN_SNSNSNSNSNSNSNSNSN__S_ONWW__WON_O__W_W__OS______OW__OW____OW________________________
10 15 __S_NSNSNSNSNSNSNSNSNSN_N_SNWO_N_N_W__WO___ONOW______OWO_OW____OW_________________________
10 16 SNSNS__NSNSNSN__SNSNSN__WSN__W_O____N_NW__OWOW______OWOWOW____OW__________________________
10 17 NSNSSSNSNSNSN__SN__SNON______ONSN___O_W_NSWOS____O__WOWOWO___OW___________________________
10 18 SNSNNNSNSNSNSNSN__S_NSN__S__SSW_W__OW___S_OW__ON_W__OWOWOW__OW____________________________
10 19 _SNSNSNSNSNS_SNSNS__N_W_____W_O_O_OW___O__WO__W__O__WOW_S__OW_____________________________
10 20 _NSNNNS_SNSNSNSNSNS_SNO_______W_WOWO___WON_WO____W__OWO___OWO_____________________________
10 21 NSNSNSN____SNSNSNSNSN_N_O_______ONOWS__OW__OW____O__WOWO__WOWS___O________________________
10 22 _SNSO_SNSNSNSNS_SNSNSN__W___S__SNSWO_NOW__OWO_O__W___WOWO_OWO___OW________________________
10 23 S_SNWNSNSNSNSNSNS___OSNSN___O__WOSOWOWWO__WOWOW__O___OWOSOW_W__OWO_O______________________
10 24 _SNS__NSNSNSNSNSNSNSNS_____NW_O_NOWOS_OWO__WOWO_OW__OWOWSWO___OWOS_WO_O___________________
10 25 SNSNNNSNSNSNSN__________NS____W_OW_W__WOW__OW_WOWO__WOW___WO_OWOWO_OS_WO__________________
10 26 N_NSNSNSNSNSNSNSNSNSNSNSW___NS__NN_ON_OW__OW__OWOWO__W_____WOSOWOWOWO__W__________________
10 27 SNSNS_NSNS_SNSNSNS_S_SW_____WSSNSW_WO_WON_WO__WOWOW________OWOWOWSWOWO___O_O______________
10 28 N_NSSSNSNSNSNSNSN___SSSS____N__W____SO_W__OWS_OWOWO_______OWOSOWO__WOW___SOW______________
10 29 __SNSN_NSNSNSNSNSNSNSNSN____W_S_____SW___SWSSSWSW_W__S_S_SWSWSWSWS__W__S_SW__S____________
11 0 N_NSNSNSNSNSNSNSN___SNS_N_N_SNS_SO_OSO____O___OSOSOSOSOSOSOSO_OSOS__O___OSO_______________
11 1 SNSN__SNSNSNSNSNSNSNSNS___S__WO_SWOW_W_O_OW__OWOWOSOWOWOSOWOWOWOW__OWO_OWOWO______________
11 2 NSNS__SNSNSNSNSNSNSNSOS______OWOSNWO___WOWO_OWOWOWOWOWOWOWOWOSOWOSOWOWOWOSOW______________
11 3 ___N_NSNSNSNSNSNSNSNOS___N__OW_WOWOWO__OWOWOWOWOWOWOWOWOSOWOWOWOWOW_WOWOWOW_______________
11 4 SNSNSNSNSNSNSNSNSN__WO______WOS_WOWOW_OWOWOWOWOWOWOWOWOWOWOWOSOWOS__OWOWOWO_______________
11 5 __NSS_SNSNSNSNSNS_SN_WN_S____WOSOW_WO_WOWOWOWOWOWOWOWOWOSOWOWOWOW__OSOWOWOW_______________
11 6 N____NSNSNSNSNSN__SNSNSNS___SOWWNO_OWN_WOWOWOWOWOWOWOWOWOWOWOWOWOS_WOWOWOW________________
11 7 _SNS_N_NSNSNSNSNSNSNSSN___N_SNO_ONOWOO_OWOWOWOWOWOWOWOWOSOWOWOWOWO__WOWOW_________________
11 8 N____S__NSNSNSNSNSNSNSWSN___N_NSWOWOWNOWOWOWOWOSOWOWOWOWOWOWOSOWOWO__WOWO_________________
11 9 _SNSNSNSNSNS_SNSNSNSNSN_WSNSW_NS_WOWOSW_WOWOWOWOWOWOWOWOSOWOWOWOWOWO__WOW_________________
11 10 _NSNS_NSNSNSNSNSNSNSOO_SN___S_WO_OWOWO__OWOWOWOWOWOWOWOWOWOWOSOWOWOWO__W__O_______________
11 11 _N__S_N_NSNSNSNSNS__NW_SO____O_SNWOWNW_OWOWOWOWOWOWOWOWOSOWOWOWOWOWOW____OW_______________
11 12 __NSNSNSNSNSNSN__SNSN_N_NS__OW__WOWO_SOWOWOWNWOWOWOWOWOWOWOWOWOWOWOWO___OWO_______________
11 13 SNS_N_NSNSNSNSNSNSNSNSW_O___S_S__WOWO_WOSOWOWOWNWOWOWOWOSOWOWOWOWOWOW__OWOWO______________
11 14 ___NS_NSNSNSNSNSNSNSNSN_W_N______OWOSO_WOWOWOWOWOWOWOWOWOWOWOWOWOWOW__OWOWOW______________
11 15 _SN_SNSNSNSNSNSNSNSNSNS_OSN_____OWOWOWO_WOWOWOWOSOSOWOWOWOWOWOWOWOW__OWOWOW_______________
11 16 NSNSNS_SNSNSNS_SNSNSN_O_WN__O__NWOWOWOW_OW_WNWOWOWOWOWOWOWOWOWOWOW__OWOWOW________________
11 17 SNSNNNSNSNSNS_SNS_SNSNS_O___SN_WOWOWOWO_WN_OWOWOWOWOWOWOWOWOWOWOW__OWOWOW_________________
11 18 NSNS__NSNSNSNSN__SN_OWO_SN__OWO_WOWOWOW_NO_WOWOWOWOWOWOWNWOWOWOW__OWOWOWO_________________
11 19 _NSN_NSNSNSNSNSNSN__SOW_____NOWO_WOWOW_O_W_OWOWOWOWOWOWOWOWOWOW__OWOWOWOW_________________
11 20 _SNSO_NSNSNSNSNSNSNSNW_______W_W_OWOW_OWO_OWOWOWOWOWOWOWOWOWOWO_OWOWOWOW__________________
11 21 SNSNWNS___SNSNSNSNSNS___S_____O_SWOWN_WOWOWOWOWOWOWOWOWOWOWOWNWOWOWOWOWO__________________
11 22 SNSNS_NSNSNSN_NSNSNSN___W__SN_WOWNW___OWOWOWOWOWOWOWOWOWNWOWO__WOWOWOWOWO_________________
11 23 NSNSSSNSNSNSNSNSN___SNSNS___SO_NSNO_N_WOWOWOWOWOWOWOWOWOWOWOWO__WNWOWOWOWO________________
11 24 _NSNS_SNSNSNSNSNSNSNSNS_____WW_OWOWOWO_WOWOWOW_WOWOWOWOWNWOWOWO__WOWNWOWOW________________
11 25 NSNSSSNSNSNSN_______O____N__O__WOWOWOS_OWOWOW___WOWOWOWO__WOWNWO__WOWOWOWO________________
11 26 S_SNSNSNSN_NSNSNSNSNSN_NS___WNS_SOWOWO_WOWOWO_O__WOWOWOWO__WOWOWO__WOWOWOWO_______________
11 27 N_NSN_SNSNSNSNSNSNSNSN__O____NNONSOWNW_OWOW_WOW___WOWOWOWO__WNWOWN_OWOWOWNWO______________
11 28 __SNNNSNSNSNSNSNS___NNNNS____OSSO_WOW__WOWO_NWO_O__WOWOWOWO_OWOWO__WOWOWOWOWO_____________
11 29 _SNSNS_SNSNSNSNSNSNSNSN______WN_W__WNS__WNWNNNWNW___WNWNWNWNWNWNWN__W_WNWNW_WN____________
12 0 S__NSNSNSNSNSNSNS___NSN_S___N_NSNO_ON_O_____O__NONNN_NONNNONO__NON_______NO_O_____________
12 1 NSNSSSNSNSNSNSNSNSNSNSN_S_NSOO_ONS_WO_W____OW___WOWO_OWOWOWOWN__W__O_____NWOW_____________
12 2 SNSNS_NSNSNSNSNSNSNSNNN_W___WSSSN__OW_O_O__W_____W_WOWOWNWOWOWO__NOWO____W_W______________
12 3 _S_SSSNSNSNSNSNSNSNS_W__S_________OWOOWOW___________WOWOWOWOWNWO_NW_WO_O__________________
12 4 NSNSNSNSNSNSNSNSN___S___W____ON_O_W_SWOWO____________WOWNWOWOW_WOW__NWOW__________________
12 5 S_SNN_NSNSNSNSNSNSN_W___N____W_OW_O_O_WOW_____________WOWOW_W__OW__OW_WO__________________
12 6 S____SNSNSNSNSNS_SNSNSNSN_S_N_ON_SWOW_OWO_____O________WNWO____WONOWO__W__________________
12 7 _NSN___SNSNSNSNSNSNSNNS_S___NSWSO__WO_W_SO_O__WN________WOW__N__WOW_W_____________________
12 8 S____NS_SNSNSNSNSNSNSNSNW___OO_NW__OW_O_SSOW__OWS_O_____NWO__W___WO_______________________
12 9 SNSN_NSNSNSNSNSNSNSNSN___N_NSWONO_OWONWO__W___W__OWO____WOWO_N____WO______________________
12 10 _SNSN_SNSNSNSNSNSNSN__SN__S_N_SNS_WOW__W__O_O_O__W_WO___NWOWOW_____WO_____________________
12 11 _S__N_S_SNSNSNSNSN____SN_____OOWS__WO_____WOS_WO_O__WO__WOWOW__O____WO____________________
12 12 ___NSNSNSNSNSNS_SNSNO____N__NSWO____SNO_N__WO_OS_WO_OWO_NWOWO_OW__O__W____________________
12 13 NSNSS_SNSNSNSNSNSNSNSN_SO__SWSNWO___NOS_W___S_WS__S_W_W_WOWOWOW__OW_______________________
12 14 ___SN_SNSNSNSNSNSNSNSN__S___OW__WO_OWW____O_S_O_N_N_____OW_WOWO_OWO_______________________
12 15 SNS_NSNSNSNSNSNSNSNSNSN__NS_WOO__WOW_____SWO__W_W_W_____S__OWSWOWOW_______________________
12 16 SNSNSNSNSNSNSNSNSNSN_SN__S__NSW__OW_____S__WO___O_O_______OWO_OWOW________________________
12 17 NSNSSSNSNSNSNSNSNSNSNWW_NS__W_OO_WO___O_____WO_OS_W______OWOWOW_WO________________________
12 18 SNSNS__NSNSNSNS_SN__NO__WS____WW__WO_OW_O____WOW________OWOW_S___W________________________
12 19 _SNSSSNSNSNSNSNSNS__WW__O_____O____WOW_OW__O_OW________OSOWO_O_______O____________________
12 20 SNSN__SNSNSNSNSNSNSNS_O_W___S_W____OWO_WO__WOW________OWOWOW_S____O_OW________O___________
12 21 NSNS__NS_SNSNSNSNSNSNSWSO___WS__O_OWOW_OW__OW____O___OWOSOW______OW_S____O_O_OW___________
12 22 NSNSN_SN_NSNS_SNSNSN_SS_N_SN_W_SNOW_WO_W__OW____OW__OWOWOW_______S______OSOWOW____________
12 23 SNSNNNSNSNSNSNSNS___NSNSN___O__WOW___W_O_OW____OSO_OWOWOW______O_____O_OWSWOWO____________
12 24 _SNSNSN_NSNSNSNSNSNSNSNSO___NSO_N__O_N_WOW____OWOWSWOWOW____O__W____OWOWO__WOWO___________
12 25 _NSNNNSNSNSNS_______NSO_W_____W_N__W_W__W__O__WSWO__WOWO___OW______OSOWOWS_OW_W___________
12 26 NSNSNSNSN__SNSNSNSNSWSW_NS____N_WN____O___OWO_O__WO__WOW__OW____O__WOWOWO_OWO_____________
12 27 __SNS_NSNSNSNSNSNSNSN__SN___O_SNOW____WO__WOWOW___WO__W__OW____OW__OSOWOWOW_W_____________
12 28 _SNSOSNSNSNSNSNSNS__SS__W___W_NWS__O__OW__OWOWOS__OWO___OW____OW__OWOWOWOWO_____O_________
12 29 SNSNWNSNSNSNSNSNSNSNSN__S____S_____WSNW__SWSWSWS_SWSWS__S____SW__SWSWSWSWSW____SS_________
13 0 NS_SNSNSNSNSNSNSN___SNS_NS__O_SN_NSOSO_SOSOS__O___O_OSOS__OS__OSOS__O_OSOSO__S____________
13 1 _NSNNN_NSNSNSNSNSNSNSN__O_SNWNSN_WOWOSO_SOWO_OW__OSOWOW__OW__OWOW__OSOWOWOWO______________
13 2 N_NSN_SNSNSNSNSNSNSNW___N____WNW_OWOSOW_OWOWOW__OWOWOW__OW__OSOW__OWOWOWOWOWO_____________
13 3 _NSNNNSNSNSNSNSNSNSNS_S_O___OS__SWOWNW_OWOWOW__OWOWOW__OW__OWOW__OWOWOWOWOWOWO____________
13 4 SNSNSNSNSNSNSNSNS_S_OOS_NS__WOO__SWOWO_WOWOW__OWOWOW__OW__OWOS__OWOWOWOWOWOWOWO___________
13 5 NSNSS_SNSNSNSNSNSNS_NWS_____OSWS_W_WOW_OWOW__OWOWOWO_OWO_OWOW__OWOWOWOWOWOWOWOWO__________
13 6 N___SN_NSNSNSNSNSNSNSNSN_SN_W_S__N_OWO_WNW__OWOWOWOWOWOWOWOWOSOWOWOWOWOWOWOWOWOWO_________
13 7 _SNSS_SNSNSNSNSNSNSNSONSO____NSNO_OW_W_OWN_OWOWOWOWOWOWOWOWOWOWOWOWOWOWOWOWOWOWOW_________
13 8 N___S_NSNSNSNSNSNSNSNWN_N___N_WOWOW_SO_WNWOWOWOWNWOWOWOWOWOWOSOWOWOWOWOWOWOWOWOWO_________
13 9 N_NSSSNSNSNSNSNSNSNSNO_SOS__W_NWNWO__W_O_SWOWOWO__WOWOWOWOWOWOWOWOWOWOWOWOWOWOWOWO________
13 10 _NSNS_NSNSNSNSNSNSNSOWNSW_N_O_WOW_WOS_OWOW_WNWOWO__WOWOWOWOWOSOWOW_WOWOWOWOWOWOWOWO_______
13 11 SN__S_NSN_NSNSNSNS__WSN_O___SN_WNO_WN_WOSO_OWOWNWO_OWOWOWOWOWOWOW__OWOWOWOWOWOWOWOW_______
13 12 ___SNSNSNSNSNSNSNSN_NSOSW____W___W_OW_NW_WOWNWOWOWNWOWOWOWOWOWOW__OWOWOWOWOWOWOWOWO_______
13 13 SNSNN_NSNSNSNSNSNSN_WOWNN_SN_O____OWO_WOSOWOWOWNWOWOWOWOWOWOWOW__OWOWOWOWOWOWOWOWOW_______
13 14 S_SNS_NSNSNSNSNSNSNSNW__W___SN__S_WOS_OWOW_WNWO__WOWOWOWNWOWOW__OWOWOWOWOWOWOWOWOW________
13 15 NSN_SNSNSNSNSNSNSNSNSNS_OSN_WN_O__OWO_SOWN_O_OWO__WOWOWOWOWOWN_OWOWOWOWOWOWOWOWOW__O______
13 16 NSNSNSNSNSNSNSNSNSN__OO_WN__OW_W_OWOWO_WNO_WOWOWN_OWOWOWOWOWO__WOWOWOWOWOWOWOWOW__OW______
13 17 SNSNNN_NSNSNSNSNSNSN_NW_ONS_SO__OWOWOW_O_W_OWOW_WOWOWOWOWOWOWN__WOWOWOWOWOWOWOW__OW_______
13 18 NSNSNS__NSNSNSNSN_____O_SN__OS_OWOWOW__WO_OWOWOSOWOWOWOWNWOWOWO__WOWOWOWOWOWOW__OW________
13 19 SNSNNNSNSNSNSNSNSN___OW_____WO_WOW_W___OWOW_WOWOS_WOWOWOWOWOWNWO__WOWOWOWOWOW__OW_________
13 20 NSNS__NSNSNSNSNSNSNSNW______OW_OWO__S_OWOWO_OWOWO__WOWOWNWOWOWOWO__WNWOWOWOW__OWO_________
13 21 _N_NS__NSNSNSNSNSNSNSNSN____NO_WOWO_O_WOWOWOWOWOWO__WOWOWOWOWOWOWN__WOWOWNW__OWOWO________
13 22 SNSNS_NS_SNSNSNSNSN_WNN_S_NS_NSOW_WOWO_W_WOWOWOWNWO__WOW_WOWOWOWOWO__WOWOWO_OWOWOWO_______
13 23 NSNSSSNSNSNSNSNSN___SNSNW_____WNS_OWOW_OS_WOWOWOWOWO_OWO__WOWOWOWOWO__WOWNWOWOWOWOWO______
13 24 _NSNSNS_SNSNSNSNSNSNSNWNS____N_OWOWOW_OWO_OWOWOW_WNWOWOWO__WOWOWOWOWN__WO__WOWOWOWOW______
13 25 _SNSSSNSNSNSNS______ON__O___O__WOWOWO_WOWOW_WOWN___OWOWOWO__WOWOWOWOWO__WN_OWOWOWOW_______
13 26 SNSNSNSNS_SNSNSNSNSNSNO_SN__WO__SOWOWO_WOW___WO___OW_WOWOWO__WOWOWOWNWO____WOWOWOWO_______
13 27 _SNSN_SNSNSNSNSNSNSNS_WNO____SN_NSOWOW_OWO____W__OW___WOWOWO__WOWOWOWOWO____WOWOWOWO______
13 28 _NSNSNSNSNSNSNSNSNS_NNO_W___O___WOWOW_OWOWO____NOW_____WNWOWO__WOWOWOWOWO____WOWNWOW______
13 29 NSNS__NSNSNSNSNSNSNSN_W_N___WN___W_WNSW_WNWN_N_NWN_N_N__W_W_WN__WNWNWNWNWN____WNW_W_______
14 0 _NSNSNSNSNSNSNSNS___NSN_ON__OONO_ON_NN_NNNONO_____N__NONO__NO__N_NO_N__NONO_ON____________
14 1 _SNSSS__NSNSNSNSNSN_O_O_S_NSSWNSOW__NW__WOWOWO____WO__WOWO_OWN____WOWO__W_WOWO____________
14 2 S_SNS_NSNSNSNSNSNSNSN_WSO______SWO_OW___OW_WOWO____WO__W_WOWOWO____W_W_____WOW____________
14 3 _SNSSSNSNSNSNSNSNSNSN_N_W___ONSSNS_W___OW___WOW__O__WO____WOWNWO_O__________WO____________
14 4 NSNSNSNSNSNSNSNSNSN__SNS_N__SNSW_O_O_OOWO____WO__WO__WO____WOW_WOWO__________W____________
14 5 _NSNN_N_NSNSNSNSNSNS_WN_S___OWWNONOW_SW_W_____W__OWO__WO____W__OWOWO______________________
14 6 S___NS_SNSNSNSNSNSNSNSN_SN__WSNOWOWO_OO__________WOWO__WO____NOWOWOWO_____________________
14 7 SNSNN_NSNSNSNSNSNSNSN_ONW____WOSOW_W_SWO__________WOWO__W____NWOWOWOW_____________________
14 8 S___N_SNSNSNSNSNSNSNO_W_O_____N_W__ON_OWO___O_O____W_WO______WOWOWOWO_____________________
14 9 S_SNNNSNSNSNSNSNSNSNS__NSN____O_O__W__W_WO_OS_W_______WO_____NWOWOWOWO____________________
14 10 __NSN_SNSNSNSNSNSNSNS_SN____N_S_WO_ON___NN_WS___O_O____W__O__WOWOWOWOW____________________
14 11 NS__N_SNS__NSNSNSNS_SN______W____S_WOO__W__O___OS_W_______WO__WOWOWOWO____________________
14 12 __SNONSNSNSNSNSNSN__WNSNS___O__O___OSWO___OWO__SO_S_O______WO__WOWOWOWO___________________
14 13 NSNSW_SNSNSNSNSNSNS_O_S___N_W_OW_O_WNOW_NOWOS__OS___W_______WO__WOWOWOWO__________________
14 14 NSNSN_SNSNSNSNSNSNSNSSS___S_O_WSNW_OWWN__S_W__OW__O___O_S_O__WO_OWOWOWOWO_O_______________
14 15 SNS_NSNSNSNSNSNSNSNSNSN__N__NSOWO__WO_W____O__W__OS__OWO_OW__OWOWOWOWOWOWOW_______________
14 16 _NSNSNSNSN_NSNSNSN__S_______NWW_WO__W___O__W____OW__OWOWOW___S_WOW_WOWOWOWO_______________
14 17 NSNSSS_SNSNSNSNSNSN_W___NSN_WNO_OWO_O__OS_______S__OWOWOS____O__WO_OW_WOWOW__O____________
14 18 SNSNSNS__NSNSNSN____O___W____WWOWOWOW_OW______ONN_OWOWOW_____S___S_WO_OWOW__OW____________
14 19 NSNSSSNSNSNSNSNSN___WS_______O_W_S_W_OW____O_OWSW_WOWOWO_________O__S_W_WO_OW_____________
14 20 _NSN__SNSNSNSNSNSNSNSW__S____W_O_O_ONW__O__WOWO___OWOWOW__O______S__O____S_WO_____________
14 21 _S__NS_SNSNSNSNSNSNSOSN_W______WOSOWO__OW__OSOW__OWOWOWO__WO_______OS____O_OWO____________
14 22 NSNSN_SNSNSNSNSNSN__NS__O__N__OOWSWOSO_W__OWOWO_OWOW_WOW___W______OW____OSOW_W__O_O_______
14 23 _NSNNNSNSNSNSNSNS___NSOSN___S_NWOWOWOSO_N_WOWOW_S_WO__WO___O_____OW____OWOW____OS_WO______
14 24 _SNSNSNSNSNSNSNSNSNSN_N_N_S_W_O_N_W_SOS_S_OWOWO____WO__WO_OW____OW____OW_SO___OWO_OWO_____
14 25 _NSNNNSNSNSNSNS_____N_S_NS__O_W_N___OS_O__WOWOWO____W___WOW____OW____OW__OWO_OW_SOWOW__O__
14 26 NSNSNSNSNSNSNSNSNSNSWSS_WS__WN_SWN_OW_OWS_OWOWOWO_______OWO___OW____OW__OSOWOW__SWOWO_OW__
14 27 _NSN__NSNSNSNSNSNSNSNS___S___W__OW_WS_WO__WOWOWOWO_O___OW_WO_OW____OW__OWOWOW__O__WOS_W___
14 28 _SNSNSNSNSNSNSNSNSNSO________O__WO_OSS_WO__W_W_WSWOWO_OW___W_S____OW__OW_SOW__OWO__WO_O_O_
14 29 _NSN__SNSNSNSNSNSNSNW________S___WSWSN__W_______SSWSWSWS___S_S_S_SW__SW__SW__SWSS___S_WSW_
15 0 _SNSNSNSNSNSNSNSN___SNS_NS__N_SNSO_OSO________O_OSOSOS__O_OSOS__OSOSOS__OSO_OSOS__O_______
15 1 SNSNNNS_SNSNSNSNSN__S_S_W_SNW_OW_WOWOW_______OWOWOSOW__OSOWOW__OWOWOS__OWOWOWOWOSOWO______
15 2 NSNSN_SNSN_NSNSNSNSNSOSN_____OWN_NWOWO______OWOWOWOW__OWOWOW__OWOWOW__OWOSOWOWOWOW_W______
15 3 SNSNNNSNSNSNSNSNSNSNOWS_____NWNOOWOWOW_O_O_OWOWOWOW__OWOWOW__OWOWOW__OWOWOWOWOWOWO________
15 4 _NSNSNSNSNSNSNSNSNS_WOSN____W_ONW_WOWN_WOWOWOWOWOW__OWOWOW__OWOWOW__OWOWOWOWOWOWOW________
15 5 _SN_S_S_SNSNSNSNSNSNSNS_N___S_N_S_OW_W_OWOWOWOWOW__OWOWOW__OWOWOW__OWOWOWOWOWOWOWO________
15 6 N___SNSNSNSNSNSNSNSNSNS_O___SOSNW_WOSNOWOWOWOWOW__OWOWOW__OWOWOW__OWOWOWOWOWOWOWOW________
15 7 N_NS__SNSNSNSNSNSNSN____NS___NSW__OW_WWOWOWOWOW__OWOWOW__OWOWOW__OWOWOWOWOWOWOWOWO________
15 8 N____SNSNSNSNSNSNSNSNS__NS___OS__OWOS__WOWOWNWO_OWOWOW__OWOWOW__OWOWOWOWOWOWOWOWOW________
15 9 NSNS__NSNSNSNSNSNSN_WO__W___OWNSOWOWO_SOWOWOWOWOWOWOW__OWOWOWO_OWOWOWOWOWOWOWOWOWO________
15 10 __SNS_NSNSNSNSNSNSNSNSN_S___W_W_WNWOW_OWOWOWNWOWNWOW__OWOWOWOWOWOWOWOWOWOWOWOWOWOW________
15 11 SN__S_NSN__SNSNSNSNSO___W______S_WOWNSWOSOWO__WNWOWO_OWOWOWOWOWOWOWOWOWOWOWOWOWOWO________
15 12 _SNSSSNSNSNSNSNSNS__NSN_N_______O_WOWO_WOWOWN__WNWNWOWOWOWOWOWOWOWOWOWOWOWOWOWOWOW________
15 13 SNSNS_NSNSNSNSNSNSN_NSN_O___S___W_OWOWO_WNWOW__OWO__WOWOWOWOWOWOWOWOWOWOWOWOWOWOWO________
15 14 _NSNS_NSNSNSNSNSNSNSWNN_WSN_W__O_OWOWOW_OWOW__OWOWN_OWOWNWOWOWOWOWOWOWOWOWOWOWOWOWO_______
15 15 N_N_SNSNSNSNSNSNSNSNSNS_O____O_NOWOWOW_OWOWOSOWOWOWOW_WO__WOWNWOWOWOWOWOWOWOWOWOWOWO______
15 16 __NSNSNSNS_SNSNSNS__OSW_W____N_OWOWOW_OWNWOWOWOWNWOWO__WN__WOWOWOWOWOWOWOWOWOWOWOWOW______
15 17 _N_NNNSNSNSNSNSNSN__NOO_ON___O_SOW_W_OWOWOWOWOWSWOWOWO__WO__WNWOWNWOWOWOWOWOWOWOWOW_______
15 18 N_NSN_NS__NSNSNS_____WW_S___OWO_WN_OSWOWOWOWOWOW_WOWOWO__WO__WOWOWOWNWOWOWOWOWOWOWO_______
15 19 _NSNNNSNSNSNSNSNS____OO_____W_W_OWOWS_WOWOWOWOWN_OWOWOWO__WO__WOWNWOWOWOWNWOWOWOWOW_______
15 20 _SNS_SNSNSNSNSNSNSNSNNW_O_______WNWOWO_WOWOWNWO__WOWOWOWO__WO__WOWOWNWOWOWOWOWOWOWO_______
15 21 _NS__NSNSNSNSNSNSNSNSN__N______O_WOWNWO_WOW_WOWO__WOWOWOWO__WO__WOWOWOWOWNWOWOWOWOWO______
15 22 _NSN_SNSNSNSNSNSNS__WN_SO______W_OWOWNW_OWO_OWOWN__WOWOWOWO__WO__WOWOWOWOWOWOWOWNWOW__O___
15 23 _SN___NSNSNSNSNSN___SNSNS___OO__SN_WNWN_W_WOWOWOWO__WOWOWOWO__WO__WOWOWOWNWOWOWOWOWO_OWO__
15 24 _NSN_NSNSNSNSNSNSNSNO_____NSNW_O_O_OWNW_N_OWOW_WOWO__WOWOWOWO__WO__WOWOWOWOWOWOWNWOWOWOWO_
15 25 _SNS__NSNSNSNSNS____W_N_ON___O_WOWOWOW_O_OW_W___WOWO__WOWOWOWO__WO__WOWOWNWOWOWOWOWOWOWOWO
15 26 SNSNSNSNSNSNSNSNSNSNONN_SNS__WONWOWOWO_WNWO______WOWO__WOWOWOWO__WO__WOWOWOWOWOWNWOWNWOWOW
15 27 _SNSS_SNSNSNSNSNSNSNSNS_SN__O_SO_WOWNW_O__W_______WOWO__WOWOWNWO__WO__WOWNWOWOWO__WOWOWOW_
15 28 SNSNSNSNSNSNSNSNSNSN________WN_WO_WONNOW________N__WOWO__WOWOWOWO__WO__WOWOWOWOWN__WNWOW__
15 29 _SNSSSNSNSNSNSNSNSNS_________W__W_NWN_W_________NN_NWNWN__WNWNWNWN__WN__WNW_WNWNW___W_WN__
16 0 SNSNSNSNSNSNSNSNS___NSN_SNS___N_NO__N_O__________NNN_NO_N__NONO__NONNNO__NO__NON__O_______
16 1 N_NSSSNSNSNSNSNSNS__N_N__SN__S___WO_O_W____O______WO__WOWO__WOWO__WOWOWO_NWO_OWON_W_______
16 2 _NSNS_NSNS_SNSNSNSNSNSN_S______O_OWOW_O___OW_______WO__WOWO__WOWO__WOWOWOW_WOWOW__________
16 3 N_NSSSNSN_NSNSNSNSNS_WN_W_____SSOSOWS_WO_OW_________WO__WOWO__WOWO__WOWOWO_OWOW___________
16 4 _SNSNSNSNSNSNSNSNSNS_SN___S__SW_S_WOW_OWOW__O________WO__WOWO__WOWO__WOW_WOWOW____________
16 5 _NS_N_NSN_NSNSN_NSNSNWN_O___NW__O__W__WOW__OW____O____WO__WOW__OWOWO_OWO_OWOW_____________
16 6 ____NSNSNSNSNSNSNSNSN_NSW_S_NSN_N__ON__WO__W__O__W__O__WO__WO__WOW_WOW_WOWOW______________
16 7 __SNS_NSNSNSNSNSNSN_S_S_ONS_OWN_O_OW_O__W__O__WO____W___WO__W__OW__OW__OWOWO______________
16 8 ____WNSNSNSNSNSNSNSNSNS_WNS_W_NSS_WONS__O_OWO__W____O____WO____WO__W__OWOWOWO_____________
16 9 _NSN__SNSNSNSNSNSN__SNS___S___ON___WOONOS_W_W_______WO____WO____W__O__WOWOWOWO____________
16 10 _SNSN_SNSNSNSNSNSNSNSWS_O____SS__O__SWOWN___O_O______WO____WO______WO__WOWOWOWO___________
16 11 NS__N_SNS_SN_NSNSNSNS_O_N_S_OWONOWO_ONS_WO__S_WO___O__W_____W__O____WO__WOWOWOW___________
16 12 _NSNNNSNSNSNSNSNSN__ONW_____WSWSWOW_S_O__S__O__SO_OW___________WO____WO__WOWOWO___________
16 13 NSNSN_SNSNSNSNSNSNS_SN______OWSWOWO___W_____S__SS_W_____________W_____WO__WOWOWO__________
16 14 _SNSN_SNSNSNSNSNSN_NSO__SN__NOWOWSW___________O___S____________________WO__WOWOWO_________
16 15 __S_NSNSNSNSNSNSNSNSNWOSW___OW_WSWO________ON_W__O_______O_O____________WO__WOWOW_________
16 16 __SNONSNSNSNSNSNSNS_SNN_S___W__NWOWO____O__W__O_OWO_____OWOW_____________WO__WOWO_________
16 17 _S_SWSNSNSNSNSNSNS__W___N_____OW_W_W___OWS_O_OWOWOWO____SOW_______________WO__WOW_________
16 18 S_SNS_SNS__NSNSNS_____S_W_____S____ON_OWO__WOWONOW_WO___OW_________________W___WO_________
16 19 __N_SSNSNSNSNSNSNS___SW_S____O_OO_OWO_W_W__OWOWOWO__WO__S____O__________________W_________
16 20 _NSNSNSNSNSNSNSNSNSNSW__W___OWOWS_WONO__O__WOWOWOWO__WO______SO___O_______________________
16 21 __NS__NSNSNSNSNSNSNSO__S____WSW_O_OWOWO_WO_OWOWOW_WO__WO_____OW__OW_______________________
16 22 _SNSONSNSNSNSNSNSN__N_SNN___SWO_WSWOWOW_OWOWOWOWO__WO__WO____S__OS________________________
16 23 SNS_W_SNSN_NSNSNS___NSNSWS__WOWONWOWOW_OWOWOW_WOWO__WO__W______OW____O_______O____________
16 24 _SN_SSNSNSNSNSNSNSNS_O_____NSWOW_SWOW_OWSWOW___WOWO__W______O__W____OW____O_OWO___________
16 25 _NSNS__NSNSNSNSNS____W__NS__S_W_S_OWO_WOWSWO____WOWO_______OW______OS____SWOWOWO__________
16 26 NSNSNSNSNSNSNSNSNSNSN___WSN_W_N__OWOWO_WOWOWS____WOW______OW____O__W____O__WOWOW__________
16 27 SNSNN_NSNSNSNSNSNSNSWONSN_____W__W_WOW_OWOWOWO_O__WO_____OW____OW______OWS_OWOW___________
16 28 NSNSNSNSNSNSNSNSNSN_OWS_O_S______O_OW_OWOWOWSWOWO__WO___OWO___OW______OWO__W_W__O_________
16 29 SN_NNNSNSNSNSNSNSNSNW_S_W____S___WSWS_WSWSW_SSWSW___W__SSSW__SW____S__WSWS_____SWS________
17 0 N_NSNSNSNSNSNSNSN___SNS_NSN_S_SOS__OSO_S_S____O___OSOSOS______OS__OSO_OSOSOSOSO___________
17 1 S_SNNNSNSNSNSNSNSNS_S_O_SN__SNOWO_OWSW_______OW__OWOWOW______OW__OWOSOWOWOWOWOW___________
17 2 _SNSN_SNSNSN_NSNSNSNSOW_O___O_WNWNW_SO______OW__OWOWOW______OS__OSOWOWOWOWOWOW____________
17 3 ___NNNSNS_SNSNSNSNSNSN__N___W_OWNW__OW_____OW__OWOWOWO_____OW__OWOWOWOWOWOWOWO____________
17 4 _N_NSNSNSNSNSNSNSNSNSO___SN__ONSWS_ON_____OW__OWOWOWOWO___OW__OWOWOWOWOWOWOWOW____________
17 5 _SNSS_SN___NSNS__NSNSN_S_____N_S_W_WOS___OWOSOWOWOWOWOW__OW__OWOWOWOWOWOWOWOWO____________
17 6 ____SNSNSN_NSNSNSNSNSS_N_SN_SO_O___OS_O_OWOWOWOWOWOWOW__OW__OWOWOWOWOWOWOWOWOWO___________
17 7 _SN_O_SN_NSNSNSNSNS_NWNS__N_SNOWNSOW_NWOWOWOWOWOWOWOW__OW__OWOWOWOWOWOWOWOWOWOWO__________
17 8 ____N_NSNSNSNSNSNSNSNSN___NS_OSNWOWOSW_WNSOWOWOWOWOWO_OW__OWOWOWOWOWOWOWOWOWOWOW__________
17 9 _SNSO_NSNSNSNSNSNS__NSNS_SN_OWN__WOWNS_OWOWOWOWOWOWOWOW__OWOWOWOWOWOWOWOWOWOWOWO__________
17 10 _NSNW_NSNSNSNSNSNSNSNSN__S__WOW__OWOWWNWOWOWNWOWOWOWOW__OWOWOWOWOWOWOWOWOWOWOWOWO_________
17 11 _N____N_NSN___N_NSNSNS____N_SNS_OWOWN_WOWNWOWOWNWOWOWO_OWOWOWOWOWOWOWOWOWOWOWOWOWO________
17 12 _SNSSSNSNSNSNSNSNS__N___O___SOWOW_WOWO_WOWOWNWOWNWOWOWOWOWOWOWOWOWOWOWOWOWOWOWOWOWO_______
17 13 SNSNS_NSNSNSNSNSNSNSW_O_W____NONO__WOW_OWOW_WOWNWOWOWOWOWOWOWOWOWOWOWOWOWOWOWOWOWOW_______
17 14 SNSNS_NSNSNSNSNSNS__N_W_O__S__N_WO_OWO_WOWO__WO__WNWOWOWOWOWOWOWOWOWOWOWOWOWOWOWOW________
17 15 _SN_SNSNSNSNSNSNSNSNS__NN_____O_ONOWOWO_W_WOSOWO____WOWOWOWOWOWOWOWOWOWOWOWOWOWOWO________
17 16 _SNSSSNSNSNSNSNSNSN_OS__N____OW_NOWOWOW_O__WOWOWO____WOWNWOWOWOWOWOWOWOWOWOWOWOWOW________
17 17 _NSNSNSNSNSNSNSNSNS_NOS_O____SNSOWOWOW_OWN_OWOW_WO____WOWOWOWOWOWOWOWOWOWOWOWOWOW_________
17 18 NSN_NSN_NS_SNSNSNS___WO_S_____WOWOWOWO_W_O_WOWO__WO____WNWOWOWOWOWOWOWOWOWOWOWOW__________
17 19 __S_NNSNSNSNSNSNSN__SON_O___O_SWNWOW_W___W_OWOWO__WO____WOWOWNWOWOWOWOWOWOWOWOWO_O_O______
17 20 _SNSNSNSNSNSNSNSNSNSNN_SN___W_W_WOW_SO__O__WOWOWO__WO____WOWOWOWOWOWOWOWOWOWOWOWOWOWO_____
17 21 S_SN__SNSNSNSNSNSN_NS_SN_____O_OSWO__WO_W___WOWOWO__WO____WOWNWOWNWOWOWOWOWOWOWOWOWOW_____
17 22 _N_NO_NSNSNSNSNSNS__SSNS____ON_WWOW__OW_O____WOWOWO__WO____WOWOWOWOWOWOWOWOWOWOWOWOW______
17 23 NSNSWSNSN__SNSNSN___SNSNSN__NS___N__OW__WO____WOWOWO__WO____WOWOWOWOWOWOWOWOWOWOWOW_______
17 24 SN__NNSNSNSNSNSNSNSNS_O_W___NW___N_OWO__OW__O__WOWOWO__WO____WOWOWOWNWOWOWOWOWOWOW________
17 25 _SNSNS__NSN_NSNSNS__WOW_ONS_OO_ONO_WOW__NO_OW___WOWOWO__WO____WOWOWOWOWOWNWOWOWOW_________
17 26 SNSN_NSNSNSNSNSNSNSNOSO_SN__NWOSOW_OW___ON_WO_O__WOWOWO__WO____WOWOWOWOWO_OWOWOWO_________
17 27 NSNS___NSNSNSNSNSNSNW_WNO_____WOW_OW__O_W___N_WO__WOWOWO__WO____WOWOWOWOWNWOWOWOWO________
17 28 _NSNSNSNSNSNSNSNSNS_SON_W_N_O__WO_WO_OW_____N__W___W_WOWN__WO____WOWOWOWO__WOWOWOW________
17 29 NS_S__NSNSNSNSNSNSN_WWN_____WN__W_NWNW_N_N__NN_N______WNWN__WN____WNW_WNWN__W_WNWN________
18 0 ___NSNSNSNSNSNSNS___NSN_SN__N_N_NO_ON_ONONO________NONONO______N___NN__NONONON____________
18 1 NSNSSSNSNSNSNSNSNSNSN__SN__SN_O_OWOWN_WOWOW__O______WOWOWO___N___N__WO__WOWOW_____________
18 2 SNSNO_NSNSNS__NSNSNSNS_SOS__OOSOSOWON_OWOW__OW__O___OWOWOWO__WO__WO__WO__WOWO_____________
18 3 _S_SWSNSNSNSNSNSNSNSN__SW___SW_S_WOWO_W_W__OW__OW__OW_WOWOWO__WO__WO__WO__WOW_____________
18 4 ___SNSNSNSNSNSNSNSNSN_S__NS____N_OWOWS_____W__OW__OW___WOWOWO__WO__WO__WO__WO_____________
18 5 _NSNNSNS___SNSNS__NSN_ONS_____ONONOWNN_____ONOW__OW_____WOWOWO__WO__WO__WO__WO____________
18 6 S___NSNSNS_SNSNSNSNSNOW_SN__N_WSW_WOWSO_O_OW_WO__W_______WOWOWO__WO__WO__WO__W____________
18 7 _NS_O_NS_SNSNSNSNSN_SNSNW___N_NWONOW__WOWNW___W__O________WOWOWO__WO__WO__W_______________
18 8 ____W_SNSNSNSNSNSN_NWNS____NS_WSWOWONS_WOW____O_OW_________WOWOWO__WO__W__________________
18 9 _N_N__SNSNSNSNSNSNS_ONSNSN__O_O__S_WOO_OW__O__WOW___________WOWOWO__W_____________________
18 10 _SNS___NSNSNSNSNSNSNSNS_SNS_SOWO_O_OSN_WO_OWS_OW_____________WOWOWO_______________________
18 11 _S____S_SNS______NSNSNS_O___NWOWOWOWO___S_WO__WO_O____________WOWOWO______________________
18 12 SNSNNNSNSNSNSNSNSNS_SO__W_S_NSNSWSWOW_O_O__W___S_W_____________WOWOWO_____________________
18 13 NSNSN_SNSN_NSNSN_NSNSWS_O___OWO__WOWSOWOS__O___O________________WOWOWO____________________
18 14 NSNSN_SNSNSNSNSNSNS_SSS_W_SNWSWS_OWO_WOWO_OW__OW__O_________O____WOWOWO___________________
18 15 SNS_NSNSNSNSNSNSNSNSNS__O___OW___WOWSOWOWOWON_WO__S________OW_____WOWOWO__________________
18 16 _NSNNNSNSNSNSN_N_NS_ONS_S___WNS__OWO_WOWOWOW__OWO_______O_OW_______WOW_WO_________________
18 17 _SNSNSNSNSNSNSNSNSN_WSNSN___SWWN_WOWO_WOWSWO_OWSWO______SOWO________WO__WO________________
18 18 SNS_ONS__NSN_NSNSN______W___WS___OWOW_OWSWOWSWO__W______OWOW_________WO__W________________
18 19 _SNSWSNSNSNSNSNSNS__NS__S____WO__WOW_OWOWSWOWOW____O____SOW__O_O______WO__________________
18 20 SNSNONSNSNSNSNSNSNSNSSSNW____ONS_SWONWOWSWOWSWO___OWO___OW___S_WO______WO_________________
18 21 NSNSWSNSNSNSNSNSN___NSN_____OWSWOWOWO_WOWSWOWOWS_OWOWO__S____O__WO_O____WO________________
18 22 ___SS_SNSNSNSNSNSNS_NN_NS___W_SONOWOWS_WOWOWSWOWSWOWOWO______SO__S_W_____W________________
18 23 SNSNSNSN__SNSNSNS___NSNSO____OOWSWOWSWO_WSWOWOWOWOWOWOWO_O___OW__O________________________
18 24 N__S_SNSNSNSNSNSNSNSOS__N___SNW_W_WO__W_SWOWSWOWSWOWOWOWOWO__S___S__O_____________________
18 25 SNSN_NS__NS__NSNSNS_NNS_NSN_W__NO__WO___W_WO__WSWOWOWOWOWOW______O__S_____________________
18 26 N_NSSSNSNSNSNSNSNSNS_WS_WS__O__WW___WS_____WS__WOWSWOWOWOW_______SO_O_____O_______________
18 27 _NSNS___NSNSNSNSNSN__S_SO___WO_______W_O____WO__WOWOWOWOW________OWOW____OW_______________
18 28 _SNSNSNSNSNSNSNSNSNSOOS_W___OW___O_____WO____WO__WSWOWOW__O______SOW____OSO_______________
18 29 _NSN__SNSNSNSNSNSNS_NWS_S___WS___W__S___WS____WS__SSWSWS__WS_____SW__S_SWSWS______________
19 0 _S_SNSNSNSNSNSNSN___SN_SNS__SOSO_SSO________SSOSOS_SOS__SSOSOS_____S___S__________________
19 1 SNSNNNSNSNSNSNSNSNSNS_SNO_SNSWNWNW_WSS______SOW_WO_OW__OSOWOWO______SO____________________
19 2 NSNSO_SNSNSNS__NSNSNSNSNWN__N_WNWO_OS_O___O_OW___WOW__OWOWOWOW_______W____________________
19 3 _NSNWNSNSNSN_NSNSNSNSOSNS___W_OWOWOWSSW__OWOWO___OW__OWOSOW_W____S_O______________________
19 4 S_SN_NSNSNSNSNSNSNSNSWN_S_N_S_W_WSWOSN__OWOWOWO_OW__OWOWOWO__SO_OW_W______________________
19 5 _SNS_N_NS_SN_NSNS__NS___N______SSSOW___OWOWOWOWOS__OWOWOWOW___WOW__O______________________
19 6 N___SNSNSNSNSNSNSNSNS___O______OSOWOSNSWOWOWOWOW__OWOWOWOW____OWO__WO_____________________
19 7 _SNS___NSNSNSNSNSNS_OSNSNS___OONOWOWO_SOWOWOWOW__OWOWOWOW____OWOWO__W_____________________
19 8 ____S_NSNSNSNSNSNS__NSNS____NSWNWNWOWNOW_WOWOW__OWOWOWOW____OWOWOWO_______________________
19 9 ____SSNSNSNSNSNSNSNSNSN_NS_SNS__SWOWN_WOS_WOWO_OWOWOWOW____OWOWOWOW_______________________
19 10 _NSNS__SNSNSNSNSNSNSW_NSNSN_WS__S_WOW_OWNSOWNWOWOWOWOWO___OWOWOWOWO_______________________
19 11 _N__S_NSNSNS______N_NSN__S_______SOW_OWOWOW__OWNWOWOWOWO_OWOWOWOWOW_______________________
19 12 NSNSSSNSNSNSNSNSNSNSNS_S__N__O_N_OWOSWOWNWO_OWOWOWOWOWOWOWOWOWOWOWO_______________________
19 13 _NSNS_NSNS_SNSNS__NSNSN___S_SNS__N_WNOSOWOWOWOW_WOWOWOWOWOWOWOWOWOWO______________________
19 14 SNSNS_NSNSNSNSNSNSNSNNN___N_WOWNOS_O_W_W_WOWOW___WNWOWOWOWOWOWOWOWOWO_____________________
19 15 NSN_SNSNSNSNSNSNSNSNSNS_N____N__WWOWN___S_WOWO____WOWOWOWOWOWOWOWOWOWO____________________
19 16 _SNS__NSNSNSNS____N_S_N_W____OOO_OW___O____W_WOSS__WOWOWNWOWOWOWOWOWOWO___________________
19 17 _NSNSNSNSNSNSNSNSNS_WNSNO___OSNWOWO_SOW_SO__SOWNWOSOWOWOWOWOWOWOWOWOWOWO__________________
19 18 N_NSSSNS_SNS__NSNS__S___W___NOOOWOW_WWS_ON__OWO__WOW_WOWNWOWOWOWOWOWOWOW__________________
19 19 _NSNSNSNSNSNSNSNSN__SNS_O___ONSW_W__S___NO_ONOW_O_WO__WOWOWOWNWOWOWOWOWO__________________
19 20 NSNSSSNSNSNSNSNSNSNSNNN_N___W__OSO_OW_O_ON_WOW__W_OWO__WNWOWOWOWOWOWOWOW__________________
19 21 _NSNSNSNSNSNSNSN____SNS_S___SONNWN_WO_W_NO_ON__O__WOWO__WOWOWNWOWNWOWOWO__________________
19 22 __SNN_NSNSNSNSN_N_NSW___NS__WWNS___OWOO__N_WO__NO_OW_WO__WOWOWOWOWOWOWOWO_________________
19 23 NSNSNSNS_SNSNSNSN___SN_NS______WO_OWNNW__O_ON___N_WO__W___WOWNWOWNWOWOWOWO________________
19 24 S_SNSNSNSNSNSNSNSNSNSNS_SS__O___NOWO____ON_WN_O_O_OW_______WOWOWOWOWNWOWOWO_______________
19 25 NSNSSSNS__NS__NSNSNS__N_ONS_NO__OW_W___ON__O__WON_W_________WOWOWNWOWOWOWOWO______________
19 26 S__NNNSNSNSNSNSNSNSNO_N_SN___WO_W____OOWO__WO_ON__O_O_____O__WOWOWOWOWOWOWOW______________
19 27 _SNSN___SNSNSNSNSNS_SNSNS___O_SO_____NWOW__ON_W___N_W____OW___WOWNWOWOWOWNW_______________
19 28 SNSNSNSNSNSNSNSNSNSN_SN_W___W__WOS_O___W___W____O_N_____OW_____WOWOWOWOWOWO_______________
19 29 _SNS__NSNSNSNSNSNSNS_WN_N____N__WW_WN____N_____NW_NN_N_NW__N____WNW_WNWNWNWN______________
20 0 SNSNSNSNSNSNSNSNS___N_SNSNS_NSNS_ONO________NNONONON_NO_NN_N_N____ON__ON__________________
20 1 NSNSSSNSNSNSN_NSNSNSNSN__SN_N____NOWNN___O_ONOWOWOW___WON__O_____OWONOWO__________________
20 2 _N_NS_NSNSNSNS__NSNSNSNS____S__O__WON_O_OWOWOW_WOWO____WN_OW____OWOWOW_W__________________
20 3 _SNSSSNSNSNS__NSNSNSNSNSN___WS_WO_OWNNWOWOWOW__OW_WO____W_W____OWOWOWO____________________
20 4 NSNS_SNSNSNSNSNSNSNSNS__N_S_NW__WNWONS_WOWOW__OWN__WO_______ON_WONOWOW____________________
20 5 SNSN___SNSN___NSNS__NWS_O______NNNOW___OWOW__OW_WO_OWO_____OW__OWOWOW_____________________
20 6 S___NSN_NSNSNSNSNSNSNS__W_S____ON_WON_NWOW__OW___WOW_WO___OW__OWOWOWO_____________________
20 7 _N_N_S_SNSN_NSN_NSNSSNSNON__ON_W___WS_NOWO_OW__O_OWO__WO_OW__OWOWOWOW_____________________
20 8 S___N_SNSNSNSNSNSN__WNSNS___WW_O_O_O___W_SOW__OWOWOWO__WOW__OWOWOWOW__O___________________
20 9 S___NNSNSNSNSNSNSNSNSNS_ONSNONOSNS_WOO_ONSW___WOWOW_W__OWO_OWOWOWOW__OW___________________
20 10 __NSN_SN_N_NSNSNSNSNS_SNSNS_SNWON__OSW_W_N__S_OWOWO___OW_WOWOWOWOW__OW____________________
20 11 _S__N_SNSN_NS_______SNS_SN__S_SWONOW___O___O_OWOWOWO_OW__OWOWOWOW__OW_____________________
20 12 SNSNNNSNSNSNSNSN_NSNSNSN____W_SOWSWON_NWO__WOWOW_WOWOW__OWOWOWOW__OWO_____________________
20 13 _SNSN_SNSNSN_NSNS__NSNS___NSO_OWSWOWO_W_SS_OWOW___WOW__OWOWOWOW__OWOW_____________________
20 14 NSNSN_SNSNSNSNSNSNSNS_S_____NSNSWOWOW_O__O_WOWO___OWO_OWOWOWOW__OWOWO_____________________
20 15 _NS_NSNSNSNSNSNSNSNSNSNS_____W_WONOWS_WONW_OW_W__OW_WOWOWOWOW__OWOWOW_____________________
20 16 _N_N__SNSNSNSNS_____O___S__S_NSOWOWOWS_W_O_W__ONOW__OWOWOWOW__OWOWOW______________________
20 17 _SNSNSNSNSNSN_NSN_NSNSN____SOWWW_WOWOW_ONW_ONOWONON_WOWOWOW__OWOWOW_______________________
20 18 S_SNNNSNSN_NS__NSNS_NS______SON_S_WONONWS__WOWOWOW___WOWOWO_OWOWOW________________________
20 19 _SNSNSNSNSN_NSNSNS__NSN_S____WWO__OWOWO_WS_OWOWOWO____WOWOWOWOWOW_________________________
20 20 SNSNNNSNSNSNSNSNSNSNS___W______WO_WONOW_SWOWOWOW_WO____WSWOWOWOW__O_______________________
20 21 _SNSNSNSNSNSNSNS____OSNSNS__O_O_N_OWOW_OWOWOWOWO__WO______WOWOW__OWO______________________
20 22 _SNSS_SNSNSNSNS____NNSO__N__NSWO_OWOW_OWOWOWOWOWO__WO______WOW__OWOW______________________
20 23 _NSNSNSNSNSNSNSNS___NSWSNS___WONOWOW_SWOWOWOWOWOWO__WO______W__OWOW_______________________
20 24 NSNSNSNSNSNSNSNSNSNSNSN_NNS__OWOWOW__O_WOWOWOWOWOWO__WO________WOWO_______________________
20 25 _NSNNNSNS__NS__NSNSNS___NSNS_W_W_WO_OW_OWOWOWOWSWOWO__WO________WOW_______________________
20 26 NS_S__NSNSNSNSNSNSN_NS__W____SN___WOWO_WOWOWOWOWOW_WO__WO________WO_______________________
20 27 _NSN_S_SNSNSNSNSNSNSWSN_OS__OOW___OWOW_OWOWOWOWOWO_OWO__W________OW_______________________
20 28 N_NSNSNSNSNSNSNSNSNS_O_SN_S_SWSO_OWOWO_WOW_WSWOWSWOW_WO__________S__O_O___________________
20 29 SNSN__SNSNSNSNSN_N_NSNS_______SWSNSW_W_SW___W_WS__WS__WS___________SS_W___________________
21 0 NSNSNSNSNSNSNSNSN___OSN_NSN_SN_NO_SO____SS_S____OS__OS__O__SO__S_SO_______________________
21 1 SNSNNNSNSNSNS__NSNSNWN__SN__SSO_S_OW___OS__O_O_OW__OW__OW___WS____W_______________________
21 2 _S_SN_SNSN_NSNS__N_NSNSN____OSWO__WOSS_WS_OWOWOW__OW__OWS____W__O_________________________
21 3 _NSNNNSNSN_NS__NSNSNWNSNS___NOSSS__W_S_OW_WOWOW__OW__OW_W____S_OW_________________________
21 4 _NSNSN_NSNSNSNSNSNSNSOS__SN__NS_S__O_N_WO_OWOW__OW__OWO______W_W__________________________
21 5 NSNSS_SNSNS____NSNS_WNNS_____OO_O_OWOSO_WOWOW__OW__OWOWO__________________________________
21 6 N___SNS_SNSNSNSNSN_NSNS__SN_SWW_WOWOWOW_OWOW__OW__OWOWOWO_________________________________
21 7 ___SONSNSNS_SN___NSNOSNSNS__O___SWOWNW_OWNW__OW__OWOWOWOWO________________________________
21 8 N___W_NSNSNSNSNSN___NSN_WS__W__NSNWO_SOWOW__OW__OWOWOWOWOWO_______________________________
21 9 NS_S__NSNSNSNSNSNSNSNSNSNSNSNS_WOWOWNSWOWN_OW__OWOWOWOWOWOWO______________________________
21 10 ___NS_NS____NSNSNSNSNSN_WSN_WW_SWOWOW_OWO__WN_OWOWOWOWOWOWOW______________________________
21 11 SN__S_NSN___NS______NONSN___OSNW_WOW__WOW__O__WOWOWOWOWOWOWO______________________________
21 12 N_NSO_NSNSNSNSNS__NSNSN_O___NSN_SOWO_SOWNS_W__OWOWOWOWOWOWOWO_____________________________
21 13 SNSNW_NSNSNS__NSN___NSN_S__N_W__ON_W__WOWN_OS_WOWOWOWOWOWOWOWO____________________________
21 14 SNSNS_NSNSNSNSNSNSNSNSN_O__S_O_ON___S__W_O_WO__WOWOWOWOWOWOWOW____________________________
21 15 __N_SNSNSNSNSNSNSNSNONSNW___ON_N____O___SW_OWO__WOWOWOWOWOWOW__O__________________________
21 16 ___SOSNSNSNSNSN_____S_S_N_SNSOO__O_ONO__S__WOWO__WOWOWOWOWOW__OW__________________________
21 17 _NSNWNSNSNSN___NS__NSNS___SNNSNO_WOW_N__W__OW_WO__WOWOWOWOW__OWO__________________________
21 18 NSNSSSNSNS__NS__NSN_SNS_____WSOWNOWO____O__WO__WO_OWOWOWOW__OWOW__________________________
21 19 SNSNSNSNSN___NSNSN__SNS_O___OWW_OWOW___ONO_OWO__WOW_WOWOW__OWOWO__________________________
21 20 NSNSSSNSNSN_NSNSNSN_NS_SN___WOS_W_WO___WON_W_W__OWO__WOWN_OWOWOWO_________________________
21 21 SNSNSNSNSNSNSNSNS____N_NSN___W_____W___ON______OW_WO__W___WOWOWOWO________________________
21 22 _NSNNSNSNSNSNSNS_____N__W____O___S_O__OW______OW___WO______WOWOWOWO_______________________
21 23 _SNSNSNSNSNSNSN_N___SNSN_N___NS__WOW_NWO___O__W__O__WO______WOWOWOWO______________________
21 24 _NSNSNSNSNSNSNSN_N_NSN___SN______OWOS__WO__W____OW__OWO______WOWOWOWO_____________________
21 25 __NSSSNSNS__NS__NSNSNS___NSNO_O_OSOW___OW______OW__OW_WO______WOWOWOWO____________________
21 26 _NSNS_SNSNSNSNSNSNS_ONS_____SNWOSOWO__OW____O__N__OWO__WO______WOWOWOWO___________________
21 27 __NSSNSNSNSNSNSNSNSNSNW_SN__N__WOWOWO_W____OWO___OWOW___WO______WNWOWOWO__________________
21 28 __SNSNSNSNSNSN_N_NSNS_SNW_N_WSN_WOWOW___O__WOW__NWOW____OW_______WOWNWOW__________________
21 29 N_NS__NSNSNSNSNS____NSNS_____WN_NWNW___NW___N__N__WN___NW_________WNW_W___________________
22 0 _NSNSNSNSNSNSNSNS____NS_SNS_NS_SN_NO____NNONO____N___NO___ON__ONON________________________
22 1 NSNSSSNSNSNSNS__NSNS__S_N___NN__W_OW___ONOWOW__O______W__OW__OWOW_________________________
22 2 _NSNO_NSNS__NSNS____OSN__S___NSN__WONNOWOWOW__OW________OW__ONOW__________________________
22 3 _SNSWSNSNS__N___NSNSNONSNS____NWNOOWONW_NOWO_OWO_______ON__OWOW___________________________
22 4 __NSN__SNSNSNSNSN_NSOSN_SN____NONWWOW___OW_WOWOW______OW__OWON____________________________
22 5 SNSNN_NSNSNS____N_NSNS_NW____O_WS_OWON_OW__OWOW__O___OWO_OWOW_____________________________
22 6 S___NSNSNSNSNSN_NS__N_NSON__NW_S_OWOW__WO__WOWO_OW__OWOWOWOW______________________________
22 7 __SNS_NSNSNSN_____N_SNSNWN__OOOONWOWS___W__OW_WOW__OWOWOWOWO______________________________
22 8 ____S_SNSNSNSNSNS___WN__ON__SWWWNSW__NS____WO_OW__OWOWOWOWOW______________________________
22 9 _NSNS_SNSNSN_NSNSNSNON_NSNSNOO__SSO_ON_____OWOW__OWOWOWOWOW_______________________________
22 10 _S_SN_SNS____NSNSNSNSNS_ON__SNSO__WOSS__O__WOWO_OWOWOWOWOW________________________________
22 11 NS__N_SNS____NS_____SNONS_S_SNON__OWS__OW__OW_WOWOWOWOWOW_________________________________
22 12 S_SNS_SNSNSNSNSN___NSWS_N_S_WOSSNOWO_NOWON_W__OWOWOWOWOWO_________________________________
22 13 NSNSS_SNSNSNS__NS____NS_W__SONOWOWOW_OWOW__ON_WOWOWOWOWOWO________________________________
22 14 NSNSN_SNSNSNSNSNSNSNSNS_O_SNWOWOWOWONWOW__OWO__WOWOWOWOWOW________________________________
22 15 __S_NSNSNSNSNSNSNSNSNSN_S___NS_WOWOWO_WONOWOWO_OWOWOWOWOW_________________________________
22 16 S_SNSNSNSNSNSNS_____WSN_S_N_WN__WSWOW_OWOW_WOWOWOWOWOWOWO_________________________________
22 17 _SNSSSNSNSNS____NS__NSN_S_N__WO__WOWO_WONO__WOWOWOWOWOWOW_________________________________
22 18 SNSNNNSNSNS__NS__NS_NSN_W____OW__OWOWSSWOWO_OWOWOW_WOWOWO_________________________________
22 19 NSNSNSNSNS____NSNS__NSNS_____N__OWOWSOWOWOWOWOWOWO__WOWOW_________________________________
22 20 _NSNNNSNSNS__NSNSN___NONS_____N_WOWO_WSWOWOWOWOWOWO__WOWO_________________________________
22 21 NSNSNSNSNSNSNSN_NS__O_WSOS_SOS___WOWO_WOWOWOWOW_WOWO__W_WO_O______________________________
22 22 __NS_NSNSNSNSNSNS___W_S_N_S_W_S_SOW_WO_WSWOWOWO__W_WO____WOW______________________________
22 23 _NSN_NSNSNSNSNS_____NSN_____O_NSON___WO_WOWOWOWO_O__WO___OWO______________________________
22 24 _SNSNSNSN_NSNSNS____NSO_ONS_W___WN_ONOW_OWOWOWOWOW__OWO_OW_WO_____________________________
22 25 ___NNNSNSNS__NS__NSNSNWSW_NSNS__NW_WOWO_WOWOWOWOWO_OWOWOS___W_____________________________
22 26 _SNSNSNSNSNSNSNSNSN_NSO_____W___WS_OWOW_OWOWSWOW_WSWOW_WO_____O_O_________________________
22 27 S__NN_NSNSNSNSNSNSNSWSNSO___O__O_O_W_W_OWOWO_OWS_OWOWO__W____OWOW_________________________
22 28 _SNSN_NSNSNSNS____NSNSN_N___WO_WOW_O_S_WOW_WOW___WOWOWO______SOW__________________________
22 29 __SN__SNSNSNSNSNS____N_NS____NS_W_SW_S_SWS__S_____WSWSWS_____SW___________________________
23 0 _SNSNSNSNSNSNSNSN___SONSNSN__NSN__SOSO_S____SS_S____OSOS__OSO____SO_______________________
23 1 _NSNNNSNSNSNSNS__NSNOWN_O_S__O____OWSW_O____S__O___OWOWO_OWOW_____W_______________________
23 2 _SNSO_SNSNS__NSNS___WNS_WN___WN__SWOSO_WO_____OW__OWOWOWOWOWO_____________________________
23 3 SNSNWNSNSNS______NSNSNON_N____OOOSOWSW_OW____OWO_OWOWOWOWOWOW__O__________________________
23 4 __SN__SNSNSNSNSN___NSWS_OS__S_WWW_W_W_OWO___OWOWOWOWOWOWOWOW__OWO_________________________
23 5 NSNS__SNSNSNS______NSNS_N___S_O_N_____WOWO_OWOWOWOSOWOWOWOW__OWOWO________________________
23 6 N____NSNSNSNSNS__NS_WSSN_S__W_WN_S_OS_OW_WOWOWOWOWOWOWOWOW__OWOWOW________________________
23 7 _SNSN_SNSNSNS_______OSN_____NS____OWNOS__OWOWOWOWOWOWOWOW__OWOWOWO________________________
23 8 ____NSNSNSN_NSNSNS__NOOSNS__WS___NWO_WN_OWOWOWOWOWOWOWOW__OWOWOWOWO_______________________
23 9 _SNSNSNSNSN___NSNSNSNWWSWSNSNS_SNNOWNS_OWOWOWOWOWOWOWOW__OWOWOWOWOW_______________________
23 10 SNSNS_NSNS____NSNSNSW_NSN___WSN__OWOWNOW_WOWOWOWOWOWOW__OWOWOWOWOWO_______________________
23 11 _N__S_NSNS____NS____N_NSWSN_OONSOWOWNOSOSOWOWOWOWOWOW__OWOWOWOWOWOWO______________________
23 12 NSNSNSNSNSNSNSNS____NSW__SN_NSWOWOWO_SOWOWOWOWOWOWOW__OWOWOWOWOWOWOW______________________
23 13 SNSNN_NSNSNSNS__NS___SN___SN__SNSWOWO_SOWOW_WOWOWOW__OWOWOWOWOWOWOWO______________________
23 14 _N_NS_NSNSNSNSN_NSNSNSN_NSN__N__WSWOWO_WOWO_OWOWOW__OWOWOWOWOWOWOWOWO_____________________
23 15 _SN_SNSNSNSNSNSNSNSNSN__WS__OWO__W_WOW_OWOWOWOWOWO__WOWOWOWOWOWOWOWOWO____________________
23 16 NSNSNSNSNSNSNSNS____SNS_N___SOWO_O_OWO_W_WOWOWOWOWO__WOWOWOWOWOWOWOWOW____________________
23 17 _NSNNNSNSN_NS____NS_WNS_O____W_WON_WOW_OS_WOWOWOWOWO__WOWOWOWOWOWOWOW_____________________
23 18 N_NS__NSNSNS__NS__N_SNS_N___S___WO_OWNOW_O_WOWOWOWOWO__WOWOWOWOWOWOW______________________
23 19 SNSNSNSNSN_____NSN__SNSN____S__OSWOWNSN_SW_OWOWOWOWOWO__WOWOWOWOWOW_______________________
23 20 _SNSSSNSNSNS__NSNS__O_S_N___O__WW_WO__O__O_WOWOWOWOWOWO__WOWOWOWOW________________________
23 21 _NSNSNSNSN_NSNS__NS_SSWN_NSNWN_S___WO_N_SW__WOWOWOWOWOWO_OWOWOWOWO________________________
23 22 __SNS_NSNSNSN_N_NS___WNS__NS_SNWNO_OW___O____WOWOWOWOWOWOW_WOWOWOWO_______________________
23 23 _SNSSSNSNSNSNSN_____SNS________NOWOWO___N__O__WOWOWOW_WOWO__WOWOWOW_______________________
23 24 SNSNSNSNS__N_NSNS___WNS_S_NS__O_WOWOW___O__WO__W_WOWO_OWNWO__WOWOWO_______________________
23 25 _S_SSSN_N_NS__NS__N_NS_NW__NONSOSSOW___OWO__W_____W_WOW_WOWO__WOWOW_______________________
23 26 SNSNSNSN_NSNSNSNSNS_ON______SOSW_NWO___WOW__N_O_O_O_OWO__WOWO__WOWO_______________________
23 27 NS_SS_SNSNSNSN_NSNSNSNONO____WO____WO___W__O__WNW_N_W_WO_OWOWN__WOWO______________________
23 28 _NSN__SNSNSNSNS____NSNS_S_____WO____WNO_O_OWN__OO_____OWOW_WOWO__WOW______________________
23 29 _SNS_SNSNSN_NSNSNS__W___N_____NW__N__NWNWNW_W__WW__N_NWNW___WNW___W_______________________
24 0 SNSNSNSN_NSNSN_NS___NS_NSNS___N__ONONO_N____NNONO____NONO__N__O_ON________________________
24 1 _SNS__NSNSNSNSN___NS_O___SN___S_OWOWNW_O___ONOWOW_____WOWO___OWOW_________________________
24 2 SNSNS_NSN_N___NSN____WNSO___O___WNWON_OWO_OWOW_W_______WOWO_OWOW__________________________
24 3 NSNS__N_NSNS______NSNSN_S___WO___NOWO_W_WOWOW__O_______OWOWOWOWO__________________________
24 4 _SN_SSNSN_NSNSNS____NSWS_N__NW___SWONS__OWOW__OW__N___OWOWOWOWOW__________________________
24 5 SN_NS_N_NSNSNS______OSN_S___OS_S_WOW_S_OWOWO_OWO__W__OWOWOWOWOW___________________________
24 6 ____O_NSNSNSNSNS__NSNNN__N__N_SWONWONONWOW_WOWOW____OWOWOWOWOWO___________________________
24 7 _NSNS_N_NSNSNS______ON______ON_OW_OWOWWOW__OWOWO___OWOWOWOWOW_WO__________________________
24 8 _____NSNSNS__NSNSNS_WS_NONS_SN_WOOW_W__W___WOWOWO_OWOWOWOWOW___W__________________________
24 9 _NSNSNSN_NS____NSNSNSS_NSN_N_NSNSW__ON_____OWOWOWOWOWOWOWOWO______________________________
24 10 NSNSN__NSNS____NSN_NSO_NS_S__N___O__S_N___OWOWOWOWOWOWOWOWOW______________________________
24 11 _S__N_SNSNS____NS___OW_NSNS_ONSN_WO_ONW_N_WOWOWOWOWOWOWOWOW_______________________________
24 12 SNSNONSN_N_NSN_NS___WNS_ONS_WW_O__WOSWN_S_OWOWOWOWOWOWOWOWO_______________________________
24 13 NSNSW_SN_NSNSNS__N__SNS_WSNSS_NWO_OWO_WO__WOWOWOWOWOWOWOWOW_______________________________
24 14 _S_SN_SNSNSNSN___NSNSNS_ONS_W__ONOW_W_OWOO_WOWOWOWOWOWOWOWO_______________________________
24 15 SNS_NSNSNSNSNSNSNSN_NS_SWN__NO_WON__O_WOSW_OWOWOWOWOWOWOWOW_______________________________
24 16 SNSNONSNSNSN_NSNS___OSN_____WWO_WO_OW__W_O_WOWOWOWOWOWOWOW________________________________
24 17 _SNSWSNSNS__NS____N_NSNS_____OWO_WOW___ONW_OWOWOWOWOWOWOWO________________________________
24 18 __SN__SNSNSNS__NS___NSN_____NW_W_OWO__OW_O_WOWOWOWOWOWOWOWO_______________________________
24 19 NSNSNSNSNS______NS__NSNS____NS__OWOWONWONW_OWOWOWOWOWOWOWOW_______________________________
24 20 _N_NNNSN_NSNS__NSN__N_O_______OSN_WOWO_W_O_WOWOWOWOWOWOWOWO_______________________________
24 21 _SNSNSNSNS__NSNS__NSWON_S_N___WOO_OWOW_ONW_OWOWOWOWOWOW_WOW_______________________________
24 22 _SNSN_SNSNSN_____NS__NSNW__NSNONSOWOWO_WO__WOWOWOWOW_W___WO_______________________________
24 23 SN_NNNSNSNSNSNS_____O_NS____WOWS_W_WOWO_WO__WOWOWOWO______W_______________________________
24 24 NSNSNSNSNS____NSNS__NSNSO__N_WN__N_OWOW_OWO__W_WOWOW______________________________________
24 25 _NSNNN_____NS__NS____NS_N___NSW_NWOWOWO_WOWO____WOWO______________________________________
24 26 NSNSNSNS__N_NSNSNSNSNSS__S__W_NO__W_WOW_OWOWS_O__WOW____O_________________________________
24 27 SNSNN_NSNSNSN___NSNSWONSN____O_W_O__SW_OWOWO__WO__W_____SO________________________________
24 28 _SNSSSNSNSNSNSNS____OWWSW___OW_O_W_OSO_W_WOWO_OW______O_OW________________________________
24 29 SNSNSN_NSNS__NSNSNS_N_______WS_WS_SWSW_S__WSSSW______SWSSS_S______________________________
25 0 NSNSNSNS__NSNS__N___SNOSNSN__O__O____SO____SO__S__OS____S__S_SO__S________________________
25 1 SNSN__SNSNSNSNS____NS_W_SN___WNOW_O__WW_____WO___OW_____WO_O__WO__________________________
25 2 NSNSN_SNS______NS_____SNN___OSOW_OWO______O__WO_OW__O___SWOW___W__________________________
25 3 _NSN__S__NSNS______N_NS_W___WSW_OWOWSS___OW__OWOWO_OW__OW_WO______________________________
25 4 SNS_NNSNS__NSNSNS____NSN_S___SS_WOWOWN__OW__OWOWOWOW__OWS__WO_____________________________
25 5 N__SN_S__NSNSNS______N_SN___SNSOONOW_N_OW__OWOWOWOW__OW_W___WO____________________________
25 6 ____N_SNSNSN_NSNS__NS___O___WSNNSOW____WO__WOWOWOWO_OWO___O__W____________________________
25 7 _SNSW___SNSNSNS_____SS__W___NWO__WO_O__OW__OWOWOW_WOWOWO_OW_______________________________
25 8 _____SN_NSNS__NSNSNS_NOSN_NSWOW_N_WOWO_WO__WOWOW__OWOWOWOW________________________________
25 9 _SNSNSNS__N_____NSNSNNW_WS__OWNOW_OWNS_OW__OWOWO_OWOWOWOWO________________________________
25 10 SNSNOS__NSNS____NS__NSO_NSN_WO_S_OWOWOSWO__WOWOWOWOWOWOWOWO_______________________________
25 11 _N__W_N_NSNS____NS__SWW_NSN_OWN_OSOWNS_OW__OW_WOWOWOWOWOWOW_______________________________
25 12 N_NSOSNS____NS__NS__WSNS_SN_S___WOWOWO_WNO_W__OWOWOWOWOWOWO_______________________________
25 13 _NSNW_N___NSN_NS____NSN__NSNOO_O_WOWOW_O_W_O__WOWOWOWOWOWOWO______________________________
25 14 SNSNS_NSN_N_NS____N_NSN___N_NSOS_OWOWO_WN__WO__WOWOWOWOWOWOW______________________________
25 15 NSN_SNSN_NSNSNSNSN__ONSNS___O_WO_WOWOW_OW__OWO__WOWOWOWOWOWO______________________________
25 16 NSNSOSNSNSNS__NSNS__WN__W___WO_W_SWOWO_WO__WOWO_OWOWOWOWOWOW______________________________
25 17 _NSNWNSN_NS__N______ONSNS____W__SW_WOW_OW__OWOWOW_WOWOWOWOWO______________________________
25 18 _SN_SSNSN_NSNS__NS__WN__O_____O_W___WSOWO__WOWOWO__WOWOWOWOWO_____________________________
25 19 SNSNSNSNSN_______N__SNSNS____NS_O___SWW_W__OWOWOWO__WOWOWOWOW_____________________________
25 20 _S_SOSNS__NSNS__NS____________SNW___W_O____WOWOWOWO__WOWOWOWO_____________________________
25 21 SNSNWNSNSN___N_NS__N____O____SWSN_____W____OWOWOWOWO__WOWOWOWO____________________________
25 22 _NSNS_NSN_NS______NS_ONSNS_SOW_WWS_O____O__W_WOWOWOWO__WOWOWOW____________________________
25 23 NS_SOSNSNSNSNSNS_____WSNS___NS_NOW_W___OW_____WOWOWOWO__WOWOWO____________________________
25 24 _NSNWNSNSN_____NSNS__NWNS____W_OWO_O___W__O____WOWOWOWO__WOWOWO___________________________
25 25 _SNSO__S____NS__NS____N_W____NOWOWOW______WO____WOWOWOWO__WOWOW___________________________
25 26 SNSNWNSN_____NSNSNSN_NN_SN__O_SOWOWO_______WN_O__WOWOWOWN__WOWO___________________________
25 27 NSNS___N_NSNS____NSNS__NO___WO_SOWOWNO_O______W___WOWOWOWO__W_WO__________________________
25 28 _NSNNNSNSNSNSNSN____W__NS____WO_WOWONWOWO___N______WOWOWNWO____WO_________________________
25 29 NSNSN___NSNS__NSNSNS_________NW_NWNWN_WNW__NWN______WNWNWNWN____W_________________________
26 0 SNSNONSN___N_NS_____N_ONSNS_O__O_____O____ON__ON___N____O_ONON__ON________________________
26 1 NSNSWSNSN_NSNSNS____NSWSN___W_OW__O_ON___OW__OWO_____O_ONOWOW__OWO________________________
26 2 SNSNS_NSNS______NS__S_N______NW_O_WOW_O_OW__OWOWO___OWOWOWOW__OWOWO_______________________
26 3 _SNSO_N___NSNS______W_NS____SN_OW_OWONWOW__OWOWOWO_OWOWONOW__OWOWOWO______________________
26 4 N_NSW_N_NS__NSNSNS__S_NS_N__WNNW_SWONO_W__OWOWOWOWOWOWOWOW__OWOWOWOWO_____________________
26 5 S_SN__N___NSNSNS____W_ONS___O_NONWOWOWO__OWOWOWOWOWOWOWON__OWOWOWOWOWO____________________
26 6 ______NSNSN___NSN___NSW_O___NO_WWOWOWOW_OWOWOWOWOWOWOWOW__OWOWOWOWOWOW____________________
26 7 SNSN_S_SN_NSNSNS____NN__W_S_ON_O_WOWSWO_WOWOWOWOWOWOWOW__OWOWOWOWOWOW_____________________
26 8 ____ONS__N_NS__NSNSNS_ON___NW_OW__WO_NW_OWOWOWOWOWOWOW__OWOWOWOWOWOW______________________
26 9 SNSNSNSN_________NSNS_S_ON____WNS__WOW__WOWOWOWOWOWOW__OWOWOWOWOWOW_______________________
26 10 NSNS_NS__NSNS____NS_SOS_SNS__S_WWN_OWNN_OWOWOWOWOWOW__OWOWOWOWOWOW________________________
26 11 _________NSNS____NS_ONS__N__NW_O_W_WOW_OW_WOWOWOWOWO_OWOWOWOWOWOWO________________________
26 12 S_SNON_NS____N___N__NNWNON__W__W_S__S_OWS_OWOWOWOWOWOWOWOWOWOWOWOW__O_____________________
26 13 _SNSW______NS__N____ON__WSN_ONSNOWO_O_WO__WOWOWOWOWOWOWOWOWOWOWOW__OW_____________________
26 14 NSNSN_SN_____NS_____WN__S___WWOWW_WOWO_WO_OWOWOWOWOWOWOWOWOWOWOW__OW______________________
26 15 SNS_NSNS__NSN_NSNS____N_O___O_W_O_OWOW_OWOWOWOWSWOWOWOWOWOWOWOW__OWO______________________
26 16 SNSNONSN_NSN___NSNS___S_N___W___WOWOWSOWOWOWOWO__WSWOWOWOWOWOW__OWOWO_____________________
26 17 _SNSWSNS__NS__________N_NS______ONOWO_WOWOWOWOWO__WOWOWOWOWOW__OWOWOW_____________________
26 18 _NS_NN_NS__N_NS__NS__S_SN___O_NONOWOWO_WSWOWOWOWO__WOWOWSWOW__OWOWOW______________________
26 19 NSNSNSNSNS__________NSNSWS__W_WWSWOWONO_WOWOWOWOWO__WOWOWOWO_OWOWOWO______________________
26 20 _NSNON_NS__NSN___NS_OO________OSWOWONOW_OWOWOWOWOWO__WOWSWOWOWOWOWOWO_____________________
26 21 NSN_WSNSNS______NS__WW_______ONO_WOWOWO_WOWOWOWOW_WO__WOWOWOWOWOWOWOWO____________________
26 22 _SNSN_SNS__N_______NS__NSNSNONSN_OWOWOW_OWOWOWOWO__WO__WSWOWOWOWOWOWOWO___________________
26 23 SNSNSNSNSNSNSNSN____W_O_NS__WOWO_NOWOWO_WOWOWOWOWO__WO____WOWSWOWOWOWOWO__________________
26 24 _SNS__NSNS______NSNSO_N_O_S_ONSW_OWOWOW_OWOWOWOWOWO__WO____WOWOWOWOWOWOW__________________
26 25 _NSN__SN_____NS__NS_W___N___W_N_OWOWOWO_WOWOWOWOWOW___WO____WOWOWSWOWOW___________________
26 26 NSNS__NS______NSNSNS___SN_____WNS_WOWOW_OWOWOWOWOWS____WO____WOWOWOWOW____________________
26 27 _NSN_S____NSNS____NSOSO_N____O_WO__W_WO_WOWOWOWOWOWO____WO____WOWSWOWO____________________
26 28 _SNS__NSN_N_NSN_____NOW_W___OWO_S____OW_SWOWSWOWSWSWO___OWO____WOWOWOWO___________________
26 29 SNSN__S__NSN___NSNSN_WS_____W_WS__S_SW__W_WSWSWSWSWSWS_SW_W_____WSW_WSWS__________________
27 0 N_NSOSN_______NS____OSSSN_N_O_SOS________O_S__OSSSO__SOS___SOS____________________________
27 1 SNSNWN_N___NSNSNS___WNSNS___W_OW_______O_W_O__WOWOSO__WO____W_____________________________
27 2 N_NSN_SNSNS______N__OSO_O_____W____OS_SW_O_WO__WOW_WO__W__O__SO___________________________
27 3 _N_N_______NSN______NSWNS___O_O____W_OWO_W_OWO_OWO__W_____W___WO__________________________
27 4 S_SNS____N___N_NSN__OSON_S__N_WS_O_O_WOW_O_WOWOW_WO_____S______W__________________________
27 5 NSN_S_S____NSN_N____NSW_N___S__S_N_W_OWO_W_OWOW__OWO____WO________________________________
27 6 ____S__NSN_____NS___ONS__S____OW_O___WOWO__WOWO__W_WO___SWO_______________________________
27 7 NSNSSNSNS__NSN_NS___SO_S__N_OSWO_W__NOWOW__OW_WO__S_WO__WOWO______________________________
27 8 ____N_N_____NS__N_NSNWN_____WO_W___O_WOWO__W__OWO____W___WOW______________________________
27 9 NSNSWSNS__________N_NSW_NS__SW_OO_OWO_WOW__O__WOW_________WO______________________________
27 10 SN_NS_N___N_N_____NSNON_W_N_SOOWNSWOWO_WO__WO_OWO_S_O______W______________________________
27 11 S___SS____NSNS____NS_WOSO____NWO___WNWO_W__OWOW_W_W_W_____________________________________
27 12 NSN_____N___________SON_W____O_W_O_OWOW_NO_WOW__S_O_______________________________________
27 13 SNSNS_______NS______WWO__N___WN__NOWOW_O_W_OW__SW_W_______________________________________
27 14 SNSN_SN_______NS______S_NS____S_O_W_W_OWO__W__OW__________________________________________
27 15 NSN__NSNS__N___NSNS__O______SOWOW_O_S_WOWO__S_WN_O________________________________________
27 16 NSNSOSNS__NS____N_NS_WN_____WWOW_OWOWNOW_WO______WO_O_____________________________________
27 17 _NSNWNSNS__NS_______O____N__SOWO_W_WO_W__SWO______N_W_____________________________________
27 18 _SNSSS__NS____N___N_SN_NO___WW_W_S_OW___OW_WO___________O_O_O_____________________________
27 19 SNSNSN_NSNS__________N_NSN___O__OWOWO_SONS_OWO__________NOWOW_____________________________
27 20 _SNS____NS__N_____NS_S______OWSNN_W_W_WW_W_WOWO_________OWOWO_____________________________
27 21 _NS__N_N_NS______NS_________WSW________O____W_WO_______ONOW_W_____________________________
27 22 SNSN_SN_NS__________OO__NSNSOWOO_O_O___W_______WO___O_OWNWO___O___________________________
27 23 NSNSN_N_N_NSNSNS____NW__ON__S_NSOWOW____________WO_OWOWO__WO_OW___________________________
27 24 SNSN__SNSNS______NSNSO__W_N___NOSOWO_____________WOWOWOWO__WON____________________________
27 25 _SNS__N_______NS__NSWWO_S____O_WNW_W_______O_____OWOWOWOWO__W____O________________________
27 26 SNSN___N_______NSN_NS_WN____OW_OWO________OW__O__WOWOWOWOW_______NO_______________________
27 27 __NS_NS____NSN_____NSNS_____WO_WNWO______OW__OW__ONOWOWOW________OW_______________________
27 28 _NSNS__N_____NS_______W______W__WOWO____OW__OW__OWOWOWOW_________NO_______________________
27 29 NSN_SSN___NS____NSNS__N________N_WNWN___N__NNN_NNNNNWNWN_________NW__N_N__________________
28 0 S__NON_________NS___ONNN____OON_N__O____O_ONO__NONN_ONON__ONON__O_________________________
28 1 N_NSWS______NSN_N___S_NSNS__SWO_O_OW_O_OWOW_WO__N_WOWOW__OWOW__OW_________________________
28 2 S__NS_NSNSNS________SN__N___O_SOWOWONWOWOWO__WO___OWOW__OWOWON_W__________________________
28 3 _S__________N_______WN__W___WO_WOWOWO_NOWOWO__WO_OWOW__OWOWOW_____________________________
28 4 NSN_N___________N___SN___N___WSNWOWOWO_WOWOWO__WOWOW__OWOWOWO_____________________________
28 5 SN__N_NS____NS______WN______NSWO_WOWOW_OWOWOWO_OWOW__OWONOWOWO____________________________
28 6 S___N___N_______N___NON_ON_____NO_WOWO_WOWOWOWOWOW__OWOWOWOWOW____________________________
28 7 SNSNNSNSN___NS__N___WWONW____N__W_OWOW_OWOWOWOWOWON_WOWONOWOWO____________________________
28 8 ____O________NS____NO_W_______O__OWOWO_WOWOWOWOWOW__OWOWOWOWOWO___________________________
28 9 SNSNWNSN____________WN___N__N_W_OW_WOW_OWOWOWOWOW__OWOWOWOWOWOW___________________________
28 10 NS__N_S____________NO___O___NO__WN_OWO_WOWOWOWOW__OWOWOWOWOWOWO___________________________
28 11 N___NNS____NSN_____NWO_NW___OWO___OW_W_OWOWOWOW__ONOWOWOWOWOWOW___________________________
28 12 _NS_________________OW__O___W_W_O_W____WOWOWOW__OWOWOWOWOWOWOW____________________________
28 13 N_NSN_S______NS_____NSN_W___S__OW_O_O_O_WOWOWO_ONOWOWOWOWOWOWO____________________________
28 14 NSNSONS________NS____OW_ON__W_OW_OWOWOW_OWOW_WONOWOWOWOWOWOWOW____________________________
28 15 _N__WSNSN_______NSN_SWS_W___O_NO_WOWOW_OWOWONOWOWOWOWOWOWOWOWO____________________________
28 16 _NSNSNSNS__N_______NWSW_O___N_OWO_WONS_WOWOWOW_WOWOWOWOWOWOW_W____________________________
28 17 __NS__NSN___N_______NWO_W___O_WOW_OWSW_OWOWOWO__WOWOWOWOWOWO______________________________
28 18 SNSNNN___NS_________WOW_N___NS_W_OWOWO_WONOWOWO__WOWOWOWOWOWO_____________________________
28 19 NSN_N___NSN_________OW_SWS__O__O_NOWOWO_WOWOWOWO__WOWOWOWOWOWO____________________________
28 20 SNSNS____NS________NSN__O___W_OW__WOWON_ONOWOWOWO__WOWOWOWOWOWO___________________________
28 21 _SN_SS____N_______N_S___W____ONSO_OWOWO_WOWOWOWOWO__WOWOWOWOWOW___________________________
28 22 N_N__N___NS_________W___ON_NNNONWOWOWOW_OWOWOWOWOWO__WOWSWOWOW____________________________
28 23 SNSN_______NSNSN_____SO_WS__WOWWNWOWOWO_WOWOWOWOWOWO__WOWOWOW_____________________________
28 24 NSNS__NSNSN_______N_OSWS____OW__W_WOW_W_OWOWOWOWOW_WO__WSWOWO_____________________________
28 25 SNSN___________NS__NNWS_NS__WO_O___WO___WOWOWOWOWO__WO__WOWOWS____________________________
28 26 NSN_O___________NS__N_SSO____SOWOO__WO___WOWOWOWSW___WO__WOWOWO___________________________
28 27 ___NWSNS____NS______N_O_WS__O_W_SW___WO___WOWOWOW__O__WO__WOWSWO__________________________
28 28 _SNSNS________NS______N_O___W_O______SW_O__WOWOW__OW__OWS__WOWOWO_________________________
28 29 SN__NN_____N_____NSN____W_____W_____SW_SW___WSWS__WS_SW_W___WSW_WS________________________
29 0 N_______________N___N_______N_________O_____________________O_____________________________
29 1 ___N_N_______N______W__N_N__W_N_____O_W____________________OW_____________________________
29 2 N___N__N_N_N________O_O_______W__O_OW___O_______O_________OW______________________________
29 3 _N__________________N_W__________WOW___OW__O___OWO_______OW_______________________________
29 4 _N__O_______________O_O_______O__OWO__OWO__W__OWOW______OW________________________________
29 5 N___W__N_____N______N_W______NN_OWOWO_WOW____OWOW______OW_________________________________
29 6 N___O________________O________O_W_WOW_OWO___OWOW______OW__________________________________
29 7 N_N_WN_N_____N_______W______O_WO__OWO_WOW__OWOW______OW___________________________________
29 8 ____O_________N_________O___WO_W_OWOW_OWO__WOW______OW____________________________________
29 9 N_N_W_N_______________O_W____W_O_WOWO_WOW__OWO_____OW_____________________________________
29 10 _N__O_N_______________W________W_OWOW_OWO__WOW____OWO_____________________________________
29 11 ____W_N_____N_________O__________WOWO_WOW__OWO___OWOW_____________________________________
29 12 __N___________________W__________OWOWO_WO__WOWO_OWOWO_____________________________________
29 13 ___N__N_______N______N______OO___WOWOW_OW__OWOWOWOWOW_____________________________________
29 14 _N_N__N_________N___________NW___OWOWO_WO__WOWOWOWOW______________________________________
29 15 _____N_N_________N__O_O______O__OWOW_W_OW__OWOWOWOW_______________________________________
29 16 __N_N_N_N___________NON______WO_W_W__OOWO__WOWOWOWO_______________________________________
29 17 ___N___N_____________N________W_O___ONWOW__OWOWOW_WO______________________________________
29 18 N_N_______N__________________NO_W___N__WO__WOWOW___W______O_______________________________
29 19 _N_______N__________N__N_N____W_O______OW__OWOWO_________OW_______________________________
29 20 N_N_N_____N_________W_O_________WO_O___W__OWOWOW________OW________________________________
29 21 _N__NN______________OOW________N_WOW___O__WOW_WO_____O_OW__O______________________________
29 22 ____O_____N_________NW___________OWO___W__OW__OWO___OWOWO_OW______________________________
29 23 N_N_W_______N_N______N___N______OWOWO_____WO__WOWO_OWOW_NOWO______________________________
29 24 _N_NO__N_N___________O_N______O_WOWOWO_____W__OW_WOWOW__OW_W______________________________
29 25 N_N_W___________N____NN__N___NW__WOWOW_O______W__OWOW__ON____O_O__________________________
29 26 _N_______________N___ONN_____W__N_WOW_OWO_O_____OWOW__OW_____NOWO_________________________
29 27 _____N_N_____N_______W___N___O__W_OWO_WOWOW_____NOWO_OWO_____OWOWO________________________
29 28 _N_N_N_________N_____________WO___WOWO_WOW____O_OW_WOWOWO____NOW_W________________________
29 29 N_________________N___________W____WNN_NW____NWNW__NWNW_N____NW__N________________________