0 0 __S_____S___________________________O______________________O_____________________________________
0 1 _S___S____________________________O_W__O_________O________OW______O______________________________
0 2 S______________________S______O___W_O__W________OW_______OW__O__O_W_O____________________________
0 3 _S_S_S_______S_______S________W___O_W__________OWO______OWO_OWO_W_O_W____________________________
0 4 _S__O___S_S___S________S__________W_____O_____OWOW_____OWOWOWOW_O_W______________________________
0 5 ____WS_S________________S______S_____S__W____OWOW_____OWOWOWOWO_W_O______________________________
0 6 S___O_____S__________________SO_S__S______SO_WOWO_O__OWOWOWOWOW_O_W_O____________________________
0 7 __S_WS_S_______S______________W___O__S_O_O_W_OWOWOWO_WOWOWOWOWO_W_O_W____________________________
0 8 ____O__________________S______O___WSO__WOWSO_W_WOWOW_OWOWOWOWOW_O_W______________________________
0 9 ____WS_S______________O_______W___O_WS_OWO_W_O_OWOWO_WOWOWOWOWO_W________________________________
0 10 _S_S__S_______________WS______O___WSO__WOW_O_WOWOWOW_OWOWOWOWOW__________________________________
0 11 _S___S_____S_S________O_______W___O_WS_OWO_W_OWOWOWO_WOWOWOWOWO__________________________________
0 12 S_____________________WS______O__OWSO__WOW_O_WOWOWOW_OWOWOWOWOW_O________________________________
0 13 _S_S_S_____S__________O_______WS_W__W__OWO_W_OWOWOWO_WOWOWOWOWO_W________________________________
0 14 __________S_________S_WS___________S___WOWSO_WOWOWOW_OWOWOWOWOW__________________________________
0 15 S_S__S________________O______________S_OWO_WSOWOWOWO_WOWOWOWOW___________________________________
0 16 ____O_S_____S_________W_______O____SO__WOW_O_WOWOWOW_OWOWOWOW____________________________________
0 17 ___SWS_S_S____________O_______W___O_W__OWO_W_OWOWOWO_WOWOWOWO____________________________________
0 18 ______S_______________W_______O___W_O__WOW_O_WOWOWOWSOWOWOWOWO___________________________________
0 19 _S___S_S_S_S__________O_______W___O_WS_OWO_W_OWOWOWO_WOWOWOWOWO__________________________________
0 20 __S_O_________________W_______O__OW_O__WOW_O_WOWOWOW_OWOWOW_WOW__________________________________
0 21 _S_SW_________________O_______WS_W__W__OWO_W_OWOWOWO_WOWOWO__W___________________________________
0 22 _S_SO_____________S___WS______O_____O__WOW_O_WOWOWOWSOWOWOWO____O________________________________
0 23 S___WS_________S______O_______W___O_W__OWO_W_OWOWOWO_WOWOWOWO_O_W________________________________
0 24 _S_SO_____________S___WS_____SO___W_O__WOW_O_WOWOWOWSOWOWOWOWOW__________________________________
0 25 ____WS_______S________O_______WS__O_W__OWO_WSOWOWOWO_WOWOWOWOWO__________________________________
0 26 _S_SO_________________W_______O___W_O__WOW_O_WOWOWOW__WOWOWOWOWSO________________________________
0 27 __S_W__S______________O_______W___O_W__OWO_W__WOWOW____WOWOWOWO_W_O______________________________
0 28 _S____S_____________S_WS______O___W_O__WOW_____WOWO_____WOWOWOWSO_W_O____________________________
0 29 __S__S________________________W___S_W___W_______WSW___S_SWSWSWS_W___W____________________________
1 0 _SNSO__SN______S______________O_________OS____OSOSOS_O_O_O___OS___S_OS___________________________
1 1 SN__WN____S___________OS_S__O_W___O____OW____OWOWOWOSWOWOWO_OW_S__O_WO___________________________
1 2 NS__O____S_____S______WN____W_O___W_O__W___O_WOWOWOW_OWOWOWOW___O_W_OW___________________________
1 3 _NSNWN______SN____S_SN_S______W___OSW__O_OSW_OWOWOWOSWOWOWOW__OSW_O_W____________________________
1 4 SNS__S_SNSN__SN______S_N______OS__W____WOW_O_WOWOWOW_OWOWOWO_OW_O_W______________________________
1 5 _S_S_NSN__S____________SN___O_WNS_OS_N_OWO_W_OWOWOWO_WOWOWOWOWO_W________________________________
1 6 N____S___SN_________________WNOSNOWNOS_WOWNO_WOWOWOW_OWOWOWOWOW__________________________________
1 7 _SN__NSNS___S_SN______O_______W__WO_WN_OWO_W_OWOWOWO_WOWOWOWOW___________________________________
1 8 _____S_S______________WN______O___WN___WOWNO_WOWOWOW_OWOWOWOW____________________________________
1 9 _S___NSNS_______S_____________W____S_N_OWOSW_OWOWOWO_WOWOWOWO_O__________________________________
1 10 SNSNOSNS_S___S_________N______OS_O_N_S_WOW___WOWOWOW_OWOWOWOWOW__________________________________
1 11 SN__WNS___SNSNS________S____O_W__W___N__W_S___WOWOWO_WOWOWOWOW___________________________________
1 12 NS__OS_________________NS___W__S___N_S__O__O__OWOWOW_OWOWOWOWO_______________________O___________
1 13 SNSNWNS___SN___________S____OS_NS_O____OWO_W_OWOWOWO_WOWOWOWOW______________________OW___________
1 14 S___OS_S_SN________SN__NS___W_O___WNO__WOWN__WOWOWOW_OWOWOWOWO_____________________OW____________
1 15 NSN_WN______________S__S______W___OSWN_OW___NOWOWOWO_WOWOWOWOWO___________________OW_____________
1 16 _S_S_SN____SN_________________O___WNOS_WO__O_WOWOWOW_OWOWOWOWOW_O________________OW______________
1 17 S_SN_NSNSN__S_________OS______W___OSW__OWO_W_OWOWOW__WOWOWOWOWO_W_O_____________OW_______________
1 18 ____OSN_______________W_______O___W____WOW_O_WOWOW__N_W_WOWOWOW_O_W_O_______O_O_W________________
1 19 SNS_WNSNSNSN__________OS______W___OS_N_OWO_W_OWOW________WOWOWO_W_O_WO____O_WOW__________________
1 20 _SNSO__S______________W___________W_O__WOW_O_WOW_______O__WOWOW_O_W_OW___OW_OW___________________
1 21 SNSNW________________________S_N___SW___WO_W_OWO______OW___WOWO_W_O_W__O_WO_W____________________
1 22 _NSN_____S_S___S_SN____N______OS_O__O___OW_O_WOWO___N_W_____WOW_O_W___OW_OW______________________
1 23 N____N________SN_______S____O_W_SWO_W__OWO_W__WOWO____O______W__W____OWO_W_______________________
1 24 SNSN_S___________SN____NS___WN____W_O__WOW_____WOWO_N_W_____________OWOW_O_______________________
1 25 _S_S_N______SN____S__________S_N__O_W__OW___N___WOWO__O___________O_WOWO_W_______________________
1 26 _NSN_S_________S_S____________O___W_O__W_________WOW_OW______O_NO_W_OWOW_O_______________________
1 27 _SNS__SN__S____________S____O_W___O_W_____________WO_WO_____OWO_W_O_WOWO_W_______________________
1 28 SNS__SNS___________SN__NS___W_OS_OW_O_____________OW_OWO___OWOWN__W_OWOW_________________________
1 29 _SNS_N__S_____________________W__WN_W____________NW__WNWN_NWNWN_____W_W__________________________
2 0 _NSN__SN______SN______________O__________N_____NONON_O_O_O____N_O_N__NO__________________________
2 1 NS_S_S___SN____S_______NSN____WS__O_____________WOWONWOWOWO___ONW_O___W__________________________
2 2 SNS_O___SN____SNS______S_____S____W_____O________W_W_OWOWOWO_OW___W_O____________________________
2 3 _SNSWS_S_S_SN____SNSN_ON____O_____ON_S_OWON__O______NWOWOWOWOW_N__O_WO___________________________
2 4 NSNS_NSNSN__SN______SNWS____W__NSOW____WOW___WO___O___WOWOWOW_____W__WO__________________________
2 5 _NSN_SNS_SN____S_____S_N_______SNWON_S__W____OWO_OW____WOWOW__________WO_________________________
2 6 S___ONS_SN__S___S______S______ONS_W__N__O_SO_WOWOWO_____WOWO___________W_O_______________________
2 7 SNS_WSNSN__SNSN_______O_____O_WS__O____OWO_W_OWOWOWO____OWOW_____________WO______________________
2 8 _____NSNS___S_________WS___SW_____WSO__WOW_O_WOWOWOW___OW_WO______________W______________________
2 9 _NS__SNSN______SN______________S__ONWS__WONW_OWOWOWO__OWO__WO____________________________________
2 10 NSNSONSNSNS_SN_________S_____S_NS_W_ON__OWSO_WOWOWOW_OWOW___WO___________________________________
2 11 NS__W_NS_SNSNSNS______ONS______S__O_W__OWONWSOWOWOWO_WOW_____WO__________________________________
2 12 SNS__NS_________S___S_WSN_____ONS_W_ON_WOW_O_WOWOWOW_OWO______W_O________________________________
2 13 NSNS_SN__SN___________ONS___ONWSN_O_WS_OWO_W_OWOWOWO_WOWO_______W_O______________________________
2 14 N____NSNSN__S_____SN__WSNS__WS____WS___WOWSO_WOWOWOW_OWOWO________W_O____________________________
2 15 _NS__S_S_S_________SNSON____O______N____W__W_OWOWOWO_WOWOWO_________WO___________________________
2 16 SNSNON____SN__________WS____W_O_S__S_NS_O____WOWOWOW_OWOWOWO_________WO__________________________
2 17 NSNSWSNSN__SN__________NS_S___W____N_S__WO___OWOWOWO_WOWOWOWO_________WO_________________________
2 18 S___ONS_______S________S_____SO____S____OW_O_WOWOWOWSOWOWOWOWO_________W_O_______________________
2 19 NSNSWSNSNSN____________NS___O_W___ON___OWO_W_OWOWOWO_WOWOWOWOWO__________WO______________________
2 20 SNSNO_SN_______________S____W_O__OW_O__WOW_O_WOW_WOW_OWOWOWOWOW_O_________W_O____________________
2 21 NSNSWS_S___S___S____________ONWS_WONW__OWO_W_OWO__W__WOWOWOWOWO_W_O_________WO___________________
2 22 _SNS__S_SNSN__SNSN_______S__WSON_OW_O__WOW_O_W_W______WOWOWOWOW___W_O________WO__________________
2 23 _____S_______SNS_____S_NS___O_W_NWO_W__OWO_W_O_________WOWOWOWO_____WO________W_O________________
2 24 NSNS_NS_________SN______NS__W_O__OW_O__WOWSO_WO_________W_WOWOW_O____WO_________WO_______________
2 25 _NSN_S___S_SN____SN_________ONWS_W__W__OWO_W_OWO______O____WOWO_W_O___WO_________WO______________
2 26 _SNS_NS_____S_SNSNS____S___SW__________WOW_O_WOW____S_W_____WOWSO_W____W__________WO_____________
2 27 _NSN_SN__SNS_S________ONS___O___________WO_W_OWO__________O__WO_WSO_______O________W_____________
2 28 NSNS_NSN________S_SN__WSN___W_ON___S_____W_O_W_WO________OW___WSO_W_O___S_W______________________
2 29 SNSN_S_SNS_S_S_____S______S_S_W______S_____W____WS_S____SWS_____WS__WS____S______________________
3 0 _SNSOSNS_____SN_________S______S________OS_O_SOSOSO_______SOSO______OSOS_O__O____________________
3 1 _NSNWN__SN____SNS_____OSNS__O__N_______OWO_W_OWOWOW________WOWO___O_WOWOSWOSW____________________
3 2 NSNS_S_SNS___SNSNS_S__WNS___WNOS____O__WOW_O_WOWOW__________WOW_O_W_OWOW_OW______________________
3 3 SNSN_NSNSNSN____SNSN___S____O_W___OSWN_OWO_W_OWOW____________WOSW_O_WOWOSW_______________________
3 4 _NSN_SNSN__SN______SN__N____W___N_W_OS_WOW_O_WOW_____________OW_OSW_OWOW_________________________
3 5 _SNS_NSNSNS___SN____SN______OS_NS_OSWN_OWO_W_OWO____S_O_O_O_OWOSW_O_WOW__________________________
3 6 N____SNSN__SN__SN____S_N____W__SNOW_O__WOWNO_WOWO_____WOWOWOWOW_OSW_OWO__________________________
3 7 NSNS_NSNS_SNSNS________________NSWO_W__OWO_W_OWOWO____OWOWOWOWOSW_O_WOWO_________________________
3 8 _____SNSNS_SN__________N__SN__OS__WN___W_W_O_WOWOWO__OWOWOWOWOW_OSW_OWOW_O_______________________
3 9 _SNS_NSNS_S___SNS_____OS___SO_WN__OS_N___O_W_OWOWOWO_WOWOWOWOWO_W_O_W_W__WO______________________
3 10 SNSNOSNSNSNSN____S____WN____WNOSNOW_OS__OWN__WOWOWOW_OWOWOWOWOW_O_W_______W______________________
3 11 SN__W_SNSNSNSNSNS_S____SN___O_WN_W__W___WOS_N_WOWOWO_WOWOWOWOWO_W______O_________________________
3 12 NSNSOSNS_______SN__SNS_N____W__SN____S__OW_O__OWOWOW_OWOWOWOWOW_______OW_________________________
3 13 _NSNWNS_SN____S________SNS___S_NS_O__N__WO_W_OWOWOWO_WOWOWOWOWO______OW__________________________
3 14 S___OSNSN__SNS___SNS___NSN___N____WN_____WN_SWOWOWOW_OWOWOWOW_W_O___OW___________________________
3 15 __N_WNSNSN____S_S_SNSN_S____OS____OS_____O___OWOWOWO_WOWOWOW____W_O_W____________________________
3 16 NSNSO__S_SNS___________N____W_OSNOWNOSN_OW_OSWOWOWOW_OWOWOWO____O_W______________________________
3 17 _NSNWNSN__SN__________OSNSN_OSW__WOSWN_OWO_W_OWOWOWO_WOWOWOWO_O_W________________________________
3 18 N__SOSNS_____SN_______WNS___WNOS__WN___WOW_O_WOWOWOWNOWOWOWOWOW__________________________________
3 19 _NSNWNSNSNS_S_________OSN___O_W____S___OWOSW_OWOWOWO_WOW_WOWOWO__________________________________
3 20 NSNSOSN_______________WNS___W__S_O__O__WOW_O_WOWOWOW_OWO__WOWOW_O________________________________
3 21 SNSNWNSN__SN__SN______O____SOS_N_WO_W___WO_W_OWOWOWO_WOW__OWOWO_W_O_______O______________________
3 22 SN_N_SNSNSNS_SNSN_____W_SN__WNOS_OW_____OW_OSWOWOWOW_OWO_OW_WOW_O_W_O____OW______________________
3 23 ___S_NS___S_SNSN____SN_SNS__O_W__W_____OWO_W_OWOWOWO_WOWOW___WO_W_O_WO_O_W_______________________
3 24 _NSN_SNS___S___SN_______SN__W__S_O__O__WOWNO_WOWOWOW_OWOWO____W_O_W_OWOW_________________________
3 25 _SNS_NS_SNSN____SN____OS_____S_N_WO_W__OWO_W_OWOWOWO_WOW_WO_____W_O_WOWO_________________________
3 26 SNSN_SNS___SNSNSNSN__SWNS_SN__OS__W_OS_WOW_O_W_WOWOWNOWO__W____N__W_OWOW_________________________
3 27 _SNS_N__SNSNSN_________SN_____W___OSW__OWO_W____WOWO_WOWO________NO_WOWO_________________________
3 28 _NSN_SN________SNSN____NS_____OS__WNO__WOW_______WOW_OWOWO_____N__W__WOWNO_______________________
3 29 NSNS_NSNSNSNSN____SN___S_SNSN_W_____WN__W________NWN_W_WNWN______N___NW__WN______________________
4 0 _NSNONSN____SN_________SNS____ON_________N_O_N_NONO____O_ONON________NON_________________________
4 1 _SNSWS_SN____SNSNS_S_S_NSN____W___O________W____W_WO__OWOWOW__________WON_ON_____________________
4 2 _NSNONSNSNS_SNSNSNSN___SNS____ON_OW________O_______W_OWOWOW____________W__W_O____________________
4 3 NSNSWSNSNSNS_S_SNSN___ON____O_W__W_N_S___O_W_______O_WOWOWO_O__N__O_____N_O_W____________________
4 4 _SNS_NSNS_SN______SN__WS____W____O_S_N__OW____O___OW_OWOWOWOW____NW_______W_O____________________
4 5 SNSN_SNSNSNS_SN____SN_______ON_SNWON_S_OW____OW__OWONWOWOWOW___N__O_________W____________________
4 6 S____NSNS_SN__SN__S_SN_S____W_ONS_WSO__WO_SO_WO_OWOW_OWOWOW______NW_O____________________________
4 7 SNSN_SNSNSNSNSN_______O_____O_WSN_O_WS_OWO_W_OWOWOWO_WOWOWO____N__O_W____________________________
4 8 _____NSNSNSN____S_S___WS_SNSWS_N__WS___WOW_O_WOWOWOW_OWOWOWO_____NW_O____________________________
4 9 _NSN_SNSNSN__SNSN____S_NS_SN______ON___OWO_W_OWOWOWO_WOWOW_WO_______WO___________________________
4 10 N_NSONSNSNSNS___SN_____S_____S_NSOW_ONSWOWSO_WOWOWOW_OWOWO__WO_______WO__________________________
4 11 NS__WSNSNSNSNSNSNSN___ONS___O____WO_W__OWONW_OWOWOWO_WOWOWO__WO_______WO_________________________
4 12 _NSNONSN____S_SN__SNSNWS_S__WSONS_WSONSWOWSO_WOWOWOW_OWOWOW___W_O______W_O_______________________
4 13 _SNSWSNSNS___SN______SONSN__ONWSN_O_WS_OWO_W_OWOWOWO_WOWOW______W_O______WO______________________
4 14 NS_S_NSNS_SNSN__SNSN__WSNS__W_____WS___WOWSONWOWOWOW_OWOW_________W_O_____W_O____________________
4 15 S_S___NSN____SNSNSNSNS_NS___ON_S___N____W__W_OWOWOWO_WOWO___________WO______W____________________
4 16 _NSNO_SNSNSN____S________S__WS_N___S_N__O___NWOWOWOW_OWOWO___________WO__________________________
4 17 _SNSWSNS_SN__________S_NSNS__N_S___N_S__WO___OWOWOWO_WOW_WO___________WO_________________________
4 18 S_SNONSNS___SNS________SN____S_N___SO____WSO_WOWOWOW_OWO__WO___________W_________________________
4 19 _SNSWSNSNSNSNS_________NS______S__ONWS_O_ONW_OW_WOWO_WOWO__W_____________________________________
4 20 _NSNON_________________SN____S_N_OWSO__WOW_O_WO__W_W_OWOWO_____S____O____O_______________________
4 21 NSNSWSNS_SN__SN___________SNON_S_WO_WS_OWO_W_OWO_____WOWOWO______SO_WO_O_W_______________________
4 22 NS_S_NSNSNSNSNSN_______SNS__WSONS_WSO__WOW_ONWOW______WOWOWO___S__W_OWOW_________________________
4 23 __SN_SNS_SNSNSN____SNS_NSNS_O_W___O_W___WO_W_OWO_______WOWOWO____SO_WOW__________________________
4 24 _SNS_NSNS_SN__SN_______SN___W_ONSOW_O____W_O_WOW_______OW_WOWO_S__W_OW__S________________________
4 25 SNSN_SNSNSN__S_SN______NS_S__NW__WO_W__O___W_OWO______OW___WOWO__SO_W_____O__O___________________
4 26 N_NS_NSNS_SNSNSNSN__SN_SNSN____N_OWS_N_WO____WOWO___S_W_____WOW_O_W_____S_WS_W___________________
4 27 SNSN_S_SNSNSN_________ON____O__S_W_N_S__W_____WOWO________O__WO_W_________O_______O______________
4 28 _SNS_NS___S___SNSN____WSN___W__N_O_S______S____WOW_______OW__OW_O_______S_WS_____OW______________
4 29 SNSN_SNSNSNSNS___SNS_S_NSNSN___S_W___S___S__S___WS______SW__SW__W______S_______S_W_______________
5 0 __NSOSNS_S_SN____S___S_NSN__S_O_____O__SOS_O_SOSOSO___S____OSOS_O___O_OS_OS_OS___________________
5 1 _NSNWNSNS___SNSNSNSNSNOSNS____W___O_W__OWO_W_OWOWOWO__O___OWOWOSW_O_WOWOSWOSW____________________
5 2 _SNSOSNSNSNSNSNSNSN__SWNSN____OS__W_OS_WOW_O_WOWOWOW_OWO_OWOWOW_O_W_OWOW_OW______________________
5 3 SNSNWNSNSNSNSNSNSN_____S______W___O_WN_OWO_W_OWOWOWO_WOWOWOWOWO_W_O_WOWOSW_______________________
5 4 SNSN_SNSNSNS_____SNS_S_N__________WNOS_WOW_O_WOWOWOW_OWOWOWOWOW_OSW_OWOW_________________________
5 5 NSNS_NSNSNSNSN____SN________OS_NS_OSWN_OWO_W_OWOWOWO_WOWOWOWOWOSW_OSWOWO_________________________
5 6 N____SNSNSNS_SN__SNSNS_N____W__SN_WN_S_WOWNO_WOWOWOW_OWOWOWOWOW_OSW_OWOW_________________________
5 7 NSNS_NSNSNSNSN_________S_______NS_O__N_OWO_W_OWOWOWO_WOWOWOWOWOSW_O_WOW__________________________
5 8 _____SNSNSN____SNSN____NSNSN_NOS__WN_S_WOW_O_WOWOWOW_OWOWOWOWOW_O_W_OW___________________________
5 9 _SNS_NSNSN__SNSN____SNOSNSNSO_W___OS____W_SW_OWOWOWO_WOWOWOWOWO_W_O_W____________________________
5 10 __SN_SNSNSNSNS_SN_____WN____WNOSN_W_OSN___NO_WOWOWOW_OWOWOWOWOW_O_W_O____________________________
5 11 _N___NSNSNSNSNSNSNS____SN_____W___O_W____OSW_OWOWOWOSWOWOWOWOWO_W_O_WO___________________________
5 12 _SNSOSNS___SNSNS_SNSN__NSN___N_SN_WN_SN_OWNO_WOWOWOW_OWOWOWOWOW_O_W_OW___________________________
5 13 SNSNWNSNSN__SN______SN_SNS___S_NS____N_OWO_W_OWOWOWO_WOWOWOWOWO_W_O_WO___________________________
5 14 SNSNOSNSNSNSNS_SNSNS_S_NSN____OS_O_N_S_WOWNOSWOWOWOW_OWOWOWOWOW_O_W_OW___________________________
5 15 NSN_W_SNS_S_SNSNSNSNSN_SN__SO_WNSWOS___OWOSW_OWOWOWO_WOWOWOWOWO_W_O_W____________________________
5 16 _SNSOSNSNSNS___SN_______SN__WNOS_OWNOS_WOW_O_WOWOWOW_OWOWOWOWOW_O_W_O____________________________
5 17 SNSNWNSNSN__S_______SNOSNSN_OSWNSWOSWN_OWO_W_OWOWOWO_WOWOWOWOWO_W_O_WO___________________________
5 18 NSNSOSNSN__SNSN_______WNS___WN___OWN___WOWNO_WOWOWOW_OWOWOWOWOW_O_W_OWO__________________________
5 19 SNSNWNSNSNSNSNS_______OSNS_SOS_NSW_S_N_OWOSW_OWOWOWO_WOWOWOWOWO_W_O_WOWO_________________________
5 20 _SNSO_________________WNS___WN_S___N_S_WOW_O_WOWOWOW_OWOWOWOWOWNO_W_OWOW_O_______________________
5 21 SNSNWNSNSN__SN___________SN__S_N__O__N__W__W_OWOWOWO_WOWOWOWOWO_WNO_WOWO_WO______________________
5 22 SNSN_SNSNSNSNSN______S_NSN___NOSNOWN_S__O__O_WOWOWOW_OWOWOW_WOWNO_W_OWOW_OW______________________
5 23 _SNS_NSNSNSNSN____SNSN_SNSN___W__W_____OWO_W_OWOWOWO_WOW_WO__WO_WNO_WOWO_WO______________________
5 24 SNSN_SNSNSN__SN______S_NS_____O_N___O__WOW_O_WOWOWOW_OWO__WO__WNO_W_OWOWNOW_O____________________
5 25 NSNS_NSNSNS_SNSNS_____OSNSN_O_W___O_W__OWO_W_OW_WOWO_WOWO__WO___WNO_WOWO_WO_WO___________________
5 26 __SNOSNSNSNSNSNSN__SN_WNSN__W_OS__WNOS_WOW_O_W___WOWNOWOWO__WO____W_OWOWNOWNOWO__________________
5 27 NSNSWNSNSNSN__S________S______WN__OSWN_OWO_W_O____WO_WOW_WO__WO_____WOWO_WO_WOW__________________
5 28 _NSN_SNS_SN__SNSN______N______OS__WNO__WOWNO_WO____W__WO__WO__W_O____WOWNOWNOWO__________________
5 29 N_NS_NSNSNSNSNS_SNSNSN_SNSN___WN____WN__WN_WN_W__N_____WN__WN___W_____WN_W__W_WN_________________
6 0 S__NONSNSNSN____SN__SN_SNS__N__________NON_O_NON_NO__ON_____NON_____O__N__N__N___________________
6 1 _SNSWSNSNS_SNSNSNSNSNS_NSNS_____________W__W__WO__WO_W_______WON__O_W___N_ON_____________________
6 2 SNSNONSNSNSNSNSNSN__SN_SNS___S_N_O___N_____O___WO_OW_O________W_O_W_O_____W______________________
6 3 NSNSWSNSNSNSNSNSN____SON_______S_W___S___O_W____WOWO_W________O_W_O_WO__N________________________
6 4 NSNS_NSNSNSN____SNSNSNW__________O_S_N__OW______OWOW_________OW__NW__WO__________________________
6 5 SNSN_SNSNSNSN____SN_____S___ON_SNWON___OWO___O_OWOWO________OW_N___N__WO_________________________
6 6 S____NSNSNSNSN__SNSNSN_S____W_ONS_WSON_WOWS__WOWOW_W_O_____OWO___N_____W_O_______________________
6 7 SNSN_SNSNSNSNS_______SONS_____W_N_O_WS__WO___OWOWO___WO___OWOW_N__O______WO______________________
6 8 S____NSNSNS___SNSN____WSNSN____N_OWS_N__OWSO_WOWOW____WO_OWOW_____W_O_____W_O____________________
6 9 SNSN_SNSNS_SNSN____SN__NSNSN___S_W_N___OWONW_OWOWO_O___WOWOW________WO______WO___________________
6 10 _SNSONSNSNSNSNSN_______S_____S_NSO_SON_WOW_O_WOW_WOW___OWOW__________WO______W___________________
6 11 _S__W_NSNSNSNSNSNSN__SONS___O__S_WO_W___WONW_OWO_OW_N_OWOWO___________WO_________________________
6 12 _N_NONSNS_SNSNSNSNSN__WSN___W_ONS_W_ON___W_O_WOWOWO__OWOW_WO___________W_O_______________________
6 13 NSNSWSNSN__SN__S___SN_ONSN__ONWSN_O_WS_____W__WOWOWO_WOW___WO____________WO______________________
6 14 NSNSONSNSNSNSNSNSNSNSNWSNS__WS_NSOWS_N____S_N_OWOWOW_OW_____WO____________W_O____________________
6 15 SNS_W_NSNSNSNSNSNSNSNS_NS_SN___SNW_N_S___ON_S_WOWOWO_W_______WO_____________WO___________________
6 16 _NSNONSNSNSN__SN_______SN______N___S_N__OW____OWOWOW_O________W_O________O___WO__________________
6 17 NSNSWSNSNS_SN______SNS_NSNS__N_SN__N_S__W___SOWOWOWO_WO_________W_O__O_O_W____W__________________
6 18 _NSNONSN__SNSN____S_____NS_________S____O_SO_WOWOW_W_OWO__________W_OWOW_________________________
6 19 NSNSWSNSNSNSNSN________NSNSNON_SN_ON___OWONW_OWOW____WOWO_________O_WOW__________________________
6 20 SNSN___________________SNS_SWSONS_W_ON_WOW_O_WOWO_____WOWO_____S__W_OWO__________________________
6 21 NSN__SNSNS_SN____S______SN__ONW___O_WS_OWO_W_OW_WO_____WOWO______SO_W_WO_________________________
6 22 NSNS_NSNSNSNSN______SN_SNS__WSON__W_ON_WOWSO_WO__WO_____W_WO___S__W____W_O____O__________________
6 23 SNSN_SNSNSNSN____SNSN_ONSN__O_W___O_W__OWO_W_OWO__W________W_____S_______WO__OW__________________
6 24 N_NS_NSNSNS_SN______SNWSN___W_O___WSO__WOWSO_WOWO______________S____O_____W_OW___________________
6 25 SNSN_SNSNSNSNSNSN______NSN____WS__O_W__OW__W_OWOWO_______________SO_W_____O_WO___________________
6 26 _SN__NSNSNSNSNSN__SN___SN______N_OW__N_WO____WOWOWO_____________O_W_____S_WS_W___________________
6 27 _NSN_SNSNSN__SN_______ON_______S_W_N_S__W_____WOWOWO________O_O_W_O_______O_______O______________
6 28 __NS_NSNSN__SNSNS_____W________N_O_S______S____WOWOWSO_____OWOW_O_W_____S_WS_____OW______________
6 29 __SN_SNSNSNSNSNSNSNSNS_NSN_____S_W___S___S__S___WSWS_W____SWSWS_W______S_______S_W_______________
7 0 N__SOSNSNSNS___SNS_SNS_NSN____O_____O__SOS_O_SOSOSOS_____O_OSOS_O___OSOS_OS_OSOS_OSO_____________
7 1 SNSNWNSNSNSNSNSNSNSNSNOSN_N_O_W___O_W__OWO_W_OWOWOW___O_OWOWOWOSW_O_WOWOSWOSWOW_OWOW_____________
7 2 NSNSOSNSNSNSNSNSN__SN_WNSN__WNOS_OW_OS_WOW_O_WOWOWO__OWOWOWOWOW_O_W_OWOW_OW_OWOSWOW______________
7 3 _NSNWNSNSNSNSNSN____SNO_______WN_WO_WN_OWO_W_OWOWOWO_WOWOWOWOWOSW_O_WOWOSWOSWOW_OW_______________
7 4 _NSN_SNSNSNS___SNSNSN_W___________WNO__WOW_O_WOWOWOW_OWOWOWOWOW_OSW_OWOW_OW_OWO_W________________
7 5 N_NS_NSNSNSN____SN_____SN___OS_NS_OSW___WO_W_OWOWOWO_WOWOWOWOWOSW_O_WOWOSWO_WOW__________________
7 6 N_____NSNSNSN__SNSNSNS_N____W__SN_WN_S__OWNO_WOWOWOW_OWOWOWOWOW_OSW_OWOW_OW_OW___________________
7 7 NSNS_NSNSNSNSN____S_SN_SN__________S_N_OWO_W_OWOWOWOSWOWOWOWOWOSW_O_WOWO_WO_W___O________________
7 8 N___OSNSNSNS_SNSN____S_NSN____OS___N___WOWN__WOWOWOW_OWOWOWOWOW_OSW_OWOW_OW___O_W________________
7 9 NSNSWNSNSNSNSN____SNS_OSNSN_O_WN__OS___OW____OWOWOWOSWOWOWOWOWOSW_O_WOWO_WO__OW_O________________
7 10 _NSN_SNSNSNSNSNS___S__WNS___WNOSNOWNOS_WO__O_WOWOWOW_OWOWOWOWOW_OSW_OWOW_OW_OWO_W________________
7 11 _N____SNSNSNSNSNSNS_SN_SN_____WN_W__W__OWO_W_OWOWOWO_WOWOWOWOWOSW_O_WOWO_WO_WOW__________________
7 12 ___SOSNSNSNSNSNSNSN__S_N_______SN____S_WOW_O_WOWOWOW_OWOWOWOWOW_O_W_OWOW_OW_OW___________________
7 13 SNSNWNSNS_SNS_SNS_SN___SNS___S_NS__S_N__WO_W_OWOWOWO_WOWOWOWOWO_W_O_WOWO_WO_W____________________
7 14 SNSNOSNSNSNSNSNSNSNSNS_NSN___NOSNO_NO___OWNOSWOWOWOW_OWOWOWOWOW_O_W_OWOW_OW______________________
7 15 NSN_W_SNSNSNSNSNSNSNSN_SNSN__SWN_WOSWN_OWOSWNOWOWOWO_WOWOWOWOWO_W_O_WOWO_W_______________________
7 16 _SNSOSNSNSN__SN______S_N______OS_OWNOS_WOW_O_WOWOWOW_OWOWOWOWOW_O_W_OWOW_O_______________________
7 17 SNSNWNSNSNSNS_S___SNSNOSNSN__SWN_WOSWN_OWO_WNOWOWOWO_WOWOWOWOWO_W_O_WOWO_W_______________________
7 18 _SNSOSNS_SNSN__S_SN___W_SNS___O___WNOS_WOWNO_WOWOWOW_OWOWOWOWOW_O_W_OWOW_________________________
7 19 SNSNWNSNSNSNSN________OSNSNSOSWN___SW__OWOSW_OWOWOWO_WOWOWOWOWO_W_O_WOWO_________________________
7 20 NSN_OS________________WNSNSNWN_SN____S_WOW___WOWOWOW_OWOWOWOWOWNO_W_OWOW_O_______________________
7 21 SNS_WNSNSNSN____SNS____SN__________S_N__W_S__OWOWOWO_WOWOWOWOWO_WNO_WOWO_WO______________________
7 22 _NSN_SNSNSNSN______SNS_NSN___N_S_____S__O_NO_WOWOWOW_OWOWOWOWOWNO_W_OWOW_OW_O____________________
7 23 NSNS_NSNSNSNS_S_SNSN___SN______________OWO_W_OWOWOWO_WOWOWOWOWO_WNO_WOWO_WO_WO___________________
7 24 S__N_SNSNSNSN__S_S_SNS_NS__________NO__WOWN__WOWOWOW_OWOWOWOWOWNO_W_OWOW_OW_OW___________________
7 25 NSNS_NSNSNSNSNSN_______SNS__O__N__O_W__OWOS__OWOWOWO_WOWOWOWOWO_WNO_WOWO_WO_WO___________________
7 26 _NS___NSNSNSNSN__SN__S_NS___W_OS__W_O__WOW_O_W_W_W_W_OWOWOWOWOW___W_OWOWNOWNOWO__________________
7 27 _SNS_NSNSN__SNS________S______WN__OSWN_OWOSW_O_______WOWOWOWOWO_____WOWO_WO_WOW_O________________
7 28 S__N_SNSNS_SNSNSN_____________O___WNOS_WOWNO_WO_____NOWOWOWOWOW______WOWNOWNOWO_WO_______________
7 29 _SNS_NSNSNSNSNSNSNSNSN_SN_____WN____WN__WN_WN_W__N_N_W_W_WNWNWN_______WN_W__W_WN_W_______________
8 0 __SNONSNSNSN__SNSNSNSN_SN_____O________NON___NONON_N________NON_O____N_N__N__N_N_ON______________
8 1 NSNSWSNSNSNSNSNSNSNSN__N____O_W_________WO____WOW____________WONW_O__O__N__N_O___WO______________
8 2 SNSNONSNSNSNSNSN__SN___SN___W__N_O___N__OW_____W_____O________W___W_OW_______W_N__W______________
8 3 _SNSWSNSNSNSNSNS_S_SN__________S_W___S__WO___O_____O_W_________N__O_WO__N__N_O___________________
8 4 _SNS_NSNSNSNS_SNSNSN_______________S____OWS__W____OW_____________NW_OWO______W___________________
8 5 S_SN_SNSNSNS___SN____S_N____ON_SN_ON_S_OWO_____O_OW____________N__O_WOW_N_O______________________
8 6 S___O_SNSNSN__SNSNSNSN_S____W_ONS_WSON_WOWSO__OWOW_______________NW__WO___W______________________
8 7 _NSNWSNSNSNSNS___SNSNS_N____O_WS__ONWS_OWO_W_OWOW___N_O________N__O___W__________________________
8 8 _____NSN_NSNSNSN__S_SN_SN___W_ON__W____WOW_O_WOW______W__________NW_O____________________________
8 9 _NSN_SNSNSNSNS___SNSNS_NSN____W____N_S__WO_W_OWO____N_O_O______N__O_WO___________________________
8 10 _SNSONSNSNSNSNSN__SN___SNS_____NSO_S_N__OW_O_WOWO_____WOW________NW_OWO_______O__________________
8 11 _S__W_NSNSNSNSNSNSNSN_ON____O__S_WO__S__WO_W_OWOWO_O__OWO______N____WOW______OW__________________
8 12 __SNONSNSNSNSNSNSN__SNWS____W_ONS_W_ON__OW_O_WOWOWOWSOWOWO___________WO_____OW___________________
8 13 NSN_WSNSNSNSNSNSNSN___ONSN__ONWSN_ONWS_OWO_W_OWOWOWO_WOWOWO___________W___O_W____________________
8 14 NSNS_NSNSNSNSNSNSNSNSNWSNS__W__N_OWS___WOWS_NWOWOWOW_OW_W_WO_____________OW______________________
8 15 SNS___NSNSNSNSNSNSNSNS_NSN__ON_S_W_N____W_N_S_WOWOWO_W__O__WO__________O_W_______________________
8 16 _N_NONSNSN__SNS_____SN_S____WS_NSO_S_NS_O_____OWOWOW_O_OW___WO________OW_O_______________________
8 17 NSNSWSNSNSNSNSN__SNSNS_NSN__ON_S_W_N_S__W____OWOWOWO_WOW_____WO______OWO_W_______________________
8 18 SNSNONSNSNSN__SNSNS_____NSNSWS__S__S_N____S__WOWOW_W_OWO______W_O___OWOW_________________________
8 19 N_NSWSNSNSNSNS________ONSNSN_N_S__ON___O_ON_SOWOWO_O_WOWO_______W_O_WOW__________________________
8 20 SNS__N______S_________W_NSN__S_NSOWSONSWOW_O_WOWOWOW_OWOWO_____S__W_OW___________________________
8 21 NSNS_SNSNSNS_S_SNSN__S_N_________WONWS_OWONWSOWOWOWO_W_WOWO______SO_W____________________________
8 22 _SNS_NSNSNSN______SNSN_SN____SON__W_ON_WOWSO_WOWOWOW_O__WOWO___S__W______________________________
8 23 _NSN_SNSNSNSNSNSNSN__S_NS___O_WS__O_WS_OWO_W_OWOWOWO_W___WOWO____S_____O_____O___________________
8 24 NS_S_NSNSNSN__SNSNSNSN__NS__WSO___WSO__WOWSO_WOWOWOW______W_WO_S___S__OW____OW___________________
8 25 _NSN_SNSNSNSNSN______S_N_N____WS__O_W__OWONW_OWOWOW__________WO______OW___O_W____________________
8 26 _SN___SNSNSNSNS_SN__SN_SNS___S_N_OW____WOW___WOWOWO__________OW_O___OW__S_W______________________
8 27 SNSN_SNSNS_SNSNS______ONS___O__S_W_N_S__W_N___WOWOWO________OWO_W_O_W_____O______________________
8 28 NS___NSNSNSNSNSNS_S___WS____W______S_N_________W_WOWSO_____OWOWSO_W_O___S_WS_____________________
8 29 SNSN_SNSNSNSNSNSNSNSNS_N_______S_____S___S__S_____WS_W__S_SWSWS_W___WS_S_____S___________________
9 0 _SNSOSNSNSN__SNSNSNSNS_N_______S____O__SOS_O_SO_______S____OSOS_____OSOS_O__OSOS_________________
9 1 _NSNWNSNSNSNSNSNSNSNS_OS__________O_W__OWO_W_OW___________OWOW____O_WOWOSWOSWOW__________________
9 2 NSNSOSNSNSNSNSNS_SN___WN______O___W_O__WOW_O_W___________OWOW___O_W_OWOW_OW_OW___________________
9 3 _NSNWNSNSNSNSNSNSNSN__O_______WN__OSWN_OWO_W_O__________OWOWO_OSW_O_WOWOSWOSWO___________________
9 4 _N_N_SNSNSNSNSNSNSN___W__________OWNO__WOWNO_WO________OWOWOWOW_OSW_OWOW_OW_OW___________________
9 5 NSNS_NSNSNSNS_SN____SN______OS_N_WO_WN_OWO_W_OWO_O____OWOWOWOWOSW_O_WOWOSWO_W____________________
9 6 N____SNSNSNS_SNSNSNSNS_N____W__SNOWN_S_W_WNO_WOWOW___OWOWOWOWOW_O_W_OWOW_OW______________________
9 7 _SNS_NSNSNSNSNS_SNSNSN______O__NSW_S_N___O_W_OWOWO_O_WOWOWOWOWO_W_O_WOWO_W_______________________
9 8 _____SNS__NSNSNS_SNSNS_N____W_OS____O___OW_O_WOWOWOW_OWOWOWOWOW_OSW_OWOW_________________________
9 9 __NS_NSNSNSNSN__SNSNSNOSNS__O_W___OSWN_OWO_W_OWOWOWOSWOWOWOWOWO_W_O_WOWO_________________________
9 10 SNSN_SNSNSNSNSN__SN___WNSN__W_OSN_WNOS_WOW_O_W_WOWOW_OWOWOWOWOW_O_W_OWOW_O_______________________
9 11 _N____SNSNSNSNSNSNSNS__S______WN____WN_OWO_W_O_OWOWO_WOWOWOWOWO_W_O_WOWO_W_______________________
9 12 _SNSO_NSNSNSNSNSN__SNS_N_______SN____S_WOW_O_WOWOWOWNOWOWOWOWOW_O_W_OWOW_O_______________________
9 13 SN__WNSNSNSNSNSNSN__S__SNS__O__NS__S_N__WO_W_OWOWOWO_WOWOWOWOWO_W_O_WOWO_WO______________________
9 14 SNSN_SNSNSNSNSNSNSNSNS_NSN__W_O____N_____WNOSWOWOWOW_OWOWOWOWOW_O_W_OWOW_OW_O____________________
9 15 N_N___SNSNSNSNSNSNSNSN_SNS___SWN__OS___O_OSWNOWOWOWO_WOWOWOWOWO_W_O_WOWO_WO_W____________________
9 16 _S_SOSNSNS_SNSN____SNS_N_____NOSNOWNOSNWOW_OSWOWOWOW_OWOWOWOWOW_O_W_OWOW_OW_O____________________
9 17 SNSNWNSNSNSNSN__SNSNSNOSN____SWNSWOSWNSOWO_W_OWOWOWO_WOWOWOWOWO_W_O_WOWO_WO_WO___________________
9 18 NSNSOSNSNSN__SNSNSN___W_SN_N_NOSNOWNO__WOWNO_WOWOWOW_OWOWOWOWOW_O_W_OWOW_OW_OW___________________
9 19 __SNWNSNSNSNSN________OSNSNSO_WN_W__W___WOSWNOWOWOWO_WOWOWOWOWO_W_O_WOWO_WO_W____________________
9 20 NSNSOS_____SN_________W_SNS_WN_SNO_N_SN_OW___WOWOWOW_OWOWOWOWOWNO_W_OWOW_OW______________________
9 21 SNSNWNSNSNSNSNSNSN__SN______OS___WO__N__W_S_N_WOWOWO_WOWOWOWOWO_WNO_WOWO_WO______________________
9 22 _NSN_SNSNSNS_S___SNSNS_NS___WN_S_OW__S__O_N_S__WOWOW_OWOWOWOWOWNO_W_OWOW_OW______________________
9 23 __NS_NSNSNSNSNSNSNS_SN_SN______N_W_S_N__WO___O_OWOWO_WOWOWOWOWO_WNO_WOWO_W_______________________
9 24 _NSN_SNSNSNS_SNSNSNSN____N___N_____N____OWNO_WOWOWOW_OWOWOWOWOWNO_WNOWOW_________________________
9 25 _SNS_NSNSNSNSN______SNOS____OS_N__O____OWOSW_OWOW_WO_WOWOWOWOWO_W_O_WOWO_________________________
9 26 SNS__SNSNSNSNSNSNS_SN_WNSN__WNOS_OW_OS_WOW_OSWOW___W_OWOWOWOWOW_O_W_OWOWNO_______________________
9 27 NSNS_NSNSNSNSNSNS_S____SN___O_WNSWOSWN_OWO_W_OW______WOWOWOWOWO_W_O_WOWO_WO______________________
9 28 SNS__SNSNSNSNSNSNSNS___N____W_OS_OWNOS_WOW_O_W______NOWOWOWOWOWNO_W__WOWNOWNO____________________
9 29 N_NS_NSNSNSNSNSNSNSNSN________WNSW__WN__WN_WN______N_W_WNWNWNWN_W____NWN_W__WN___________________
10 0 SNSNONSNSNS_SNSNSNSNSN________ON_______N_N_O_NO______ON_____NON_O____N_N_O___N_N_O_______________
10 1 _SNSWSNSNSNSNSNSNSNSNS_N______W___O________W_OW__O_O_W_______WO_W_O_____NW_N_O___WO______________
10 2 SNSNONSNSNSNSNSNSNS_______________W________O_W__OWOW__________W___W_O________W____W______________
10 3 __NSWSNSNSNSNSNSNSNS__O____________N_S_O_O_W___OWOWO___________N__O_WO__N_ON_____________________
10 4 _S_S_NSNSNSNSNSNSN____W________________WOW____OWOWOW_____________NW_OWO___W______________________
10 5 _NSN_SNSNSNSNSN____SN_______ON_S__O____OW____OWOWOW____________N__O_WOWON_O______________________
10 6 S____NSNSNSNSNSNSNSNSN_S____W_ONS_W_ON_W__SO_WOWOW________________W__WOW_OW_O____________________
10 7 _NSN_SNSNSNSNSNSNSNSN_________WSN_ONWS_O_O_W_OWOW_____________________W__WO_WO___________________
10 8 S____NSN__SNSNSNSNSNSN_______S_N__WS___WOW_O_WOW_________________N________W__W___________________
10 9 __SN_SNSNSNSN__SNSNSNS_NSNS_O______N_S_OWO_W_OW_____N_O___O______________________________________
10 10 NSNS_NSNSNSNSNS_SN_____SNS__W__NSO___N_WOW_O_WO_______WO_OW______________________________________
10 11 _S____NSNSNSNSNSNSNSNSONS___O__S_WO__S_OWO_W_OW________WOW__O____________________________________
10 12 _NSNO_SNSNSNSNSNS_SNSNWS____W_ONS_W_ON_W_W_O_W_________OWO_OW____________________________________
10 13 NS__WSNSNSNSNSNSN__SN_ONSN____WSN_ONW__O___W___O______OW_WOW_____________________________________
10 14 N_NSONSNSNSNSNSNSNSNSNWSN_________W_O__WO_S_N_OW____S_WO_OWO_____________________________________
10 15 __S_W_NSNSNSNSNSNSNSNS_NSNS_ON_S___NW__OWON_S_W__O____OWOW_WO____________________________________
10 16 SNSNONSNSNSNSN__S_SNSN______W__N___S_N_W_W__N_O_OW__S_WOW___WO______________O____________________
10 17 NSNSWSNSNSNSN__SNSNSNSON____ON_SN__N_SN______OWOW_____OWO____WO________O__O_W____________________
10 18 SNSNONSNSNS_SNSNSNS___W_N___WS_N_O_S____O_SO_WOWO___SOWOWO____WSO_____OW_OW______________________
10 19 _SNSWSNSNSNSN____S____ONSNSNO__S_WO____OWONW_OWOW__O_WOWOW______W_O__OWO_W_______________________
10 20 _NSNONS___SNS_________W_N_NSWS_NS_W_ON_WOW_O_WOW__OWSOW_WO_____S__W_OWOW_________________________
10 21 NSNSWSNSNSNSNSNSN__SN________N____O_WS_OWONW_OWO_OWO_W___W_______SO_WOW__________________________
10 22 _SNSONSNSNSNSN__SNSNSN_SN_____ONSOWSON_WOW_ONWOWOWOW_O_________S__W_OW___________________________
10 23 S_SNWSNSNSNSNSNSNSNSNS_N____O_WS_WONWS_OWO_WSOWOWOWO_W___________SO_W________O___________________
10 24 _SNS_NSNSNSNSNSNSNSN________W_O___WSO__WOWS__WOWOWOW_O_________S__W_O______S_W___________________
10 25 SNSN_SNSNSNSN______SN__NS____NWS____W___WON__OWOWOWO_W___________SO_W_____O____S_________________
10 26 N_NS_NSNSNSNSNSNSNSN___SN______NSO_S_N__OW__NWOWOWOW_O_________S__W_O___S_WS_____O_______________
10 27 SNSN_SNSNSNSNSNSNSNS__ONS___O__SNW_N_S__W___SOWOWOWO_W________O___O_WO_______O_S_W____O__________
10 28 N_NS_N_NSNSNSNSNSNSN__WS____W__N_O_S_N____S__W_WOW_W_____O_O_OWS__W_OW__S__S_W___O___OW_O________
10 29 __SN_SNSNSNSNSNSNSNSNS_________SNW___S___S_____SW_______SWSWSWS_____W__S__S__S_S_WS_SWS_W________
11 0 N_NSOSNSNSNSNSNSNSNSNS________OS____O__SOS_O_S_S_______OSOSOSOS_O___O_O__OS_OSOS_OSOS____________
11 1 SNSNWNSNSNSNSNSNSNSNSNOS______W___O_W__OWO_W_______O__OWOWOWOWOSW_O_WOWOSWOSWOW_OWOWO____________
11 2 NSNSOSNSNSNSNSNSNSN___W_______OS__W_OS_WOW_O____O_OW_OWOWOWOWOW_O_W_OWOW_OW_OWOSWOWOW____________
11 3 ___NWNSNSNSNSNSNSNSN__O_______W___OSWN_OWO_W___OWOWOSWOWOWOWOWOSW_O_WOWOSWOSWOW_OWOW_____________
11 4 SNSN_SNSNSNSNSNSN_____W_______OS__W_O__WOW_O__OWOWOW_OWOWOWOWOW_OSW_OWOW_OW_OWOSWOWO_____________
11 5 __NS_NSNSNSNSNS___SN________OSWN___SW__OWO_W_OWOWOWOSWOWOWOWOWOSW_O_WOWOSWOSWOW_OWOW_____________
11 6 N____SNSNSNSNSNSNSNSNS_N____W__SNO___S_WOWNO_WOWOWOW_OWOWOWOWOW_OSW_OWOW_OW_OWO_WOW______________
11 7 _SNS_NSNSNSNSNSNSNSN___S____O__NSW_S_N__WO_W_OWOWOWOSWOWOWOWOWOSW_O_WOWOSWOSWOW_OW_______________
11 8 N____SN__SNSNSNSNSNSN_______WNOS___N____OW_O_WOWOWOW_OWOWOWOWOW_OSW_OWOW_OW_OWO_WO_______________
11 9 _SNS_NSNSNSNS_SNSNSNSNOSNSN_O_W___OS_N_OWOSW_OWOWOWOSWOWOWOWOWOSW_O_WOWOSWO_WOW_OW_______________
11 10 _NSN_SNSNSNSNSNSN_____WNSN__W_OSNOW_OS_WOW_O_WOWOWOW_OWOWOWOWOW_OSW_OWOW_OW_OWO_WO_______________
11 11 _N____SN_NSNSNSNSNSNSN_SN___O_WN_WO_WN_OWOSW_OWOWOWOSWOWOWOWOWOSW_O_WOWO_WO_WOW_OW_______________
11 12 __NSOSNSNSNSNSNSNSNSN__N____W__SNOW_O__WOW_OSWOWOWOW_OWOWOWOWOW_OSW_OWOW_OW_OWO_WO_______________
11 13 SNS_WNSNSNSNSNSN__SN___SN___O__N_WO_W__OWO_W_OWOWOWO_WOWOWOWOWOSW_O_WOWO_WO_WOW_OWO______________
11 14 ___N_SNSNSNSNSNSNSNSNS_N____W_O___W_O__WOWNOSWOWOWOWNOWOWOWOWOW_OSW_OWOW_OW_OWO_WOW______________
11 15 _SN___SNSNSNSNSNSNSNSN_SNSNSOSWN__OSW__OWOSWNOWOWOWO_WOWOWOWOWOSW_O_WOWO_WO_WOW_OWO______________
11 16 NSNSOSNSNSNSNS_SNSNSN_______W_O___WNOS_WOW_O_WOWOWOWNOWOWOWOWOW_O_W_OWOW_OW_OWO_WOW______________
11 17 SNSNWNSNSNSNS_SNSNSNSNOS______WN__OSWN_OWO_W_OWOWOWO_WOWOWOWOWO_W_O_WOWO_WO_WOW_OWO______________
11 18 NSNSOSNSNSNSNSNSNSN___W______NOS__WNOS_WOWNO_WOWOWOWNOWOWOWOWOWNO_W_OWOW_OW_OWO_WOWO_____________
11 19 _NSNWNSNSNSNS___SN____OSNSNSOSWN__O_W__OWO_W_OWOWOWO_WOWOWOWOWO_W_O_WOWO_WO_WOW_OWOW_____________
11 20 _SNSO_NS_SNSN_________W____NWN_SNOW__S_WOW_O_WOWOWOWNOWOWOWOWOWNO_W_OWOW_OW_OWO_WOW______________
11 21 SNSNWNSNSNSNSNSNS_SN__OS____O____WOS_N__WOSW_OWOWOWO_WOWOWOWOWO_WNO_WOWO_WO_WOW_OWO______________
11 22 SNSN_SNSNSNSNS_SNSNSN_WN____W__SN_WN_S__OW___WOWOWOW_OWOWOWOWOWNO_W_OWOW_OW_OWO_WOWO_____________
11 23 NSNS_NSNSNSNSNSNSNSNSN_________NS__S_N__W___NOWOWOWO_WOWOWOWOWO_WNO_WOWO_WO_WOW_OWOWO____________
11 24 _NSN_SNSNSNSNSNSNSNS_______________NO___O_NO_WOWOWOW_OWOWOWOWOWNO_W_OWOW_OWNOWO_WOWOW____________
11 25 NSNS_NSNSNSN______SN__OSN______N__OSW__OWOSW_OWOWOWO_WOWOWOWOWO_WNO_WOWO_WO_WOWNOWOWO____________
11 26 S_SN_SNSNSNSNSNSNSN___WNS_____OSNOWNOS_WOW_OSWOWOWOW_OWOWOWOWOWNO_W_OWOWNOWNOWO_WOWOW____________
11 27 N_NS_NSNSNSNSNSNSNSN___SN___O_WNSWOSWNSOWOSWNOWOWOWO_WOWOWOWOWO_W_O_WOWO_WO_WOWNOWOWO____________
11 28 __SN_S_SNSNSNSNSNSN____N____W_OS_OWNOS_WOWNOSWOWOW_W__WOWOWOWOWNO_W_OWOWNOWNOWO_WOWOWO___________
11 29 _SNS_NSNSNSNSNSNSNSNSN________WN_W__WN__WN_W__WNW______WNWNWNWN_W___W_WN_WN_WNWN_WNWNWN__________
12 0 S__NONSNSNSNSNSNSNSNSN_________N_______NON_O_NON________NONONON_____O_____N__N_N_ON_NO___________
12 1 NSNSWSNSNSNSNSNSNSNSN__N____O___________W__W_OW__________WOWOWON__O_WO__N_ON_O___W___WO__________
12 2 SNSNONSNSNSNSNSNSNS____S____W__N_O___N__O__O_W____________W_WOW___W_OW____W__W_N_O____W__________
12 3 _S_SWSNSNSNSNSNSNSNS___________S_W_N_S__WO_W_O______N_O______W_N__O_WO__N__N_O___W_______________
12 4 NSNS_NSNSNSNSNSNS______S_______N___SO___OW_O_W________WO_________NW_OWO______W_N_O_______________
12 5 S_SN_SNSNSNSNSNS_SN__________N_S__ONW__OWO_W_O______N_OWO______N__O_WOWON_ON_O___WO_O____________
12 6 S___ONSNSNSNSNSNSNSNSN_S______ONSOWSON_WOWSO_WO_O_____WOWO_______NW_OWOW__W__W____WOW____________
12 7 _NSNWSNSNSNSNSNSNSN__S_N______WSNWONWS_OWO_W_OWOW___N_OWOWO_O__N__O_W_WON__N_O__O_OW_____________
12 8 S____NS_SNSNSNSNSNSN___________N__W____WOWS__WOWO_____WOW_WOW____NW_O__W_____WO_WOW______________
12 9 SNSN_SNSNSNSNSNSNSNSN__NSN_____S___N_S__WON__OWOWO__N_OWO_OWO__N__O_WO__N_O__OW_OW_______________
12 10 _SNSONSNSNSNSNSNS______SN______N_O_S_N__OW___WOW_W____WOWOW_WO___NW_OWO__OW_OWO_WO_______________
12 11 _S__W_N__SNSNSNSNSNSN_ON_______S_WO__S__WON_S_W_____N_OWOWO__W_N_SO_WOWO_WO_WOW_OWO______________
12 12 ___NONSNSNSNSNSNSNSN__W_______ON__W_O____WS_N_O_____S_WOWOWO_____NW_OWOW_OW_OWO_W_W______________
12 13 NSNSWSNSNSNSNSNS_SN___ON______WS__O_W__O______W____O__OWOWOWO__N_SO_WOWO_WO_WOW__________________
12 14 ___SONSNSNSNSNSNSNSNSNW___________WSO__WO___N_O_O_OWS_WOWOWOWO___NW_OWOW_OW_OWO__________________
12 15 SNS_W_NSNSNSNSNSNSNSNS_NSNSN_N_____NW__OWON_SOWOWOWO__OWOWOWOWON_SO_WOWO_WO_WOW__________________
12 16 SNSNONSNSNSNSNSNSNSN_________________N_WOW_O_WOWOWOWS_WOW_WOWOWS__W_OWOW_OW_OWO__________________
12 17 NSNSWSNSNSNSNSNSNSNSN__N___________N_S__WO_W_OWOWOW___OWO__WOW____O_WOWO_WO_WOW_O________________
12 18 SNSNONSNSNSNSNSNSN_____S_______NSO_S_N__OW_O_WOWOW__S_WOW___WO_S__W_OWOW_OW_OWO_WO_______________
12 19 _SNSWSNSNSNSN__SN_____ONSNSNON_S_WO__S_OWO_W_OWOW__O__OWO____W___SO_WOW__W__WOW_OW__O____________
12 20 SNSNO__NSNSNS_________W_____WS_NSOW_ON_WOWSO_WOW__OWS_W_WO_____S__W_OWO_S____W__W__OW____________
12 21 NSNSWSNSNSNSNSNSNSNS___N____O____WONWS_OWONW_OWO_OWO_____W_______SO_WOW______O_S__OW_____________
12 22 NSNS_NSNSNSN_NSNSNSNS__S____W_ONS_WSON_WOW_O_WOWOWOW_O_________S__W_OW_____S_W___OW______________
12 23 SNSN_SNSNSNSNSNSNSNSN_O_______WSN_ONWS_OWO_W_OWOWOWO_W___________SO_W_____O____S_W___________O___
12 24 _SNSONSNSNSNSNSNSNSN__WS______O___WSO__WOWSO_WOWOWOW___________S__W_O___S_W______O_____S__O_OW___
12 25 _NSNWSNSNSNS_____SN____NS_____W____NW___WONW_OWOWOWO_____________SO_WO____O__O_S_W_______OWOW____
12 26 NSNS_NSNSNSNSNSNSNS____SNS_____N_O_S_N__OW__NWOWOW_W_O_________S__W_OWO_S_WS_W_________S_WOW_____
12 27 __SN_SNSNSNSNSNSNSNS__ON____O__SNW_N_SN_W_N_SOWOWO___WO_____O_O___O_WOW______O_S______O__OWO___O_
12 28 _SNS_NSNSNSNSNSNSN____WS____W__N___S_N____S_NW_WOWO___WO___OWOWS__W_OW__S__S_W___O___OWS_WOW__OW_
12 29 SNSN_SNSNSNSNSNSNSNSN__________S_____S___S__S__SW_WS___WS_SWSWS_____W__S__S__S_S_WS_SWS___W__SW__
13 0 NS_SOSNSNSNSNSNSNSNSN__________S____O___OS_O______OS_OSOSOSOSOS_O___O_O__OS_OSOS_OSOS____________
13 1 _NSNWNSNSNSNSNSNSNSNS_O___________O_W__OWO_W_O___OWOSWOWOWOWOWOSW_O_WOWOSWOSWOW_OWOW_____________
13 2 N_NSOSNSNSNSNSNSNSN___WN______OS_OW_OS_WOW_O_W__OWOW_OWOWOWOWOW_O_W_OWOW_OW_OWOSWOWO_____________
13 3 _NSNWNSNSNSNSNSNSNSN__OS____O_WN_WO_WN_OWO_W_O_OWOWOSWOWOWOWOWOSW_O_WOWOSWOSWOW_OWOW_____________
13 4 SNSN_SNSNSNSNSNSNS____WN____W_O___WNO__WOW_O_WOWOWOW_OWOWOWOWOW_OSW_OWOW_OW_OWOSWOWO_____________
13 5 NSNS_NSNSNSNSNSNSN____OS____OSWN___SW___W__W_OWOWOWOSWOWOWOWOWOSW_O_WOWOSWO_WOW_OWOWO____________
13 6 N____SNSNSNSNSNSNSNSN_WN____W__SNO_N_S__O_NO_WOWOWOW_OWOWOWOWOW_O_W_OWOW_OW_OWO_WOWOWO___________
13 7 _SNS_NSNSNSNSNSNSNS_SNOS_______NSW_S_N__WO_W_OWOWOWOSWOWOWOWOWOSW_O_WOWOSWO_WOW_OWOWOW___________
13 8 N____SNSNSNSNSNSNSNS__W_______O_____O___OWNO_WOWOWOW_OWOWOWOWOW_OSW_OWOW_OW_OWO_WOWOWO___________
13 9 N_NS_NSNSNSNSNSNSNSN__OSN_____WN__OSWN_OWOSW_OWOWOWOSWOWOWOWOWOSW_O_WOWO_WO_WOW_OWOWOWO__________
13 10 _NSN_SNSNSNSNSNSNS____WNS_____OS__WNOS_WOW_O_WOWOWOW_OWOWOWOWOW_OSW_OWOW_OW_OWO_WOWOWOW_O________
13 11 SN____S_SNSNSNSNSNSNS__S______WN__O_WN_OWO_WNOWOWOWOSWOWOWOWOWOSWNO_WOWO_WO_WOW_OWOWOWO_WO_______
13 12 ___SOSNSNSNSNSNSNSN____________S__W_O__WOWNOSWOWOWOWNOWOWOWOWOW_OSW_OWOW_OW_OWO_WOWOWOW_OWO______
13 13 SNSNWNSNSNSNSNSNSN____OS_______N___SW__OWO_W_OWOWOWO_WOWOWOWOWO_WNO_WOWO_WO_WOW_OWOWOWO_WOW______
13 14 S_SNOSNSNSNSNSNSNSNSN_W_______O____NO__WOW_OSWOWOWOWNOWOWOWOWOW_O_W_OWOW_OW_OWO_WOWOWOW_OW_______
13 15 NSN_W_SNSNSNSNSNSNSNSN_SNSN_O_W___O_W__OWOSWNOWOWOWO_WOWOWOWOWO_WNO_WOWO_WO_WOW_OWOWOWO_WO_______
13 16 NSNS_SNSNSNSNSNSNSN_________W_OS__W_OS_WOW_O_WOWOWOWNOWOWOWOWOWNO_W_OWOW_OW_OWO_WOWOWOW_OW_______
13 17 SNSN_NSNSNSNSNSNSNSN__OS____O_W___OSWN_OWO_W_OWOWOWO_WOWOWOWOWO_W_O_WOWO_WO_WOW_OWOWOWO_W________
13 18 NSNSOSNSNSNSNSNSNS____WN____W_OSNOWNO__WOW_O_WOWOWOWNOWOWOWOWOWNO_W_OWOW_OW_OWO_WOWOWOW__________
13 19 SNSNWNSNSNSNS_SN______OSNSNSO_WN_W__WN_OWOSW__WOWOWO_WOWOWOWOWO_WNO_WOWO_WO_WOW_OWOWOW___________
13 20 NSNSOS_SNSNSN_________W_____WN_SN____S_WOWN___OWOWOWNOWOWOWOWOWNO_W_OWOWNOW_OWO_WOWOWO___________
13 21 _N_NWNSNSNSNSNSNSNSN__O____________S_N__W_S__OWOWOWO_WOWOWOWOWO_WNO_WOWO_WO_WOWNOWOWOWO__________
13 22 SNSN_SNSNSNS_SNSNSNSN_WN_______SNO_N_S__O____WOWOWOW_OWOWOWOWOWNO_W_OWOW_OWNOWO_WOWOWOW_O________
13 23 NSNS_NSNSNSNSNSNSNSNS__________NSW_S_N__WO___OWOWOWO_WOWOWOWOWO_WNO_WOWO_WO_WOWNOWOWOWO_WO_______
13 24 _NSN_SNSNSNSNSNSNSN____N______OS___N____OWNO_WOWOWOW_OWOWOWOWOWNO_W_OWOWNOW_OWO_WOWOWOWNOW_______
13 25 _SNS_NSNSNSNS___SN____OSN_____W___OS___OWOSW_OWOWOWO_WOWOWOWOWO_WNO_WOWO_WO_WOWNOWOWOWO_WO_______
13 26 SNSN_SNSNSNSNSNSNSN___WNSN____OS__WNOS_WOW_OSWOWOWOW__WOWOWOWOWNO_W_OWOWNOWNOWO_WOWOWOWNOWO______
13 27 _SNS_NSNSNSNSNSNSNSNS__S____O_WN__OSWNSOWO_WNOW_WOW____WOWOWOWO_W_O_WOWO_WO_WOWNOWOWOWO_WOWO_____
13 28 _NSN_SNSNSNSNSNSNS_____N____W_O___WNO__WOWNOSWO__W______WOWOWOWNO_W_OWOWNOWNOWO_WOWOWOWNOWOWO____
13 29 NSNS_NSNSNSNSNSNSNSN__________WN____WN__WN_WN_WN___N____NWNWNWN_W___W_WN_WN_WNWN_WNWNWN_W_W_WN___
14 0 _NSN_N_NSNSNSNSNSNSN__________ON_________N_O__O_O__N__N_NONONON_____O_____N__N_N_ON_NO___________
14 1 _SNS_SNSNSNSNSNSNSNSN_________W____________W_OWOWO__N____WOWOWON__O_WO__N__N_O___W___WO__________
14 2 S_SNONSNSNSNSNSNSNS____S_______NSO___N__O__O_WOWOW________W_WOW___W_OW_______W_N_O____W__________
14 3 _SNSWSNSNSNSNSNSNSNS___NS___O__S_WO__S_OWO_W_OWOW___N_O______W_N__O_WO__N_ON_____W_______________
14 4 NSNS_NSNSNSNSNSNSNS____S____W_O___W_O__WOW_O_WOW______WO_________NW__WO___W____N_O_______________
14 5 _NSN__NSNSNSNSNSNS_____NS___ONWS__ONWS_OWO_W_OWO____N_OWO______N______WON________WO______________
14 6 S____NSNSNSNSNSNSNSN___S____W_ONSOWSONSWOWSO_WOWO_____WOWO___O_________W__________WO_____________
14 7 SNSN_SNSNSNSNSNSNSNSN__N______WSNWONWS_OWO_W_OWOWO__N_OWOWO_OWON__O_____N_O_______OW_____________
14 8 S____NSNSNSNSNSNSNSN___S__________W____WOWS__WOWOWO___WOWOWOWOW__NW_O_____W______OW______________
14 9 S_SN_SNSNSNSNSNSNSN____NS______S___N_S__W_N_S_WOWOW_N_OWOWOWOW_N_SO_WO__________OW_______________
14 10 __NSONSNSNSNSNSNSNS____SN______N_O_S_NS___S____W_W____WOWOWOWO___NW_OWO_____O_O_W________________
14 11 NS__W_NSNSN_NSNSNSNSNSON_______S_WO__S_O____S_______N_OWOWOWOW_N__O_WOWO__O_WOW__________________
14 12 __SNONSNSNSNSNSNSN____WS______ON__W_O__WO_S_N_O_____S_WOWOWOW__S_NW_OWOW_OW_OW___________________
14 13 NSNSWSNSNSNSNSNSN______NS___O_WS__ONW__OW___S_W____O__OWOWOWO____S__WOWO_WO_W____________________
14 14 NSNS_NSNSNSNSNSNSNSN___S____W_O___WSO__WO___N_____OWS_WOWOWOWO_S___S_WOW_OW_O____________________
14 15 SNS___NSNSNSNSNSNSNSNS_NSNS_O_WS____W___WON_SO___OWO__OW_WOWOWO__SO__OWO_WO_W____________________
14 16 _NSNONSNSNSNSNSNSN__________WS_N___S_N__OW_O_WO_OWOWS_WO__WOW_WS__W_OWOW_OW_O____________________
14 17 NSNSWSNSNSNSNSNSNSN____N___________N_S__W__W_OWOWOWO__OW___WO_____O_WOW__WO_WO__O________________
14 18 SNSN_NSNSNSNSNSNSN_____________N_O_S____O__O_WOWOWOWS_WO____W__S__W_OW__S_W_OWO_W________________
14 19 NSNS_SNSNSNSNSN_______ONSNSNO__S_WO__S_OWONW_OWOWOWO__OWO________SO_WO______WOW_O________________
14 20 _NSNONSNSNSNS_________W_____WSON_OW_ON_WOW_O_WOWOWOWS_WOW______S__W_OWO_S__S_W__WO_______________
14 21 _S__WSNSNSNSNSNSNSN___________WS_WONWS_OWONW_OWOWOWO___W_________SO_WOW______O_S_W_______________
14 22 NSNS_NSNSN_NSNSNSNSN__________ONS_WSONSWOWSO_WOWOWOW_O_________S__W_OW__S__S_W___O_______________
14 23 _NSN_SNSNSNSNSNSNSNSN_O_______WSN_ONWS_OWO_W_OWOWOWO_WO__________SO_WO_______O_S_W_______O_O_O___
14 24 _SNS_NSNSNSNSNSNSN____W________N__W_O__WOWS__WOWOWOWSOWO_______S__W_OW__S__S_W___O_____S_WOWOW___
14 25 _NSN_SNSNSNSNS_SN______NS___O__S___NW___WON__OWOWOWO_WOWO________SO_WO_______O_S_W_______OWOW____
14 26 NSNS_NSNSNSNSNSNSNS____SN___W__N_O_S_N__OW__NWOWOWOW_OWOW______S__W_OW__S__S_W___O_____S_WOW_____
14 27 _NSN_SNSNSNSNSNSNSNSN_ONS___O__S_W_N_SN_W____OW_WOWO_W_WO_____O__SO_WO_______O_S_W____O__OWO___O_
14 28 _SNS_NSNSNSNSNSNSNS___WS____W_O____S______S_NW___WOW____WO___OWS__W_OW__S__S_W___O___OWS_WOW__OWO
14 29 _NSN_SNSNSNSNSNSNSN___________WS_____S___S__S_____WS_____WS_SWS_____W__S__S__S_S_WS_SWS___WS_SWSW
15 0 _SNSOS_SNSNSNSNSNSN___________O_____O__SO____S_SOSO__OSOSOSOSOS_O___O_O__OS_OSOS_OSOSOS_O_____O__
15 1 SNSNWNSNSNSNSNSNSNSN__O_______W___O_W__OWO______WOWOSWOWOWOWOWOSW_O_WOWOSWOSWOW_OWOWOWOSW____OW__
15 2 NSNSOSNSNSNSNSNSNSNS__WN______OSN_W_O__WOW______OWOW_OWOWOWOWOW_O_W_OWOW_OW_OWOSWOWOWOW_O___OW___
15 3 SNSNWNSNSNSNSNSNSNSNS_OSN___O_WN__O_WN_OWO_____OWOWOSWOWOWOWOWOSW_O_WOWOSWOSWOW_OWOWOWO_W__OW____
15 4 _NSN_SNSNSNSNSNSNSNS__WN____W__S_OW____WOW_O__OWOWOW_OWOWOWOWOW_OSW_OWOW_OW_OWO_WOWOWOW_O_OW_____
15 5 _SN____NSN_NSNSNSNS___OSN___O__N_W_S_NS_W__W_OWOWOWOSWOWOWOWOWOSW_O_WOWO_WO_WOW_OWOWOWO_WOW______
15 6 N____SNSNSNSNSNSNSN___WN____W__SN__N_SN_O_NO_WOWOWOW_OWOWOWOWOW_OSW_OWOW_OW_OWO_WOWOWOW_OW_______
15 7 N_NS_NSNSNSNSNSNSNSN__OS_______NS__S_N_OWO_W_OWOWOWOSWOWOWOWOWOSW_O_WOWO_WO_WOW_OWOWOWO_WO_______
15 8 N____SNSNSNSNSNSNSNS__WN______OS_O__O__WOWNO_WOWOWOW_OWOWOWOWOW_OSW_OWOW_OW_OWO_WOWOWOW_OW_______
15 9 NSNS_NSNSNSNSNSNSN____OSN___O_WNSWOSWNSOWOSWNOWOWOWOSWOWOWOWOWOSWNO_WOWO_WO_WOW_OWOWOWO_WO_______
15 10 __SNOSNSNSNSNSNSNSNS__WN____W_O___WNOSNWOWNO_WOWOWOW_OWOWOWOWOW_O_W_OWOW_OW_OWO_WOWOWOW_OW_______
15 11 SN__W_SNSN__SNSNSNSNSN_S____O_WN__O_WN_OWO_WNOWOWOWOSWOWOWOWOWO_W_O_WOWO_WO_WOW_OWOWOWO_WO_______
15 12 _SNSOSNSNSNSNSNSNS_____N____W_____W_O__WOWNOSWOWOWOWNOWOWOWOWOWNO_W_OWOW_OW_OWO_WOWOWOW_OW_______
15 13 SNSNWNSNSNSNSNSNS_____OSN___O__N____W___WO_WNOWOWOWO_WOWOWOWOWO_WNO_WOWO_WO_WOW_OWOWOWO_WO_______
15 14 _NSNOSNSNSNSNSNSNSNS__WN____W______N____OW_O_WOWOWOWNOWOWOWOWOWNO_WNOWOW_OW_OWO_WOWOWOW_OWO______
15 15 N_N_W_SNSNSNSNSNSNSNSN_SNSN__S_N__O____OWOSWNOWOWOWO_WOWOWOWOWO_WNO_WOWO_WO_WOW_OWOWOWO_WOWO_____
15 16 __NSOSNSNSNSNSNSN____________NOS_OWNOS_WOW_O_WOWOWOWNOWOWOWOWOWNO_W_OWOW_OW_OWO_WOWOWOW_OWOW_____
15 17 _N_NWNSNSNSNSNSNSN____________W__WOSWN_OWO_W_OWOWOWO_WOWOWOWOWO_W_O_WOWO_WO_WOW_OWOWOWO_WOW______
15 18 N_NSOSNSNSNSNSNSN_____________OS__WNOS_WOW_O_W_WOWOWNOWOWOWOWOWNO_W_OWOWNOW_OWO_WOWOWOW_OWO______
15 19 _NSNWN_NSNSNSNS_______OSNSNSOSWN____WN_OWOSW_O_OWOWO_WOWOWOWOWO_WNO_WOWO_WO_WOW_OWOWOWO_WOW______
15 20 _SNSOSNSNSNSN_________W_____WN_S_O___S_WOW_O_WOWOWOWNOWOWOWOWOWNO_W_OWOWNOWNOWO_WOWOWOW_OWO______
15 21 _NS_WNSNSNSNSNSNSNS___OS_______N_W_S_N__W_SW_OWOWOWO_WOWOWOWOWO_WNO_WOWO_WO_WOWNOWOWOWO_WOWO_____
15 22 _NSN_SNSNS_SNSNSNSN___W________SNO_N_SN_O_NO_WOWOWOW_OWOWOWOWOWNO_W_OWOWNOWNOWO_WOWOWOW_OWOWO____
15 23 _SN__NSNSNSNSNSNSNSN__O________N_WO__N__WO_W_OWOWOWO_WOWOWOWOWO_WNO_WOWO_WO_WOWNOWOWOWO_WOWOWO___
15 24 _NSN_SNSNSNSNSNSNS____W_______O___W_O___OWNO_WOWOWOWN_WOWOWOWOWNO_W_OWOWNOWNOWO_WOWOWOWNOWOWOWO__
15 25 _SNS_NSNSNSNSNSN______OSN_____WN__O_W__OWOSW_OWOWOWO___WOWOWOWO_WNO_WOWO_WO_WOWNOWOWOWO_WOWOWOWO_
15 26 SNSN_SNSNSNSNSNSNSN___WNS_____OS_OWNOS_WOW_O_W_W_WOW_O_OWOWOWOWNO_W_OWOWNOWNOWO_WOWOWOWNOWOWOWOW_
15 27 _SNS_NSNSNSNSNSNSNSN___SN___O_WNSWOSWN_OWO_W_O____W__WOW_WOWOWO_WNO_WOWO_WO_WOWNOWOWOWO_WOWOWOWO_
15 28 SNSN_SNSNSNSNSNSNSNS___N____W__S__WNO__WOWNO_W_______OW___WOWOWNO_W_OWOWNOWNOWO_WOWOWOWNOWOWOWOW_
15 29 _SNS_NSNSNSNSNSNSNS____________N____WN__WN_WN______N_W____NWNWN_W___W_WN_WN_WNWN_WNWNWN_W_WNWNWN_
16 0 SNSNONSNSNSNSNSNSN____________O________NO__O_NONONO___N_NONONON_____O_____N__N_N_ON_NON__________
16 1 N_NSWSNSNSNSNSNSNSNS__________W___O_____WO_W_OWOWOW_N____WOWOWON__O_WO__N__N_O___W___WON_O_______
16 2 _NSNONSN_NSNSNSNSNSN___S_______N_OW_____OW_O_WOWOWO_______W_WOW___W_OW_______W_N_O____W__W_______
16 3 N_NSWSNSNSNSNSNSNSNSN__N____O__S_WO____OWO_W_OWOWOW_N_O______W_N__O_W___N_ON_O___W_______________
16 4 _SNSONSNSNSNSNSNSNSNS__S____W_ONSOW_O__WOW_O_WOWOW____WO_________NW_O_____W__W___________________
16 5 _NS_WS_SNS__NSNSNSNS___N____O_WS_WONWSN_WO_W_OWOWO__N_OWO______N__O_W____________________________
16 6 _____NSNSNSNSNSNSNS____S____W_ONS_WSON__OW_O_WOWOWO___WOWO_______NW______________________________
16 7 __SN_SNSNSNSNSNSNSNS___N______WSN_ONW__OWO_W_OWOWOW_N_OW_WO_O__N__O______________________________
16 8 _____NSNSNSNSNSNSNSNS__________NSOWS___WOW___WOWOWO___WO_OWOW____NW_O____________________________
16 9 _NSN_SNSNSNSNSNSNS_____NS___O__SNW_N_SN_W_N_SOWOW_WON_OWOWOW___N__O_WO___________________________
16 10 _SNS_NSNSNSNSNSNSNSNS__S____W_O____S_NS___S__W_W___W__WOWOWO______W_OWO__________________________
16 11 NS____NSNS_SN_NSNSNSNSONS___O_WS__O____O____S_______N_OWOWOWO_______WOWO_________________________
16 12 _NSNONSNSNSNSNSNSNS___W_____WSO___W_O__WO_S_N_O___O_S_WOWOWOW________WOW_O__O____________________
16 13 NSNSWSNSNSNSNSNSNS_____N______W___O_W__OWO__S_W__OWO__OWOWOWO_________WO_WO_W____________________
16 14 _SNSONSNSNSNSNSNSNSNS_________O__OW_O__WOW______OWOWS_WOWOWOWO_________W_OW______________________
16 15 __S_W_NSNSNSNSNSNSNSNS_NSN__ONWS_W__W__OWON____OWOWO__OWOWOWOWO________O_WO______________________
16 16 __SNONSNSNSNSNSNS___________WS_N_____N_WOWSO__OWOWOWS_WOW_W_WOWS____O_OW__W_O____________________
16 17 _S_SWSNSNSNSNSNSNS____O________S___N_S__W__W_OWOWOWO__OW_____WO___O_WOW_____W____________________
16 18 S_SNONSNSNSNSNSNS_____W________N_O_S_N__O_SO_WOWOWOWS_WO______WS__W_OW___________________________
16 19 __N_WS__NSNSNSNS______ONSNSN_N_S_WO____OWONW_OWOWOWO___W__________O_W____________________________
16 20 _NSNONSNSNSNS_________W______SONSOWSON_WOW_O_WOWOWOWSO_________S__W_O____________________________
16 21 __NSWSNSNSNSNSNSNSNS___N____O_WS_WONWS_OWONWSOWOWOWO_WO__________SO_W____________________________
16 22 _SNSONSNSNSNSNSNSNS____S____W_ON__WSON_WOWSO_WOWOWOWSOWO_______S__W______________________________
16 23 SNS_WSNSNSNSNSNSNSNS__O_______WS__O_WS_OWO_W_OWOWOWO_WOW_________SO_______O______________________
16 24 _SN__NSNSNSNSNSNSNS___WS______O___WSO__WOWSO_WOWOWOW_OWO_______S__W_O___S_W_O____________________
16 25 _NSN_SNSNSNSNSNS_______NS_____WS____W__OWONW_OWOWOWO_WOWO________SO_W_____O_W__S_________________
16 26 NSNS_NSNSNSNSNSNSNS____SN______NS__S_N_WOW_O_WOWOWOW_OWOW______S__W_____S_WS____________O________
16 27 SNSN_SNSNSNSNSNSNSN___ONS___O__SN__N_S__W__W_OWOWOWO_WOWO_____O__SO_______O_______O___O_W________
16 28 NSNS_NSNSNSNSNSNSNSN__WS____W_ON___________O_WOWOWOWSOWOWO___OWS__W_O___S_WS_____OW__OWSO________
16 29 SN_N_SNSNSNSNSNSNSN___________WS_____S___S_W__WSWSWS_W_WSWS_SWS_____W__S__S__S_S_WS_SWS_W________
17 0 N_NSOSNSNSNSNSNSNS_____________S____O__SO____S_S_____OSOSOSOSOS_O___O_OS_OS_OSOS_O_______________
17 1 S_SNWNSNSNSNSNSNSNSNS_OS__________O_W__OW__________OSWOWOWOWOWOSW_O_WOWOSWOSWOW_OWO______________
17 2 _SNSOSNS_SNSNSNSNSNS__WN______OS__W_O__W__________OW_OWOWOWOWOW_O_W_OWOW_OW_OWO_WOW______________
17 3 ___NWNSNSNSNSNSNSNSNS_OS____O_WN__O_W__O_OS__O___OWOSWOWOWOWOWOSW_O_WOWO_WO_WOW_OW__O____________
17 4 _N_N_SNSNSNSNSNSNSNSN_WN____W__SNOW__S_WOW___WO_OWOW_OWOWOWOWOW_OSW_OWOW_OW_OWO_WO_OW____________
17 5 _SNS_NSN_NS_SNSNSNSN__O________NSW_S_N__WO___OWOWOWOSWOWOWOWOWOSW_O_WOWO_WO_WOW_OWOW_____________
17 6 _____SNSNSNSNSNSNSNS__WN_______SN__N_____W_O_WOWOWOW_OWOWOWOWOW_OSW_OWOW_OW_OWO_WOWO_____________
17 7 _SN__NSNSNSNSNSNSNSNS__________NS_OS___O_O_W_OWOWOWOSWOWOWOWOWOSW_O_WOWO_WO_WOW_OWOW__O__________
17 8 _____SNSNSNSNSNSN_NSNS________OSN_WNOS_WOW_O_WOWOWOW_OWOWOWOWOW_O_W_OWOW_OW_OWO_WOWO_OW__________
17 9 _SNS_NSNSNSNSNSNSNS___OSNS____WNS_OSWNSOWO_WNOWOWOWOSWOWOWOWOWO_W_O_WOWO_WO_WOW_OWOWOW___________
17 10 _NSN_SNSNSNSNSNSNSNSNSWNS______S_OWNOSNWOWNO_WOWOWOW_OWOWOWOWOW_O_W_OWOW_OW_OWO_WOWOWO___________
17 11 _N_____N_NSN___N_NSNSN_SN______N_WO_W__OWOSWNOWOWOWO_WOWOWOWOWO_W_O_WOWO_WO_WOW_OWOWOWO__________
17 12 _SNSOSNSNSNSNSNSNSNS_________NOS__W_O__WOWNO_WOWOWOWNOWOWOWOWOW_O_W_OWOW_OW_OWO_WOWOWOW_O________
17 13 SNSNWNSNSNSNSNSNSNS___O_______W___O_W___WO_WNOWOWOWO_WOWOWOWOWO_W_O_WOWO_WO_WOW_OWOWOWO_W________
17 14 SNSN_SNSNSNSNSNSNSNSN_W________S_OW_____OW_O_WOWOWOWNOWOWOWOWOW_O_W_OWOW_OW_OWO_WOWOWOW__________
17 15 _SN___SNSNSNSNSNSNSNSN_SN____S_NSWO____OWOSW_OWOWOWO_WOWOWOWOWO_W_O_WOWO_WO_WOW_OWOWOWO__________
17 16 _SNSOSNSNSNSNSNSNS___________NOS__W_OS_WOWNO_WOWOWOWNOWOWOWOWOWNO_W_OWOW_OW_OWO_WOWOWOW__________
17 17 _NSNWNSNSNSNSNSNSN____________WN__OSWNSOWO_W_OWOWOWO_WOWOWOWOWO_W_O_WOWO_WO_WOW_OWOWOW___________
17 18 NSN_OSNSNSNSNSNSNS____________O___WNOS_WOWNO_WOWOWOWNOWOWOWOWOWNO_W_OWOW_OW_OWO_WOWOW____________
17 19 __S_WNS__NSNSNSNS_____OSNSNSO_WN___SW___WOSW_OWOWOWO_WOWOWOWOWO_W_O_WOWO_WO_WOW_OWOWO____________
17 20 _SNSOSNSNSNSN_________W_____WN_SN__N_S__OW___WOWOWOWNOWOWOWOWOWNO_W_OWOW_OW_OWO_WOWOWO___________
17 21 S_SNWNSNSNSNSNSN_NSNS_O________N___S_N__W_S_NOWOWOWO_WOWOWOWOWO_WNO_WOWO_WO_WOW_OWOWOWO__________
17 22 _N_N_SNSNSNSNSNSN_NS__WN_______S___N_S__O_N__WOWOWOWNOWOWOWOWOWNO_W_OWOW_OW_OWO_WOWOWOW__________
17 23 NSNS_NSNSNSNSNSNSNSNS__S____O__N___S_N__WO___OW_WOWO_WOWOWOWOWO_WNO_WOWO_WO_WOW_OWOWOW___________
17 24 SN___SNSNSNSNSNSNSNS___N____W__S_O_N____OWNO_W___WOW__WOWOWOWOWNO_W_OWOWNOW_OWO_WOWOWO___________
17 25 _SNS_NSNSN_NSNSNS_____OSN______N_WO____OWOSW______WO___WOWOWOWO_WNO_WOWO_WO_WOWNOWOWOW___________
17 26 SNSN_SNSNSNSNSNSNSN___WNS_____OSNOWNOS_WOW_O_______W___OWOWOWOWNO_W_OWOWNOWNOWO_WOWOWO___________
17 27 NSNS_NSNSNSNSNSNSN_____SN___O_WNSWO_WN_OWO_W_______O__OW_WOWOWO_WNO_WOWO_WO_WOW_OWOWOWO__________
17 28 _NSN_SNSNSNSNSNSNSNS___NS___W_____W_O__WOW______O_OWN_WO__WOWOWNO_W_OWOWNOWNOWO_WOWOWOWNO________
17 29 NS_S_NSNSNSNSNSNSN_____________N____WN__WN_____NWNWN___WN_NWNWN_W___W_WN_WN_WNWN_WNWNWN_W________
18 0 ___NONSNSNSNSNSNSNS___________ON_______N___O_NONO_____N_NONONON_____O__N__N__N_N_________________
18 1 NSNSWSNSNSNSNSNSNSNSNS_N______W___O______O_W_OWOW___N_O__W_WOWON__O_WO__N_ON_____________________
18 2 SNSNONSNSNSNSNSNSNSNS__S_____S_NSOW_____OW_O_WOWO_____WO____W_W___W_OW____W______________________
18 3 _S_SWSNSNSNSNSNSNSNSN__N_______S_WO____OWONW_OWOWO__N_OWO______N__O_WO___________________________
18 4 ___S_NSNSNSNSNSNSNSNS_________ONS_W_ON_WOW_O_WOWOW____WOWO_______NW_OWO__________________________
18 5 _NSN_SNS__NSN_NSNSN___________WSN_ONWS_OWO_W_OWOW___N_OWOWO____N____WOWO_________________________
18 6 S____NSNSNSNSNSNSNSNS_________ONS_WS___WOW_O_WOW______WOW_WO_____N___WOW_________________________
18 7 _NS___NSNSNSNSNSNSNSN___S___O_WSN__N____WO_W_OW_____N_OWO__WO__N__O___WO_________________________
18 8 _____NSNSNSNSNSNS__N_N_S____W__NS__S_N__OW___W________WOWO_OWO____W____W_O_______________________
18 9 _N_N_SNSNSNSNSNSNSNS___NSN__O__SN__N_SN_WO___O______N_OWOWOW_WO__________WO______________________
18 10 _SNS_NSNSNSNSNSNSNSNSN_SNS__W_ON_O_S_N__OWS__WO_______WOWOWO__W___________W_O____________________
18 11 _S_____S_SNS______NSNSONS___O_WS_WO____OWON___W_______OWOWOWO_______________WO___________________
18 12 SNSNONSNSNSNSNSN_NSNS_W_____W__N_OW_O__WOW_O________S_WOWOWOWO_______________WO__________________
18 13 NSNSWSNSNSNSNSNSNSNS__O________S_WO_WS_OWO_W_O___O_O__OWOWOWOW________________W__________________
18 14 NSNSONSNSNSNSNSNSNSNS_WS______ON_OWSO__WOW_O_WO_OWOWS_WOW_WOWO___________________________________
18 15 SNS_W_NSNSNSNSNSNSNSNS_NS___ONWSNWO_WS_OWONW_OWOWOWO__OWO__WOWO__________________________________
18 16 _NSNONSNSNSNSNSNSNS_________W__NSOW__N_WOWSO_WOWOWOWSOWOWO__WOW_______O__________________________
18 17 _SNSWSNSNSNSNSN_NS____O________S_W_N_SN_WO_W_OWOWOWO_W_W_WO__WO______OW__________________________
18 18 SNS_ONSNSNSNSNSNSNS___W______SO____S_N___W_O_WOWOWOWSO____W___WSO___OW___________________________
18 19 _SNSWSNS_SNSNSNSN_____ONSNSN__W___ON___O_ONW_OWOWOWO_WO_________W_O_W____________________________
18 20 SNSNONSNSNSNS_________W______SON_OW_ON_WOW_O_WOWOWOWSOW________S__W______________________________
18 21 NSNSWSNSNSNSNSNS__NSNS________WS_WONWS_OWONW_OWOWOWO_WO__________S_______________________________
18 22 ___S_NSNSNSNSNSNS__NS_________ON__WSON_WOWSO_WOWOWOWSOWO_______S____________O____________________
18 23 SNSN_SNSNSNSNSNSNSNSN_ON______W___ONWS_OWO_W_OWOWOWO_WOWO________S________O_W____________________
18 24 N__S_NSNSNSNSNSNSNSNS_W_______ON__W_O__WOW_O_WOWOWOWSOWOWO_____S________S_W_O____________________
18 25 SNSN__NSNS_SNSNSNS_____NS_____W_____W__OWONW_OWOWOWO_WOWOWO______S________O_W____________________
18 26 N_NS_NSNSNSNSNSNSNS____SNS_____N_O___N_WOW_O_WOWOWOWSOWOWOWO_______S____S_WS_____________________
18 27 _NSN_SNSNSNSNSNSNS____ON____O__SNWO__S__W__W_OWOWOWO_WOWOWOWO_____________O______________________
18 28 _SNS_NSNSNSNSNSNSNSN__WSN___W_O___W_O______O_WOWOWOWSOWOWOWOWO_____S____S_WS_____O_______________
18 29 _NSN_SNSNSNSNSNSNS____________WS____WS___S_W__WSWSWS_W_W_WSWSWS______S_S_______S_W_______________
19 0 _S_SOSNSNSNSNSNSNSNS__________OS_O__O__SOS_____SO_OS_O_OSOSOSOS_O___OS_S____O__S_OSO_____________
19 1 SNSNWNSNSNSNSNSNSNSNSNOS____O_W__WO_W__OWO______WOWOSWOWOWOWOWO_W_O_W___S_OSW____W_W_____________
19 2 NSNSOSNSNSN_NSNSNSNSNSWN____WNOSNOW_O__WOW_O__O_OWOW_OWOWOWOWOW_O_W_______W____S_O_______________
19 3 _NSNWNSNSNSNSNSNSNSNS_OS______WN_W__W__OWO_W_OWOWOWO_WOWOWOWOWO_W_______S_OS_____W_______________
19 4 S_SN_SNSNSNSNSNSNSNSNSW________SN____S_WOW_O_WOWOWOW_OWOWOWOWOW___________W_O____________________
19 5 _SNS_NSN__SNS__NSNS___O________NS__S_N__WO_W_OWOWOWOSWOWOWOWOW_____S____S_O_WO___________________
19 6 N____SNSNSNSNSNSNSNSNSW________SNO_NO___OW_O_WOWOWOW_OWOWOWOW____S________W_OW___________________
19 7 _SNS__SNSNSNSNSNSNSNS__SN___O__N_WOSW__OWO_W_OWOWOWOSWOWOWOW__OS__O____O____WO___________________
19 8 _____SNSNSNSNSNSN______NS___W_OSN_WNOS_WOW_O_WOWOWOW_OWOWOWO_OW___W_O_OW_____W___________________
19 9 _____NSNSNSNSNSNSNSNS_OSNS__O_WNS_OSWN_OWOSW_OWOWOWO_WOWOWOWOWOS__O_WOW__________________________
19 10 _NSNOSNSN_NSNSNSNSNSNSWNSNS_W_____WNOS_WOWNO_WOWOWOW_OWOWOWOWOW__SW_OWO__________________________
19 11 _N__W_SNSNSNS______NSN_SNS_____N__O_W__OWOSW_OWOWOWO_WOWOWOWOWO___O_W_WO_________________________
19 12 NSNSOSNSNSNSNSN___NSNS________O___W__S_WOW_O_WOWOWOWNOWOWOWOWOW_O_W____W_________________________
19 13 _NSNWNSNSNSNSNSNSNSNS_________WN___S_N__WO_W_OWOWOWO_WOWOWOWOWOSW_O_________________O____________
19 14 SNSNOSNSNSNSNSNSNSNSNS_N_______S_O_N_S__OW_O_WOWOWOWNOWOWOWOWOW_O_W_O____________O_OW____________
19 15 NSN_W_SNSNSNSNSNSNSNSN_SNS__OS_NSWO__N_OWO_W_OWOWOWOSWOWOWOWOWO_W_O_WO__________OWOW_____________
19 16 _SNSOSNSNSNSNSNSNSNS________W_OSNOW_O__WOWNO_W_WOWOWNOWOWOWOWOW_O_W_OW________O_WOW______________
19 17 _NSNWNSNSNSNSNS__NS___OS____OSWNSWOSWN_OWO_W___OW_WO_WOWOWOWOWO_W_O_WO_______OW_OW_______________
19 18 N_NSOSNSNSNSNSNSNSN___W_____WN_S__WNOS_WOW_O__OW___WNOWOWOWOWOWNO_W_OW______OWO_W________________
19 19 _NSNWN_NSN_NSNSNS______SNSN_O______SW__OWOSW_OW______WOWOWOWOWO_W_O_WO____O_WOW__________________
19 20 NSNSOSNSNSNSN_______________WN_______S_WOW___WO_____N_WOWOWOWOWNO_W_OWO__OW_OW___________________
19 21 _NSNWNSNSNSNSNSNS__NSNO________N___S_N__W_S__OW_______OWOWOWOWO_WNO_WOWO_WO_W____________________
19 22 __SN_SNSNSNSNSN_N___NSW________S___N_S__O_N_SWO_____N_W_WOWOWOWNO_W_OWOW_OW______________________
19 23 NSNS_NSNSNSNSNSNSNSNS_O___________O__N_OWO____W__________WOWOWO_WNO_WOWO_WO______________________
19 24 S_SN_SNSNSNSNSNSNSNSNSW_______O___W_O__WOW_O________N____OWOWOWNO_W_OWOWNOW_O____________________
19 25 NSNS___NSNSN_NSNSNS___OSNS__O_W___OSW__OWO_W__________O_OW_WOWO_WNO_WOWO_WO_WO___________________
19 26 S__N_SNSNSNSNSNSNSNS__WNSN__W_OS_OW_OS_WOW__________N_WOW___WOW_O_WNOWOWNOWNOW___________________
19 27 _SNS_NSNSNSNSNSNSNS____S____O_WNSWO_WN_OWO_________O__OWO___OWO_W_O_WOWO_WO_WO___________________
19 28 SNSN_SNSNSNSNSNSNSNS___NS___W__S_OW____WOW______O_OWN_WOW__OWOW_O_WNOWOWNOWNOWO__________________
19 29 _SNS_NSNSNSNSNSN_NS____________NSW___N__WN_____NWNWN___W__NWNWN_W___WNWN_W__W_WN_________________
20 0 SNSN_NSNSNSNSNSNSNSNS_________ON_______NON_O__ONO__N_O_ON_NONON_O____NON_O__O_ON_ON______________
20 1 NSNS_SNSNSNSNSNSNSNSNS_NS_____WS__O_____WO_W_OWOW___NWOWO__WOWO_W_O__OWONWONWOW_OW_______________
20 2 _N_NONSNSNS__NSNSNSNSN_S_____S_NSOWS____OW_O_WOW______WOWO__W_W_O_W_OWOW_OW_OWONW________________
20 3 _SNSWSNSNSNSNSNSNSNSN__N____O__S_WO__S_OWO_W_OW________WOW____O_W_O_WOWONWONWOW__________________
20 4 NSNS_NSNSNSNSNSNSNSNSN_S____W_ON_OW_ON_WOW_O_WO_________WO___OW_O_W_OWOW_OW_OW___________________
20 5 SNSN_SNS_SN_NS__NSN___________WSNWONWS_OWO_W_OWO____N____WO_OWO_W_ONWOWONWO_W____________________
20 6 S____NSNSNSNSNSNSN_NSN_S______ON__WS___W_W_O_WOWO_________WOWOW_ONW_OWOW_OW_O____________________
20 7 _N_N_SNSNSNSNSNSNSNSN_ON______WS___N_S_____W_OW_WO__N_O___OWOWONW_O_WOWO_WO_W____________________
20 8 S____NSNSNSNSNSN______WSNS___S_NS__S_NS_O____WO_OW____WO_OWOWOW_O_W_OWOW_OW______________________
20 9 S____SNSNSNSN_NSNSNSNS_NSNS____SN__N_S__W_N__OWOW______WOWOWOWONW_O_WOWO_WO______________________
20 10 __NS_NSNS__NSNSNSNSNSN_SNSN___O____S_N__O_SO_WOWO______OWOWOWOW_ONW_OWOW__W_O____________________
20 11 _S____NSNSN_NS______NS_NSNS_O_W___O__S_OWONW_OW_W_____OWOWOWOWO_W_O_WOW_____WO___________________
20 12 SNSNONSNSNSNSNS____NSN_S____W_____WSON_WOWSO_W_______OWOWOWOWOW_O_W_OW_______WO__________________
20 13 _SNSWSNSNSN_NSNSNSNSNS_________S__ONWS_OWO_W_O_O_O_O_WOWOWOWOWONW_O_WO________W__________________
20 14 NSNSONSNSNSNSNSNSNSNSN_______SONS_WSON_WOW_O_WOWOWOW_OWOWOWOWOW_O_W_OWO__________________________
20 15 _NS_WSNSNSNSNSNSNSNSNS_NSN___NWSN_O_W__OW__WSOWOWOWONWOWOWOWOWO_W_O_WOWO_________________________
20 16 _N_NONSNSNSNSNSN_N_NS__________NSOWS___WO__O_WOWOWOW_OWOWOWOWOW_O_W_OW_W_O_______________________
20 17 _SNSWSNSNSNSNSNS__N___ONS____N_SNW_N_S_OWO_W_OWOWOWO_WOWOWOWOWO_W_O_W____W_______________________
20 18 S_SNONSNSNSNSNSNSNS___W____S_SON___S_N_WOWSO_WOWOWOW_OWOWOWOWOW_O_W______________________________
20 19 _SNSWS_SNS__NSNSNS____ONSNS___W___ON___OWONW_OWOWOWO_WOWOWOWOWO_W________________________________
20 20 SNSNONSNSNSNS_________W_______O___W_ON_WOW_O_WOWOWOW_OWOWOWOWOW_O________________________________
20 21 _SNSWSNSNSNSNSNSN___NS______O_W___ONW__OWONW_OWOWOWO_WOWOWOWOWO_W_O______________________________
20 22 _SNS_NSNSNSNSNS______N_S____W_ON__W_ON_WOW_ONWOWOWOWSOWOWOWOWOW_O_W______________________________
20 23 _NSN_SNSNSNSNSNSNSNSNS________WS__O_WS_OWO_W_OWOWOWO_WOWOWOWOWO_W________________________________
20 24 NSNS_NSNSNSNSNSNSNSNSN_S__________WSO__WOWSO_WOWOWOW_OWOWOWOWOW_O________________________________
20 25 _NSN_S__NSNS__NSNSNS___NSN_________NW___WO_W_OWOWOWO_WOWOWOWOWO_W________________________________
20 26 NS_S_NSNSNSNSNSNSN_NS__SN____S_NS__S_N___W___WOWOWOWSOWOWOWOWOW__________________________________
20 27 _NSN_SNSNSNSNSNSNSNS__ON____O__SN_O__S________WOWOWO_WOWOWOWOW___S_______________________________
20 28 N_NS_NSNSNSNSNSN_NSNS_WSN___WSONS_W________O___WOWOWSOWOWOWOWO_____S_____________________________
20 29 SNSN_SNSNSNSNSNS__NS__________WSN________S_W____WSWS_W_W_WSWSW_______S___________________________
21 0 NSNSOSNSNSNSN_NSNSNSNS_________S_O__O__S__________OS_O_OS__OS_____S__SOS_________OS______________
21 1 SNSNWNSNSNSNSNSNSNSNSN_SN___O__N_WO_W__O_________OWOSWOW__OW___S__O___W_S_O_____OW_______________
21 2 _S_SOSNSN_N___NSNSNSNS_N____WNOSNOWNO__W________OWOW_OWO_OW_______W_O_____W___OSW________________
21 3 _NSNWNSNSN_NSNSNSNSNS_OS____O_WN_W_SWN_O_OS__O_OWOWOSW_WOW_____S____W________OW__________________
21 4 _NSN_SN_NSNSNSNSNSNSNSWN____W__S_____S_WOW___WOWOWOW_O_OWO_______S__________OW___________________
21 5 NSNS_NSNSN___NS__NS____S____OS_NS__S_N__WO___OWOWOWO_WOWOWO_O__S__O_______O_W____________________
21 6 N____SNSNSNSNSN_NS__NS_N____W______N_S__OW_O_WOWOWOW_OWOWOWOW_____W_O____OW______________________
21 7 ___S_NSNSNSNSNSN_NSNS__S____O__N__OS_N_OWO_W_OWOWOWO_WOWOWOWO_______WO_O_W_______________________
21 8 N____SNSNSNSNSNS_______NSNS_WNOSN_WNOSNWOW_O_WOWOWOW_OWOWOW_WO_______WOW_________________________
21 9 NS_S_NSNSNSNS__NSNSNSNOSNSN___WNS_OSWNSOWO_W_OWOWOWOSWOWOW__OWO______OW__________________________
21 10 ___NOSNSN___NSNSNSNSNSWNSNS___OS_OWNOS_WOWNO_WOWOWOW_OWOWO_OW_W_O___OW___________________________
21 11 SN__W_SNSN___NS______N_SN_N___W__WO_WN_OWOSW_OWOWOWOSWOWOWOW____W_O_W____________________________
21 12 N_NSO_NSNSNSNSN_____NS_NS_____O___WN_S_WOWNOSWOWOWOW_OWOWOWO____O_W_O____________________________
21 13 SNSNWNSNSNS__NSNSN_NSN_S____OSWN___S_N__W__W_OWOWOWO_WOWOWOWO_O_W___WO___________________________
21 14 SNSN_SNSNSNSNSNSNSNSN_______WN_SN__N_S______SWOWOWOW_OWOWOWOWOW______WO__________________________
21 15 __N__N_NSNSNSNSNSNSNSN_SNS_____NS_O______O__N_WOWOWO_WOWOWOWOW________WO_________________________
21 16 ___SOSNSNSN_N_NS____NS________OSN_WNOS__OW_O___W_WOW_OWOWOWOW__________W_O_______________________
21 17 _NSNWNSNSNSNSNSNS_____OSNS__O_WNS_O_WN_OWO_W______WO_WOWOWOW_____________WO______________________
21 18 NSNSOSNSNSN_NSNSNSN___W___SNWN____WNO__WOWNO______OW_OWOWOWO______________W______________________
21 19 SNSNWNSN_NS__NSNSN____OSN_NS_S______W__OWOSW_O___OW__WOWOWOWO_____________O______________________
21 20 NSNSOSNSNSNSN_________W_S_____O______S_WOW_O_W__OW____WOWOWOWO___________OW______________________
21 21 SNSNWNSNSNSNSNSNS____N_S____O_W_________W__W_O_OW_____OWOWOWOWO________O_W_______________________
21 22 _NSN_SNSNSNSNSNS_______NS___W__S_O___S__O____WOW____N_W_WOWOWOW_O_____OW_________________________
21 23 _SNS_NSNSNSNSN_NSNSNSN______O__N_W_S_N__WO___OW__________WOWOWO_W____OW__________________________
21 24 _NSN_SNSNSNSNSNSN_NSNS_N____W__S___NO___OWN__W___________OWOWOW_O___OW___________________________
21 25 __NS_NS_SNSNS__NSNSNS_OSNS__OS____OSW__OW_______________OW_W_WO_W_O_W____________________________
21 26 _NSN_SNSNSNSNSNSNS__NSWN__S_WNOSN_WNOS_WO___________N__OW_____W_O_W_O____________________________
21 27 __NS_NSNSNSNSNSNSNSNS____S____WNS_OSWN_OWO_________O__OWO_____O_WNO_WO___________________________
21 28 __SN_SNSNSNSNSN___NSNS_NS____N_SN_W_O__WOW________OWN_WOW__O_OW___WNOW___________________________
21 29 N_NS_NSNSNSNSN_NS__NS__________NS___W___WN_______NWN___W__NWNW______WN___________________________
22 0 _NSNONSNSNSNS__NSNSN_N_S______ON_______NO_____O___ON____NO__NO__O_N_ONON_O________NO_____________
22 1 NSNSWSNSNSNSNSNSNSNSNS_NS_____WS__O_____WO___OWO_OW_N_O__W___WONW_O_WOWONW_________W_____________
22 2 _NSNONSNS______NSNSNSN_S_______NSOW_____OWSO_WOWOW____WO_____OW_O_W_OWOW_______N_________________
22 3 _SNSWSNSNS__NSNSN_N_NS_NS______S_WON_S_OWONW_OWOWO__N_OWO___OWONW_O_WOW__________________________
22 4 __NS_NS_SNSNSNSNSN_NSN_S______ONS_W_ON_WOW_O_WOWOW____WOWO_OWOW_ONW_OW___________________________
22 5 SNSN_SNSNS____N___NS__ON____ONWSN_ONWS_OWO_W_OWOW______WOWOWOWONW_O_WO___________________________
22 6 S____NSNSNSNSNS__NS__NWS____W_____WS_N_W_W_O_WOWO______OWOWOWOW_O_W__WO__________________________
22 7 __SN_SNSN_NSNSN___NSNSON___________N_____O_W_OW_WO____OWOWOWOWO_W_____W__________________________
22 8 _____NSNSN_NSNSNS_____WSN_NS___NS__S_N__OW___W___WO__OWOWOWOWOW__________________________________
22 9 _NSN_SNSNSN_NS__NSNSN__NSN_____SN__N_SN_W____O_O_OWONWOWOWOWOWO__________________________________
22 10 _S_S_NSNS____NSNSNSNSN_SNSN__SONSO_S_N__O_SO_WOWOWOW_OWOWOWOWOW_O________________________________
22 11 NS____NSNS____NS_______NS_____W__WO____OWONW_OWOWOWONWOWOWOW_WO_W_O______________________________
22 12 S_SNO_SNSNSNSNS______N_SNS___S____W_ON_WOW_ONWOWOWOWSOWOWOWO__W_O_W_O____________________________
22 13 NSNSWSNSNSNS__NSN___NS_NS____N_S__ONW__OWO_W_OWOWOWO_WOWOWOW____W_O_WO___________________________
22 14 NSNSONSNSNSNSNSN_NSNS____S____ONS_W_ON_WOW_ONWOWOWOWSOWOWOW_______W_OWO__________________________
22 15 __S_W__SNSNSNSNSNSNSNS_NSNS_O_WSN_O_WS__WO_W_OWOWOWO_WOWOWO_________WOWO_________________________
22 16 S_SNONSNSN_____NS____N_S_S__W__NSOWS_N__OWSO_WOWOWOW_OWOWOWO_________WOW_O_______________________
22 17 _SNSWSNSNSNSNSNSN_____ONSN__O__SNW_____OWO_W_OWOWOWO_WOWOW_WO_________WO_WO______________________
22 18 SNSNONSNSN___NSNSNS___W__SN_WSO____SO__WOW_O_WOWOWOW_OWOW___WO_________W_OW_O____________________
22 19 NSNSWSNS__NS__NSNS____ONS__NONWS__O_W__OWONW_OWOWOWO_WOWO____WO__________WO_WO___________________
22 20 _NSNONSNSNSNS_________W_NS__WSO___W_ON_WOW_O_WOWOWOW_OWOWO____W_O_________W_OWO__________________
22 21 NSNSWSNSNSNSNSNSN_____ONS___O_W___O_W__OWO_W_OWOWOWO_WOWOWO_____W_O_________W_W_O________________
22 22 __NS_NSNSNSN_N_NS_____W_NS__W_ON__WSON_WOW_O_WOW_WOW_OWOWOWO___S__W_O___________WO_______________
22 23 _NSN_SNSNSNSN___N_NSN_________WS__ONWS_OWO_W_OWO__WO_WOWOWOWO____SO_WO___________WO______________
22 24 _SNS_NSNSNSNSNSNS__NSN_S______ON__WS___WOWSO_WOWO__WSOWOWOWOWO_S__W__WO_______O___WO_____________
22 25 ___N_SNSN_NSNS__NSNSNS_NSN___NW____N_S_OWO_W_OWOW____WOWOWOWOWO__S____WO_____OW____W_____________
22 26 _SNS_NSNSNSNSNSNSNS__N___SN____NS__S_N_WOW_O_WOW______WOWOWOWOW_O__S___W_O__OW___________________
22 27 S__N_SNSNSNSN_NSNSNSNS__SN__O__SN_ON____W__W__W________WOWOWOW__W_O______WO_WO___________________
22 28 _SNS_NSNSNSNSNS____NSN_SN___W_ONS_W_______SO____________WOWOWO____W_____S_W_OW___________________
22 29 __SN_SNSNSNSNS__NS__NS________WSN________S_W___S___S_____WSWSWS______S_S____W____________________
23 0 _SNSOSNSNSNSNS__NSNS___NS______S_O__O__SO________SOS_O___OSOSOS_O______S_O_______________________
23 1 _NSNWNSNSNSNSNSNSNSNSN_SNS_____N_WO_W__OW____O___OWOSWO_OWOWOWO_W________WO______________________
23 2 _SNSOSNSNS______N_NSNS_NS_____OSNOW_O__WO_NO_WO_OWOW_OWOWOWOWOW_O___O_O___W______________________
23 3 SNSNWNSNSNS__NSNS____NOSN___O_WN_W_SWN_OWO_W__WOWOWOSWOWOWOWOWOSW_O_WOW__________________________
23 4 __SN_SNSN_NSNSNSN___NSWN____W__SN____S_WOW_O__OWOWOW_OWOWOWOWOW_O_W_OW___________________________
23 5 NSNS_NSNSNS________NS__________NS__S_NS_WO_W_OWOWOWOSWOWOWOWOWO_W_O_WO___________________________
23 6 N____SNSNSN_NSNS__NS___N______OS___N_S___W_O_WOWOWOW_OWOWOWOWOW_O_W_OW___________________________
23 7 _SNS_NSNS_SNSN_____NSN______O_W___OS___O_O_W_OWOWOWO_WOWOWOWOWOSW_O_WO___________________________
23 8 _____SNSNS__NSNSNS_____N___NW_OSN_WNOS_WOW_O_WOWOWOW_OWOWOWOWOW_O_W_OWO__________________________
23 9 _SNS_NSNSN___NS__NSNS_OSNS__O_WNS_OSWN_OWOSW_OWOWOWO_WOWOWOWOWO_W_O_WOW__________________________
23 10 SNSNOSNSNS____NSNSNSN_WNSN__WN_SNOWNOS_WOWNO_WOWOWOW_OWOWOWOWOW_O_W_OWO__________________________
23 11 _N__W_SNSNS____NS______SN___O____WO_W__OWO_W_OWOWOWOSWOWOWOWOWO_W_O_WOWO_________________________
23 12 NSNSOSNSNSNSNSNS_______NSN__WNOS__W_O__WOW_O_WOWOWOWNOWOWOWOWOW_O_W_OWOW_________________________
23 13 SNSNWNSN_NSNS__NS____N_SNS__OSWN___SW___WO_W_OWOWOWO_WOWOWOWOWO_W_O_WOW__________________________
23 14 _N_NOSNSNSNSNSNS__NSN___SN__W__SN____S__OW_O_WOWOWOWNOWOWOWOWOW_O_W_OW___________O_______________
23 15 _SN_W_SNSNSNSNSNSNSNSN_SNSNSOS_NS_OS_N_OWO_W_OWOWOWO_WOWOWOWOWO_W_O_W___________OW_______________
23 16 NSNSOSNSNS______NS_____NSN__W_OSN_WNO__WOWN__WOWOWOW_OWOWOWOWOW_O_W_O_________O_W________________
23 17 _NSNWNSNSNSN_NSNS_____OSNS___SWNS_OSW__OW_____WOWOWO_WOWOWOWOWO_W_O_W________OW__________________
23 18 N_NSOSNSNS____NSN_N___W_SN___N_S_OWNOS_WO______WOWOW_OWOWOWOWOW_O_W_________OWO__________________
23 19 SNSNWNSNS__NS__NSN_____SNS__O__N_WO_W__OWOS_____WOWO_WOWOWOWOWO_W_O____O__O_WOW__________________
23 20 _SNSOSNSNSNSN____________NS_WN_S_OW_O__WOW_O__O_OWOW_OWOWOWOWOW_O_W___OW_OW_OW___________________
23 21 _NSNWNSNSNSNSNSNS______SNS__OS___W_SW___WO_W_OWOW_WO_WOWOWOWOWO_W_O__OWO_WO_W____________________
23 22 __SN_SNSNSNS____NS_______N__W__S_O_N_S__OW_O_WOW___W__WOWOWOWOWNO_W_OWOW_OW______________________
23 23 _SNS_NSNSNSNS______NS_O_____O__N_W_S_N_OWO_W_OWO______OWOWOWOWO_WNO_WOWO_W_______________________
23 24 SNSN_SNSNSN_N_NSNS__NSWN____W______NO__WOWN__WOW____N_W_W_WOWOWNO_W_OWOW_________________________
23 25 _S_S_NSNS__NSNS__NSNSNOSNS__O_____OSWN_OWO____WO___________W_WO_WNO_WOW__________________________
23 26 SNSN_SNSN_NSNSNSNSNS__W_SNS_W_OSN_WNOS_WOW_O___WO____________OW_O_WNOWO__________________________
23 27 NS_S_NSNSNSN___NSNSNSN_SN___O_WNS_O_W__OWO_W_O__WO__________OWO_W_O_WOWO_________________________
23 28 _NSN_SN_NSNSNSNS____N__NS___W__SNOW____WOWNO_WO__WO________OWOW_O_W_OWOWNO_______________________
23 29 _SNS_NSNSN_NSNS__NS__N_________N_W______WN_W__WN__WN______NWNWN_W___WNWN_W_______________________
24 0 SNSNONSNSNSNSNS__NSN____NS____ON_______NO_____O_ONON_O____NONON_O___O_ON_O__O____________________
24 1 _SNSWSNSNSN_NSN_NSNSN__NSNS___W___O____OWO___OWOWOW_NWO____WOWO_W_O_WOWO_WO_W____________________
24 2 SNSNONSNSNS________NSN_SNS_____N_OWS___W_WSO_WOWOW____WO____WOW_O_W_OWOW_OW______________________
24 3 NSNSWSN_NSNS__NSN______N____O__S_WON_S_O_O_W_OWOW__ON_OWO___OWONW_O_WOWO_W_______________________
24 4 _SN__NSN___NSNSNS____N_S____W_ONS_WSON_WOW_O_WOW__OW__W_WO_OWOW_O_W_OWOW_________________________
24 5 SN_N_SNSNSNS________NSO_______WSN_ONWSN_WO_W_OWO_OW_N____WOWOWO_W_O_WOWO_________________________
24 6 _____NSNSNS__NSNS__NS_WS______ON__WS_N__OW_O_WOWOW_____O_OWOWOW_O_W_OW_W_________________________
24 7 _NSN_SNSNSN_NS______N_________W____N_S__WO_W_OWOWO_O__OWOWOWOWONW_O_WO___________________________
24 8 _____NSNSNS__NSNSNS____________NS__S_N__OW___WOWOWOW_OWOWOWOWOW_O_W__W___________________________
24 9 _NSN_SNSNS____NS__NSNS_NSN_____SN__N_S__W_N__OWOWOWO_WOWOWOWOWO_W_O______________________________
24 10 NSNS_N_NSNS____NSN_NS__SNS___SON_O_S_N__O_S__W_WOWOW_OWOWOWOWOW_O_W______________________________
24 11 _S____N_NSNS____NS____ONS_____W__W___S_OWO_____OWOWONWOWOWOWOWO_W_O______________________________
24 12 SNSNONSN_NSNSNSN______WSNS___S_N_O__O__WOWS___OWOWOW_OWOWOWOWOW_O_W_O____________________________
24 13 NSNSWSNS__NSN___NS_____NSNS_ON_S_WONW__OW___SOWOWOWO_WOWOWOWOWO_W___WO___________________________
24 14 _S_SONSNSNSNSNSNS__NS__SNS__W_ON_OW_ON_WO_SO_WOWOWOW_OWOWOWOWOW______WO__________________________
24 15 SNS_W_NSNSNSNSNSNSNSN__NSNSNONWSNWONWS_OWO_W_OWOWOWO_WOWOWOWOWO_______WO_________________________
24 16 SNSNONSNSNS______N_____SNS__W__NS_WS___WOW_O_WOWOWOW_OWOWOWOWOW________W_O_______________________
24 17 _SNSWSNSNSNS__NSNS____ONSNS_ON_SN__N_S_OWO_W_OWOWOWO_WOWOWOWOWO__________WO______________________
24 18 __SNONSNSNS____NS_____WSN___WSON_O_S_N_WOW_O_WOWOWOW_OWOWOWOWOW___________W_O____________________
24 19 NSNSWSNSNS__NS__NS_____NSNS_O_WS_WO____OWONW_OWOWOWO_WOWOWOWOWO_____________W____________________
24 20 _N_NONSNSNSNS_____________N_W__NSOWSO__WOW_O_WOWOWOW_OWOWOWOWOW_O________________________________
24 21 _SNSWSNSNSN_NSNSN_____ON_N___N_S_WONWS_OWO_W_OWOWOWO_WOWOWOWOWO_WSO______________________________
24 22 _SNS_NSNSN_NS____NS___WS______ONSOWSON_WOW_O_WOWOWOW_OWOWOW_WOW___W_O____________________________
24 23 SN_N_SNSNSNSN_______NS________WS_WONWS_OWO_W_OWOWOWO_WOWOW___WO_____WO___________________________
24 24 NSNS_NSNSNS____NSNS__N_S______O___WS___WOWSO_WOWOWOW_OWOWO____W______WO__________________________
24 25 _NSN_SN_N___NSNS__N_N__NSN____WS___N____WO_W_OWOWOWO_WOWOWO__________OWO_________________________
24 26 NSNS_NSN___NSNSNSNSNS__SNSN____NSO_S_N__OW___WOWOWOWSOWOWOW_________OW_WSO_______________________
24 27 SNSN_SNSNSN_____NSNSN_ONS______SNWO__S__W____OW_WOWO_WOWOW________O_W____WO______________________
24 28 _SNSONS__NSNSNSNS_____WSNS___SON_OW_O_____S__W___W_W_OWOW____O_S__W_O_____WSO____________________
24 29 SNSNWSNSNS__NSNS__NS__________WS_W__W____S___________WSWS___SWS_____W_______WS___________________
25 0 NSNSOSNSNSNSNSN___NS_____N_____S_O__O____S_____SOSOS_O__S_____S_O___OS_S__S__S_S_________________
25 1 SNSNWNSN_N___NS__NSNS_O_NSN______WO_W__O________WOWO_WO________SW_O_WO__S_OS_____________________
25 2 NSNSOSNSNSN_________N_WNSN____OS__WNO__WO_NO____OWOW__WO__________W_OW____W______________________
25 3 _NSNWNS__N_NS__NS_____O_____O_WN__O_WN_OWO_W_O_OWOW____WO______S__O_W___S_O______________________
25 4 SNS__SNS____NSNSNS____WN____W__SN_WN_S_WOW_O_WOWOWO_____WO_______SW_O_____W______________________
25 5 N__S_NSNSNSNS________N_S_____S_NS__S_N__WO_W_OWOWOWO__O__WO____S__O_WO___________________________
25 6 ____OSNSNSN___NSN___NS_N______OS___N_____W_O_WOWOWOW_OW___WO_____SW_OWO__________________________
25 7 _SNSWNSNSNS__NS_______OS______W___OS_N_O_O_W_OWOWOWO_W_____WO__S____WOWO_________________________
25 8 _____SNSNSNS__NSNSNS__W_______OSN_WNOS_WOW_O_WOWOWOW_O_O____WO_______WOW_________________________
25 9 _SNS_NSNSN_____NS__NSNOSN___O_WN__OSWN_OWO_W_OWOWOWO_WOW_____WO_______W__________________________
25 10 SNSNOS__NSNS____NS__N_WN_NS_WN_S_OWNO__WOWNO_WOWOWOW_OWO______W_O________________________________
25 11 _N__W____NSNS____NS____SN___O____WO_WN_OWO_W_OWOWOWO_WOWO_O_____W_O______________________________
25 12 N_NSOSN___NSN_NS_______N_N__WNOS_OW_O__WOWNO_WOWOWOW_OWOWOW_______W_O____________________________
25 13 _NSNWN_NS__NS____NS___OSNSN_O_WNSWOSW__OWO_WNOWOWOWO_WOWOWO_________WO___________________________
25 14 SNSNOSNSN_N_NSNSNS__NSWNSN__W_____W__S_WOWNO_WOWOWOW_OWOWOWO_________WO__________________________
25 15 NSN_W_SNSN_NSNSNSNSN__OSNSN_OS_NS_O__N_OWO_W_OWOWOWO_WOWOWOW__________WO_________________________
25 16 NSNSOSN_NSNS__________WNSN__W_OSN_WNO__WOW_O_WOWOWOW_OWOWOWO___________W_________________________
25 17 _NSNWNSNSNSN___NSNS_____NSN__SWNS_O_WN_OW__W_OWOWOWO_WOWOWOWO____________________________________
25 18 _SN__SNSNSN_____NS_____N_____N_S__WNO__WO__O_WOWOWOW_OWOWOWOWO___________________________________
25 19 SNSN_NSN_NS__NS__N_____SN_NS___N__OSW__OWO_W__W_WOWO_WOWOWOWOW___________________________________
25 20 _S_SOSNSNSN_N___________S_____O_N_WN_S_WOW_O__O_OWOW_OWOWOWOWO___________________________________
25 21 SNSNWNSN_NS__NSNS______S______WN___S_N__W_SW_OWOW_WO_WOWOWOWOWO__NO______________________________
25 22 _NSN_SNSNS__NS____N____N_______SNO_N_S__O__O_WOWO__W_OWOWOWOWOW_O_W______________________________
25 23 NS_S_NSNSNSNS________N_S____O__N_W_S_N__WO_W_OWOW____WOWOWOWOWO_W_O__________O___________________
25 24 _NSN_SNSNSN_____NSNS___NS___W__S_O_NO___OWN__WOWO_____WOWOWOWOW_O_W_________OW___________________
25 25 _SNS_N_______NSNS_____OSN______N_WOSW__OWO____WOWO____OWOWOWOWO_W_O_______O_W____________________
25 26 SNSN_SNS____NSNSNSNSN_WNSN____OSNOWNOS_WOW_O___WOW__N_W_WOWOWOW___W_O___N_W______________________
25 27 NSNS_N_NSNS______NSNS__SN___O_WN_WO_WN_OWO_W_O__WO_______WOWOWO_____WO_______O___________________
25 28 _NSN_SNS__NSNSNSN______N_N__WN_S_OW_O__WOWNO_WO__W_______OWOWOWNO____W_____N_W___________________
25 29 NSNS_N_NSNS__NSNS__NS__________N_W__W___WN_W__W_______N_NW_WNWN_W____________N___________________
26 0 SNSNONSNSNSNSNS____NS_________ON____O___ON_O__ONONON___ON__O_ON_O___ONON_ON_ONON_________________
26 1 NSNSWSN_______NS__NSNS___N____W___O_W__OWO_W_OWOWOWO__OW__OWOWONW_O_WOWONWONWOW__________________
26 2 SNSNON_NSNS_____________NS____ONSOW_O__WOW_O_WOWOWOW_OW__OWOWOW_O_W_OWOW_OW_OWO__________________
26 3 _SNSWSNS____NS__NS____O_______W__WO_W__OWO_W_OWOWOWO_W__OWOWOWONW_O_WOWONWO_WOW_O________________
26 4 N_NS_N_NS____NSNSNS___W_______ON_OWSON_WOW_O_WOWOWOW___OWOWOWOW_ONW_OWOW_OW_OWO_W________________
26 5 S_SN__N_NSNSNS_________NS___ONWSNWONWS_OWO_W_OWOWOWO__OWOWOWOWONW_O_WOWO_WO_WOW_O________________
26 6 _____NSN_N_____NS____N_S____W__N__WSO__WOWSO_WOWOWOW_OWOWOWOWOW_ONW_OWOW_OW_OWO_W________________
26 7 SNSN_SNSN_NS__NS_______N___________NW___WO_W_OWOWOWO_WOWOWOWOWONW_O_WOWO_WO_WOW__________________
26 8 _____NSN_NSNS__N_NSNS__________N_O___N__OW_O_WOWOWOW_OWOWOWOWOW_O_W_OWOW_OW_OW___________________
26 9 SNSN_SNSN_______NS__NS_NS________WON_S__WO_W_OWOWOWO_WOWOWOWOWO_W_O_WOWO_WO_W____________________
26 10 NSNS_NS__NSN_____NS____S__NS_SONSOWSO___OWSO_WOWOWOW_OWOWOWOWOW_O_W_OWOW_OW______________________
26 11 __________N_NS____NS__ON______WS_WO_W__OWO_W_OWOWOWO_WOWOWOWOWO_W_O_WOWO_WO______________________
26 12 S_SNON_____NS__N______WS_______N_OW_O__WOW___WOWOWOW_OWOWOWOWOW_O_W_OWOW_OW_O____________________
26 13 _SNSW___NS__N_____N____NSN_____SNWONW__OW____OWOWOWO_WOWOWOWOWO_W_O_WOWO_WO_W____________________
26 14 NSNSONSN_____NSNSNS__N_SN_____O_SOW_ON_WO__O_WOWOWOWSOWOWOWOWOW_O_W_OWOW_OW______________________
26 15 SNS_WSNSNS__NSNSNSN____NSN__ONWSNWO_W__OWO_W_OWOWOWO_WOWOWOWOWO_W_O_WOWO_W_______________________
26 16 SNSNONS__NSN___________SNS__WS_N_OW_O__WOWSO_WOWOWOW_OWOWOWOWOW_O_W_OWOW_O_______________________
26 17 _SNSWSNSN_NS____NSNS_____NS_ON_SNWO_W__OWO_WSOWOWOWO_WOWOWOWOWO_W_O_WOWO_W_______________________
26 18 _NS_ONSNSNS______NS_________WSON__W_O__WOW_O_WOWOWOW_OWOWOWOWOWSO_W_OWOW_________________________
26 19 NSNSW_NS__N___NS_______NS__NO_WS__ONW__OWO_WSOWOWOWO_WOWOWOWOWO_WSO_WOWO_________________________
26 20 _NSNON_NSNS____________SN___WS____W_ON_WOW_O_WOWOWOW_OWOWOWOWOWSO_W_OWOW_________________________
26 21 NSN_WSNS__NS__N_NS____ON__________ONW__OWONW_OWOWOWO_WOWOWOWOWO_W_O_WOWO_________________________
26 22 _SNS_NSNSN___NS_______W_______ON__W_ON_WOWSO_WOWOWOW_OWOWOWOWOWSO_W_OWOW_O_______________________
26 23 SNSN_SNSNSNSNS_________NS_____WS__ONW__OWO_W_OWOWOWO_WOWOWOWOWO_WSO_WOWO_WO______________________
26 24 _SNS_N_NSNS______NSNS__SNS____ON__W_O__WOWSO_WOWOWOWSOWOWOWOWOWSO_W_OWOWSOW______________________
26 25 _NSN_S________NSNS_____NS___O_W____NW___WO_WSOWOWOWO_WOWOWOWOWO_WSO_WOWO_WO______________________
26 26 NSNS_N_NS____N_NSNSNS__SN___W__N_O_S_N___WSO_WOWOWOWSOWOWOWOWOWSO_W_OWOWSOWSO____________________
26 27 _NSN_S__NSNS______NSNSON_______S_WO__S_____WSOWOWOWO_WOWOWOWOWO_WSO_WOWO_WO_WO___________________
26 28 _SNS_NSN___N_NSN______W_______ON_OW_O_____S__WOWOWOWSOWOWOWOWOW_O_WSOWOWSOWSOWO__________________
26 29 SNSN_S__NSN___NSNS__N_________WS_W__W____S____WSWSWS_W_W_WSWSW__WS__WSWS_W__W_WS_________________
27 0 N_NSOSNSN_NSNSNS____NS________OS____O__S_____SOSOS___OS___SOSOS_______O__________________________
27 1 SNSNWN_________NS__NSNOS____O_W___O_W_________W_W__O_W_____WOWOS__O__OWO_________________________
27 2 N_NSO___NSN___________W__N__W_O_N_W_O___________O_OW________WOW___W_OWOW_________________________
27 3 _N_NWNSNS____N___NS____S______W___O_W________O_OWOW__________WOS__O_WOW__________________________
27 4 S_SN_S__N_____N_NSN_______________WN_S_____O_WOWOWO___________W__SW_OWO__________________________
27 5 NSN______NSN_N_________SN____S_N___S_N_O_O_W_OWOWOW_S_O________S__O_W_WO_________________________
27 6 ____OSN_________NS_____N_______S_O_NO__WOWNO_WOWOW____W___________W_O__W_O_______________________
27 7 NSNSWNSN___NS__NS_______________SWOSW__OWO_W_OWOW___S_______________WO___WO______________________
27 8 ____O_N___NSNS____NSN_________OS__W_OS_WOW_O_WOWO_O__________________WO___W_O____________________
27 9 NSNSWNSNS________N___NOSN___O_W___O_WN_OWOSW_OW_WOW___________________WO____W____________________
27 10 SN_N_SN___NS______N___WN___NWN_SNOWN___WOWNO_WO_OWO____________________W_O_______________________
27 11 S____________NS____NS__S____O__N_WO____OWO_W_OWOW_W_S_O__________________WO_____O________________
27 12 NSN_OS______NS_________N____W_OS_OW_O__W_W_OSWOWO_____WO__________________W_O_O_W________________
27 13 SNSNW____NS___________OSN___O_WN_WO_W______W_OWOWO____OWO___________________WOW__________________
27 14 SNSN_SN_______NSNSNS__WN____W__SNOW________O_WOWOWO_N_W_WO______O___________OWO__________________
27 15 NSN__N_NSNS__N_N_N____OSN______NSW_S_____O_W__WOWOW_S_O__WO___O_W______O__O_WOW_O________________
27 16 NSNSOSNS__NS__________WNSN___NOS_O__O___OWN____WOWO___W___WO_OW_______OW_OW_OW__W________________
27 17 _NSNWNSN___NS____NSNS_____N__SWN_WO_W__OW___N___WOWO_______WOW____O__OWO_WO_W____________________
27 18 _SNS_SN_NSN_______N__________N____W_OS_W_________WOW_O_____OWO_N__W_OWOW_OW______________________
27 19 SNSN___NS______NS_____OSNS_____N__OSW_____S_NO____WO_WO___OW_WO__NO_WOWO_WO______________________
27 20 _SNS____N_NS__________WN_____N_S__W________O_WO____W__W__OW___WN__W_OWOW_OW______________________
27 21 _NS__N_NS__N_____NS____S___________S_____O_W_OWO________OW________O_WOWO_W_______________________
27 22 SNSN_SN_NS____N________________S_O___S__OWNO_W_W_______OW______N__W_OWOW_________________________
27 23 NSNS_N_N_NSNSNS_______OSNS_____N_WO____OWO_W__________OW_________NO_WOW__________________________
27 24 SNSN_S__NSN_______NSNSWN_N____O___W_O__WOWN_________N_W________N__W_OW__N________________________
27 25 _SNS_N_________NSNS___OSN___O_W___O_W__OW___N_________O_O________NO_W_____O__O___________________
27 26 SNSN____N_______NSN_NSWN____W_O___WNO__WO_N_________N_WOWO_____N__W_____N_WN_W___________________
27 27 __NS_NS__NSNS______NSN_S______WN__O_WN_OWO__N______O__OWOW__O____N________O_______O______________
27 28 _NSN_SN_______NS__________________W_O__WOWNO____O_OWN_WOW__OWO_____N____N_WN_____OW______________
27 29 NSN__N___NS____NSNS____________N____W___WN_W___NWNWN___W__NWNW___N___N_N_______N_W_______________
28 0 S__NON_N___NSN_N_____N_S______ON_O__O__NO__O_NONONO___N__ONONON_O___O_O__________________________
28 1 N_NSWS__________N___NS_N______W__WO_W__OWO_W_OWOWOW_____OWOWOWONW_O_WOW__________________________
28 2 S__NO____NS_______________________WSO__WOW_O_WOWOWO__O_OWOWOWOW_O_W_OWO__________________________
28 3 _S__WSNSNS________N___ON____________W__OWO_W_OWOWOWO_WOWOWOWOWONW_O_WOW__________________________
28 4 NSN__N___________N____W_______O__O__ON_WOW_O_WOWOWOW_OWOWOWOWOW_ONW_OWO__________________________
28 5 SN___S____NS__________ON_____NWS_WONW__OWO_W_OWOWOWONWOWOWOWOWONW_O_WOWO_________________________
28 6 S____N___________N____W________N_OW_O__WOW_O_WOWOWOW_OWOWOWOWOW_O_W_OWOW_________________________
28 7 SNSN_SNS____NS__N_____O________SNW_NW__OWO_W_OWOWOWONWOWOWOWOWO_W_O_WOWO_________________________
28 8 ____O______N_NS____N__W________N_O_S_N_WOW_O_WOWOWOW_OWOWOWOWOW_O_W_OWOW_O_______________________
28 9 SNSNW_NSN______________N_______S_WO_____WONW_OWOWOWO_WOWOWOWOWO_W_O_WOWO_W_______________________
28 10 NS___NS____N__________________ON__W_O____W_O_WOWOWOW_OWOWOWOWOW_O_W_OWOW_O_______________________
28 11 N____S________NS____NSON______W___O_W__O_O_W_OWOWOWONWOWOWOWOWO_W_O_WOWO_WO______________________
28 12 _NS_ON_______N________W________N_OW_O__WOW_ONWOWOWOW_OWOWOWOWOW_O_W_OWOW_OW_O____________________
28 13 N_NSWS____N____________N_______S_WO_W__OWO_W_OWOWOWO_WOWOWOWOWO_W_O_WOWO_WO_WO___________________
28 14 NSNSONS________NSNSN___S______ON_OW_O__WOW_O_WOWOWOW_OWOWOWOWOW_O_W_OWOW_OW_OW___________________
28 15 _N__WS__NSN____________N____O_WSNWONW__OWO_W_OWOWOWONWOWOWOWOWO_W_O_WOWO_WO_W____________________
28 16 _NSNONSNS__N___________SN___W__N__W_O__WOWSO_WOWOWOW_OWOWOWOWOW_O_W_OWOW_OW______________________
28 17 __NSWSNS____N_____N_N_O______N_S____WS_OWO_W_OWOWOWO_WOWOWOWOWO_W_O_WOWO_WO______________________
28 18 SNSNON___N____________W______________N_WOWSO_WOWOWOW_OWOWOWOWOW_O_W_OWOW_OW_O____________________
28 19 NSN_WS__NS______N______N_N__O______N___OWONWSOWOWOWO_WOWOWOWOWO_W_O_WOWO_WO_W____________________
28 20 SNSNO______N________________WSON_O_S___WOWSO_WOWOWOW_OWOWOWOWOW_O_W_OWOW_OW______________________
28 21 _SN_WS__NS________NS__ON______WS_WON___OWO_W_OWOWOWO_WOWOWOWOWO_W_O_WOWO_W_______________________
28 22 N_N__N___NS___________WS______ON__WSON_WOW_O_WOWOWOWSOWOWOWOWOW_O_W_OWOW_________________________
28 23 SNSN______NSNSNS_______N_N__O_W___O_W__OWO_W_OWOWOWO_WOWOWOWOWO_WSO_WOW__________________________
28 24 NSNS_N___NS________N_N_S____W_O___W_O__WOW___W_WOWOWSOWOWOWOWOWSO_W_OWO__________________________
28 25 SNSN_S__________NSN____N____O_W_____W__OWO______WOWO_WOWOWOWOWO_WSO_WOWO_________________________
28 26 NSN_O____________NS__N_S____W_______O__WOW_O_____WOWSOWOWOWOWOWSO_W_OWOW_O_______________________
28 27 ___NWSNS__N_NS______N_ON__________O_W___WO_W_O____WO_WOWOWOWOWO_W_O_WOWO_WO______________________
28 28 _SNS_NS________NS_____W_______O___W______W_O_WO____WSOWOWOWOWOWSO_W_OWOWSOWSO____________________
28 29 SN________N_____NSN___________W__________S_W__WS_____WSWSWSWSWS_W___W_WS_W__W____________________
29 0 N___O_______N__________N______O_______________O_____________________O____________________________
29 1 ___NWN_______________N________W___O__________OW___________________O_W____________________________
29 2 N___O_____N_______________________WNO______O_WO_O_______________O_W______________________________
29 3 _N__WN_N_N__________________________W__O_O_W_OWOWO____________O_W________________________________
29 4 _N__O__________________________________WOW_O_WOWOW___________OW__________________________________
29 5 N___WN_____N__________O________N_______OWO_W_OWOWO__________OW___________________________________
29 6 N___O_________________W_______O_____O__WOW_O_WOWOW_________OW____________________________________
29 7 N_N_WN_N_____N________O_______WN__O_W__OWO_W_OWOW_________OW_____________________________________
29 8 ____O_________N_______W_______O___WNO__WOW_O_WOWO________OW______________________________________
29 9 N_N_W__N______________O_______WN__O_W__OWO_W_OWOW__O____OW_______________________________________
29 10 _N__O_N_______________W___________W_O__WOW_O_WOWO_OW_O_OW________________________________________
29 11 ____WN_________N_____NO___________O_W__OWO_W_OWOWOWO_WOW_________________________________________
29 12 __N___________________W_______O___W_O__WOW_O_WOWOWOW_OWO_________________________________________
29 13 ___N_N________________O_______WN__O_W___WO_W_OWOWOWO_WOW_________________________________________
29 14 _N_N__N_________N_N___WN__________W_O____W___WOWOWOW_OW__________________________________________
29 15 _____N___N____________O________N____W__O_____OWOWOWO_WO__________________________________________
29 16 __N_O_N_N_____________WN______O__O_____W__NO_WOWOWOW_OWO_________________________________________
29 17 ___NWN_N______________O_______WN_WO__N___O_W__WOWOWO_W_WO________________________________________
29 18 N_N___________________W_______O___W_O___OWN___OWOWOW____W__O_____________________________________
29 19 _N___N___N____________O_______W___O_W__OWO__NOWOW_W_____O_OW_____________________________________
29 20 N_N_O_________________W______N____WNO__WOWNO_WOW_______OWOW______________________________________
29 21 _N__WN___N_________N___________N__O_W__OWO_W_OWO______OWOW___________O___________________________
29 22 ____O_____N____________N______O___WNO__WOW_O_WOW____N_WOW___________OW___________________________
29 23 N_N_W______N_N_N______________W___O_W__OWO_W_OW_______OW_________NO_W____________________________
29 24 _N_N______N____________N______O___W_O__WOW_O_WO_____N_WO_______N__W______________________________
29 25 N_N__N___________N____O_____O_W___O_W__OWO_W_OWO______OW_________NO__________O___________________
29 26 _N________________N___WN____W_O___W_O__WOW_O_WOWO___N_W______O_NO_W_________OW___________________
29 27 _____N_N_____N________________W___O_W__OWO_W_OWOWO____O_____OWO_W_O_______O_W____________________
29 28 _N_N__N_________N_________________W_O__WOW_O_W_WOWO_N_W__O_OWOWNO_W_O___N_WN_____________________
29 29 N________________N__________________W___WN_W___NW_W___N_NWNWNWN_W___W__N_________________________