0 0 _O____OO___O_O_______
0 1 SS__S_SW_O_WOWO______
0 2 S_____O_SW_OWOW______
0 3 ___S__W_SO_WOWO______
0 4 _S_______W_OWOWO_____
0 5 __S_S___O__W_WOW_____
0 6 S_S_W__OW_____WO_____
0 7 S___O__WO___O__WO____
0 8 _O__W__OW__OW___WO___
0 9 SWS_S__WS__W_____W___
1 0 _NS_S_NSS__OSOSO__S__
1 1 NW_SNSWS__OWOWOW_____
1 2 NO_S_S_SN_WOWOW______
1 3 SWSNO__SN__WOWO______
1 4 _NS_S___S__OWOWO_____
1 5 _SNSO_____OWOWOW_____
1 6 NSN_N_OS_OWOW_W______
1 7 NS____WW_WOW_________
1 8 _S_S__OS_OWO_________
1 9 NSNSNSWSNW_W_________
2 0 _SNSN_ONN___N_N__ON__
2 1 __SNSNSNO_O_____OWO__
2 2 S_SNSNSNSOSO___OWOWO_
2 3 NSN_NSON_S_SO_OWOWOW_
2 4 _SNSWSWSNO__S_WOWOWO_
2 5 SNSNS__WOWS_S__WOWOW_
2 6 _NS_S__OWS_OWO__WOW__
2 7 _N____SNSWOW_WO__WO__
2 8 _NSN__SNS_WO__W___WO_
2 9 _NSNSNSNW_SW__S____W_
3 0 _NSNS_NOSSSO____SS___
3 1 _SNSNSWWNSNWO____WO__
3 2 NSNSNSNOWNWNW____OWO_
3 3 SNS_SNSW_WOWN___OW_W_
3 4 _NSNSNSO__S_WO_OW____
3 5 NSNSN__NS_NSOWOW_____
3 6 _ONSNS_SWO_SNOWO_____
3 7 _S_SOSNWNNSW_W_WO____
3 8 _SNSW_NOO_W_OO_OWO___
3 9 _SN_NSNSN_N_WWNW_W___
4 0 _SNSNS__NNNO___ONO___
4 1 _NSNSNS__NSSO_OWON__O
4 2 _NSNSNS___W_S_WOWO_OW
4 3 NSNSNSNSOSN_O_OWOWOW_
4 4 _SNSNSNSWSW_WOWOWOWO_
4 5 SNSN____OWON_WOWOWOW_
4 6 _NSNSN_ONOWO__WOWOW__
4 7 _WSNSNSNOWONS_OWOW___
4 8 SN_NS_WNWONO__WOWO___
4 9 SNS_SNSW_WSWS__WSW__S
5 0 SNSNSNS_S__N_OSOSO___
5 1 _SNSNSN_S_OWNWOWOW___
5 2 _SNSN_N_S_NOWOWOWO___
5 3 SNSNSNSNSNOWOWOWOWO__
5 4 _NSNSNSNSOWOWOWOWOWO_
5 5 NSNSS_O_SNSWOWOWOWOW_
5 6 _SNSN_WSW_W_WOWOWOWO_
5 7 _SNSN_OW__O_NWOWOWOWO
5 8 NS_SNSNO__WO__W_W_WOW
5 9 NSNSNSNW__NWN___N__WN
6 0 N_NSNSNSN_____N_NO_O_
6 1 SNSNSNOWNS_______WOW_
6 2 SNSNS_SONW_O_O___OW__
6 3 NSN_NSNSNSOWOW__OW___
6 4 _SNSNSNSNWWOWO_OW____
6 5 SN_NN_OWO_OW_WOWO____
6 6 SNSNS_SONONO_OWOW____
6 7 SNSNS__N_WOSOWOWO____
6 8 _NSNSN___OWOW_WOW____
6 9 SNSNSN___WSW___WS____
7 0 SSSNSN_OS_O_S____O___
7 1 NSNSNSNN_OW_O_O_OSO__
7 2 NSNSNSWNSN_OWOWOWOW__
7 3 SNS_ONSWOOOWOWOWOWO__
7 4 SNSNSN_OWNWOWOWOWOW__
7 5 NO_S__NNSO_WOWOWOW___
7 6 NWNSN_WOWW_NSOWOW____
7 7 NSNSN_OW_O_W_WOWO_O__
7 8 _SNSN_W_OW_O__WOWOW__
7 9 NSNSN__SW_NW___WNW___
8 0 NNN_NSOONS__N____N___
8 1 _NSN_NSW_WO_O____WO__
8 2 SN_N_NS_NOWOW_____WO_
8 3 N_NSN_NO_WOWO______W_
8 4 NSN_WSOW_OW_W__O_____
8 5 S__NS_W_OWO_N_OW_____
8 6 __SNW__ON_WOW_W__O__O
8 7 SN_NS_OW___W_____SOOW
8 8 SNSNS_W___________SW_
8 9 SNSNS_SN____________S
9 0 _____NN__O_O___O_____
9 1 __N_O_W__NOWO_OWO____
9 2 N___W_N__OW_WOWOW____
9 3 ___N____OW__OWOW_____
9 4 _N___NO_W__OWOWO_____
9 5 NO__O_W___OWOW_WO____
9 6 _WN_N_____WOW___WN___
9 7 N___N___O__WO____WN__
9 8 N_N_N__OW___WO____WO_
9 9 N_N_N_NW_____W_____WN