0 0 _________S________________
0 1 O_O_O_____O____SO_____SO__
0 2 WOWOW____SW_OS__WS_____W__
0 3 _WOW______O_WSO__SO_SO_O__
0 4 _OWO_____SW__SW___W_SWSW__
0 5 _W_WO____SO______SO_SO_OS_
0 6 ____WO____W_______W_SWSWS_
0 7 _____W___SO__SOS__O_SO____
0 8 __________W__SWS_SW_SW____
0 9 _________S___S_S____S_____
1 0 O___S___ONO_____S_________
1 1 W____O_OW_WS__SNS__S_SN___
1 2 ____SWOW_N_S_N___N________
1 3 _____OWO_____NS_SN_SN_____
1 4 _____WOWON_S_N__S___NSN___
1 5 _____OWOWN____S_SN_SN___N_
1 6 O____WOWO_OS________NSNSN_
1 7 W___SOWOWNWS_NSNS___NS____
1 8 O____W_W__O__NSNSN_SNS____
1 9 W___S____NWS_NSN___SN_____
2 0 O___N____S__O__SNS________
2 1 WO_O_____SONWSNSNSONSN__S_
2 2 OWOWNO___SWNO____SW_S_____
2 3 WOWO_W____O_W_NSNS_N______
2 4 _WOW_O___SWNOS_SN___SN____
2 5 __WO_WO_OSO_WSNSNSONS_____
2 6 ___W__WOW_WN_S___SW_SNSN__
2 7 _O__N_OWOS_N__NSNS___NS___
2 8 _WO__OW_WS__O_NSNS_NSN____
2 9 __W_NW___S_NWSN__S_N______
3 0 O___S_O__N____SNSN________
3 1 W____OW__N_S_NSNSN_SN__SN_
3 2 ____SWO_ON______SN_SNS____
3 3 _____OWOW__SO_SNSN________
3 4 ____SWOWONO_WNSN___SN_____
3 5 ____SOWOWNWS_NSNSN_SN_____
3 6 O____WOW__OS_NS_SN_SNSNS__
3 7 W___SOWO_NW_O_SNSN____N___
3 8 _____W_WONOSW_SNSN_SNS____
3 9 ________WNWS_NS_SN________
4 0 _O_ONO___S__OSNSN_________
4 1 OWOW_WO___ONWSNSNS_NS_SN__
4 2 WOWONOW__SW____SNS_NSN____
4 3 _WOW_W__OSON_SNSN_________
4 4 _OWON__OWSW_O_NS_S_N______
4 5 _WOWN_OWOS_NWSNSNS_N______
4 6 __WO_OWOWS_NOSNSNS_NSNSNS_
4 7 O_OWNW_WO___W_N_NS________
4 8 WOW_____W__N_SNSNS_NSN____
4 9 _W_______S_N_SNSN_________
5 0 ______O__NOS_NSN__O__S____
5 1 __O__OWO__WSONSNSNWSNSN___
5 2 _OWO_WOW_NO_W_SNSN_SN_____
5 3 _WOW_OW__NW_ONSNS_________
5 4 _OWO_W__ONOSW_SNSN________
5 5 OWOW___OWNWSONSNSN_S______
5 6 WOWO__OW_N__WNSNSN_SNSN_NS
5 7 OWOW_OW____SO___SN________
5 8 W_WOSW____O_WNSNSN_SNS____
5 9 ___W_____NWS_NSNS_________
6 0 O_O__O___S_N_SN_____SN____
6 1 WOWO_WO_OSON__NSNS_NSN____
6 2 OWOW_OWOW_W__SNSNS_N______
6 3 WOWO_WOWOS____N_NS________
6 4 OWOW_OWOWS_N_SNSNS________
6 5 W_WO_WOWO_ON__NSNS_N______
6 6 __OW_OWOWSW_OSNSNS_NSN___N
6 7 _OW__WOWO_ONW__SN_________
6 8 OW__NOWOWSW___NSNS_NSNS___
6 9 W____W_W___N_SNSNS________
7 0 __O_S____NOS_NS___O_N____S
7 1 _OWO_O___NW_O_SNSNWSNS____
7 2 OWOWSW____OSWNSNSN________
7 3 WOWO_____NW___S__N________
7 4 _WOWS____N_S_NSNSN_S______
7 5 __WOSO______O__NSN________
7 6 __OW_W___NOSWNSNSN_SNS____
7 7 _OWOS_____W_O_SN__________
7 8 OWOW_____NOSW_SN_N__NSNS__
7 9 W_W_S_____W__NSNSN_S______
8 0 _O__NO___S_N_SNS______S_SN
8 1 _W___WO_O____SN_NS_NSNS___
8 2 ____NOWOWS_NO_NSN_________
8 3 O____WOW__O_WSN___________
8 4 WO_ONOWO_SWN_SNSNS_NS_____
8 5 OWOWNWOW________N___S_____
8 6 WOWO_OW__S_NOSNSNS_NSN____
8 7 OWOWNW______W_N__S__S_S___
8 8 WOW__O___S_N_SN______NSNS_
8 9 _W__NW___S____N_N__NS_____
9 0 O_O___O__NO__N_NO_O__ONON_
9 1 WOWO_OWO__W_ON__WNW_NWNW__
9 2 OWOWOWOW_NO_W__NO_________
9 3 W_WOWOW___W_ON__W_________
9 4 O_OWOWO__NO_WN_NONO_N_____
9 5 WOWOWOWO__W_____W_W_N_____
9 6 OWOWOWOW_N___NONONO_NO____
9 7 W_WOW_WO______W_WNW_NWN___
9 8 ___WO__W_N___NO_______N_N_
9 9 ____W____N____W_____N_____