0 0 _O___O_S__O___O_____
0 1 SS_S_S_O_SWO_OW__O__
0 2 SO____SSO_SWOWO_OW__
0 3 _W_S____W_WOWOWOW___
0 4 S______OO__WOWOWO___
0 5 __S_SO_SW___WOWOW___
0 6 S____W_O__O__WOWO___
0 7 S__SO_SW_OW___WOWO__
0 8 __S_W_W_SWS____WOWO_
0 9 S_______W_W_____W_W_
1 0 _NS__NSN__O_O_OS____
1 1 NWSNSWSNSNWOWOW_____
1 2 NO_S_SNWOSOWOWO_____
1 3 SWSNO___WSNOWOWO_O__
1 4 NS__S_SNOWOW_WOWOW__
1 5 _SNSN__WWOWOO_WOW___
1 6 NS___S__SWOWW__W____
1 7 NWSN_SOS__WOO_______
1 8 _SN__SN_OOOWWO______
1 9 NW_S_W_SNWN__W______
2 0 S_NS__NS_______N____
2 1 __NSNSNONS___O___O__
2 2 S_SNSNSWONO_OWO_OWO_
2 3 NSN_NS_SSOWOWOWOWOW_
2 4 SNS_WSNO_NOWSWOWOW__
2 5 SNSN__SW__WOWOWOW___
2 6 _OS_SN_SNSOWSWSW____
2 7 _NN_WN_N_WWOWSWS____
2 8 _OS_SO__SO_WOWSWO___
2 9 _NSNSNSNWWS_W_W_W__S
3 0 N_SNS_SN__O___OS__O_
3 1 S__NWNSOSNWOSOW__OWO
3 2 NSNSNSNWNS_WOWS_OWOW
3 3 SNS__NSNWW_OWOWOWOW_
3 4 NSN_SNSSO_SWOWOW_W__
3 5 NSNSSSNWW_W_NSWO____
3 6 O_NSO_SNSOO_OWOWO_O_
3 7 S__SN___WNWONONOWOWO
3 8 __NSNS__OS_W_NON_WOW
3 9 _SN_NSN_N_N___N___WN
4 0 _SNSOSNS_______NO_O_
4 1 N_S_N_NON___NO_OWOWO
4 2 _NSNON_SOOS_OWOWOWOW
4 3 N_NSS_NSWNWOSONOWOW_
4 4 SN_SNSNOO_OWOWOWOWO_
4 5 SNSNNN_NSSNOWOWOWOW_
4 6 N_SN_SN_OW_WONOWOW__
4 7 W_SNSW_SNS_OWOWOWOO_
4 8 S__NSN__SNSW_WOW_SW_
4 9 SNS_SN__W_W___W____S
5 0 SNSNSNSNS_S___O_O_O_
5 1 _SN_S__NW__O_OSOSOW_
5 2 _SNSNS_WS_OWNWOWOSO_
5 3 S__NWW_NS_NOWOWOWOWO
5 4 N_SNSNS_N__WOWOWOWOW
5 5 NSNSWSW_WO__WOWOWOW_
5 6 _SNS_O__SNSO_WOWOWO_
5 7 _SNSNNSN_NWWO_WOWNWO
5 8 NS_SN__SO_OOW__W_WOW
5 9 NSNSNS__N_NW______WN
6 0 N_NSNSNSOSNO__N_N__O
6 1 SN_SNS_SNWOWO_WOWNOW
6 2 SNSNSOS_NSWOW_OW_WW_
6 3 N__S_N__NO_W_OW__O__
6 4 _SNSO_O__SO_OW__OW__
6 5 SN_NNNNS_OWOSO_OWO_O
6 6 SNSN___SNWOW_WOWOWOW
6 7 SNSN_SNWOON__OWOWOWO
6 8 _NSNSWSNSWO_SWOS_WOW
6 9 SNSNSN____W_WSW__SW_
7 0 S_SNSNSNSO_SOS____OS
7 1 N_SNSNSN_N_OWO_O_OWO
7 2 NSNSNSNS_NOWOWOWOWOW
7 3 SSSNS__W_NWOWOWOSOW_
7 4 SNSNS____WOWNWOWOW__
7 5 NOS_O__NS_WOWOSOWO__
7 6 NWNSW__O__OWOWOWOW__
7 7 NSNS_O_NNOWOWOWNWO__
7 8 _SNSNNN_WWOWOW_WOWO_
7 9 NSNSN_S___W_NN__WNW_
8 0 NSN_NSN_NSONONO____N
8 1 _WN_N_NSOOW_W_W___O_
8 2 SN_N_N_OSWO_O___NOW_
8 3 NNN_NS_NO_WOWO__WW__
8 4 NSN_NSO_WSSWOWN__O__
8 5 S_N_S_WON_WOWOWOOWO_
8 6 __SNW_SW___W_WOSWOW_
8 7 SN_N_SWO_OO___S__W__
8 8 SNSNSWSWOWW_____O_O_
8 9 SNSNSSN_WS_S____S_S_
9 0 _O___N___NO_O_______
9 1 _N_____NN_WOW__O_O__
9 2 N_______WO_WO_OWOW__
9 3 _____N_O_W_OWOWOW___
9 4 _N___NOW_NOWOWOWO___
9 5 NO__OOWO__NOWOWNW___
9 6 _WN_NWOWO__WOWNWO___
9 7 N____ON_WO__W_WOWO__
9 8 N_N_NNNO_WO____WNWN_
9 9 N_N_NN_W_NWN____W_W_
