0 0 O_O_O_O_O_O_O_O_O_O___S_S_S_S_S_S_S_S_S__________________O____________________________________________________________________________
0 1 WOWOWOWOWOWOWOWOWOWO____________________________________OW____________________________________________________________________________
0 2 OWOWOWOWOWOWOWOWOWOW__S_S_S_S_S_S_S_S_S______________O_OW______________________O______________________________________________________
0 3 WOWOWOWOWOWOWOWOWOWO________________________________OWOWO_____________________OWO_____________________________________________________
0 4 OWOWOWOWOWOWOWOWOWOW__S_S_S_S_S_S_S_S_S__________O_OWOWOW__________________O_OWOW_________________O_O_________________________________
0 5 WOWOWOWOWOWOWOWOWOWO____________________________OWOWOWOW__________________OWOWOW_________________OWOWO________________________________
0 6 OWOWOWOWOWOWOWOWOWOW__S_S_S_S_S_S_S_S_S______O_OWOWOWOW________________O_OWOWOW_________________OWOWOW________________________________
0 7 WOWOWOWOWOWOWOWOWOWO________________________OWOWOWOWOWO_______________OWOWOWOWO________________OWOWOWO________________________________
0 8 OWOWOWOWOWOWOWOWOWOW__S_S_S_S_S_S_S_S_S__O_OWOWOWOWOWOW____________O_OWOWOWOWOW___________O_O_OWOWOWOW__________O_O_O_O_______________
0 9 WOWOWOWOWOWOWOWOWOWO____________________OWOWOWOWOWOWOW____________OWOWOWOWOWOW___________OWOWOWOWOWOW__________OWOWOWOWO______________
0 10 OWOWOWOWOWOWOWOWOWOWS__________________OWOWOWOWOWOWOW_____S____O_OWOWOWOWOWOW___________OWOWOWOWOWOW__________OWOWOWOWOW______________
0 11 WOWOWOWOWOWOWOWOWOWOS_S_S_S_S_S_S_S_S_SWOWOWOWOWOWOWO_____S____WOWOWOWOWOWOWO__________OWOWOWOWOWOW__________OWOWOWOWOWO______________
0 12 OWOWOWOWOWOWOWOWOWOWS__________________OWOWOWOWOWOWOW_____S____OWOWOWOWOWOWOW______S__OWOWOWOWOWOW________S_OWOWOWOWOWOW______________
0 13 WOWOWOWOWOWOWOWOWOWOS_S_S_S_S_S_S_S_S_SWOWOWOWOWOWOW______S____WOWOWOWOWOWOW_______S__WOWOWOWOWOWO________S_WOWOWOWOWOWO______________
0 14 OWOWOWOWOWOWOWOWOWOWS__________________OWOWOWOWOWOW_______S____OWOWOWOWOWOW________S__OWOWOWOWOWOW________S_OWOWOWOWOWOW______________
0 15 WOWOWOWOWOWOWOWOWOWOS_S_S_S_S_S_S_S_S_SWOWOWOWOWOWO_______S____WOWOWOWOWOWO________S__WOWOWOWOWOWO________S_WOWOWOWOWOWO______________
0 16 OWOWOWOWOWOWOWOWOWOWS__________________OWOWOWOWOWOW_______S____OWOWOWOWOWOW________S__OWOWOWOWOWOW________S_OWOWOWOWOWOW________S_O_O_
0 17 WOWOWOWOWOWOWOWOWOWOS_S_S_S_S_S_S_S_S_SWOWOWOWOWOW________S____WOWOWOWOWOW_________S__WOWOWOWOWOW_________S_WOWOWOWOWOW_________S_WOWO
0 18 OWOWOWOWOWOWOWOWOWOWS__________________OWOWOWOWOW_________S____OWOWOWOWOW__________S__OWOWOWOWOW__________S_OWOWOWOWOW__________S_OWOW
0 19 W_W_W_W_W_W_W_W_W_W_S_S_S_S_S_S_S_S_S_SW_W_W_W_W__________S____W_W_W_W_W___________S__W_W_W_W_W___________S_W_W_W_W_W___________S_W_W_
1 0 _____________________SNSNSNSNSNSNSNSNSNO_O_O_O_O_O_________S___O_O_O_O_O_O__________S_O_O_O_O_O____________SO_O_O___________O_O__SO_O_
1 1 _____________________S_________________WOWOWOWOWOW_________S___WOWOWOWOWOWO_________S_WOWOWOWOWO___________SWOWOWO_________OWOWO_SWOWO
1 2 _____________________SNSNSNSNSNSNSNSNSNOWOWOWOWOWO_________S___OWOWOWOWOWOW_________S_OWOWOWOWOWO__________SOWOWOWO_______OWOWOW_SOWOW
1 3 _____________________S_________________WOWOWOWOWOWO________S___WOWOWOWOWOWO_________S_WOWOWOWOWOWO_________SWOWOWOWO_____OWOWOWO_SW_W_
1 4 _____________________SNSNSNSNSNSNSNSNSNOWOWOWOWOWOWO_______S___OWOWOWOWOWOWO________S_OWOWOWOWOWOWO__________WOWOWOWO___OWOWOWOW______
1 5 _____________________S_________________WOWOWOWOWOWOW_______S___WOWOWOWOWOWOWO_______S_WOWOWOWOWOWOWO__________WOWOWOWO_OWOWOWOW_______
1 6 _____________________SNSNSNSNSNSNSNSNSNOWOWOWOWOWOWO_______S___OWOWOWOWOWOWOW_______S_OWOWOWOWOWOWOWO__________WOWOWOWOWOWOWOW________
1 7 _____________________S_________________WOWOWOWOWOWOWO______S___WOWOWOWOWOWOWO_______S_WOWOWOWOWOWOWOWO__________WOWOWOWOWOWOW_________
1 8 _____________________SNSNSNSNSNSNSNSNSNOWOWOWOWOWOWOWO_____S___OWOWOWOWOWOWOWO_________WOWOWOWOWOWOWOW___________WOWOWOWOWOW__________
1 9 _____________________S_________________WOWOWOWOWOWOWOW_____S___WOWOWOWOWOWOWOWO_________WOWOWOWOWOWOWO____________WOWOWOWOW___________
1 10 ____________________NS__________________W_WOWOWOWOWOWO____NS____WOWOWOWOWOWOWOW__________WOWOWOWOWOWOW____________OWOWOWOWO___________
1 11 ____________________NSNSNSNSNSNSNSNSNSN____WOWOWOWOWOWO___NS_____W_WOWOWOWOWOWO___________WOWOWOWOWOWO___________OWOWOWOWOWO__________
1 12 ____________________NS______________________W_WOWOWOWOWO__NS________WOWOWOWOWOWO___NS______WOWOWOWOWOWO___N_O_O_OWOWOWOWOWOWO_________
1 13 ____________________NSNSNSNSNSNSNSNSNSN________WOWOWOWOW__NS_________W_WOWOWOWOWO__NS_______WOWOWOWOWOWO__N_WOWOWOWOWOWOWOWOWO________
1 14 ____________________NS__________________________W_WOWOWO__NS____________WOWOWOWOW__NS________WOWOWOWOWOWO_N_OWOWOWOWOW_WOWOWOWO_______
1 15 ____________________NSNSNSNSNSNSNSNSNSN____________WOWOWO_NS_____________W_WOWOWO__NS_________W_W_WOWOWOWON_WOWOWOWOW___WOWOWOWO______
1 16 ____________________NS______________________________W_WOWONS________________WOWOWO_NS______________WOWOWOWN_OWOWOWOW_____WOWOWOWN_O_O_
1 17 ____________________NSNSNSNSNSNSNSNSNSN________________WOWNS_________________W_WOWONS_______________WOWOWON_WOWOWOWO______WOWOWON_WOWO
1 18 ____________________NS__________________________________W_NS____________________WOWNS________________WOWOWN_OWOWOWOW_______WOWOWN_OWOW
1 19 ____________________NSNSNSNSNSNSNSNSNSN___________________NS_____________________W_NS_________________W_W_N_W_W_W_W_________W_W_N_W_W_
2 0 O_O_O_O_O_O_O_O_O_O__NSNSNSNSNSNSNSNSN___________________O_NS_______________________NS_____________________NO_O_O________________NO_O_
2 1 WOWOWOWOWOWOWOWOWOWO_NS_________________________________OW_NS_______________________NS_____________________NWOWOWO_______________NWOWO
2 2 OWOWOWOWOWOWOWOWOWOW_NSNSNSNSNSNSNSNSN_______________O_OW__NS__________________O____NS_____________________NOWOWOWO______________NOWOW
2 3 WOWOWOWOWOWOWOWOWOWO_NS_____________________________OWOWO__NS_________________OWO___NS_____________________NWOWOWOWO_____________NW_W_
2 4 OWOWOWOWOWOWOWOWOWOW_NSNSNSNSNSNSNSNSN___________O_OWOWOW__NS______________O_OWOW___NS_______________________WOWOWOW__________________
2 5 WOWOWOWOWOWOWOWOWOWO_NS_________________________OWOWOWOW___NS_____________OWOWOW____NS________________________WOWOWO__________________
2 6 OWOWOWOWOWOWOWOWOWOW_NSNSNSNSNSNSNSNSN_______O_OWOWOWOW____NS__________O_OWOWOW_____NS_________________________WOWOW__________________
2 7 WOWOWOWOWOWOWOWOWOWO_NS_____________________OWOWOWOWOWO____NS_________OWOWOWOWO_____NS__________________________W_W___________________
2 8 OWOWOWOWOWOWOWOWOWOW_NSNSNSNSNSNSNSNSN___O_OWOWOWOWOWOW____NS______O_OWOWOWOWOW_______________________________________________________
2 9 WOWOWOWOWOWOWOWOWOWO_NS_________________OWOWOWOWOWOWOW_____NS_____OWOWOWOWOWOW________________________________________________________
2 10 OWOWOWOWOWOWOWOWOWOWSNS________________OWOWOWOWOWOWOW_____SNS__O_OWOWOWOWOWOW_________________________________________________________
2 11 WOWOWOWOWOWOWOWOWOWOSNSNSNSNSNSNSNSNSN_WOWOWOWOWOWOWO_____SNS__WOWOWOWOWOWOWO_________________________________________________________
2 12 OWOWOWOWOWOWOWOWOWOWSNS________________OWOWOWOWOWOWOW_____SNS__OWOWOWOWOWOWOW______SN___________________________O_O___________________
2 13 WOWOWOWOWOWOWOWOWOWOSNSNSNSNSNSNSNSNSN_WOWOWOWOWOWOW______SNS__WOWOWOWOWOWOW_______SN__________________________OWOWO__________________
2 14 OWOWOWOWOWOWOWOWOWOWSNS________________OWOWOWOWOWOW_______SNS__OWOWOWOWOWOW________SN_________________________OWOWOW__________________
2 15 WOWOWOWOWOWOWOWOWOWOSNSNSNSNSNSNSNSNSN_WOWOWOWOWOWO_______SNS__WOWOWOWOWOWO________SN________________________OWOWOWO__________________
2 16 OWOWOWOWOWOWOWOWOWOWSNS________________OWOWOWOWOWOW_______SNS__OWOWOWOWOWOW________SN_____________________S_OWOWOWOW____________S_O_O_
2 17 WOWOWOWOWOWOWOWOWOWOSNSNSNSNSNSNSNSNSN_WOWOWOWOWOW________SNS__WOWOWOWOWOW_________SN_____________________S_WOWOWOW_____________S_WOWO
2 18 OWOWOWOWOWOWOWOWOWOWSNS________________OWOWOWOWOW_________SNS__OWOWOWOWOW__________SN_____________________S_OWOWOW______________S_OWOW
2 19 W_W_W_W_W_W_W_W_W_W_SNSNSNSNSNSNSNSNSN_W_W_W_W_W__________SNS__W_W_W_W_W___________SN_____________________S_W_W_W_______________S_W_W_
3 0 _____________________SNSNSNSNSNSNSNSN__O_O_O_O_O_O_________SNS_O_O_O_O_O_O__________SN________________O_O__SO_O_O_O_________O_O__SO_O_
3 1 _____________________SNS_______________WOWOWOWOWOW_________SNS_WOWOWOWOWOWO_________SN_______________OWOWO_SWOWOWOWO_______OWOWO_SWOWO
3 2 _____________________SNSNSNSNSNSNSNSN__OWOWOWOWOWO_________SNS_OWOWOWOWOWOW_________SN______________OWOWOW_SOWOWOWOW______OWOWOW_SOWOW
3 3 _____________________SNS_______________WOWOWOWOWOWO________SNS_WOWOWOWOWOWO_________SN_____________OWOWOWO_SWOWOWOWO_____OWOWOWO_SW_W_
3 4 _____________________SNSNSNSNSNSNSNSN__OWOWOWOWOWOWO_______SNS_OWOWOWOWOWOWO________SN________O_O_OWOWOWOW_SOWOWOWOWO___OWOWOWOW______
3 5 _____________________SNS_______________WOWOWOWOWOWOW_______SNS_WOWOWOWOWOWOWO_______SN_______OWOWOWOWOWOW__SWOWOWOWOWO_OWOWOWOW_______
3 6 _____________________SNSNSNSNSNSNSNSN__OWOWOWOWOWOWO_______SNS_OWOWOWOWOWOWOW_______SN______OWOWOWOWOWOW___SOWOWOWOWOWOWOWOWOW________
3 7 _____________________SNS_______________WOWOWOWOWOWOWO______SNS_WOWOWOWOWOWOWO_______SN_____OWOWOWOWOWOW____SW_W_WOWOWOWOWOWOW_________
3 8 _____________________SNSNSNSNSNSNSNSN__OWOWOWOWOWOWOWO_____SNS_OWOWOWOWOWOWOWO____________OWOWOWOWOWOW___________WOWOWOWOWOW__________
3 9 _____________________SNS_______________WOWOWOWOWOWOWOW_____SNS_WOWOWOWOWOWOWOWO__________OWOWOWOWOWOWO____________WOWOWOWOW___________
3 10 ____________________NSNS________________W_WOWOWOWOWOWO____NSNS__WOWOWOWOWOWOWOW_________OWOWOWOWOWOWOW____________OWOWOWOWO___________
3 11 ____________________NSNSNSNSNSNSNSNSN______WOWOWOWOWOWO___NSNS___W_WOWOWOWOWOWO________OWOWOWOWOWOWOWO___________OWOWOWOWOWO__________
3 12 ____________________NSNS____________________W_WOWOWOWOWO__NSNS______WOWOWOWOWOWO___N__OWOWOWOWOWOWOWOW__________OWOWOWOWOWOWO_________
3 13 ____________________NSNSNSNSNSNSNSNSN__________WOWOWOWOW__NSNS_______W_WOWOWOWOWO__N__WOWOWOWOWOWOWOW__________OWOWOWOWOWOWOWO________
3 14 ____________________NSNS________________________W_WOWOWO__NSNS__________WOWOWOWOW__N__OWOWOWOWOWOWOW__________OWOWOWOW_WOWOWOWO_______
3 15 ____________________NSNSNSNSNSNSNSNSN______________WOWOWO_NSNS___________W_WOWOWO__N__WOWOWOWOWOWOW__________OWOWOWOW___WOWOWOWO______
3 16 ____________________NSNS____________________________W_WOWONSNS______________WOWOWO_N__OWOWOWOWOWOW________N_OWOWOWOW_____WOWOWOWN_O_O_
3 17 ____________________NSNSNSNSNSNSNSNSN__________________WOWNSNS_______________W_WOWON__WOWOWOWOWOW_________N_WOWOWOW_______WOWOWON_WOWO
3 18 ____________________NSNS________________________________W_NSNS__________________WOWN__OWOWOWOWOW__________N_OWOWOW_________WOWOWN_OWOW
3 19 ____________________NSNSNSNSNSNSNSNSN_____________________NSNS___________________W_N__W_W_W_W_W___________N_W_W_W___________W_W_N_W_W_
4 0 O_O_O_O_O_O_O_O_O_O__NSNSNSNSNSNSNSN_____________________O_NSNS_____________________N_O_O_O_O_O____________NO_O_O_O_O____________NO_O_
4 1 WOWOWOWOWOWOWOWOWOWO_NSNS_______________________________OW_NSNS_____________________N_WOWOWOWOWO___________NWOWOWOWOWO___________NWOWO
4 2 OWOWOWOWOWOWOWOWOWOW_NSNSNSNSNSNSNSN_________________O_OW__NSNS________________O____N_OWOWOWOWOWO__________NOWOWOWOWOWO__________NOWOW
4 3 WOWOWOWOWOWOWOWOWOWO_NSNS___________________________OWOWO__NSNS_______________OWO___N_WOWOWOWOWOWO_________NWOWOWOWOWOWO_________NW_W_
4 4 OWOWOWOWOWOWOWOWOWOW_NSNSNSNSNSNSNSN_____________O_OWOWOW__NSNS____________O_OWOW___N_OWOWOWOWOWOW_________NOWOWOWOWOWOW______________
4 5 WOWOWOWOWOWOWOWOWOWO_NSNS_______________________OWOWOWOW___NSNS___________OWOWOW____N_WOWOWOWOWOWO_________NWOWOWOWOWOWO______________
4 6 OWOWOWOWOWOWOWOWOWOW_NSNSNSNSNSNSNSN_________O_OWOWOWOW____NSNS________O_OWOWOW_____N_OWOWOWOWOWOW_________NOWOWOWOWOWOW______________
4 7 WOWOWOWOWOWOWOWOWOWO_NSNS___________________OWOWOWOWOWO____NSNS_______OWOWOWOWO_____N_WOWOWOWOWOWO_________NWOWOWOWOWOWO______________
4 8 OWOWOWOWOWOWOWOWOWOW_NSNSNSNSNSNSNSN_____O_OWOWOWOWOWOW____NSNS____O_OWOWOWOWOW________WOWOWOWOWOWO__________WOWOWOWOWOW______________
4 9 WOWOWOWOWOWOWOWOWOWO_NSNS_______________OWOWOWOWOWOWOW_____NSNS___OWOWOWOWOWOW__________WOWOWOWOWOWO__________WOWOWOWOWO______________
4 10 OWOWOWOWOWOWOWOWOWOWSNSNS______________OWOWOWOWOWOWOW_____SNSNSO_OWOWOWOWOWOW____________WOWOWOWOWOWO__________WOWOWOWOW______________
4 11 WOWOWOWOWOWOWOWOWOWOSNSNSNSNSNSNSNSN___WOWOWOWOWOWOWO_____SNSNSWOWOWOWOWOWOWO_____________W_W_WOWOWOWO__________W_W_W_W_______________
4 12 OWOWOWOWOWOWOWOWOWOWSNSNS______________OWOWOWOWOWOWOW_____SNSNSOWOWOWOWOWOWOW__________________WOWOWOW________________________________
4 13 WOWOWOWOWOWOWOWOWOWOSNSNSNSNSNSNSNSN___WOWOWOWOWOWOW______SNSNSWOWOWOWOWOWOW____________________WOWOWO________________________________
4 14 OWOWOWOWOWOWOWOWOWOWSNSNS______________OWOWOWOWOWOW_______SNSNSOWOWOWOWOWOW______________________WOWOW________________________________
4 15 WOWOWOWOWOWOWOWOWOWOSNSNSNSNSNSNSNSN___WOWOWOWOWOWO_______SNSNSWOWOWOWOWOWO_______________________W_W_________________________________
4 16 OWOWOWOWOWOWOWOWOWOWSNSNS______________OWOWOWOWOWOW_______SNSNSOWOWOWOWOWOW___________________________________________________________
4 17 WOWOWOWOWOWOWOWOWOWOSNSNSNSNSNSNSNSN___WOWOWOWOWOW________SNSNSWOWOWOWOWOW____________________________________________________________
4 18 OWOWOWOWOWOWOWOWOWOWSNSNS______________OWOWOWOWOW_________SNSNSOWOWOWOWOW_____________________________________________________________
4 19 W_W_W_W_W_W_W_W_W_W_SNSNSNSNSNSNSNSN___W_W_W_W_W__________SNSNSW_W_W_W_W______________________________________________________________
5 0 _____________________SNSNSNSNSNSNSN____O_O_O_O_O_O_________SNSN_____________________S_O_O_O_O_O____________SO_O_O_O_O____________SO_O_
5 1 _____________________SNSNS_____________WOWOWOWOWOW_________SNSN_____________________S_WOWOWOWOWO___________SWOWOWOWOWO___________SWOWO
5 2 _____________________SNSNSNSNSNSNSN____OWOWOWOWOWO_________SNSN________________O____S_OWOWOWOWOWO__________SOWOWOWOWOWO__________SOWOW
5 3 _____________________SNSNS_____________WOWOWOWOWOWO________SNSN_______________OWO___S_WOWOWOWOWOWO_________SWOWOWOWOWOWO_________SW_W_
5 4 _____________________SNSNSNSNSNSNSN____OWOWOWOWOWOWO_______SNSN____________O_OWOW___S_OWOWOWOWOWOW_________SOWOWOWOWOWOW______________
5 5 _____________________SNSNS_____________WOWOWOWOWOWOW_______SNSN___________OWOWOW____S_WOWOWOWOWOWO_________SWOWOWOWOWOWO______________
5 6 _____________________SNSNSNSNSNSNSN____OWOWOWOWOWOWO_______SNSN________O_OWOWOW_____S_OWOWOWOWOWOW_________SOWOWOWOWOWOW______________
5 7 _____________________SNSNS_____________WOWOWOWOWOWOWO______SNSN_______OWOWOWOWO_____S_WOWOWOWOWOWO_________SWOWOWOWOWOWO______________
5 8 _____________________SNSNSNSNSNSNSN____OWOWOWOWOWOWOWO_____SNSN____O_OWOWOWOWOW________WOWOWOWOWOWO__________WOWOWOWOWOW______________
5 9 _____________________SNSNS_____________WOWOWOWOWOWOWOW_____SNSN___OWOWOWOWOWOW__________WOWOWOWOWOWO__________WOWOWOWOWO______________
5 10 ____________________NSNSNS______________W_WOWOWOWOWOWO____NSNSNO_OWOWOWOWOWOW____________WOWOWOWOWOWO__________WOWOWOWOW______________
5 11 ____________________NSNSNSNSNSNSNSN________WOWOWOWOWOWO___NSNSNWOWOWOWOWOWOWO_____________W_W_WOWOWOWO__________W_W_W_W_______________
5 12 ____________________NSNSNS__________________W_WOWOWOWOWO__NSNSNOWOWOWOWOWOWOW__________________WOWOWOW________________________________
5 13 ____________________NSNSNSNSNSNSNSN____________WOWOWOWOW__NSNSNWOWOWOWOWOWOW____________________WOWOWO________________________________
5 14 ____________________NSNSNS______________________W_WOWOWO__NSNSNOWOWOWOWOWOW______________________WOWOW________________________________
5 15 ____________________NSNSNSNSNSNSNSN________________WOWOWO_NSNSNWOWOWOWOWOWO_______________________W_W_________________________________
5 16 ____________________NSNSNS__________________________W_WOWONSNSNOWOWOWOWOWOW___________________________________________________________
5 17 ____________________NSNSNSNSNSNSNSN____________________WOWNSNSNWOWOWOWOWOW____________________________________________________________
5 18 ____________________NSNSNS______________________________W_NSNSNOWOWOWOWOW_____________________________________________________________
5 19 ____________________NSNSNSNSNSNSNSN_______________________NSNSNW_W_W_W_W______________________________________________________________
6 0 O_O_O_O_O_O_O_O_O_O__NSNSNSNSNSNSN_______________________O_NSN_O_O_O_O_O_O__________NS________________O_O__NO_O_O_O_________O_O__NO_O_
6 1 WOWOWOWOWOWOWOWOWOWO_NSNSNS_____________________________OW_NSN_WOWOWOWOWOWO_________NS_______________OWOWO_NWOWOWOWO_______OWOWO_NWOWO
6 2 OWOWOWOWOWOWOWOWOWOW_NSNSNSNSNSNSN___________________O_OW__NSN_OWOWOWOWOWOW_________NS______________OWOWOW_NOWOWOWOW______OWOWOW_NOWOW
6 3 WOWOWOWOWOWOWOWOWOWO_NSNSNS_________________________OWOWO__NSN_WOWOWOWOWOWO_________NS_____________OWOWOWO_NWOWOWOWO_____OWOWOWO_NW_W_
6 4 OWOWOWOWOWOWOWOWOWOW_NSNSNSNSNSNSN_______________O_OWOWOW__NSN_OWOWOWOWOWOWO________NS________O_O_OWOWOWOW_NOWOWOWOWO___OWOWOWOW______
6 5 WOWOWOWOWOWOWOWOWOWO_NSNSNS_____________________OWOWOWOW___NSN_WOWOWOWOWOWOWO_______NS_______OWOWOWOWOWOW__NWOWOWOWOWO_OWOWOWOW_______
6 6 OWOWOWOWOWOWOWOWOWOW_NSNSNSNSNSNSN___________O_OWOWOWOW____NSN_OWOWOWOWOWOWOW_______NS______OWOWOWOWOWOW___NOWOWOWOWOWOWOWOWOW________
6 7 WOWOWOWOWOWOWOWOWOWO_NSNSNS_________________OWOWOWOWOWO____NSN_WOWOWOWOWOWOWO_______NS_____OWOWOWOWOWOW____NW_W_WOWOWOWOWOWOW_________
6 8 OWOWOWOWOWOWOWOWOWOW_NSNSNSNSNSNSN_______O_OWOWOWOWOWOW____NSN_OWOWOWOWOWOWOWO____________OWOWOWOWOWOW___________WOWOWOWOWOW__________
6 9 WOWOWOWOWOWOWOWOWOWO_NSNSNS_____________OWOWOWOWOWOWOW_____NSN_WOWOWOWOWOWOWOWO__________OWOWOWOWOWOWO____________WOWOWOWOW___________
6 10 OWOWOWOWOWOWOWOWOWOWSNSNSNS____________OWOWOWOWOWOWOW_____SNSN__WOWOWOWOWOWOWOW_________OWOWOWOWOWOWOW____________OWOWOWOWO___________
6 11 WOWOWOWOWOWOWOWOWOWOSNSNSNSNSNSNSN_____WOWOWOWOWOWOWO_____SNSN___W_WOWOWOWOWOWO________OWOWOWOWOWOWOWO___________OWOWOWOWOWO__________
6 12 OWOWOWOWOWOWOWOWOWOWSNSNSNS____________OWOWOWOWOWOWOW_____SNSN______WOWOWOWOWOWO___S__OWOWOWOWOWOWOWOW__________OWOWOWOWOWOWO_________
6 13 WOWOWOWOWOWOWOWOWOWOSNSNSNSNSNSNSN_____WOWOWOWOWOWOW______SNSN_______W_WOWOWOWOWO__S__WOWOWOWOWOWOWOW__________OWOWOWOWOWOWOWO________
6 14 OWOWOWOWOWOWOWOWOWOWSNSNSNS____________OWOWOWOWOWOW_______SNSN__________WOWOWOWOW__S__OWOWOWOWOWOWOW__________OWOWOWOW_WOWOWOWO_______
6 15 WOWOWOWOWOWOWOWOWOWOSNSNSNSNSNSNSN_____WOWOWOWOWOWO_______SNSN___________W_WOWOWO__S__WOWOWOWOWOWOW__________OWOWOWOW___WOWOWOWO______
6 16 OWOWOWOWOWOWOWOWOWOWSNSNSNS____________OWOWOWOWOWOW_______SNSN______________WOWOWO_S__OWOWOWOWOWOW________S_OWOWOWOW_____WOWOWOWS_O_O_
6 17 WOWOWOWOWOWOWOWOWOWOSNSNSNSNSNSNSN_____WOWOWOWOWOW________SNSN_______________W_WOWOS__WOWOWOWOWOW_________S_WOWOWOW_______WOWOWOS_WOWO
6 18 OWOWOWOWOWOWOWOWOWOWSNSNSNS____________OWOWOWOWOW_________SNSN__________________WOWS__OWOWOWOWOW__________S_OWOWOW_________WOWOWS_OWOW
6 19 W_W_W_W_W_W_W_W_W_W_SNSNSNSNSNSNSN_____W_W_W_W_W__________SNSN___________________W_S__W_W_W_W_W___________S_W_W_W___________W_W_S_W_W_
7 0 _____________________SNSNSNSNSNSN______O_O_O_O_O_O_________SN_______________________SN_____________________SO_O_O________________SO_O_
7 1 _____________________SNSNSNS___________WOWOWOWOWOW_________SN_______________________SN_____________________SWOWOWO_______________SWOWO
7 2 _____________________SNSNSNSNSNSN______OWOWOWOWOWO_________SN__________________O____SN_____________________SOWOWOWO______________SOWOW
7 3 _____________________SNSNSNS___________WOWOWOWOWOWO________SN_________________OWO___SN_____________________SWOWOWOWO_____________SW_W_
7 4 _____________________SNSNSNSNSNSN______OWOWOWOWOWOWO_______SN______________O_OWOW___SN_______________________WOWOWOW__________________
7 5 _____________________SNSNSNS___________WOWOWOWOWOWOW_______SN_____________OWOWOW____SN________________________WOWOWO__________________
7 6 _____________________SNSNSNSNSNSN______OWOWOWOWOWOWO_______SN__________O_OWOWOW_____SN_________________________WOWOW__________________
7 7 _____________________SNSNSNS___________WOWOWOWOWOWOWO______SN_________OWOWOWOWO_____SN__________________________W_W___________________
7 8 _____________________SNSNSNSNSNSN______OWOWOWOWOWOWOWO_____SN______O_OWOWOWOWOW_______________________________________________________
7 9 _____________________SNSNSNS___________WOWOWOWOWOWOWOW_____SN_____OWOWOWOWOWOW________________________________________________________
7 10 ____________________NSNSNSNS____________W_WOWOWOWOWOWO____NSN__O_OWOWOWOWOWOW_________________________________________________________
7 11 ____________________NSNSNSNSNSNSN__________WOWOWOWOWOWO___NSN__WOWOWOWOWOWOWO_________________________________________________________
7 12 ____________________NSNSNSNS________________W_WOWOWOWOWO__NSN__OWOWOWOWOWOWOW______NS___________________________O_O___________________
7 13 ____________________NSNSNSNSNSNSN______________WOWOWOWOW__NSN__WOWOWOWOWOWOW_______NS__________________________OWOWO__________________
7 14 ____________________NSNSNSNS____________________W_WOWOWO__NSN__OWOWOWOWOWOW________NS_________________________OWOWOW__________________
7 15 ____________________NSNSNSNSNSNSN__________________WOWOWO_NSN__WOWOWOWOWOWO________NS________________________OWOWOWO__________________
7 16 ____________________NSNSNSNS________________________W_WOWONSN__OWOWOWOWOWOW________NS_____________________N_OWOWOWOW____________N_O_O_
7 17 ____________________NSNSNSNSNSNSN______________________WOWNSN__WOWOWOWOWOW_________NS_____________________N_WOWOWOW_____________N_WOWO
7 18 ____________________NSNSNSNS____________________________W_NSN__OWOWOWOWOW__________NS_____________________N_OWOWOW______________N_OWOW
7 19 ____________________NSNSNSNSNSNSN_________________________NSN__W_W_W_W_W___________NS_____________________N_W_W_W_______________N_W_W_
8 0 O_O_O_O_O_O_O_O_O_O__NSNSNSNSNSN_________________________O_N___O_O_O_O_O_O__________N_O_O_O_O_O____________NO_O_O___________O_O__NO_O_
8 1 WOWOWOWOWOWOWOWOWOWO_NSNSNSNS___________________________OW_N___WOWOWOWOWOWO_________N_WOWOWOWOWO___________NWOWOWO_________OWOWO_NWOWO
8 2 OWOWOWOWOWOWOWOWOWOW_NSNSNSNSNSN_____________________O_OW__N___OWOWOWOWOWOW_________N_OWOWOWOWOWO__________NOWOWOWO_______OWOWOW_NOWOW
8 3 WOWOWOWOWOWOWOWOWOWO_NSNSNSNS_______________________OWOWO__N___WOWOWOWOWOWO_________N_WOWOWOWOWOWO_________NWOWOWOWO_____OWOWOWO_NW_W_
8 4 OWOWOWOWOWOWOWOWOWOW_NSNSNSNSNSN_________________O_OWOWOW__N___OWOWOWOWOWOWO________N_OWOWOWOWOWOWO__________WOWOWOWO___OWOWOWOW______
8 5 WOWOWOWOWOWOWOWOWOWO_NSNSNSNS___________________OWOWOWOW___N___WOWOWOWOWOWOWO_______N_WOWOWOWOWOWOWO__________WOWOWOWO_OWOWOWOW_______
8 6 OWOWOWOWOWOWOWOWOWOW_NSNSNSNSNSN_____________O_OWOWOWOW____N___OWOWOWOWOWOWOW_______N_OWOWOWOWOWOWOWO__________WOWOWOWOWOWOWOW________
8 7 WOWOWOWOWOWOWOWOWOWO_NSNSNSNS_______________OWOWOWOWOWO____N___WOWOWOWOWOWOWO_______N_WOWOWOWOWOWOWOWO__________WOWOWOWOWOWOW_________
8 8 OWOWOWOWOWOWOWOWOWOW_NSNSNSNSNSN_________O_OWOWOWOWOWOW____N___OWOWOWOWOWOWOWO_________WOWOWOWOWOWOWOW___________WOWOWOWOWOW__________
8 9 WOWOWOWOWOWOWOWOWOWO_NSNSNSNS___________OWOWOWOWOWOWOW_____N___WOWOWOWOWOWOWOWO_________WOWOWOWOWOWOWO____________WOWOWOWOW___________
8 10 OWOWOWOWOWOWOWOWOWOWSNSNSNSNS__________OWOWOWOWOWOWOW_____SN____WOWOWOWOWOWOWOW__________WOWOWOWOWOWOW____________OWOWOWOWO___________
8 11 WOWOWOWOWOWOWOWOWOWOSNSNSNSNSNSN_______WOWOWOWOWOWOWO_____SN_____W_WOWOWOWOWOWO___________WOWOWOWOWOWO___________OWOWOWOWOWO__________
8 12 OWOWOWOWOWOWOWOWOWOWSNSNSNSNS__________OWOWOWOWOWOWOW_____SN________WOWOWOWOWOWO___SN______WOWOWOWOWOWO___S_O_O_OWOWOWOWOWOWO_________
8 13 WOWOWOWOWOWOWOWOWOWOSNSNSNSNSNSN_______WOWOWOWOWOWOW______SN_________W_WOWOWOWOWO__SN_______WOWOWOWOWOWO__S_WOWOWOWOWOWOWOWOWO________
8 14 OWOWOWOWOWOWOWOWOWOWSNSNSNSNS__________OWOWOWOWOWOW_______SN____________WOWOWOWOW__SN________WOWOWOWOWOWO_S_OWOWOWOWOW_WOWOWOWO_______
8 15 WOWOWOWOWOWOWOWOWOWOSNSNSNSNSNSN_______WOWOWOWOWOWO_______SN_____________W_WOWOWO__SN_________W_W_WOWOWOWOS_WOWOWOWOW___WOWOWOWO______
8 16 OWOWOWOWOWOWOWOWOWOWSNSNSNSNS__________OWOWOWOWOWOW_______SN________________WOWOWO_SN______________WOWOWOWS_OWOWOWOW_____WOWOWOWS_O_O_
8 17 WOWOWOWOWOWOWOWOWOWOSNSNSNSNSNSN_______WOWOWOWOWOW________SN_________________W_WOWOSN_______________WOWOWOS_WOWOWOWO______WOWOWOS_WOWO
8 18 OWOWOWOWOWOWOWOWOWOWSNSNSNSNS__________OWOWOWOWOW_________SN____________________WOWSN________________WOWOWS_OWOWOWOW_______WOWOWS_OWOW
8 19 W_W_W_W_W_W_W_W_W_W_SNSNSNSNSNSN_______W_W_W_W_W__________SN_____________________W_SN_________________W_W_S_W_W_W_W_________W_W_S_W_W_
9 0 _____________________SNSNSNSNSN________O_O_O_O_O_O____________________________________________________________________________________
9 1 _____________________SNSNSNSNS_________WOWOWOWOWOW____________________________________________________________________________________
9 2 _____________________SNSNSNSNSN________OWOWOWOWOWO_____________________________O______________________________________________________
9 3 _____________________SNSNSNSNS_________WOWOWOWOWOWO___________________________OWO_____________________________________________________
9 4 _____________________SNSNSNSNSN________OWOWOWOWOWOWO_______________________O_OWOW_________________O_O_________________________________
9 5 _____________________SNSNSNSNS_________WOWOWOWOWOWOW______________________OWOWOW_________________OWOWO________________________________
9 6 _____________________SNSNSNSNSN________OWOWOWOWOWOWO___________________O_OWOWOW_________________OWOWOW________________________________
9 7 _____________________SNSNSNSNS_________WOWOWOWOWOWOWO_________________OWOWOWOWO________________OWOWOWO________________________________
9 8 _____________________SNSNSNSNSN________OWOWOWOWOWOWOWO_____________O_OWOWOWOWOW___________O_O_OWOWOWOW__________O_O_O_O_______________
9 9 _____________________SNSNSNSNS_________WOWOWOWOWOWOWOW____________OWOWOWOWOWOW___________OWOWOWOWOWOW__________OWOWOWOWO______________
9 10 ____________________NSNSNSNSNS__________W_WOWOWOWOWOWO____N____O_OWOWOWOWOWOW___________OWOWOWOWOWOW__________OWOWOWOWOW______________
9 11 ____________________NSNSNSNSNSN____________WOWOWOWOWOWO___N____WOWOWOWOWOWOWO__________OWOWOWOWOWOW__________OWOWOWOWOWO______________
9 12 ____________________NSNSNSNSNS______________W_WOWOWOWOWO__N____OWOWOWOWOWOWOW______N__OWOWOWOWOWOW________N_OWOWOWOWOWOW______________
9 13 ____________________NSNSNSNSNSN________________WOWOWOWOW__N____WOWOWOWOWOWOW_______N__WOWOWOWOWOWO________N_WOWOWOWOWOWO______________
9 14 ____________________NSNSNSNSNS__________________W_WOWOWO__N____OWOWOWOWOWOW________N__OWOWOWOWOWOW________N_OWOWOWOWOWOW______________
9 15 ____________________NSNSNSNSNSN____________________WOWOWO_N____WOWOWOWOWOWO________N__WOWOWOWOWOWO________N_WOWOWOWOWOWO______________
9 16 ____________________NSNSNSNSNS______________________W_WOWON____OWOWOWOWOWOW________N__OWOWOWOWOWOW________N_OWOWOWOWOWOW________N_O_O_
9 17 ____________________NSNSNSNSNSN________________________WOWN____WOWOWOWOWOW_________N__WOWOWOWOWOW_________N_WOWOWOWOWOW_________N_WOWO
9 18 ____________________NSNSNSNSNS__________________________W_N____OWOWOWOWOW__________N__OWOWOWOWOW__________N_OWOWOWOWOW__________N_OWOW
9 19 ____________________NSNSNSNSNSN___________________________N____W_W_W_W_W___________N__W_W_W_W_W___________N_W_W_W_W_W___________N_W_W_
10 0 O_O_O_O_O_O_O_O_O_O__NSNSNSNSN_________O_O_O_O_O______________________________________________________________________________________
10 1 WOWOWOWOWOWOWOWOWOWO_NSNSNSNSNS________WOWOWOWOWO_____________________________________________________________________________________
10 2 OWOWOWOWOWOWOWOWOWOW_NSNSNSNSN_________OWOWOWOWOWO_____________________________O______________________________________________________
10 3 WOWOWOWOWOWOWOWOWOWO_NSNSNSNSNS________WOWOWOWOWOWO___________________________OWO_____________________________________________________
10 4 OWOWOWOWOWOWOWOWOWOW_NSNSNSNSN_________OWOWOWOWOWOW________________________O_OWOW_________________O_O_________________________________
10 5 WOWOWOWOWOWOWOWOWOWO_NSNSNSNSNS________WOWOWOWOWOWO_______________________OWOWOW_________________OWOWO________________________________
10 6 OWOWOWOWOWOWOWOWOWOW_NSNSNSNSN_________OWOWOWOWOWOWO___________________O_OWOWOW_________________OWOWOW________________________________
10 7 WOWOWOWOWOWOWOWOWOWO_NSNSNSNSNS________WOWOWOWOWOWOWO_________________OWOWOWOWO________________OWOWOWO________________________________
10 8 OWOWOWOWOWOWOWOWOWOW_NSNSNSNSN_________OWOWOWOWOWOWOW______________O_OWOWOWOWOW___________O_O_OWOWOWOW__________O_O_O_O_______________
10 9 WOWOWOWOWOWOWOWOWOWO_NSNSNSNSNS________WOWOWOWOWOWOWO_____________OWOWOWOWOWOW___________OWOWOWOWOWOW__________OWOWOWOWO______________
10 10 OWOWOWOWOWOWOWOWOWOWSNSNSNSNSNS_________WOWOWOWOWOWOWO____S____O_OWOWOWOWOWOW___________OWOWOWOWOWOW__________OWOWOWOWOW______________
10 11 WOWOWOWOWOWOWOWOWOWOSNSNSNSNSN___________W_WOWOWOWOWOWO___S____WOWOWOWOWOWOWO__________OWOWOWOWOWOW__________OWOWOWOWOWO______________
10 12 OWOWOWOWOWOWOWOWOWOWSNSNSNSNSNS_____________WOWOWOWOWOW___S____OWOWOWOWOWOWOW______S__OWOWOWOWOWOW________S_OWOWOWOWOWOW______________
10 13 WOWOWOWOWOWOWOWOWOWOSNSNSNSNSN_______________W_WOWOWOWO___S____WOWOWOWOWOWOW_______S__WOWOWOWOWOWO________S_WOWOWOWOWOWO______________
10 14 OWOWOWOWOWOWOWOWOWOWSNSNSNSNSNS_________________WOWOWOWO__S____OWOWOWOWOWOW________S__OWOWOWOWOWOW________S_OWOWOWOWOWOW______________
10 15 WOWOWOWOWOWOWOWOWOWOSNSNSNSNSN___________________W_WOWOWO_S____WOWOWOWOWOWO________S__WOWOWOWOWOWO________S_WOWOWOWOWOWO______________
10 16 OWOWOWOWOWOWOWOWOWOWSNSNSNSNSNS_____________________WOWOW_S____OWOWOWOWOWOW________S__OWOWOWOWOWOW________S_OWOWOWOWOWOW________S_O_O_
10 17 WOWOWOWOWOWOWOWOWOWOSNSNSNSNSN_______________________W_WO_S____WOWOWOWOWOW_________S__WOWOWOWOWOW_________S_WOWOWOWOWOW_________S_WOWO
10 18 OWOWOWOWOWOWOWOWOWOWSNSNSNSNSNS_________________________WOS____OWOWOWOWOW__________S__OWOWOWOWOW__________S_OWOWOWOWOW__________S_OWOW
10 19 W_W_W_W_W_W_W_W_W_W_SNSNSNSNSN___________________________WS____W_W_W_W_W___________S__W_W_W_W_W___________S_W_W_W_W_W___________S_W_W_
11 0 _____________________SNSNSNSN______________________________S___O_O_O_O_O_O__________S_O_O_O_O_O____________SO_O_O___________O_O__SO_O_
11 1 _____________________SNSNSNSNSNS________________________O__S___WOWOWOWOWOWO_________S_WOWOWOWOWO___________SWOWOWO_________OWOWO_SWOWO
11 2 _____________________SNSNSNSN__________________________OWO_S___OWOWOWOWOWOW_________S_OWOWOWOWOWO__________SOWOWOWO_______OWOWOW_SOWOW
11 3 _____________________SNSNSNSNSNS____________________O_OWOW_S___WOWOWOWOWOWO_________S_WOWOWOWOWOWO_________SWOWOWOWO_____OWOWOWO_SW_W_
11 4 _____________________SNSNSNSN______________________OWOWOW__S___OWOWOWOWOWOWO________S_OWOWOWOWOWOWO__________WOWOWOWO___OWOWOWOW______
11 5 _____________________SNSNSNSNSNS________________O_OWOWOW___S___WOWOWOWOWOWOWO_______S_WOWOWOWOWOWOWO__________WOWOWOWO_OWOWOWOW_______
11 6 _____________________SNSNSNSN__________________OWOWOWOWO___S___OWOWOWOWOWOWOW_______S_OWOWOWOWOWOWOWO__________WOWOWOWOWOWOWOW________
11 7 _____________________SNSNSNSNSNS____________O_OWOWOWOWOW___S___WOWOWOWOWOWOWO_______S_WOWOWOWOWOWOWOWO__________WOWOWOWOWOWOW_________
11 8 _____________________SNSNSNSN______________OWOWOWOWOWOW____S___OWOWOWOWOWOWOWO_________WOWOWOWOWOWOWOW___________WOWOWOWOWOW__________
11 9 _____________________SNSNSNSNSNS________O_OWOWOWOWOWOW_____S___WOWOWOWOWOWOWOWO_________WOWOWOWOWOWOWO____________WOWOWOWOW___________
11 10 ____________________NSNSNSNSNSNS_______OWOWOWOWOWOWOWO____NS____WOWOWOWOWOWOWOW__________WOWOWOWOWOWOW____________OWOWOWOWO___________
11 11 ____________________NSNSNSNSN__________WOWOWOWOWOWOWOW____NS_____W_WOWOWOWOWOWO___________WOWOWOWOWOWO___________OWOWOWOWOWO__________
11 12 ____________________NSNSNSNSNSNS_______OWOWOWOWOWOWOW_____NS________WOWOWOWOWOWO___NS______WOWOWOWOWOWO___N_O_O_OWOWOWOWOWOWO_________
11 13 ____________________NSNSNSNSN__________WOWOWOWOWOWOW______NS_________W_WOWOWOWOWO__NS_______WOWOWOWOWOWO__N_WOWOWOWOWOWOWOWOWO________
11 14 ____________________NSNSNSNSNSNS_______OWOWOWOWOWOWO______NS____________WOWOWOWOW__NS________WOWOWOWOWOWO_N_OWOWOWOWOW_WOWOWOWO_______
11 15 ____________________NSNSNSNSN__________WOWOWOWOWOWOW______NS_____________W_WOWOWO__NS_________W_W_WOWOWOWON_WOWOWOWOW___WOWOWOWO______
11 16 ____________________NSNSNSNSNSNS_______OWOWOWOWOWOW_______NS________________WOWOWO_NS______________WOWOWOWN_OWOWOWOW_____WOWOWOWN_O_O_
11 17 ____________________NSNSNSNSN__________WOWOWOWOWOW________NS_________________W_WOWONS_______________WOWOWON_WOWOWOWO______WOWOWON_WOWO
11 18 ____________________NSNSNSNSNSNS_______OWOWOWOWOWO________NS____________________WOWNS________________WOWOWN_OWOWOWOW_______WOWOWN_OWOW
11 19 ____________________NSNSNSNSN__________W_W_W_W_W_W________NS_____________________W_NS_________________W_W_N_W_W_W_W_________W_W_N_W_W_
12 0 O_O_O_O_O_O_O_O_O_O__NSNSNSN___________O_O_O_O_O___________NS_______________________NS_____________________NO_O_O________________NO_O_
12 1 WOWOWOWOWOWOWOWOWOWO_NSNSNSNSNSNS______WOWOWOWOWO__________NS_______________________NS_____________________NWOWOWO_______________NWOWO
12 2 OWOWOWOWOWOWOWOWOWOW_NSNSNSN___________OWOWOWOWOWO_________NS__________________O____NS_____________________NOWOWOWO______________NOWOW
12 3 WOWOWOWOWOWOWOWOWOWO_NSNSNSNSNSNS______WOWOWOWOWOWO________NS_________________OWO___NS_____________________NWOWOWOWO_____________NW_W_
12 4 OWOWOWOWOWOWOWOWOWOW_NSNSNSN___________OWOWOWOWOWOW________NS______________O_OWOW___NS_______________________WOWOWOW__________________
12 5 WOWOWOWOWOWOWOWOWOWO_NSNSNSNSNSNS______WOWOWOWOWOWO________NS_____________OWOWOW____NS________________________WOWOWO__________________
12 6 OWOWOWOWOWOWOWOWOWOW_NSNSNSN___________OWOWOWOWOWOWO_______NS__________O_OWOWOW_____NS_________________________WOWOW__________________
12 7 WOWOWOWOWOWOWOWOWOWO_NSNSNSNSNSNS______WOWOWOWOWOWOWO______NS_________OWOWOWOWO_____NS__________________________W_W___________________
12 8 OWOWOWOWOWOWOWOWOWOW_NSNSNSN___________OWOWOWOWOWOWOW______NS______O_OWOWOWOWOW_______________________________________________________
12 9 WOWOWOWOWOWOWOWOWOWO_NSNSNSNSNSNS______WOWOWOWOWOWOWO______NS_____OWOWOWOWOWOW________________________________________________________
12 10 OWOWOWOWOWOWOWOWOWOWSNSNSNSNSNSNS_______WOWOWOWOWOWOWO____SNS__O_OWOWOWOWOWOW_________________________________________________________
12 11 WOWOWOWOWOWOWOWOWOWOSNSNSNSN_____________W_WOWOWOWOWOWO___SNS__WOWOWOWOWOWOWO_________________________________________________________
12 12 OWOWOWOWOWOWOWOWOWOWSNSNSNSNSNSNS___________WOWOWOWOWOW___SNS__OWOWOWOWOWOWOW______SN___________________________O_O___________________
12 13 WOWOWOWOWOWOWOWOWOWOSNSNSNSN_________________W_WOWOWOWO___SNS__WOWOWOWOWOWOW_______SN__________________________OWOWO__________________
12 14 OWOWOWOWOWOWOWOWOWOWSNSNSNSNSNSNS_______________WOWOWOWO__SNS__OWOWOWOWOWOW________SN_________________________OWOWOW__________________
12 15 WOWOWOWOWOWOWOWOWOWOSNSNSNSN_____________________W_WOWOWO_SNS__WOWOWOWOWOWO________SN________________________OWOWOWO__________________
12 16 OWOWOWOWOWOWOWOWOWOWSNSNSNSNSNSNS___________________WOWOW_SNS__OWOWOWOWOWOW________SN_____________________S_OWOWOWOW____________S_O_O_
12 17 WOWOWOWOWOWOWOWOWOWOSNSNSNSN_________________________W_WO_SNS__WOWOWOWOWOW_________SN_____________________S_WOWOWOW_____________S_WOWO
12 18 OWOWOWOWOWOWOWOWOWOWSNSNSNSNSNSNS_______________________WOSNS__OWOWOWOWOW__________SN_____________________S_OWOWOW______________S_OWOW
12 19 W_W_W_W_W_W_W_W_W_W_SNSNSNSN_____________________________WSNS__W_W_W_W_W___________SN_____________________S_W_W_W_______________S_W_W_
13 0 _____________________SNSNSN________________________________SNS_O_O_O_O_O_O__________SN________________O_O__SO_O_O_O_________O_O__SO_O_
13 1 _____________________SNSNSNSNSNSNS______________________O__SNS_WOWOWOWOWOWO_________SN_______________OWOWO_SWOWOWOWO_______OWOWO_SWOWO
13 2 _____________________SNSNSN____________________________OWO_SNS_OWOWOWOWOWOW_________SN______________OWOWOW_SOWOWOWOW______OWOWOW_SOWOW
13 3 _____________________SNSNSNSNSNSNS__________________O_OWOW_SNS_WOWOWOWOWOWO_________SN_____________OWOWOWO_SWOWOWOWO_____OWOWOWO_SW_W_
13 4 _____________________SNSNSN________________________OWOWOW__SNS_OWOWOWOWOWOWO________SN________O_O_OWOWOWOW_SOWOWOWOWO___OWOWOWOW______
13 5 _____________________SNSNSNSNSNSNS______________O_OWOWOW___SNS_WOWOWOWOWOWOWO_______SN_______OWOWOWOWOWOW__SWOWOWOWOWO_OWOWOWOW_______
13 6 _____________________SNSNSN____________________OWOWOWOWO___SNS_OWOWOWOWOWOWOW_______SN______OWOWOWOWOWOW___SOWOWOWOWOWOWOWOWOW________
13 7 _____________________SNSNSNSNSNSNS__________O_OWOWOWOWOW___SNS_WOWOWOWOWOWOWO_______SN_____OWOWOWOWOWOW____SW_W_WOWOWOWOWOWOW_________
13 8 _____________________SNSNSN________________OWOWOWOWOWOW____SNS_OWOWOWOWOWOWOWO____________OWOWOWOWOWOW___________WOWOWOWOWOW__________
13 9 _____________________SNSNSNSNSNSNS______O_OWOWOWOWOWOW_____SNS_WOWOWOWOWOWOWOWO__________OWOWOWOWOWOWO____________WOWOWOWOW___________
13 10 ____________________NSNSNSNSNSNSNS_____OWOWOWOWOWOWOWO____NSNS__WOWOWOWOWOWOWOW_________OWOWOWOWOWOWOW____________OWOWOWOWO___________
13 11 ____________________NSNSNSN____________WOWOWOWOWOWOWOW____NSNS___W_WOWOWOWOWOWO________OWOWOWOWOWOWOWO___________OWOWOWOWOWO__________
13 12 ____________________NSNSNSNSNSNSNS_____OWOWOWOWOWOWOW_____NSNS______WOWOWOWOWOWO___N__OWOWOWOWOWOWOWOW__________OWOWOWOWOWOWO_________
13 13 ____________________NSNSNSN____________WOWOWOWOWOWOW______NSNS_______W_WOWOWOWOWO__N__WOWOWOWOWOWOWOW__________OWOWOWOWOWOWOWO________
13 14 ____________________NSNSNSNSNSNSNS_____OWOWOWOWOWOWO______NSNS__________WOWOWOWOW__N__OWOWOWOWOWOWOW__________OWOWOWOW_WOWOWOWO_______
13 15 ____________________NSNSNSN____________WOWOWOWOWOWOW______NSNS___________W_WOWOWO__N__WOWOWOWOWOWOW__________OWOWOWOW___WOWOWOWO______
13 16 ____________________NSNSNSNSNSNSNS_____OWOWOWOWOWOW_______NSNS______________WOWOWO_N__OWOWOWOWOWOW________N_OWOWOWOW_____WOWOWOWN_O_O_
13 17 ____________________NSNSNSN____________WOWOWOWOWOW________NSNS_______________W_WOWON__WOWOWOWOWOW_________N_WOWOWOW_______WOWOWON_WOWO
13 18 ____________________NSNSNSNSNSNSNS_____OWOWOWOWOWO________NSNS__________________WOWN__OWOWOWOWOW__________N_OWOWOW_________WOWOWN_OWOW
13 19 ____________________NSNSNSN____________W_W_W_W_W_W________NSNS___________________W_N__W_W_W_W_W___________N_W_W_W___________W_W_N_W_W_
14 0 O_O_O_O_O_O_O_O_O_O__NSNSN_____________O_O_O_O_O___________NSNS_____________________N_O_O_O_O_O____________NO_O_O_O_O____________NO_O_
14 1 WOWOWOWOWOWOWOWOWOWO_NSNSNSNSNSNSNS____WOWOWOWOWO__________NSNS_____________________N_WOWOWOWOWO___________NWOWOWOWOWO___________NWOWO
14 2 OWOWOWOWOWOWOWOWOWOW_NSNSN_____________OWOWOWOWOWO_________NSNS________________O____N_OWOWOWOWOWO__________NOWOWOWOWOWO__________NOWOW
14 3 WOWOWOWOWOWOWOWOWOWO_NSNSNSNSNSNSNS____WOWOWOWOWOWO________NSNS_______________OWO___N_WOWOWOWOWOWO_________NWOWOWOWOWOWO_________NW_W_
14 4 OWOWOWOWOWOWOWOWOWOW_NSNSN_____________OWOWOWOWOWOW________NSNS____________O_OWOW___N_OWOWOWOWOWOW_________NOWOWOWOWOWOW______________
14 5 WOWOWOWOWOWOWOWOWOWO_NSNSNSNSNSNSNS____WOWOWOWOWOWO________NSNS___________OWOWOW____N_WOWOWOWOWOWO_________NWOWOWOWOWOWO______________
14 6 OWOWOWOWOWOWOWOWOWOW_NSNSN_____________OWOWOWOWOWOWO_______NSNS________O_OWOWOW_____N_OWOWOWOWOWOW_________NOWOWOWOWOWOW______________
14 7 WOWOWOWOWOWOWOWOWOWO_NSNSNSNSNSNSNS____WOWOWOWOWOWOWO______NSNS_______OWOWOWOWO_____N_WOWOWOWOWOWO_________NWOWOWOWOWOWO______________
14 8 OWOWOWOWOWOWOWOWOWOW_NSNSN_____________OWOWOWOWOWOWOW______NSNS____O_OWOWOWOWOW________WOWOWOWOWOWO__________WOWOWOWOWOW______________
14 9 WOWOWOWOWOWOWOWOWOWO_NSNSNSNSNSNSNS____WOWOWOWOWOWOWO______NSNS___OWOWOWOWOWOW__________WOWOWOWOWOWO__________WOWOWOWOWO______________
14 10 OWOWOWOWOWOWOWOWOWOWSNSNSNSNSNSNSNS_____WOWOWOWOWOWOWO____SNSNSO_OWOWOWOWOWOW____________WOWOWOWOWOWO__________WOWOWOWOW______________
14 11 WOWOWOWOWOWOWOWOWOWOSNSNSN_______________W_WOWOWOWOWOWO___SNSNSWOWOWOWOWOWOWO_____________W_W_WOWOWOWO__________W_W_W_W_______________
14 12 OWOWOWOWOWOWOWOWOWOWSNSNSNSNSNSNSNS_________WOWOWOWOWOW___SNSNSOWOWOWOWOWOWOW__________________WOWOWOW________________________________
14 13 WOWOWOWOWOWOWOWOWOWOSNSNSN___________________W_WOWOWOWO___SNSNSWOWOWOWOWOWOW____________________WOWOWO________________________________
14 14 OWOWOWOWOWOWOWOWOWOWSNSNSNSNSNSNSNS_____________WOWOWOWO__SNSNSOWOWOWOWOWOW______________________WOWOW________________________________
14 15 WOWOWOWOWOWOWOWOWOWOSNSNSN_______________________W_WOWOWO_SNSNSWOWOWOWOWOWO_______________________W_W_________________________________
14 16 OWOWOWOWOWOWOWOWOWOWSNSNSNSNSNSNSNS_________________WOWOW_SNSNSOWOWOWOWOWOW___________________________________________________________
14 17 WOWOWOWOWOWOWOWOWOWOSNSNSN___________________________W_WO_SNSNSWOWOWOWOWOW____________________________________________________________
14 18 OWOWOWOWOWOWOWOWOWOWSNSNSNSNSNSNSNS_____________________WOSNSNSOWOWOWOWOW_____________________________________________________________
14 19 W_W_W_W_W_W_W_W_W_W_SNSNSN_______________________________WSNSNSW_W_W_W_W______________________________________________________________
15 0 _____________________SNSN__________________________________SNSN_____________________S_O_O_O_O_O____________SO_O_O_O_O____________SO_O_
15 1 _____________________SNSNSNSNSNSNSNS____________________O__SNSN_____________________S_WOWOWOWOWO___________SWOWOWOWOWO___________SWOWO
15 2 _____________________SNSN______________________________OWO_SNSN________________O____S_OWOWOWOWOWO__________SOWOWOWOWOWO__________SOWOW
15 3 _____________________SNSNSNSNSNSNSNS________________O_OWOW_SNSN_______________OWO___S_WOWOWOWOWOWO_________SWOWOWOWOWOWO_________SW_W_
15 4 _____________________SNSN__________________________OWOWOW__SNSN____________O_OWOW___S_OWOWOWOWOWOW_________SOWOWOWOWOWOW______________
15 5 _____________________SNSNSNSNSNSNSNS____________O_OWOWOW___SNSN___________OWOWOW____S_WOWOWOWOWOWO_________SWOWOWOWOWOWO______________
15 6 _____________________SNSN______________________OWOWOWOWO___SNSN________O_OWOWOW_____S_OWOWOWOWOWOW_________SOWOWOWOWOWOW______________
15 7 _____________________SNSNSNSNSNSNSNS________O_OWOWOWOWOW___SNSN_______OWOWOWOWO_____S_WOWOWOWOWOWO_________SWOWOWOWOWOWO______________
15 8 _____________________SNSN__________________OWOWOWOWOWOW____SNSN____O_OWOWOWOWOW________WOWOWOWOWOWO__________WOWOWOWOWOW______________
15 9 _____________________SNSNSNSNSNSNSNS____O_OWOWOWOWOWOW_____SNSN___OWOWOWOWOWOW__________WOWOWOWOWOWO__________WOWOWOWOWO______________
15 10 ____________________NSNSNSNSNSNSNSNS___OWOWOWOWOWOWOWO____NSNSNO_OWOWOWOWOWOW____________WOWOWOWOWOWO__________WOWOWOWOW______________
15 11 ____________________NSNSN______________WOWOWOWOWOWOWOW____NSNSNWOWOWOWOWOWOWO_____________W_W_WOWOWOWO__________W_W_W_W_______________
15 12 ____________________NSNSNSNSNSNSNSNS___OWOWOWOWOWOWOW_____NSNSNOWOWOWOWOWOWOW__________________WOWOWOW________________________________
15 13 ____________________NSNSN______________WOWOWOWOWOWOW______NSNSNWOWOWOWOWOWOW____________________WOWOWO________________________________
15 14 ____________________NSNSNSNSNSNSNSNS___OWOWOWOWOWOWO______NSNSNOWOWOWOWOWOW______________________WOWOW________________________________
15 15 ____________________NSNSN______________WOWOWOWOWOWOW______NSNSNWOWOWOWOWOWO_______________________W_W_________________________________
15 16 ____________________NSNSNSNSNSNSNSNS___OWOWOWOWOWOW_______NSNSNOWOWOWOWOWOW___________________________________________________________
15 17 ____________________NSNSN______________WOWOWOWOWOW________NSNSNWOWOWOWOWOW____________________________________________________________
15 18 ____________________NSNSNSNSNSNSNSNS___OWOWOWOWOWO________NSNSNOWOWOWOWOW_____________________________________________________________
15 19 ____________________NSNSN______________W_W_W_W_W_W________NSNSNW_W_W_W_W______________________________________________________________
16 0 O_O_O_O_O_O_O_O_O_O__NSN_______________O_O_O_O_O___________NSN_O_O_O_O_O_O__________NS________________O_O__NO_O_O_O_________O_O__NO_O_
16 1 WOWOWOWOWOWOWOWOWOWO_NSNSNSNSNSNSNSNS__WOWOWOWOWO__________NSN_WOWOWOWOWOWO_________NS_______________OWOWO_NWOWOWOWO_______OWOWO_NWOWO
16 2 OWOWOWOWOWOWOWOWOWOW_NSN_______________OWOWOWOWOWO_________NSN_OWOWOWOWOWOW_________NS______________OWOWOW_NOWOWOWOW______OWOWOW_NOWOW
16 3 WOWOWOWOWOWOWOWOWOWO_NSNSNSNSNSNSNSNS__WOWOWOWOWOWO________NSN_WOWOWOWOWOWO_________NS_____________OWOWOWO_NWOWOWOWO_____OWOWOWO_NW_W_
16 4 OWOWOWOWOWOWOWOWOWOW_NSN_______________OWOWOWOWOWOW________NSN_OWOWOWOWOWOWO________NS________O_O_OWOWOWOW_NOWOWOWOWO___OWOWOWOW______
16 5 WOWOWOWOWOWOWOWOWOWO_NSNSNSNSNSNSNSNS__WOWOWOWOWOWO________NSN_WOWOWOWOWOWOWO_______NS_______OWOWOWOWOWOW__NWOWOWOWOWO_OWOWOWOW_______
16 6 OWOWOWOWOWOWOWOWOWOW_NSN_______________OWOWOWOWOWOWO_______NSN_OWOWOWOWOWOWOW_______NS______OWOWOWOWOWOW___NOWOWOWOWOWOWOWOWOW________
16 7 WOWOWOWOWOWOWOWOWOWO_NSNSNSNSNSNSNSNS__WOWOWOWOWOWOWO______NSN_WOWOWOWOWOWOWO_______NS_____OWOWOWOWOWOW____NW_W_WOWOWOWOWOWOW_________
16 8 OWOWOWOWOWOWOWOWOWOW_NSN_______________OWOWOWOWOWOWOW______NSN_OWOWOWOWOWOWOWO____________OWOWOWOWOWOW___________WOWOWOWOWOW__________
16 9 WOWOWOWOWOWOWOWOWOWO_NSNSNSNSNSNSNSNS__WOWOWOWOWOWOWO______NSN_WOWOWOWOWOWOWOWO__________OWOWOWOWOWOWO____________WOWOWOWOW___________
16 10 OWOWOWOWOWOWOWOWOWOWSNSNSNSNSNSNSNSNS___WOWOWOWOWOWOWO____SNSN__WOWOWOWOWOWOWOW_________OWOWOWOWOWOWOW____________OWOWOWOWO___________
16 11 WOWOWOWOWOWOWOWOWOWOSNSN_________________W_WOWOWOWOWOWO___SNSN___W_WOWOWOWOWOWO________OWOWOWOWOWOWOWO___________OWOWOWOWOWO__________
16 12 OWOWOWOWOWOWOWOWOWOWSNSNSNSNSNSNSNSNS_______WOWOWOWOWOW___SNSN______WOWOWOWOWOWO___S__OWOWOWOWOWOWOWOW__________OWOWOWOWOWOWO_________
16 13 WOWOWOWOWOWOWOWOWOWOSNSN_____________________W_WOWOWOWO___SNSN_______W_WOWOWOWOWO__S__WOWOWOWOWOWOWOW__________OWOWOWOWOWOWOWO________
16 14 OWOWOWOWOWOWOWOWOWOWSNSNSNSNSNSNSNSNS___________WOWOWOWO__SNSN__________WOWOWOWOW__S__OWOWOWOWOWOWOW__________OWOWOWOW_WOWOWOWO_______
16 15 WOWOWOWOWOWOWOWOWOWOSNSN_________________________W_WOWOWO_SNSN___________W_WOWOWO__S__WOWOWOWOWOWOW__________OWOWOWOW___WOWOWOWO______
16 16 OWOWOWOWOWOWOWOWOWOWSNSNSNSNSNSNSNSNS_______________WOWOW_SNSN______________WOWOWO_S__OWOWOWOWOWOW________S_OWOWOWOW_____WOWOWOWS_O_O_
16 17 WOWOWOWOWOWOWOWOWOWOSNSN_____________________________W_WO_SNSN_______________W_WOWOS__WOWOWOWOWOW_________S_WOWOWOW_______WOWOWOS_WOWO
16 18 OWOWOWOWOWOWOWOWOWOWSNSNSNSNSNSNSNSNS___________________WOSNSN__________________WOWS__OWOWOWOWOW__________S_OWOWOW_________WOWOWS_OWOW
16 19 W_W_W_W_W_W_W_W_W_W_SNSN_________________________________WSNSN___________________W_S__W_W_W_W_W___________S_W_W_W___________W_W_S_W_W_
17 0 _____________________SN____________________________________SN_______________________SN_____________________SO_O_O________________SO_O_
17 1 _____________________SNSNSNSNSNSNSNSNS__________________O__SN_______________________SN_____________________SWOWOWO_______________SWOWO
17 2 _____________________SN________________________________OWO_SN__________________O____SN_____________________SOWOWOWO______________SOWOW
17 3 _____________________SNSNSNSNSNSNSNSNS______________O_OWOW_SN_________________OWO___SN_____________________SWOWOWOWO_____________SW_W_
17 4 _____________________SN____________________________OWOWOW__SN______________O_OWOW___SN_______________________WOWOWOW__________________
17 5 _____________________SNSNSNSNSNSNSNSNS__________O_OWOWOW___SN_____________OWOWOW____SN________________________WOWOWO__________________
17 6 _____________________SN________________________OWOWOWOWO___SN__________O_OWOWOW_____SN_________________________WOWOW__________________
17 7 _____________________SNSNSNSNSNSNSNSNS______O_OWOWOWOWOW___SN_________OWOWOWOWO_____SN__________________________W_W___________________
17 8 _____________________SN____________________OWOWOWOWOWOW____SN______O_OWOWOWOWOW_______________________________________________________
17 9 _____________________SNSNSNSNSNSNSNSNS__O_OWOWOWOWOWOW_____SN_____OWOWOWOWOWOW________________________________________________________
17 10 ____________________NSNSNSNSNSNSNSNSNS_OWOWOWOWOWOWOWO____NSN__O_OWOWOWOWOWOW_________________________________________________________
17 11 ____________________NSN________________WOWOWOWOWOWOWOW____NSN__WOWOWOWOWOWOWO_________________________________________________________
17 12 ____________________NSNSNSNSNSNSNSNSNS_OWOWOWOWOWOWOW_____NSN__OWOWOWOWOWOWOW______NS___________________________O_O___________________
17 13 ____________________NSN________________WOWOWOWOWOWOW______NSN__WOWOWOWOWOWOW_______NS__________________________OWOWO__________________
17 14 ____________________NSNSNSNSNSNSNSNSNS_OWOWOWOWOWOWO______NSN__OWOWOWOWOWOW________NS_________________________OWOWOW__________________
17 15 ____________________NSN________________WOWOWOWOWOWOW______NSN__WOWOWOWOWOWO________NS________________________OWOWOWO__________________
17 16 ____________________NSNSNSNSNSNSNSNSNS_OWOWOWOWOWOW_______NSN__OWOWOWOWOWOW________NS_____________________N_OWOWOWOW____________N_O_O_
17 17 ____________________NSN________________WOWOWOWOWOW________NSN__WOWOWOWOWOW_________NS_____________________N_WOWOWOW_____________N_WOWO
17 18 ____________________NSNSNSNSNSNSNSNSNS_OWOWOWOWOWO________NSN__OWOWOWOWOW__________NS_____________________N_OWOWOW______________N_OWOW
17 19 ____________________NSN________________W_W_W_W_W_W________NSN__W_W_W_W_W___________NS_____________________N_W_W_W_______________N_W_W_
18 0 O_O_O_O_O_O_O_O_O_O__N_________________O_O_O_O_O___________N___O_O_O_O_O_O__________N_O_O_O_O_O____________NO_O_O___________O_O__NO_O_
18 1 WOWOWOWOWOWOWOWOWOWO_NSNSNSNSNSNSNSNSNSWOWOWOWOWO__________N___WOWOWOWOWOWO_________N_WOWOWOWOWO___________NWOWOWO_________OWOWO_NWOWO
18 2 OWOWOWOWOWOWOWOWOWOW_N_________________OWOWOWOWOWO_________N___OWOWOWOWOWOW_________N_OWOWOWOWOWO__________NOWOWOWO_______OWOWOW_NOWOW
18 3 WOWOWOWOWOWOWOWOWOWO_NSNSNSNSNSNSNSNSNSWOWOWOWOWOWO________N___WOWOWOWOWOWO_________N_WOWOWOWOWOWO_________NWOWOWOWO_____OWOWOWO_NW_W_
18 4 OWOWOWOWOWOWOWOWOWOW_N_________________OWOWOWOWOWOW________N___OWOWOWOWOWOWO________N_OWOWOWOWOWOWO__________WOWOWOWO___OWOWOWOW______
18 5 WOWOWOWOWOWOWOWOWOWO_NSNSNSNSNSNSNSNSNSWOWOWOWOWOWO________N___WOWOWOWOWOWOWO_______N_WOWOWOWOWOWOWO__________WOWOWOWO_OWOWOWOW_______
18 6 OWOWOWOWOWOWOWOWOWOW_N_________________OWOWOWOWOWOWO_______N___OWOWOWOWOWOWOW_______N_OWOWOWOWOWOWOWO__________WOWOWOWOWOWOWOW________
18 7 WOWOWOWOWOWOWOWOWOWO_NSNSNSNSNSNSNSNSNSWOWOWOWOWOWOWO______N___WOWOWOWOWOWOWO_______N_WOWOWOWOWOWOWOWO__________WOWOWOWOWOWOW_________
18 8 OWOWOWOWOWOWOWOWOWOW_N_________________OWOWOWOWOWOWOW______N___OWOWOWOWOWOWOWO_________WOWOWOWOWOWOWOW___________WOWOWOWOWOW__________
18 9 WOWOWOWOWOWOWOWOWOWO_NSNSNSNSNSNSNSNSNSWOWOWOWOWOWOWO______N___WOWOWOWOWOWOWOWO_________WOWOWOWOWOWOWO____________WOWOWOWOW___________
18 10 OWOWOWOWOWOWOWOWOWOWSNSNSNSNSNSNSNSNSNS_WOWOWOWOWOWOWO____SN____WOWOWOWOWOWOWOW__________WOWOWOWOWOWOW____________OWOWOWOWO___________
18 11 WOWOWOWOWOWOWOWOWOWOSN___________________W_WOWOWOWOWOWO___SN_____W_WOWOWOWOWOWO___________WOWOWOWOWOWO___________OWOWOWOWOWO__________
18 12 OWOWOWOWOWOWOWOWOWOWSNSNSNSNSNSNSNSNSNS_____WOWOWOWOWOW___SN________WOWOWOWOWOWO___SN______WOWOWOWOWOWO___S_O_O_OWOWOWOWOWOWO_________
18 13 WOWOWOWOWOWOWOWOWOWOSN_______________________W_WOWOWOWO___SN_________W_WOWOWOWOWO__SN_______WOWOWOWOWOWO__S_WOWOWOWOWOWOWOWOWO________
18 14 OWOWOWOWOWOWOWOWOWOWSNSNSNSNSNSNSNSNSNS_________WOWOWOWO__SN____________WOWOWOWOW__SN________WOWOWOWOWOWO_S_OWOWOWOWOW_WOWOWOWO_______
18 15 WOWOWOWOWOWOWOWOWOWOSN___________________________W_WOWOWO_SN_____________W_WOWOWO__SN_________W_W_WOWOWOWOS_WOWOWOWOW___WOWOWOWO______
18 16 OWOWOWOWOWOWOWOWOWOWSNSNSNSNSNSNSNSNSNS_____________WOWOW_SN________________WOWOWO_SN______________WOWOWOWS_OWOWOWOW_____WOWOWOWS_O_O_
18 17 WOWOWOWOWOWOWOWOWOWOSN_______________________________W_WO_SN_________________W_WOWOSN_______________WOWOWOS_WOWOWOWO______WOWOWOS_WOWO
18 18 OWOWOWOWOWOWOWOWOWOWSNSNSNSNSNSNSNSNSNS_________________WOSN____________________WOWSN________________WOWOWS_OWOWOWOW_______WOWOWS_OWOW
18 19 W_W_W_W_W_W_W_W_W_W_SN___________________________________WSN_____________________W_SN_________________W_W_S_W_W_W_W_________W_W_S_W_W_
19 0 ______________________________________________________________________________________________________________________________________
19 1 ______________________N_N_N_N_N_N_N_N_N_________________O_____________________________________________________________________________
19 2 _______________________________________________________OWO_____________________O______________________________________________________
19 3 ______________________N_N_N_N_N_N_N_N_N_____________O_OWOW____________________OWO_____________________________________________________
19 4 ___________________________________________________OWOWOW__________________O_OWOW_________________O_O_________________________________
19 5 ______________________N_N_N_N_N_N_N_N_N_________O_OWOWOW__________________OWOWOW_________________OWOWO________________________________
19 6 _______________________________________________OWOWOWOWO_______________O_OWOWOW_________________OWOWOW________________________________
19 7 ______________________N_N_N_N_N_N_N_N_N_____O_OWOWOWOWOW______________OWOWOWOWO________________OWOWOWO________________________________
19 8 ___________________________________________OWOWOWOWOWOW____________O_OWOWOWOWOW___________O_O_OWOWOWOW__________O_O_O_O_______________
19 9 ______________________N_N_N_N_N_N_N_N_N_O_OWOWOWOWOWOW____________OWOWOWOWOWOW___________OWOWOWOWOWOW__________OWOWOWOWO______________
19 10 ____________________N_N_N_N_N_N_N_N_N_NOWOWOWOWOWOWOWO____N____O_OWOWOWOWOWOW___________OWOWOWOWOWOW__________OWOWOWOWOW______________
19 11 ____________________N__________________WOWOWOWOWOWOWOW____N____WOWOWOWOWOWOWO__________OWOWOWOWOWOW__________OWOWOWOWOWO______________
19 12 ____________________N_N_N_N_N_N_N_N_N_NOWOWOWOWOWOWOW_____N____OWOWOWOWOWOWOW______N__OWOWOWOWOWOW________N_OWOWOWOWOWOW______________
19 13 ____________________N__________________WOWOWOWOWOWOW______N____WOWOWOWOWOWOW_______N__WOWOWOWOWOWO________N_WOWOWOWOWOWO______________
19 14 ____________________N_N_N_N_N_N_N_N_N_NOWOWOWOWOWOWO______N____OWOWOWOWOWOW________N__OWOWOWOWOWOW________N_OWOWOWOWOWOW______________
19 15 ____________________N__________________WOWOWOWOWOWOW______N____WOWOWOWOWOWO________N__WOWOWOWOWOWO________N_WOWOWOWOWOWO______________
19 16 ____________________N_N_N_N_N_N_N_N_N_NOWOWOWOWOWOW_______N____OWOWOWOWOWOW________N__OWOWOWOWOWOW________N_OWOWOWOWOWOW________N_O_O_
19 17 ____________________N__________________WOWOWOWOWOW________N____WOWOWOWOWOW_________N__WOWOWOWOWOW_________N_WOWOWOWOWOW_________N_WOWO
19 18 ____________________N_N_N_N_N_N_N_N_N_NOWOWOWOWOWO________N____OWOWOWOWOW__________N__OWOWOWOWOW__________N_OWOWOWOWOW__________N_OWOW
19 19 ____________________N__________________W_W_W_W_W_W________N____W_W_W_W_W___________N__W_W_W_W_W___________N_W_W_W_W_W___________N_W_W_