0 0 O_O_O_O_O___S_S_S_S________O____________________________
0 1 WOWOWOWOWO________________OW____________________________
0 2 OWOWOWOWOW__S_S_S_S____O_OW__________O__________________
0 3 WOWOWOWOWO____________OWOWO_________OWO_________________
0 4 OWOWOWOWOW__S_S_S_SO_OWOWOW______O_OWOW______O_O________
0 5 WOWOWOWOWOS_S_S_S_SWOWOWOW______OWOWOW______OWOWO_______
0 6 OWOWOWOWOWS________OWOWOW___S__OWOWOW____S_OWOWOW_______
0 7 WOWOWOWOWOS_S_S_S_SWOWOWO___S__WOWOWO____S_WOWOWO_______
0 8 OWOWOWOWOWS________OWOWOW___S__OWOWOW____S_OWOWOW____S_O
0 9 W_W_W_W_W_S_S_S_S_SW_W_W____S__W_W_W_____S_W_W_W_____S_W
1 0 ___________SNSNSNSNO_O_O_____S_O_O_O______SO_O_____O__SO
1 1 ___________S_______WOWOWO____S_WOWOWO_____SWOWO___OWO_SW
1 2 ___________SNSNSNSNOWOWOWO___S_OWOWOWO______WOWO_OWOW___
1 3 ___________S_______WOWOWOW___S_WOWOWOWO______WOWOWOW____
1 4 ___________SNSNSNSN_WOWOWO______WOWOWOW_______WOWOW_____
1 5 __________NSNSNSNSN__WOWOWO______WOWOWO_______OWOWO_____
1 6 __________NS__________W_WOWONS____WOWOWO_N_O_OWOWOWO____
1 7 __________NSNSNSNSN______WOWNS_____W_WOWON_WOWOW_WOWO___
1 8 __________NS______________W_NS________WOWN_OWOW___WOWN_O
1 9 __________NSNSNSNSN_________NS_________W_N_W_W_____W_N_W
2 0 O_O_O_O_O__NSNSNSN_________O_NS___________NO_O________NO
2 1 WOWOWOWOWO_NS_____________OW_NS___________NWOWO_______NW
2 2 OWOWOWOWOW_NSNSNSN_____O_OW__NS_____________WOW_________
2 3 WOWOWOWOWO_NS_________OWOWO__NS______________W__________
2 4 OWOWOWOWOW_NSNSNSN_O_OWOWOW_____________________________
2 5 WOWOWOWOWOSNSNSNSN_WOWOWOW______________________________
2 6 OWOWOWOWOWSNS______OWOWOW___SN_______________O__________
2 7 WOWOWOWOWOSNSNSNSN_WOWOWO___SN______________OWO_________
2 8 OWOWOWOWOWSNS______OWOWOW___SN___________S_OWOW______S_O
2 9 W_W_W_W_W_SNSNSNSN_W_W_W____SN___________S_W_W_______S_W
3 0 ___________SNSNSN__O_O_O_____SN________O__SO_O_____O__SO
3 1 ___________SNS_____WOWOWO____SN_______OWO_SWOWO___OWO_SW
3 2 ___________SNSNSN__OWOWOWO___SN____O_OWOW_SOWOWO_OWOW___
3 3 ___________SNS_____WOWOWOW___SN___OWOWOW__SW_WOWOWOW____
3 4 ___________SNSNSN___WOWOWO_______OWOWOW_______WOWOW_____
3 5 __________NSNSNSN____WOWOWO_____OWOWOWO_______OWOWO_____
3 6 __________NSNS________W_WOWON__OWOWOWOW______OWOWOWO____
3 7 __________NSNSNSN________WOWN__WOWOWOW______OWOW_WOWO___
3 8 __________NSNS____________W_N__OWOWOW____N_OWOW___WOWN_O
3 9 __________NSNSNSN___________N__W_W_W_____N_W_W_____W_N_W
4 0 O_O_O_O_O__NSNSN___________O_N_O_O_O______NO_O_O______NO
4 1 WOWOWOWOWO_NSNS___________OW_N_WOWOWO_____NWOWOWO_____NW
4 2 OWOWOWOWOW_NSNSN_______O_OW__N_OWOWOW_____NOWOWOW_______
4 3 WOWOWOWOWO_NSNS_______OWOWO__N_WOWOWO_____NWOWOWO_______
4 4 OWOWOWOWOW_NSNSN___O_OWOWOW_____WOWOWO______WOWOW_______
4 5 WOWOWOWOWOSNSNSN___WOWOWOW_______W_WOWO______W_W________
4 6 OWOWOWOWOWSNSNS____OWOWOW___________WOW_________________
4 7 WOWOWOWOWOSNSNSN___WOWOWO____________W__________________
4 8 OWOWOWOWOWSNSNS____OWOWOW_______________________________
4 9 W_W_W_W_W_SNSNSN___W_W_W________________________________
5 0 ___________SNSN______________S_O_O_O______SO_O_O______SO
5 1 ___________SNSNS__________O__S_WOWOWO_____SWOWOWO_____SW
5 2 ___________SNSN__________OWO_S_OWOWOW_____SOWOWOW_______
5 3 ___________SNSNS______O_OWOW_S_WOWOWO_____SWOWOWO_______
5 4 ___________SNSN______OWOWOW_____WOWOWO______WOWOW_______
5 5 __________NSNSN_____OWOWOW_______W_WOWO______W_W________
5 6 __________NSNSNS___OWOWOWO__________WOW_________________
5 7 __________NSNSN____WOWOWOW___________W__________________
5 8 __________NSNSNS___OWOWOW_______________________________
5 9 __________NSNSN____W_W_W________________________________
6 0 O_O_O_O_O__NSN_____O_O_O_____NS________O__NO_O_____O__NO
6 1 WOWOWOWOWO_NSNSNS__WOWOWO____NS_______OWO_NWOWO___OWO_NW
6 2 OWOWOWOWOW_NSN_____OWOWOW____NS____O_OWOW_NOWOWO_OWOW___
6 3 WOWOWOWOWO_NSNSNS__WOWOWO____NS___OWOWOW__NW_WOWOWOW____
6 4 OWOWOWOWOW_NSN_____OWOWOWO_______OWOWOW_______WOWOW_____
6 5 WOWOWOWOWOSNSN_____W_WOWOWO_____OWOWOWO_______OWOWO_____
6 6 OWOWOWOWOWSNSNSNS_____WOWOW_S__OWOWOWOW______OWOWOWO____
6 7 WOWOWOWOWOSNSN_________W_WO_S__WOWOWOW______OWOW_WOWO___
6 8 OWOWOWOWOWSNSNSNS_________WOS__OWOWOW____S_OWOW___WOWS_O
6 9 W_W_W_W_W_SNSN_____________WS__W_W_W_____S_W_W_____W_S_W
7 0 ___________SN________________SN___________SO_O________SO
7 1 ___________SNSNSNS________O__SN___________SWOWO_______SW
7 2 ___________SN____________OWO_SN_____________WOW_________
7 3 ___________SNSNSNS____O_OWOW_SN______________W__________
7 4 ___________SN________OWOWOW_____________________________
7 5 __________NSN_______OWOWOW______________________________
7 6 __________NSNSNSNS_OWOWOWO__NS_______________O__________
7 7 __________NSN______WOWOWOW__NS______________OWO_________
7 8 __________NSNSNSNS_OWOWOW___NS___________N_OWOW______N_O
7 9 __________NSN______W_W_W____NS___________N_W_W_______N_W
8 0 O_O_O_O_O__N_______O_O_O_____N_O_O_O______NO_O_____O__NO
8 1 WOWOWOWOWO_NSNSNSNSWOWOWO____N_WOWOWO_____NWOWO___OWO_NW
8 2 OWOWOWOWOW_N_______OWOWOW____N_OWOWOWO______WOWO_OWOW___
8 3 WOWOWOWOWO_NSNSNSNSWOWOWO____N_WOWOWOWO______WOWOWOW____
8 4 OWOWOWOWOW_N_______OWOWOWO______WOWOWOW_______WOWOW_____
8 5 WOWOWOWOWOSN_______W_WOWOWO______WOWOWO_______OWOWO_____
8 6 OWOWOWOWOWSNSNSNSNS___WOWOW_SN____WOWOWO_S_O_OWOWOWO____
8 7 WOWOWOWOWOSN___________W_WO_SN_____W_WOWOS_WOWOW_WOWO___
8 8 OWOWOWOWOWSNSNSNSNS_______WOSN________WOWS_OWOW___WOWS_O
8 9 W_W_W_W_W_SN_______________WSN_________W_S_W_W_____W_S_W
9 0 ________________________________________________________
9 1 ____________N_N_N_N_______O_____________________________
9 2 _________________________OWO_________O__________________
9 3 ____________N_N_N_N___O_OWOW________OWO_________________
9 4 _____________________OWOWOW______O_OWOW______O_O________
9 5 __________N_________OWOWOW______OWOWOW______OWOWO_______
9 6 __________N_N_N_N_NOWOWOWO__N__OWOWOW____N_OWOWOW_______
9 7 __________N________WOWOWOW__N__WOWOWO____N_WOWOWO_______
9 8 __________N_N_N_N_NOWOWOW___N__OWOWOW____N_OWOWOW____N_O
9 9 __________N________W_W_W____N__W_W_W_____N_W_W_W_____N_W