0 0 _O___SO_O_SO_O_O__S____O__________________________
0 1 SWS_O_WSWO_WSWOWSO__O__WO___O_____________________
0 2 _O__WSO_OW_O_OWO_WS_W___W_O_W_____________________
0 3 SWS_O_WSWO_WSWOW_O______O_WSO_____________________
0 4 _O_SWSO_OW_O_OWO_WS____OW_O_WO____________________
0 5 SWS_O_WSWO_WSW_W_O__O__WO_W__WO___________________
0 6 _O_SWSO_OW_O___O_WS_W___W_O___WO__________________
0 7 SWS_O_WSW__WS_OW_O________WSO__WSO________________
0 8 _O_SWSO____O_OWO_W__________WO___WO_______________
0 9 SWS_S_W__S_WSW_WS____________WS___WS______________
1 0 ____SN_SOSN_SOSOS_N____OS_____S_S_OS_S_O__O_______
1 1 N_N__S_NW_S_NWOWN______WOS__O_____WO___W_OW_______
1 2 _____N_SO___S_WOS_NS___OW___WO__S_OW___O_WO_______
1 3 N_N__S_NW_S_N__W__S__S_WOS_N_W____WO_O_W__W_______
1 4 __SN_N_SO___S___S_NS___OW__S_______WOW____________
1 5 N_NS_S_NW_S_N_____S__S_WOS_________OW_____________
1 6 __SN_N_SO___S___S_NS____W__S_O____OW______________
1 7 N_NS_S_NW_S_N_____S_____O__N_W__N_W_______________
1 8 __SN_N_SO___S__________OW______O____O_____________
1 9 N_NSN___WNS_N___N______W______NW___NW_____________
2 0 _O__NS_NONS_NONON_S_____N____ONON_ONON____________
2 1 SWS_ON_SWON_SWOWS___O_O_ON_SOWOW_OWOWO____________
2 2 _O__WSONOWSONOWON_SNWSWOW_O_WOWONWOWOW____________
2 3 SWS_ONWSWONWSWOWSONSONOWONWSOWOWSOWOWO____________
2 4 _ONSWSONOWSONOWONWSNWSWOW_ONWOWO_WOWOW____________
2 5 SWSNONWSWONWSWOWSONSONOWONWSOWOWSOWOWO____________
2 6 _ONSWSONOWSONOWONWSNWSWOWSONWOWO_WOWOWSO__________
2 7 SWSNONWSWONWSWOWSONSO__WO_WSOWOWSOWOWO_WSO________
2 8 _ONSWSONOWSONOWO_WS_W__OWSO_WOWO_WOWOWSO_WO_______
2 9 SWSNS_WSWSNWSW_WS______W__WS_W_WS_WSWS_W__W_______
3 0 ____SN_SOSN_SOSOS_NS___OS___S_S_S_OS_S____O__S_SOS
3 1 N_N__S_NW_S_NWOWN______W_S_NO_____WO__S__OW____OWO
3 2 _____N_SO_N_SOWOS_NS_N_____SW______WO___SWO_O_OW_W
3 3 N_N__S_NW_S_NW_WN_SN_S___S_N__O_N___W_S__OWOWOW___
3 4 __SN_N_SO_N_SO__S_NS_N_____S_OW_S_O_____SWOWOW____
3 5 N_NS_S_NW_S_NW__N_SN_S___S_N_W__N_WO_____OWOWO____
3 6 __SN_N_SO_N_SO__S_NS_N___N_S_O__S_OWO_N_SWOWOWO___
3 7 N_NS_S_NW_S_NW__N_SN_____S_N_WO_N_W_WO__NOW_WOWO__
3 8 __SN_N_SO_N_S_____N______N____W___O__WN__WO__W_W__
3 9 N_NSN__NWNS_N___N_S__S_____N____N_WN_N____W_______
4 0 _O__NS_NONS_NONON_SN___ON_O_NONON_ONON_O__O_ONON_N
4 1 SWS_ON_SWON_SWOWSO__O_OWONW_OWOW_OWOWONW_OWOWOW___
4 2 _O__WSONOWSONOWONWSNWSWOW_ONWOWO_WOWOW_ONWOWOW____
4 3 SWS_ONWSWONWSWOWSONS_NOWONWS_WOW_OWOWONWSOWOWO____
4 4 _ONSWSONOWSONOWONWSN_SWOWSON_OWONWOWOWSONWOWOW____
4 5 SWSNONWSWONWSWOWSONS_NOWONWS_WOWSOWOWO_WSOWOW_____
4 6 _ONSWSONOWSONOWONWSN_SWOWSON_OWONWOWOWSONWOWO_____
4 7 SWSNONWSWONWSWOWSONSO__WONWSOWOWSOWOWO_WSOWOWO____
4 8 _ONSWSONOWS_NOWO_W__WS_OWSO_WOWO_WOWOWSO_WOWOWO___
4 9 SWSNS_WSWSN_SWSWS_NS_N_WS_WS_WSWS_WSWS_W__W_WSWS__
5 0 ____SN_SOSN_SOSOS_N____OS___S_S_S_OS_S____O__SO_O_
5 1 N_N__S_NW_S_NW_WN______W_S____O___W__OS__OW__OWOW_
5 2 _____N_SO_N_SO__S_NS_N_____S_OW_S_O_OW__SWO_OWOW__
5 3 N_N__S_NW_S_NW__N_SN_SO__S_N_W____WOW_S_NOWOWOWO__
5 4 __SN_N_SO_N_SO__S_NS_NW__N_S_O__S_OW__N_SWOWOWOW__
5 5 N_NS_S_NW_S_NW__N_SN_SO____N_WO_N_WO____NOWOWOW___
5 6 __SN_N_SO_N_SO__S_NS_NWO_N_S__W___OWO_N__WOWOWO___
5 7 N_NS_S_NW_S_NWO_N_SN_S_W___NO___N_W_WO__NOW_W_WO_O
5 8 __SN_N_SO_N_SOWOS____N___N_SW_____O__WN__WO___OWOW
5 9 N_NSN__NWNS_NWNWN_SN____N__N__N_N_WN_N____W__NWNW_
6 0 _O__NS_NON_ONONON_S____ONSO_NONON_ONON_O__O_ON____
6 1 SWS_ON_SWONWSWOW_O_____WONW_OWOW_OWOWONW_OWOWO____
6 2 _O__WSONOWSONOWONWSN___OW_ONWOWONWOWOW_ONWOWOWO___
6 3 SWS_ONWSWONWSWOWSONS_N_WONWS_WOW_OWOWONW_OWOWOW___
6 4 _ONSWSONOWSONOWONWSN___OWSON_OWONWOWOW_ONWOWOW____
6 5 SWSNONWSWONWSWOWSONS_NOWO_WS_WOWSOWOWO_WSOWOWO____
6 6 _ONSWSONOWSONOWONWSN_SWOWSON_OWO_WOWOWSO_WOWOW____
6 7 SWSNONWSWONWSWOWS_NSON_WO_W_OWOWSOWOWO_WSOWOWO____
6 8 _ONSWSONOWS_NOWON_S_WS__WS_NWOWO_WOWOWSO_WOWOWO___
6 9 SWSNS_WSWSN_SWSWS_NS____S____WSWS_W_WS_W__W_WSWS__
7 0 ____SN______S___S_N____OSN__S_SOS_OS_S_O__________
7 1 N_N__S_N__S_N__________WO______W__WO___W_O________
7 2 _____N_SO_N_SO__S_N_____W_______S_OW_____WO_______
7 3 N_N__S_NW_S_NW__N_SN_S___S_N______WO______W_______
7 4 __SN_N_SO_N_SO__S_N______N_S_O__S_OW________O_____
7 5 N_NS_S_NW_S_NW__N_SN_S___S_N_WO_N_W_____NO_OW_____
7 6 __SN_N_SO_N_SO__S_N__N_O_N_S_OWO__O___N__WOW______
7 7 N_NS_S_NW_S_NWO_N_SN_S_WO___OW_WN_W_____NOW_______
7 8 __SN_N_S__N_S_WOS_N__N_OWN_SW_________N__WO___O___
7 9 N_NSN__N_NS_N_NWN_SN_S_WN_____N_N____N____W__NWN__
8 0 _O__N_O____ON__ON______ON_O_NONON_ONON____________
8 1 SWS_ONW__ONW__OW_O_____WO_W_OWOW_OWOW_____________
8 2 _O__WSONOWSONOWONW_____OW_O_WOWONWOW______________
8 3 SWS_ONWSWONWSWOWSON_ONOWONW_OWOW_OW_______________
8 4 _ON_WSONOWSONOWONWS_WSWOWSONWOWONW________________
8 5 SWSNONWSWONWSWOWSON_ONOWONWSOWOW_O________________
8 6 _ON_WSONOWSONOWONWS_WSWOW_ONWOWO_WO_______________
8 7 SWSNONWSWONWSWOWSONSONOWO_W_OWOWSOWO______________
8 8 _ON_WSONOWSONOWONWS_WSWOWSONWOWO_WOWO_____________
8 9 SWSN__WSWSNWSWSWS_NS_NSWS_W__W_WS_WSWS____________
9 0 __________________________________________________
9 1 N_N_______________________________________________
9 2 _____N____N_______________________________________
9 3 N_N____N____N_O_N_________________________________
9 4 _____N____N___W___N__N_O_N________________________
9 5 N_N____N____N_O_N______WO__N_______O______________
9 6 _____N____N___W___N__N__W_________OW______________
9 7 N_N____N____N___N__N________O___N_WO_____O________
9 8 _____N____N_______N__N___NO_WO____OW___O_W________
9 9 N_N____N_N__N_N_N__N__N_N_W__W__N_WN_N_W__________