0 0 _O___SO_O_SO_O_O__S_O___O____O__O_______O____O___O_O_________________________________________________________________
0 1 SWS_O_WSWO_WSWOWSO__WS_OW_O__WO_WS__SO__W_O__W_O_WOWO_O______________________________________________________________
0 2 _O__WSO_OW_O_OWO_WS_O__WO_WS_OW_O____W__O_W__O_W_OWOWOW______________________________________________________________
0 3 SWS_O_WSWO_WSWOW_O__WS_OW_O__WO_WS__SO__WSO__W_O_WOWOWO______________________________________________________________
0 4 _O__WSO_OW_O_OWO_WS_O__WO_WS_OW_O____W__O_WS_O_WSOWOWOW______________________________________________________________
0 5 SWS_O_WSWO_WSWOW_O__WS_OW_O__WO_WS__SO__WSO__W_O_WOWOWO______________________________________________________________
0 6 _O__WSO_OW_O_OWO_WS_O__WO_WS_OW_O__O_W__O_WS_O_WSOWOWOWO_____________________________________________________________
0 7 SWS_O_WSWO_WSWOW_O__WS_OW_O__WO_WS_WS__SWS___WSO_WOWOWOWO____________________________________________________________
0 8 _O__WSO_OW_O_OWO_WS_O__WO_WS_OW_O_____S_O____O_WSOWOWOWOWO_______________O___________________________________________
0 9 SWS_O_WSWO_WSWOW_O__WS_OW_O_OWO_WS___O__W_O__W_O_WOWOWOWOWO____________O_W___________________________________________
0 10 _O_SWSO_OW_O_OWO_WS_O__WO_WSW_W_O__O_W__O_W__O_W__WOWOWOWOWO__________OW_____________________________________________
0 11 SWS_O_WSWO_WSWOW_O__WS_OW_O___O_WS_WS__SWS___W_____WOWOWOWOW_________OW______________________________________________
0 12 _O_SWSO_OW_O_OWO_WS___OWO_WS_OW_O_____S_____________WOWOWOWO________OW_______________________________________________
0 13 SWS_O_WSWO_WSWOW_O___SW_W_O_OWO_W________S___________WOWOWOWSO___O__W________________________________________________
0 14 _O_SWSO_OW_O_OWO_WS_O___O_WSW_WSO__________S__________WOWOWO_WSO_W___________________________________________________
0 15 SWS_O_WSWO_WSW_W_O__W__OW_O_____WS___O________S________WOWOWSO_W_O___________________________________________________
0 16 _O_SWSO_OW_O___O_WS___OWO_W__________WS_O_______S_______WOWO_WSO_W__O________________________________________________
0 17 SWS_O_WSW__WS_OW_O___SW_WSO___O______O__WSO___________O__WOWSO_W_O__WO_______________________________________________
0 18 _O_SWSO____O_OWO_W________WS_OWS_____W____WS_O_______OW__OWO_WSO_W__OWO______________________________________________
0 19 SWS_S_W__S_WSW_WS________S___WS__S___________WS_____SW__SW_WS__W____WSWS_____________________________________________
1 0 ____SN_SOSN_SOSOS_NSOS_SOS__SOS__S__S__________S__S_SOSOSOSOS__O____O_O_____S__S____OS_OS____________________________
1 1 N_N__S_NW_S_NWOWN_S_WN_OW__S_WOS_NS_NOS______________WOWOWOW___W_O__WOW_S_________OSW_OW_O___________________________
1 2 _____N_SO___S_WOS_NSOS_WOS_N_OW__S__SW___S___OS__O____WOWOWOS__O_W__OWO_________OSW_O_WO_W___________________________
1 3 N_N__S_NW_S_N__W__S_WN_OW__SOWOS_NS_NOS__N___W___WO____WOWOW___W_O__WOWO_______OW_O_W_OW_____________________________
1 4 _____N_SO___S___S_NSO__WOS_NW_W__S__SW___S_N_OS_N_W_____W_WOS__O_W__OWOW_O____OWO_W_O_W______________________________
1 5 N_N__S_NW_S_N_____S_WN_OW__SO__S_NS_NOS__N___W_____________W___W_O__WOWO_W__O_WOW_O_W________________________________
1 6 _____N_SO___S___S_NSO__WOS_NW____S___W___S_N__S_N___________S__O_W__OWOW_O__W_OWO_W__________________________________
1 7 N_N__S_NW_S_N_____S_WN_OW__SO__S_NS_NOSN_N_S__N_S_____________SW_O__WOWO_W__O_WOW_O__________________________________
1 8 _____N_SO___S___S_NSO__WOS_NW____S__SWN_O_______N___________S____W___WOW_O__W_OWO_W__________________________________
1 9 N_N__S_NW_S_N_____S_WN_OW__SO__S_NS__OS_W_O_____S____________________OWO_W__O_WOW____________________________________
1 10 __SN_N_SO___S___S_NSO__WOS_NW____S__SW____W__O______________________OWOW_O__W_OWO____________________________________
1 11 N_NS_S_NW_S_N_____S_WN_OW__SO__S_NS_NOSN_N_S_W_O_________________O__WOWO_W__O_WOW_O__________________________________
1 12 __SN_N_SO___S___S_NSO__WOS_NW____S___WN_O______W_O_____________O_W__OWOW_O__W__WO_W_O________________________________
1 13 N_NS_S_NW_S_N_____S_WN_OW__SO__S_____O__WNO______WO_________N_SW_O__WOWO_W______W___W_O______________________________
1 14 __SN_N_SO___S___S_NSO__WOS_NW__N_S_O_W__O_WN_O____WO__________NO_W__OWOW______________W______________________________
1 15 N_NS_S_NW_S_N_____S_W___W_O___O__N_W____W_O__WNO___WO_______N_SW_O__WOW______________________________________________
1 16 __SN_N_SO___S___S_NSO___O_W__OW_______N___W____WNO__WO________NO_W__OW_______________________________________________
1 17 N_NS_S_NW_S_N_____S_WN_OWN___WO__________N_______WO__WO_____N__W_O__W________________________________________________
1 18 __SN_N_SO___S_______O__WO__N__WNO__________N______WO__WO______NO_W_______O___________________________________________
1 19 N_NSN___WNS_N___N___W___WN____N_WN____________N____WN__WN___N__W_____N_N_W___________________________________________
2 0 _O__NS_NONS_NONON_SN_NONON_SNONS_NSON___O____O_N_ONONONONONON_S_____O_O__O__N_ON_____N__N__O_________________________
2 1 SWS_ON_SWON_SWOWS_NS_SWOWS_NOWON_SNWS_NSW_O__W_O_WOWOWOWOWOWS____O__WOWONW__O_WO___N_______WO________________________
2 2 _O__WSONOWSONOWON_SN_NOWON_SWOWS_NSON_S_ONWS_ONW_OWOWOWOWOWON_S__W__OWOW_O__W_OW_N__________W________________________
2 3 SWS_ONWSWONWSWOWSONS_SWOWSONOWON_SNWS_NSW_O__W_O_WOWOWOWOWOW_O___O__WOWO_W__O_WO__O___O______________________________
2 4 _O__WSONOWSONOWONWSNO_OWONWSWOWSON_ON_S_ONWS_ONWSOWOWOWOWOWONWS__WS_OWOW_O__W_OWO_W_O_W______________________________
2 5 SWS_ONWSWONWSWOWSONSWSWOWSONOWONWSNWS_NSWSO__W_O_WOWOWOWOWOW_O___O__WOWO_W__O_WOW_O_W_O______________________________
2 6 _O__WSONOWSONOWONWSNO_OWONWSWOW_ON_O____ONWS_ONWSOWOWOWOWOWONWSO_WS_OWOWSO__W_OWO_W_O_WO_____________________________
2 7 SWS_ONWSWONWSWOWSONSWSWOWSONOWONWSNWS_NSWSONOW_ONWOWOWOWOWOWSONW_O__WOWO_WS_O_WOW_O_W_OW_O___________________________
2 8 _O__WSONOWSONOWONWSNO_OWONWSWOW_ON_ON___O_WSWO_WSOWOWOWOWOWONWSO_W__OWOW_O__WSOWO_W_O_WO_W_O_________________________
2 9 SWS_ONWSWONWSWOWSONSWSWOWSONOWONWSNWS_NSWSO__W_ONWOWOWOWOWOWSO_W_O__W_WO_WS_O_WOW_O_W_OW_O_WO________________________
2 10 _ONSWSONOWSONOWONWSNO_OWONWSWOW_ON_ON___O_WS_O_W_OWOWOWOWOWO_WSO_W__O_OWSO__WSOWO_W_O_WO_W_OWO_______________________
2 11 SWSNONWSWONWSWOWSONSWSWOWSONOWONWSNWS_NSWSON_W_O_WOWOWOWOWOWSO_W_O__WOWO_W__O_WOWSO_W_OW_O_WOW_______________________
2 12 _ONSWSONOWSONOWONWSNO_OWONWSWOW_ON_O____O_WS_O_W_OWOWOWOWOWO_WSO_W__OWOW_O__W_OWO_WSO_WO_W_OWO_______________________
2 13 SWSNONWSWONWSWOWSONSWSWOWSONOWONWS_WSO__W_O__W_O_WOWOWOWOWOWSONW_O__WOWO_W__O_WOWSO_W_OW_O_WOW_O_____________________
2 14 _ONSWSONOWSONOWONWSNO_OWONWSWOW_ON___W__O_W__O_W_OWOWOWOWOWO_WSO_W__OWOW_O__W_OWO_WSO_WO_WSOWO_WO____________________
2 15 SWSNONWSWONWSWOWSONSWSWOWSO__WO_WS___O__W_O__W_O_WOWOWOWOWOWSONW_O__WOWO_W__O_WOWSO_W_OWSO_WOW_OWO___________________
2 16 _ONSWSONOWSONOWONWSNO_OWO_WS_OW_O____WS_O_W__O_W_OWOWOWOWOWO_WSO_W__OWOWSO__W_OWO_WSO_WO_WSOWO_WOW___________________
2 17 SWSNONWSWONWSWOWSONSWSWOWSO__WO_W____O__WSO__W_O_WOWOW_WOWOWSO_W_O__WOWO_WS_O_WOW_O_WSOWSO_WOWSOWO___________________
2 18 _ONSWSONOWSONOWO_WS_O__WO_WS_OWSO____WS_O_WS_O_W_OWOWO__W_WO_WSO_W__OWOWSO__W_OWO_W___WO_WSOWO_WOW___________________
2 19 SWSNS_WSWSNWSW_WS___W___W____WS_W_______WS___WS__WSWSW____SWS__W____WSWS_W____WSWS_____WS__W_WS_WS___________________
3 0 ____SN_SOSN_SOSOS_NSOSOSOS_NSOSN_SN_____O_________S___SOSOSOS_NO____O_______S__S__S_O___S__O__S__SOSOS_______________
3 1 N_N__S_NW_S_NWOWN_SNWNWOWN_SOWOS_NS_NOSNW______________WOWOWN__W_O__W__OS___OS_____SW_O___SWO_____W_WO_______________
3 2 _____N_SO_N_SOWOS_NSOS_WOS_NWOWN_SN_SWN__S_N_OS__O______W_WOS_NOSW____OW____W____S__O_WOS__OWO_______WO______________
3 3 N_N__S_NW_S_NW_WN_SNWN__WN_SOWOS_NS_NOSN_____W___WO________W___W_____OWO____________W_OW__SW_W________W______________
3 4 _____N_SO_N_SO__S_NSOSO__S_NW_WN_S__SWN__S_N_OS_NOW_________S_NOS_N_OWOW______________W_S_____S_O____________________
3 5 N_N__S_NW_S_NW__N_SNWNW__N_SO__S_NS_NOSN_N___W___W____________SW____WOW_S___O_____________S_____W____________________
3 6 _____N_SO_N_SO__S_NSOSO__S_NW____S___W___S_N__S_NO__________S_N_S_N_OW__N_SOW____S__O___S__O_________________________
3 7 N_N__S_NW_S_NW__N_SNWNW__N_SO__S_NS_NOSN_N_______W__________N_S_____W___S_NW_S_____SW____O_WO________________________
3 8 _____N_SO_N_SO__S_NSOSO__S_NW____S___W___S_N_OS_NO__________S_N_S___O________N___S__O__O_W__W________________________
3 9 N_N__S_NW_S_NW__N_SNWNW__N_SO__S_NS_NOSN_N___W___W__________N_S__O__W_____N________SW_OW_____________________________
3 10 __SN_N_SO_N_SO__S_NSOSO__S_NW____S___W___S_N_OS__O__________S_N_SW______N____N______O_W______________________________
3 11 N_NS_S_NW_S_NW__N_SNWNW__N_SO__S_NS_NOSN_N___W_O_WO_________N_S__O___O_O____O____N__W________________________________
3 12 __SN_N_SO_N_SO__S_NSOSO__S_NW____S___W___S_N_O_W_OWO_O________NO_W__OWOW_O__W______N_________________________________
3 13 N_NS_S_NW_S_NW__N_SNWNW__N_SO__S_NS_NO_____S_W_O_WOWOW______N_SW_O__WOWO_W_______N___________________________________
3 14 __SN_N_SO_N_SO__S_NSOSO__S_NW____S_OSW_________W_OWOWO________NO_W__OWOW___________NO_____NO_________________________
3 15 N_NS_S_NW_S_NW__N_SNWNW__N_SO__S_N_W__S_________SWOWOWO_O___N_SW_O__WOW__________N__W___N__W_________________________
3 16 __SN_N_SO_N_SO__S_NSO____S_NW____S____N__S________WOWOWOW_____NO_W__OW__N__________N______N_____O____________________
3 17 N_NS_S_NW_S_NW__N_SNWN___N_SO_________S__N_SO___S_OW_WOWO___N_SW_O__W_____N__________N__N_____N_W____________________
3 18 __SN_N_SO_N_S_____N__SO____NW__N____S_N__S_NW_____WO_OWOWO____NO_W______N___________O_____N_____O_O__________________
3 19 N_NSN__NWNS_N___N_S___W_______NS_________N____N___NWNW_W_WN_N_SW_____N_N_______N_N__W___N_____N_WNW__________________
4 0 _O__NS_NONS_NONON_SNONONON_SNONS_NS______________ON__ONONONON_S____________ON_ONO_N_O__ON__O_ON_ONONON_______________
4 1 SWS_ON_SWON_SWOWS_NSWSWOWS_NOWON_SN_S_NS_______O_W__OWOWOWOWS____O_O_O_ON_SWONWOW_ONW_OW_ONWOW_OWOWOW________________
4 2 _O__WSONOWSONOWON_SNONOWON_SWOWS_NS_N___ON_S_ONW___OWOWOWOWON_S_NWSWOWOW_O__W_OWONW_O_WONW_OWO_WOWOW_________________
4 3 SWS_ONWSWONWSWOWSONSWSWOWS_NOWON_SN_S_NSW___OW____OWOWOWOWOW_O___O_OWOWO_WS_O_WOW_O_W_OW_ONWOW_OWOWO_________________
4 4 _O__WSONOWSONOWONWSNONOWON_SWOWS_NS_N_S_ON_SWON_S_WOWOWOWOWONWS_NWSWOWOW_O__W_OWO_W_O_WONW_OWONWOWOW_________________
4 5 SWS_ONWSWONWSWOWSONSWSWOWSONOWON_SN_S_NSW_O_OW_O__OWOWOWOWOW_ON__O_OWOWONWS_O_WOW_O_W_OW_ONWOW_OWOWO_________________
4 6 _O__WSONOWSONOWONWSNONOWONWSWOWSON_O__S_ONWSWONWS_WOWOWOWOWONWS_NWSWOWOW_ON_W_OWONW_O_WONW_OWO_WOWOW_________________
4 7 SWS_ONWSWONWSWOWSONSWSWOWSONOWONWSNWS_NSWSO_OW_O__OWOWOWOWOW_ON__O_OWOWONW__ONWOW_ONW_OW_O_WOW_OWOW__________________
4 8 _O__WSONOWSONOWONWSNONOWONWSWOWSON_O____ONWSWONWS_WOWOWOWOWONWS_NWSWOWOW_O__W_OWONW_O_WO_W_OWO_WOWO__________________
4 9 SWS_ONWSWONWSWOWSONSWSWOWSONOWONWSNWS_NSWSO_OWSO__OWOWOWOWOWSON__O__WOWO_WS_O_WOW_ONW_OW_O_WOW_OWOW__________________
4 10 _ONSWSONOWSONOWONWSNONOWONWSWOWSON_O____ONWSWONWSOWOWOWOWOWONWS_NWS_OWOW_O__W_OWO_WSO_WO_W_OWO_WOWO__________________
4 11 SWSNONWSWONWSWOWSONSWSWOWSONOWONWSNWS_NSWSO_OWSO_WOWOWOWOWOWSON_SO__WOWO_WS_O_WOWSO_W_OW_O_WOW_OWOWO_________________
4 12 _ONSWSONOWSONOWONWSNONOWONWSWOWSON_O____ONWSWO_WSOWOWOWOWOWO_WS__W__OWOWSO__WSOWO_WSO_WO_WSOWO_WOWOW_________________
4 13 SWSNONWSWONWSWOWSONSWSWOWSONOWONWSNWS___W_ON_W_O_WOWOWOWOWOWSON_S___WOWO_WS_O_WOWSO_WSOW_O_WOW_OWOWO_________________
4 14 _ONSWSONOWSONOWONWSNONOWONWSWOWSON_ON_S_O_WS_O_WSOWOWOWOWOWO_WS_____OWOW_O__WSOWO_WSO_WO_W_OWO_WOWOWO________________
4 15 SWSNONWSWONWSWOWSONSWSWOWSONOWONWS_W_ON_WSO__WSONWOWOWOWOWOWSON_SO__WOWO_W__O_WOWSO_W_OWSO_WOWSOWOWOWO_______________
4 16 _ONSWSONOWSONOWONWSNO_OWONWSWOWSON___WS_ONWS_O_WSOWOWOWOWOWO_W___WS_OWOWSO__WSOWO_WSO_WO_WSOWO_WOWOWOWO______________
4 17 SWSNONWSWONWSWOWSONSWSWOWSONOWO_W_S_SON_WSONOWSONWOWOWOWOWOWSON__O__WOWO_WS_O_WOW_O_WSOWSO_WOW_OWOWOWOWO_____________
4 18 _ONSWSONOWS_NOWO_WS__NOWO_WSWOWSO__ONWS_ONWSWO_WSOWOWOWOWOWO_W___W__OWOWSO__W_OWO_WSO_WO_WSOWO_WOWOWOWOWO____________
4 19 SWSNS_WSWSN_SWSWS_NS__WSWS___WSNWS_WS___WS___W___WSWSWSWSWSWS_N_S___WSWS_W____WSWS__W__WS__W_WS_WSWSWSWSWS___________
5 0 ____SN_SOSN_SOSOS_NSOSOSOS_NSOSN_SN_S_____________S_S_SOSOSOS_NOS___OSOS______OS____OS__S_____S_OS_SOSOSOSOSOSOS_____
5 1 N_N__S_NW_S_NWOWN_SNWNWOWN_SOWOS_NS_N_SN____O__O_______WOWOWN__W____WOWOS_N_OSW___OSW_____S_____W___WOWOWOWOWOWO_____
5 2 _____N_SO_N_SOWOS_NSOSOWOS_NWOWN_SN_____OS_NWO_W___O___OWOWOS_NOS_N_OWOW____W___OSW_____S_____S_O____W_WOWOWOWOWO____
5 3 N_N__S_NW_S_NW_WN_SNWNWOWN_SOWOS_NS_NOSNW___OW____OWO_OW_WOW___W____WOWOS_N_O__OW_O_______S_____W_______WOWOWOWOWO___
5 4 _____N_SO_N_SO__S_NSOSOW_S_NWOWN_SN__WN__S_NWOS_NOWOWOW___WOS_NOS_N_OWOW____W_OWO_W_O___S_____S__________W_WOWOWOWO__
5 5 N_N__S_NW_S_NW__N_SNWNWO_N_SOW_S_NS_NOSN_____W___WOWOW_____W__SW____WOWOS_N_OSWOW_O_W_O_____________________WOWOWOW__
5 6 _____N_SO_N_SO__S_NSOSOW_S_NW__N_S___WN__S_N_OS_N_WOWO______S_NOS_N_OW_W____W_OWOSW_O_W______________________WOWOWO__
5 7 N_N__S_NW_S_NW__N_SNWNWO_N_SO__S_NS_N_SN_N_S_W__S_OW_W________SW____W___S____SWOW_O_W_________________________W_WOW__
5 8 _____N_SO_N_SO__S_NSOSOW_S_NW__N_S_______S_N__S_N_W_________S_N_S_N_O_____S____WOSW_O_________S_O________________W___
5 9 N_N__S_NW_S_NW__N_SNWNWO_N_SO__S_NS_N_SN_N_S__N_S_O_________N_S_____WO__S_N__S__W___W___________WO___________________
5 10 __SN_N_SO_N_SO__S_NSOSOW_S_NW__N_S__S__S_S_N__S_N_W_________S_N_S_N_OWO___S______S_N_____________W___________________
5 11 N_NS_S_NW_S_NW__N_SNWNWO_N_SO__S_NS_N_SN_N_S__N_S_O_________N_S_NOSOW_W_S_N______N_S______S__________________________
5 12 __SN_N_SO_N_SO__S_NSOSOW_S_NW__N_S__S__SOS_N_OS_N_W_________S_N__W_WO_O_N_SO_N_____N_S_OS_NO_________________________
5 13 N_NS_S_NW_S_NW__N_SNWNWO_N_SO__S_NS_N___W__SOW__S_O_________N_S_N_S_WOW___NWO__O_N_S_N_W___W_________________________
5 14 __SN_N_SO_N_SO__S_NSOSOW_S_NW__N_S_OS_NS___NW___N_W________O__N_____OWO___SOWNOWO__N_______O____O____________________
5 15 N_NS_S_NW_S_NW__N_SNWNWO_N_SO__S_N_W__S__N____N_S_O_______OWN_S_N_S_W_W____WO_W_WN______N__W__N_W________O___________
5 16 __SN_N_SO_N_SO__S_NSOSOW_S_NW__N_S_O__NS_S_N____N_W____O_OWOS__O__N_____N_S_WN_____N______N___________O_OWO__________
5 17 N_NS_S_NW_S_NWO_N_SNWNW__N_SO_____NWN_S__N_SO_N_______OWOWOWN_SW_O________N__________N__N____________OWOWOWO_________
5 18 __SN_N_SO_N_SOWOS_N__SO____NWO_N_S__S_N__S_NW___N____OWOWOWO___O_W______N__________NO_____N_____O_O_OWOWOWOW_________
5 19 N_NSN__NWNS_NWNWN_SN__WN_N_S_WNS_NS_N_S__N________N_NWNWNWNWN__WN____N_N_______N_N__W___N_____N_WNWNWNWNWNW__________
6 0 _O__NS_NONS_NONON_SNONONON_SNONS_NS_N___O________ONONONONONON_S_N_S_ONONS__O___N_____N_ON__O_ON_ONONONONONONONON_____
6 1 SWS_ON_SWON_SWOWS_NSWSWOWS_NOWON_SN_S_NSW_O____O_WOWOWOWOWOWS______OWOWON_SW_N_O___N__OW_ONWOW_OWOWOWOWOWOWOWOW______
6 2 _O__WSONOWSONOWON_SNONOWON_SWOWS_NS_____ONW__O_W_OWOWOWOWOWON_S_N_SWOWOWS__O___WON__O_WONW_OWONWOWOWOWOWOWOWOW_______
6 3 SWS_ONWSWONWSWOWSONSWSWOWS_NOWON_SN_S_NSWSO_OW_O_WOWOWOWOWOW_O___O_OWOWON_SWO___W_O_W_OW_ONWOW_OWOWOWOWOWOWOWO_______
6 4 _O__WSONOWSONOWONWSNONOWON_SWOWS_N______ONWSWONWS_WOWOWOWOWONWS_NWSWOWOW___OW___O_W_O_WONW_OWONWOWOWOWOWOWOWOW_______
6 5 SWS_ONWSWONWSWOWSONSWSWOWSONOWON_SN_S_NSW_O_OW_O__OWOWOWOWOW_ON__O_OWOWON_SWON_OW_O_W_OW_O_WOW_OWOWOWOWOWOWOWO_______
6 6 _O__WSONOWSONOWONWSNONOWONWSWOWSONS_____ONWSWONWS_WOWOWOWOWONWS_NWSWOWOW_O_OW_OWONW_O_WO_W_OWO_WOWOWOWOWOWOWOW_______
6 7 SWS_ONWSWONWSWOWSONSWSWOWSONOWONWSN_S_NSWSONOW_ON_OWOWOWOWOW_ON__O_OWOWONWSWONWOWSO_W_OW_O_WOW_OWOWOWOWOWOWOW________
6 8 _O__WSONOWSONOWONWSNONOWONWSWOWSONS_____ONWSWONWS_WOWOWOWOWONWS_NWSWOWOWSONOW_OWONWSO_WO_W_OWONWOWOWOWOWOWOWO________
6 9 SWS_ONWSWONWSWOWSONSWSWOWSONOWONWSN_S_NSWSONOWSON_OWOWOWOWOWSON_SO_OWOWONWSWONWOWSO_W_OWSO_WOW_OWOWOWOWOWOWOWO_______
6 10 _ONSWSONOWSONOWONWSNONOWONWSWOWSONS_N_SNONWSWONWS_WOWOWOWOWONWS_NWSWOWOWSON_W_OWONWSO_WO_WSOWO_WOWOWOWOWOWOWOWO______
6 11 SWSNONWSWONWSWOWSONSWSWOWSONOWONWSN_S_NSWSONOWSON_OWOWOWOWOWSON_SON_WOWONWS_O_WOWSONWSOWSONWOWSOWOWOWOWOWOWOWOWO_____
6 12 _ONSWSONOWSONOWONWSNONOWONWSWOWSONS_N_SNONWSWONWSOWOWOWOWOWONWS__W__OWOWSON_WSOWO_WSONWONWSOWO_WOWOWOWOWOWOWOWOW_____
6 13 SWSNONWSWONWSWOWSONSWSWOWSONOWONWSN_S___WSONOWSONWOWOWOWOWOWSON_S_NOWOWO_WS_O_WOWSONW_OWSO_WOWSOWOWOWOWOWOWOWOW______
6 14 _ONSWSONOWSONOWONWSNONOWONWSWOWSONSON_SN__WSWO_WSOWOWOWOWOWO_WS____WOWOWSON_W_OWO_W_O_WO_WSOWO_WOWOWOWOWOWOWOW_______
6 15 SWSNONWSWONWSWOWSONSWSWOWSONOWONWS_W_ON__SO__WSONWOWOWOWOWOWS_N_SONOWOWO_WS_O_WOWSO_WSOWSO_WOWSOWOWOWOWOWOWOWO_______
6 16 _ONSWSONOWSONOWONWSNONOWONWSWOWSONSO_WSNONW__O_WSOWOWOWOWOWON_S__WSWOWOWSONOW_OWO_W_O_WO_WSOWO_WOWOWOWOWOWOWOWO______
6 17 SWSNONWSWONWSWOWS_NSWSWOWSONOWO_W_SW_ON_WSON_W_O_WOWOWOWOWOWSON_SO__WOWO_WSWO_WOW_O_WSOWSO_WOWSOWOWOWOWOWOWOWOWO_____
6 18 _ONSWSONOWS_NOWON_S__NOWO_WSWOWSONSONWS_ONWS_O_W_OWOWOWOWOWO_W_O_W__OWOWSO__WSOWO_WSO_WO_WSOWO_WOWOWOWOWOWOWOWOW_____
6 19 SWSNS_WSWSN_SWSWS_NS__WSWS_N_WSNWSNWS_N_W____WS__W_WSWSWSWSWS__W____WSWS_W____W_W___WS_WS__W_WS_WSWSWSWSWSWSWSWS_____
7 0 ____SN_SOSN_SOSOS_NSOSOSOS_NSOSN_SN__________O______S_SOSOSOS_NOS_N_OSOSN__O__O____________OS_S__S_SOSOSOSOSOSO______
7 1 N_N__S_NW_S_NWOWN_SNWNWOWN_SOWOS_NS_NOSN__O__W_________W_WOWN__W____WOWOS_NWO_W__________OSW________WOWOWOWOWOWO_____
7 2 _____N_SO_N_SOWOS_NSOSOWOS_NWOWN_SN__W___SW__OS__O_____O__WOS_NOS_N_OWOWN__OW_O________OSW___________WOWOWOWOWOW_____
7 3 N_N__S_NW_S_NW_WN_SNWNWOWN_SOWOS_NS_N_SN_N___W___WO___OW___W___W____WOWOS_NWO_WO______OW______________W_WOWOWOWO_____
7 4 _____N_SO_N_SO__S_NSOSOW_S_NWOWN_S_______S_N_OS_NOWO_OW_____S_NOS_N_OWOW____W__W____O_W_______S_O________W_WOWOWO____
7 5 N_N__S_NW_S_NW__N_SNWNWO_N_SOW_S_NS_NOSN_____W___W_WOW________SW____WOWOS_N_OS_O__O_W___________W___________WOWOW____
7 6 _____N_SO_N_SO__S_NSOSOW_S_NW__N_SN__W___S_N_OS_N__OW_______S_NOS_N_OW_W__S_W__WOSW___________S_O____________WOWO____
7 7 N_N__S_NW_S_NW__N_SNWNWO_N_SO__S_NS_N_SN_N_SOW__S_OW__________SW____W___S_N_OS_OWN______________W_____________W_WO___
7 8 _____N_SO_N_SO__S_NSOSOW_S_NW__N_SN_S____S_NW_S_N_W_________S_N_S_N_____N_SOW__WOS_NO_________S_O________________W___
7 9 N_N__S_NW_S_NW__N_SNWNWO_N_SO__S_NS_N_SN_N_SO_N_S_O_________N_S_N_S_____S_NW_S_OWN__W_O_N_S_____W__O_________________
7 10 __SN_N_SO_N_SO__S_NSOSOW_S_NW__N_SN_S_NSOS_NW_S_N_W_________S_N_S_N_____N_SO___WOS_N__W___N___S_O_OW_________________
7 11 N_NS_S_NW_S_NW__N_SNWNWO_N_SO__S_NS_N_SNWN_SO_N_S_O_________N_S_N_SO____S_NW____WN_S_NO_N_S_O_N_WOW__________________
7 12 __SN_N_SO_N_SO__S_NSOSOW_S_NW__N_SN_S_NSOS_NW_S_N_W_________S_N____WO___N_SO_N__O__N_SW_S_N_W___OW______________O____
7 13 N_NS_S_NW_S_NW__N_SNWNWO_N_SO__S_NS_N___WN_SO_N_S_O_________N_S_N_SOWO_O__NWO__OWN_S____N_____N_W____________O_OWO___
7 14 __SN_N_SO_N_SO__S_NSOSOW_S_NW__N_SN_S_NSOS_NW___N_WO_______O__N____W_WOWN_S_W_OWO_________N_____O___________OWOWOW___
7 15 N_NS_S_NW_S_NW__N_SNWNWO_N_SO__S_N______WN_SO_N_S__W______OWN_S_N_S__OW___N_O_WOWNO__N__N_____N_W________O_OWOWOWO___
7 16 __SN_N_SO_N_SO__S_NSOSOWOS_NW__N_SN_S_NSO___WO__N________OWOS_NO__N_OW__N_S_W_OWO_W_______N_____O_______OWOWOWOWOW___
7 17 N_NS_S_NW_S_NWO_N_SNWNWOWN_SO_____N_____WN_S_W_O______O_OWOWN_SWN_S_W_____N_O_WOW____N__N_____N_W____O_OWOWOWOWOW____
7 18 __SN_N_SO_N_SOWOS_N_OSOW___NWO_N_SN_S_N_O__N___W_____OWOWOWOS__O______O_N_S_WN_WO__N______N_____O_O_OWOWOWOWOWOWO____
7 19 N_NSN__NWNS_NWNWN_SNW_WN_N_S_WNS_NS_N_S_W_____N_____NWNWNWNWN_SW_____NWN________W____N__N_____N_WNWNWNWNWNWNWNWNW____
8 0 _O__NS_NONS_NONON_SNONONON_SNONS_NS______________O_ONONONONON_S_N_S_ONONS__O________________NON_ONONONONONONON_______
8 1 SWS_ON_SWON_SWOWS_NSWSWOWS_NOWON_SN_S_N___O_O__O_WOWOWOWOWOWS______OWOWON_SWO_____________N_OW_OWOWOWOWOWOWOW________
8 2 _O__WSONOWSONOWON_SNONOWON_SWOWS_N_O__S_ONWSWONWSOWOWOWOWOWON_S_N_SWOWOWS__OW_O_________N__OWO_WOWOWOWOWOWOW_________
8 3 SWS_ONWSWONWSWOWSONSWSWOWS_NOWON_SNWS_NSWSO_OW_O_WOWOWOWOWOWS______OWOWON_SWO_W_______O__O_WOW_OWOWOWOWOWOWO_________
8 4 _O__WSONOWSONOWONWSNONOWON_SWOWSON_O____ONWSWONWSOWOWOWOWOWON_S_N_SWOWOW___OW_O_____O_WO_W_OWONWOWOWOWOWOWOW_________
8 5 SWS_ONWSWONWSWOWSONSWSWOWSONOWONWSNWS_NSW_O_OW_O_WOWOWOWOWOW_ON__O_OWOWON_SWONWO__O_W_OW_O_WOW_OWOWOWOWOWOWO_________
8 6 _O__WSONOWSONOWONWSNONOWONWSWOWSONS_____ONWSWONWS_WOWOWOWOWONWS_NWSWOWOW__NOW__WONW_O_WO_W_OWONWOWOWOWOWOWOW_________
8 7 SWS_ONWSWONWSWOWSONSWSWOWSONOWONWSN_S_NSW_ONOW_ON_OWOWOWOWOWSON__O_OWOWON_SWON_OWSO_W_OW_O_WOW_OWOWOWOWOWOWO_________
8 8 _O__WSONOWSONOWONWSNONOWONWSWOWSONS_N_S_ONWSWONWS_WOWOWOWOWONWS_NWSWOWOW_ONOW_OWONWSO_WO_WSOWONWOWOWOWOWOWOWO________
8 9 SWS_ONWSWONWSWOWSONSWSWOWSONOWONWSN_S_NSWSONOWSON_OWOWOWOWOWSON_S_NOWOWONWSWONWOWSO_W_OWSONWOWSOWOWOWOWOWOWOW________
8 10 _ONSWSONOWSONOWONWSNONOWONWSWOWSONS_N_SNONWSWONWS_WOWOWOWOWONWS_N_SWOWOWSONOWSOWONWSO_WO_WSOWONWOWOWOWOWOWOWO________
8 11 SWSNONWSWONWSWOWSONSWSWOWSONOWONWSN_S_NSWSONOWSON_OWOWOWOWOWSON_SONOWOWONWSWO_WOWSONW_OW_ONWOWSOWOWOWOWOWOWOWO_______
8 12 _ONSWSONOWSONOWONWSNONOWONWSWOWSONS_N_SNONWSWONWS_WOWOWOWOWONWS__W_WOWOWSONOWSOWO_WSONWONWSOWO_WOWOWOWOWOWOWOWO______
8 13 SWSNONWSWONWSWOWSONSWSWOWSONOWONWSN_S___WSONOWSON_OWOWOWOWOWSON_S_NOWOWO_W_WO_WOWSONWSOWSO_WOWSOWOWOWOWOWOWOWOWO_____
8 14 _ONSWSONOWSONOWONWSNONOWONWSWOWSONSON_SN_NWSWO_WS_WOWOWOWOWO_W_____WOWOWSONOWSOWO_W_O_WO_WSOWO_WOWOWOWOWOWOWOWOW_____
8 15 SWSNONWSWONWSWOWSONSWSWOWS_NOWONWS_WS____S_NOWSON_OWOWOWOWOWS_N_SONOWOWO_W_WO_WOW_O_W_OWSO_WOWSOWOWOWOWOWOWOWOWO_____
8 16 _ONSWSONOWSONOWONWSNONOWON_SWOWSONS_N_SN____WO_WSOWOWOWOWOWON____W_WOWOWSONOWSOWO_W_O_WO_WSOWO_WOWOWOWOWOWOWOWOWO____
8 17 SWSNONWSWONWSWOWS_NSWSWOWSONOWO_W_S_______ON_W_O_WOWOWOWOWOWS_N_S_NOWOWO_WSWO_WOW_O_W_OWSO_WOWSOWOWOWOWOWOWOWOWOWO___
8 18 _ONSWSONOWS_NOWON_S__NOWO_W_WOWS_NSON_S___WS_O_W_OWOWOWOWOWON_S____W_WOWSONOWS_WO_W___WO_WSOWO_WOWOWOWOWOWOWOWOWOWO__
8 19 SWSNS_WSWSN_SWSWS_NS__WSWS_NSWSN_SNWS_NS_____WS__W_WSWSWSWSWS_N_S_____WS_W_W___SWS_____WS__W_WS_WSWSWSWSWSWSWSWSWSWS_
9 0 ____SN_SOSN_SOSOS_NSOSOSOS_NSOSN_SN_____O______S_OSOSOSOSOSOS_NOS_N_OSOSN__O__O_____________S_S_OS_SOSOSOSOSOSOSOS___
9 1 N_N__S_NW_S_NWOWN_SNWNWOWN_SOWOS_NS_NO__W________W_W_WOWOWOWN__W____WOWOS_NWOSWO________________W___WOWOWOWOWOWOW____
9 2 _____N_SO_N_SOWOS_NSOSOWOS_NW_WN_S__SWN__S_N_OS_NO____W_WOWOS_NOS_N_OWOWN__OW_OW______________S_O____WOWOWOWOWOW_____
9 3 N_N__S_NW_S_NW_WN_SNWNWOWN_S___S_NS_NOSN_N___W___WO______WOWN__W____WOWOS_NWO_WO__________S_____W_____W_WOWOWOWO_____
9 4 _____N_SO_N_SO__S_NSOSOW_S_N___N_S___W___S_N_OS_N_WO______WOS_NOS_N_OWOW____W__W________S__O__S_O________WOWOWOW_____
9 5 N_N__S_NW_S_NW__N_SNWNWO_N_SO__S_NS_NOSN_____W_____W_______W___W____WOWOS_N_OS_O__________SW____W_________W_WOWO_____
9 6 _____N_SO_N_SO__S_NSOSOW_S_NW__N_SN__W___S_N__S_N___________S_NOS_N_OWOW____W__WO_______S_____S_O____________WOWO____
9 7 N_N__S_NW_S_NW__N_SNWNWO_N_SO__S_NS_N_SN________S___________N_SW____W_W_S_N_OS_OWN________S_____W_____________W_W____
9 8 _____N_SO_N_SO__S_NSOSOW_S_NW__N_SN_S_N__S_N__S_N___________S_N_S_N_______SOW__WOS_N______N___S_O_O__________________
9 9 N_N__S_NW_S_NW__N_SNWNWO_N_SO__S_NS_N_SN_N_SO_N_S_O_________N_S_N_SO____S_NW_S_OWN_S__O_N_S___N_WOW__________________
9 10 __SN_N_SO_N_SO__S_NSOSOW_S_NW__N_SN_S_NSOS_NW_S_N_W_________S_N_S_NW____N_SO_N_WOS_N__W___N_____OWO_______________O__
9 11 N_NS_S_NW_S_NW__N_SNWNWO_N_SO__S_NS_N_SNWN_SO_N_S_O_________N_S_N_SO____S_NWO__OWN_S__O_______N_W_W______________OW__
9 12 __SN_N_SO_N_SO__S_NSOSOW_S_NW__N_SN_S_NSOS_NW_S_N_W_________S_N____W____N_S_WN_WO__N__W___N_____O_______________OWO__
9 13 N_NS_S_NW_S_NW__N_SNWNWO_N_SO__S_NS_N___WN_SO_N_S_O_________N_S_N_S__O_O____O___WN_S_N__N_____N_W____________O_OWOW__
9 14 __SN_N_SO_N_SO__S_NSOSOW_S_NW__N_SN_S_NSO__NW___N_W________O___O____OWOWN_S_WN__O_________N_____O___________OWOWOWO__
9 15 N_NS_S_NW_S_NW__N_SNWNWO_N_SO_OS_N__N___WN_S__N_S_O_______OWN_SWN_S_WOWO____O__OW_______N_____N_W________O_OWOWOWOWO_
9 16 __SN_N_SO_N_SO__S_NSOSOWOS_NWOWN_SN_S_NS_S______N_W______OWOS__O____OWOWN_S_WNOWO_________N_____O_____O_OWOWOWOWOWOW_
9 17 N_NS_S_NW_S_NWO_N_SNWNWOWN_SOWO___N___________________O_OWOWN_SWN_S_WOW___N_O_W_W_O_____N_____N_W____OWOWOWOWOWOWOWO_
9 18 __SN_N_SO_N_SOWOS_N_OSOWO___WOWN_SN_S_N__S_N_________OWOWOWOS_N_____OWO_N_S_WNO___W_______N_____O___OWOWOWOWOWOWOWOWO
9 19 N_NSN__NWNS_NWNWN_SNW_WNWN_SNWNS_NS_N__N______N_____NWNWNWNWN_S_N_S_W_WN______WN_N______N_____N_WN_NWNWNWNWNWNWNWNWNW
10 0 _O__NS_NONS_NONON_SNONONON_SNONS_NSO_________O_N_ONONONONONON_S_N_S_ONON_O_O_______________ONON_ONONONONONONONONON___
10 1 SWS_ON_SWON_SWOWS_NSWSWOWS_NOWON_SNWSO____O__W_O_WOWOWOWOWOWS______OWOWONWSWON_O_________O_WOW_OWOWOWOWOWOWOWOWOW____
10 2 _O__WSONOWSONOWON_SNONOWON_SWOWSONSONW__ONW__ONWS_WOWOWOWOWON_S_N_SWOWOW___OW_OW_______O_W_OWONWOWOWOWOWOWOWOWOW_____
10 3 SWS_ONWSWONWSWOWSONSWSWOWSONOWONWSNWS_NSWSO_OW_O__OWOWOWOWOWS____O_OWOWON_SWO_WO__O___OW_ONWOW_OWOWOWOWOWOWOWOW______
10 4 _O__WSONOWSONOWONWSNONOWONWSWOWSONS_____ONWSWONWS_WOWOWOWOWON_S_NWSWOWOW___OWSOWO_W_O_WONW_OWONWOWOWOWOWOWOWOW_______
10 5 SWS_ONWSWONWSWOWSONSWSWOWSONOWONWSN_S_NSWSO_OW_O__OWOWOWOWOW_O___O_OWOWON_SWONWOWSO_W_OW_ONWOW_OWOWOWOWOWOWOWO_______
10 6 _O__WSONOWSONOWONWSNONOWONWSWOWSONS_____ONWSWONWS_WOWOWOWOWONWS_NWSWOWOW___OW__WO_WSO_WONW_OWONWOWOWOWOWOWOWOW_______
10 7 SWS_ONWSWONWSWOWSONSWSWOWSONOWONWSN_S_NSW___OW_ON_OWOWOWOWOWSON_SO_OWOWON_SWON_OWSO_W_OW_ONWOW_OWOWOWOWOWOWOWO_______
10 8 _O__WSONOWSONOWONWSNONOWONWSWOWSONS_N_S_ON_SWONWS_WOWOWOWOWONWS_NWSWOWOWSONOW_OWONWSO_WO_W_OWONWOWOWOWOWOWOWOW_______
10 9 SWS_ONWSWONWSWOWSONSWSWOWSONOWONWSN_S_NSWSONOWSON_OWOWOWOWOWSON_S_NOWOWONWSWONWOWSONW_OW_ONWOW_OWOWOWOWOWOWOWO_______
10 10 _ONSWSONOWSONOWONWSNONOWONWSWOWSONS_N_SNONWSWONWS_WOWOWOWOWONWS_N_SWOWOWSONOWSOWONWSO_WO_WSOWO_WOWOWOWOWOWOWOW_______
10 11 SWSNONWSWONWSWOWSONSWSWOWSONOWONWSN_S_NSWSONOWSON_OWOWOWOWOWSON_SONOWOWONWSWO_WOWSONW_OW_O_WOWSOWOWOWOWOWOWOWO_______
10 12 _ONSWSONOWSONOWONWSNONOWONWSWOWSONS_N_SNONWSWONWS_WOWOWOWOWONWS__W_WOWOWSONOWSOWO_W_O_WO_W_OWO_WOWOWOWOWOWOWOWO______
10 13 SWSNONWSWONWSWOWSONSWSWOWSONOWONWSN_S___WSONOWSON_OWOWOWOWOWSON_SONOWOWO_W_WO_WOW_ONWSOWSO_WOWSOWOWOWOWOWOWOWOWO_____
10 14 _ONSWSONOWSONOWONWSNONOWONWSWOWS_NSON_SNO_WSWO_W_OWOWOWOWOWO_WS__W_WOWOWS_NOWSOWO_W_O_WO_WSOWO_WOWOWOWOWOWOWOWOW_____
10 15 SWSNONWSWONWSWOWSONSWSWOWS_NOWON_S_W____WSON_WSONWOWOWOWOWOWS_N_S_NOWOWO___WO_WOW___W_OWSO_WOW_OWOWOWOWOWOWOWOWO_____
10 16 _ONSWSONOWSONOWONWSNONOWON_SWOWSONS_N_SNONWS_O_W_OWOWOWOWOWON_S____WOWOWS_NOW_OWO_____WO_WSOWO_WOWOWOWOWOWOWOWOW_____
10 17 SWSNONWSWONWSWOWS_NSWSWOWSONOWO_W_______WSO__W_O_WOWOWOWOWOWS_N_SONOWOWO___WO_WOW_O____W_O_WOWSOWOWOWOWOWOWOWOW______
10 18 _ONSWSONOWS_NOWON_S__NOWO_W_WOWS_NS_N_S_ONW__O_W_OWOWOWOWOWON_S__W_WOWOWS_NOWS_WO_WSO____WSOWO_WOWOWOWOWOWOWOW_______
10 19 SWSNS_WSWSN_SWSWS_NS__WSWS_NSWSN_SN_____W____W___W_WSWSWSWSWS_N_S_N_WSWS___WS___W___WS_____WSWS_WSWSWSWSWSWSW________
11 0 ____SN_SOSN_SOSOS_NSOS_SOS_NSOSN_SN_S___O______S__SOSOSOSOSOS_NOS_NSOSOS______O___S_O_______S_S_OSOSOSOSOSOSOSOS_____
11 1 N_N__S_NW_S_NWOWN_SNWN__WN___WOS_NS_N_S_W_O________W_WOWOWOWN__W____WOWOS_N_OSW_____W_O___S_____W_W_WOWOWOWOWOW______
11 2 _____N_SO_N_SOWOS_NSOSO__S_N__WN_SN_S_____W___S_NO____WOWOWOS_NOS_N_OWOW___OW_O_______WOS__O_________WOWOWOWOW_______
11 3 N_N__S_NW_S_NW_WN_SNWNWO_N_SO__S_NS_N_SN_N_______WO____W_WOWN__W____WOWOS_NW__WO_______W___WO_________W_WOWOWO_______
11 4 _____N_SO_N_SO__S_NSOSOW_S_NW__N_SN_S____S_N_OS_N_W_______WOS_NOS_N_OWOW___O_N_W________S___WOS_O________WOWOWO______
11 5 N_N__S_NW_S_NW__N_SNWNWO_N_SO__S_NS_NOSN_N___W_____________W___W____WOWOS_NWOS_O_N________S__W__W_________W_WOWO_____
11 6 _____N_SO_N_SO__S_NSOSOW_S_NW__N_SN__W___S_N_OS_N___________S_N_S_N__W_W____W__WOS_N____S____OS_O____________W_WO____
11 7 N_N__S_NW_S_NW__N_SNWNWO_N_SO__S_NS_N_SN____OW__S_O_________N_S_N_______S_N_OS_OWN_S______S_OW__W_______________WO___
11 8 _____N_SO_N_SO__S_NSOSOW_S_NW__N_SN_S_N__S_NW_S_N_W_________S_N_S_N_____N_SOW__WOS_N________W_S_O________________WO__
11 9 N_N__S_NW_S_NW__N_SNWNWO_N_SO__S_NS_N_SN_N_SO_N_S_O_________N_S_N_SO____S_NW_S_OWN_S__O___S_____WO________________WO_
11 10 __SN_N_SO_N_SO__S_NSOSOW_S_NW__N_SN_S_NSO__NW_S_N_W_________S_N_S_NW____N_SO_N_WOS_NO_WOS_N_____OW________________OW_
11 11 N_NS_S_NW_S_NW__N_SNWNWO_N_SO__S_NS_N_SNWN_SO_N_S_O_________N_S_N_S_____S_NWO__OWN__W__W______N_W________________OW__
11 12 __SN_N_SO_N_SO__S_NSOSOW_S_NW__N_SN_S_NSOS_NW_S_N_W___________N_____O___N_S_WN_WOS___S_____O____O_____________O_OW___
11 13 N_NS_S_NW_S_NW__N_SNWNWO_N_SO__S_NS_N___WN_S__N_S___________N_S_N_S_WO_O____O__OW_O__N__N__W__N_W____________OWOW____
11 14 __SN_N_SO_N_SO__S_NSOSOW_S_NW__N_SN_S_NSO__N_O________________NO____OWOWN_S_WN_WO_W_O_____N_______________O_OWOWO____
11 15 N_NS_S_NW_S_NW__N_SNWNWO_N_SO_OS_N____S_WN_S_WNO__________O_N_SWN_S_WOWO____O___W___W___N________________OWOWOWOW____
11 16 __SN_N_SO_N_SO__S_NSOSOWOS_NWOWN_SN_S_NS_S_N_O_W_________OWOS_NO____OWOWN_SOW_O___________N_____O_____O_OWOWOWOW_____
11 17 N_NS_S_NW_S_NWO_N_SNWNWOWN_SOWO__S___O___N_S_W_O______O_OWOWN_SWN_SOWOWO___WO_W_______________N_W____OWOWOWOWOW______
11 18 __SN_N_SO_N_SOWOS_N_OSOWO___WOWN_SN_SWNS_______W_____OWOWOWOS_N___SWOWOWN_SOWNO____N______N_____O___OWOWOWOWOW_______
11 19 N_NSN__NWNS_NWNWN_SNW_WNWN_SNWNS_NS_________________NWNWNWNWN_S_N_S_WNWNS__WN_W______N______N_N_WN_NWNWNWNWNW________
12 0 _O__NS_NONS_NONON_SN_NONON_SNON_ON_ON___O____O_N_ONONONONONON_S_N_SN_NON_O_O____O_N________ONON_ONONONONONONONONO____
12 1 SWS_ON_SWON_SWOWS_NS_SWOW_O_OWONWSNWS_N_WSO__W_O_WOWOWOWOWOWS________OWONWSWON_OW_O______ONWOW_OWOWOWOWOWOWOWOWOWO___
12 2 _O__WSONOWSONOWON_SNONOWONWSWOW_ONSON_S___W__ONW_OWOWOWOWOWON_S_N___OWOWSO_OW_OWO_W____ONW_OWO_WOWOWOWOWOWOWOWOWOW___
12 3 SWS_ONWSWONWSWOWSONSWSWOWSONOWONWSNWS_NS__O_OWSO_WOWOWOWOWOWSO___O_OWOWONWSWO_WOW_____OW_O_WOW_OWOWOWOWOWOWOWOWOW____
12 4 _O__WSONOWSONOWONWSNONOWONWSWOWSONS_N_S_ONWSWONWSOWOWOWOWOWONWS_NWSWOWOW___OW_OWO___O_WONW_OWONWOWOWOWOWOWOWOWOWO____
12 5 SWS_ONWSWONWSWOWSONSWSWOWSONOWONWSN_S_NSW_O_OW_O_WOWOWOWOWOWSO___O_OWOWON_SWONWOW_O_W_OW_ONWOW_OWOWOWOWOWOWOWOWOW____
12 6 _O__WSONOWSONOWONWSNONOWONWSWOWSONS______NWSWONWS_WOWOWOWOWONWS_NWSWOWOW_O_OW_OWONW_O_WONW_OWONWOWOWOWOWOWOWOWOW_____
12 7 SWS_ONWSWONWSWOWSONSWSWOWSONOWONWSN_S_N_____OW_ON_OWOWOWOWOWSON_S__OWOWONWSWONWOW_ONWSOW_ONWOW_OWOWOWOWOWOWOWOW______
12 8 _O__WSONOWSONOWONWSNONOWONWSWOWSONS_N_S_ON_SWONWS_WOWOWOWOWONWS_N_SWOWOWSONOW_OWONWSO_WO_W_OWONWOWOWOWOWOWOWOW_______
12 9 SWS_ONWSWONWSWOWSONSWSWOWSONOWONWSN_S_N_W_ONOWSON_OWOWOWOWOWSON_S_NOWOWONWSWONWOW_ONWSOWSONWOW_OWOWOWOWOWOWOWO_______
12 10 _ONSWSONOWSONOWONWSNONOWONWSWOWSONS_N_SNO_WSWONWS_WOWOWOWOWONWS_N_SWOWOWSONOWSOWONWSO_WONWSOWO_WOWOWOWOWOWOWOW_______
12 11 SWSNONWSWONWSWOWSONSWSWOWSONOWONWSN_S_N_WSONOWSON_OWOWOWOWOWSON_SONOWOWONWSWO_WOWSO_W_OW_O_WOWSOWOWOWOWOWOWOWO_______
12 12 _ONSWSONOWSONOWONWSNONOWONWSWOWSONS_N_SNONWSWONWS_WOWOWOWOWO_WS__W_WOWOWSONOWS_WONW_ONWO_WSOWO_WOWOWOWOWOWOWOW_______
12 13 SWSNONWSWONWSWOWSONSWSWOWSONOWONWSN_S___WSONOWSON_OWOWOWOWOWSON_SONOWOWO_W_WO__OW_O_W_OWSO_WOWSOWOWOWOWOWOWOWO_______
12 14 _ONSWSONOWSONOWONWSNONOWONWSWOWS_NSON_SNO_WSWO_W_OWOWOWOWOWO_WS__W_WOWOWS_N_WSOWO_W_O_WO_WSOWO_WOWOWOWOWOWOWOWO______
12 15 SWSNONWSWONWSWOWSONSWSWOWS_NOWON_S_W__N_WSONOWSO_WOWOWOWOWOWSON_SONOWOWO____O_WOW_O_W__W___WOWSOWOWOWOWOWOWOWOWO_____
12 16 _ONSWSONOWSONOWONWSNONOWON_SWOWSONS_N_SNONW_WO_W_OWOWOWOWOWONWS__W_WOWOWS_NOW_OW__W_________WO_WOWOWOWOWOWOWOWOW_____
12 17 SWSNONWSWONWSWOWS_NSWSWOWSONOWO_WNS_____WSON_WSO_WOWOWOWOWOWS_N_S_NOWOWO___WO_WO_____________WSOWOWOWOWOWOWOWOWO_____
12 18 _ONSWSONOWS_NOWON_S__NOWO_W_WOWS_NS_N_SN__W__O_W_OWOWOWOWOWON_S___NWOWOWS_NOW__WO______________WOWOWOWOWOWOWOWOW_____
12 19 SWSNS_WSWSN_SWSWS_NS__WSWS_NSWSN_SN__________W___WSWSWSWSWSWS_N_S_NSWSWSN__W____W_______________WSWSWSWSWSWSWSW______
13 0 ____SN_SOSN_SOSOS_NSOSO__S_N_O___S__S_____S_______S_SOSOSOSOS_NOS_N_OSOS________________S_____S_OS_SOSOSOSOSOSOSOS___
13 1 N_N__S_NW_S_NWOWN_SNWNW____SOWOS_NS_N____NO__________W_WOWOWN__W____WOWOS_N_O__O__O_______S_____W___WOWOWOWOWOWOW____
13 2 _____N_SO_N_SOWOS_NSOSO__S_NW_W__SN_S_N___W_____________WOWOS_NOS___OWOWN___W_OWO_W_O___S_____S_O____WOWOWOWOWOW_____
13 3 N_N__S_NW_S_NW_WN_SNWNWO_N_SO__S_NS_N__N______N__________WOWN__W____WOWOS_N_O_WOW_O_W_O___S_____W_____W_WOWOWOWO_____
13 4 _____N_SO_N_SO__S_NSOSOW_S_NW__N_SN_S_N__S_N_OS_N_________WOS_N_S_N_OWOW____W_OWO_W_O_W_S_____S_O________WOWOWOWO____
13 5 N_N__S_NW_S_NW__N_SNWNWO_N_SO__S_NS_NOSN_____W_____________WN_S_____W_WOS_N_O_WOW_O_W_____S_____W_________W_WOWOWO___
13 6 _____N_SO_N_SO__S_NSOSOW_S_NW__N_SN__W___S_N_OS_N___________S_N_S_N____W____W_OWO_W_____S____OS______________WOWOWO__
13 7 N_N__S_NW_S_NW__N_SNWNWO_N_SO__S_NS_N_______OW__S_O_________N_S_N_______S_N___WOW__S_N____S_OW________________W_WOW__
13 8 _____N_SO_N_SO__S_NSOSOW_S_NW__N_SN_S_N__S_NW_S_N_W_________S_N_S_N_____N_SO___W_S_N________W_S_O________________W___
13 9 N_N__S_NW_S_NW__N_SNWNWO_N_SO__S_NS_N______SO_N_S_O_________N_S_N_S_______NW___O___S_N__N_S_O___WO___________________
13 10 __SN_N_SO_N_SO__S_NSOSOW_S_NW__N_SN_S_NS_S_NW_S_N_W_________S_N_S_N_____N_SO_N_WOS_N____S_N_W_S__WO__________________
13 11 N_NS_S_NW_S_NW__N_SNWNWO_N_SO__S_NS_N____N_S__N_S_O_________N_S_N_S_______NWO__OWN_S__________N___WO_________________
13 12 __SN_N_SO_N_SO__S_NSOSOW_S_NW__N_SN_S_NS_S_N__S_N_W_________S_N_____O___N_S_WN_WOS__O_____N_____O__W_________________
13 13 N_NS_S_NW_S_NW__N_SNWNWO_N_SO__S_NS_N____N_S__N_S___O_______N_S_N_S_WO_O____O__OW_O_W_O_N_____N_W____________O_______
13 14 __SN_N_SO_N_SO__S_NSOSOW_S_NW__N_SN_S_NS_S_N_O___O_OW_________NO____OWOWN_S_WN_W__W_O_W___N_____O_________O_OW_______
13 15 N_NS_S_NW_S_NW__N_SNWNWO_N_SO_OS_N___OS__N_S_WN_SWOW________N_SWN_S_WOWO____O__O____W_O_______N_W________OWOW________
13 16 __SN_N_SO_N_SO__S_NSOSOWOS_NWOWN_SN_SWNSO____O___OWO__________NO____OWOWN_SOW_OW______WO________O_______OWOW_________
13 17 N_NS_S_NW_S_NWO_N_SNWNWOWN_SOWO__SN___S_WNOSOWN_SW_WO_____O_N_SWN_S_WOWO___WO_WO_______W______N_W____O_OWOWO_________
13 18 __SN_N_SO_N_SOWOS_N_OSOWO___WOWN_SN_S_N___W_W_______W____OWOS_N_____OWOWN_S_W_OWO_________________O_OWOWOWOWO________
13 19 N_NSN__NWNS_NWNWN_SNW_WNWN_SNWNS_NS_______________N_N_N_NWNWN_S_N_SNWNWNS_____W_W________________NWNWNWNWNWNWN_______
14 0 _O__NS_NONS_NONON_SN_NO_ON___O__ON_ON___O_N__O___ONONONONONON_S_N___ONON______O_O___O__ON__O_ON_ONONONONONONONONON___
14 1 SWS_ON_SWON_SWOWSONS_SWOW_ONOWONWSNW_O__W_O__W_O_WOWOWOWOWOWS_______WOWON___O_WOW_O_W_OW_ONWOW_OWOWOWOWOWOWOWOWOWO___
14 2 _O__WSONOWSONOWONWSNONOWONWSWOW_ONS_NW__O_WS_O_W_OWOWOWOWOWON_S_N___OWOW_O__W_OWO_W_O_WONW_OWONWOWOWOWOWOWOWOWOWOWO__
14 3 SWS_ONWSWONWSWOWSONSWSWOWSONOWONWSN__O__WSO__W_O_WOWOWOWOWOWSO___O_OWOWONW__O_WOW_O_W_OW_ONWOW_OWOWOWOWOWOWOWOWOWOW__
14 4 _O__WSONOWSONOWONWSNONOWONWSWOWSONS_NWS_ONW__ONWS_WOWOWOWOWONWS_NWSWOWOW_O__W_OWO_W_O_WONW_OWONWOWOWOWOWOWOWOWOWOW___
14 5 SWS_ONWSWONWSWOWSONSWSWOWSONOWONWSN__ONSW_O__WSO__OWOWOWOWOW_ON__O_OWOWONW__O_WOW_O_W_OW_ONWOW_OWOWOWOWOWOWOWOWOW____
14 6 _O__WSONOWSONOWONWSNONOWONWSWOWSONS__W__ONWS_ONWSOWOWOWOWOWONWS_NWSWOWOW_O__W_OWO_W_O_WONW_OWONWOWOWOWOWOWOWOWOW_____
14 7 SWS_ONWSWONWSWOWSONSWSWOWSONOWONWSN_____WS__OW_ONWOWOWOWOWOWSON_SO_OWOWONW__O_WOW_ONW_OW_ONWOW_OWOWOWOWOWOWOWOW______
14 8 _O__WSONOWSONOWONWSNONOWONWSWOWSONS_N_S_ON_SWONWSOWOWOWOWOWONWS_NWSWOWOW_ONOWSOWONW_O_WO_W_OWONWOWOWOWOWOWOWOW_______
14 9 SWS_ONWSWONWSWOWSONSWSWOWSONOWONWSN_____WSON_WSONWOWOWOWOWOWSON_SONOWOWO_WSWO_WOWSONWSOWSONWOW_OWOWOWOWOWOWOWO_______
14 10 _ONSWSONOWSONOWONWSNONOWONWSWOWSONS_N_SNONWS_ONWSOWOWOWOWOWONWS_NW_WOWOWSONOWSOWONWSO_WONWSOWONWOWOWOWOWOWOWOWO______
14 11 SWSNONWSWONWSWOWSONSWSWOWSONOWONWSN_____WSONOW_ONWOWOWOWOWOWSON_SONOWOWO_WSWO_WOWSONW_OW_O_WOWSOWOWOWOWOWOWOWOW______
14 12 _ONSWSONOWSONOWONWSNONOWONWSWOWSONS_N_SNONWSWONWS_WOWOWOWOWONWS__W_WOWOWSON_WSOWONW_O_WO_WSOWO_WOWOWOWOWOWOWOW_______
14 13 SWSNONWSWONWSWOWSONSWSWOWSONOWONWSN_____WSONOWSON_OWOWOWOWOWSON_SONOWOWO_WS_O_WOWSO_WSOWSO_WOWSOWOWOWOWOWOWOWO_______
14 14 _ONSWSONOWSONOWONWSNONOWONWSWOWS_NSON_SNONW_WO_WS_WOWOWOWOWO_W___W_WOWOWS_NOW_OWO_WSO_WO_WSOWO_WOWOWOWOWOWOWOWO______
14 15 SWSNONWSWONWSWOWSONSWSWOWS_NOWON_S_WS_N_WS_NOWSON_OWOWOWOWOWSON_SONOWOWO___WO_WOWSO_W_OWSO_WOWSOWOWOWOWOWOWOWOWO_____
14 16 _ONSWSONOWSONOWONWSNONOWON__WOWS_NS_N_SNO___WO_W_OWOWOWOWOWO_W___W_WOWOWS_NOWS_WO_WSO_WO_WSOWO_WOWOWOWOWOWOWOWOWO____
14 17 SWSNONWSWONWSWOWS_NSWSWOWS_NOWO__NS___N_WS_N_WSONW_WOWOWOWOWS_N_SONOWOWO___WO__OW_O_WSOWSO_WOWSOWOWOWOWOWOWOWOWOW____
14 18 _ONSWSONOWS_NOWON_S_ONOWO___WOWS_NS_N_S________W____WOWOWOWON____W_WOWOWS_NOWS_W__W_O_WO_WSOWO_WOWOWOWOWOWOWOWOW_____
14 19 SWSNS_WSWSN_SWSWS_NSW_WSWS_NSWSN_SN_S____S___________WSWSWSWS_N_S_N_WSWSN__W________W__WS__W_WS_WSWSWSWSWSWSWSWS_____
15 0 ____SN_SOSN_SOSOS_N_OS________S__S________S____S_OS_SOS_SOSOS_NO____O__________S__S_O___S__O__S__SOSO________________
15 1 N_N__S_NW_S_NW_WN_SNWN_____S___S_N___O_________O_WO__WO__WOWN__W_O__W________S_O___SW_O___SWO_____W_WO_______________
15 2 _____N_SO_N_SO__S_NSOSO____N_____SNO_W___S_N_OSW__W___W___WOS_NO_W_____________W_S__O_WOS__OW________WO______________
15 3 N_N__S_NW_S_NW__N_SNWNWO_N_SO__S_N_W__S__NO__W_____________WN__W_____O__S___O_______W__W__SW__________W______________
15 4 _____N_SO_N_SO__S_NSOSOW_S_NW__N_SN_S_N_OSW___S_N___________S_NOS_N_OW______W_O_________S__O__S_O____________________
15 5 N_N__S_NW_S_NW__N_SNWNWO_N_SO__S_N___OSNW_____N_______________SW____W___S_____WO__________SW____W____________________
15 6 _____N_SO_N_SO__S_NSOSOW_S_NW__N_SN__W___S_N_O__N___________S_N_S_N_O__________W________S__O_________________________
15 7 N_N__S_NW_S_NW__N_SNWNWO_N_SO__S_N_______N__OW__S_O_________N_S_N___W________S_____S______SWO________________________
15 8 _____N_SO_N_SO__S_NSOSOW_S_NW__N_SN_S_N__S_NW_S_N_W_________S_N_S_N_______SO_N___S_____O____W________________________
15 9 N_N__S_NW_S_NW__N_SNWNWO_N_SO__S_N_______N____N_____________N_S_N_S__O____NW___O_N_S_NOWN____________________________
15 10 __SN_N_SO_N_SO__S_NSOSOW_S_NW__N_SN_S_NS_S_N_O__N___________S_N_____OWO_N_S__N_W___NO_W___N__________________________
15 11 N_NS_S_NW_S_NW__N_SNWNWO_N_SO__S_N_______N_S_W______________N_S_N_S_WOW___N_O__O_N__W_O_______N__O___________________
15 12 __SN_N_SO_N_SO__S_NSOSOW_S_NW__N_SN_S_NS_S_N_O__N___________S_NO____OWO_N_S_WN_WO_____W___N_____OW___________________
15 13 N_NS_S_NW_S_NW__N_SNWNWO_N_SO__S_N_______N_S_WN_S_O_O_______N_SWN_S_WOW___N____OWN___N__N_____N_W____________O_O_____
15 14 __SN_N_SO_N_SO__S_NSOSOW_S_NW__N_SN_S_NS_S___O__NOWOW______O___O____OWO_N_S___OWO__N______N_____O___________OWOWO____
15 15 N_NS_S_NW_S_NW__N_SNWNWO_N_S__OS_N__NOS__N_S_WN_SWOWO_____OWN_SWN_S_W_WO____O_WOWN______N_____N_W________O_OWOWOW____
15 16 __SN_N_SO_N_SO__S_NSOSOWO____OWN_SN_SWNSO____O___OWOWO___OWOS__O____O_OWN___WNOWO__N______N_____O_____O_OWOWOWOW_____
15 17 N_NS_S_NW_S_NWO_N_SNWNWOWN_SOWO__SN__OS_WN_SOWN_SW_WOW__OWOWN_SWN_S_WOWO____O_WOW____N__N_____N_W____OWOWOWOWOWO_____
15 18 __SN_N_SO_N_SOWOS_N_OSOWO___WOWN_SN_SWNSO___W_______W__OWOWO___O____OWOWN___WNOWO_________N_____O_O_OWOWOWOWOWOWO____
15 19 N_NSN__NWNS_NWNWN_SNW_WNWN_SNWNS_NS_N_S_WN____________NWNWNWN_SWN___WNWN______W_W_______N_____N_WNWNWNWNWNWNWNWNW____
16 0 _O__NS_NON_ONONON_S_ONO_O____ON_ON______O_N__O_N__NONONONONON_S_______________ONO_N_O__ON__O_ON_ONON_________________
16 1 SWS_ON_SWONWSWOW_ONSW_WOW_ON_WONW____O__W_O__W____OWOWOWOWOW_O___O_____O____ONWOW_ONW_OW_ONWOW_OWOWO_________________
16 2 _O__WSONOWSONOWONWSNONOWO_W__OW_ON___W__ONW___N__OWOWOWOWOWONWS__W__O_OW_O__W_OWONW_O_WONW_OWO_WOWOW_________________
16 3 SWS_ONWSWONWSWOWSONSW_WOWSONOWONW____ON_W______O_WOWOWOWOWOW_O___O__WOWONW__O_WOW_O_W_OW_ONWOW_OWOW__________________
16 4 _O__WSONOWSONOWONWSNONOWONWSWOW_ON_ONW___N_S_ONW_OWOWOWOWOWONWS_NW__OWOW_O__W_OWO_W_O_WONW_OWONWOW___________________
16 5 SWS_ONWSWONWSWOWSONSW_WOWSONOWONWS_W_ONS_SO__W_O_WOWOWOWOWOW_ON__O__WOWONW__O_WOW_O_W_OW_ONWOW_OWO___________________
16 6 _O__WSONOWSONOWONWSNONOWONWSWOWSONSO_W__ONW__O_W_OWOWOWOWOWONWS_NW__OWOW_O__W_OWO_W_O_WONW_OWO_WOWO__________________
16 7 SWS_ONWSWONWSWOWSONSW_WOWSONOWONWS_W____W____W_ONWOWOWOWOWOW_ON__O__WOWO_W__ONWOW_ONW_OW_ONWOW_OWOW__________________
16 8 _O__WSONOWSONOWONWSNONOWONWSWOWSONSON_S_ON_S_ONW_OWOWOWOWOWONWS_NW__OWOW_ON_W_OWONW_O_WO_W_OWO_WOW___________________
16 9 SWS_ONWSWONWSWOWSONSW_WOWSONOWONWS_W____W_O__WSO_WOWOWOWOWOW_ON__ON_WOWO_W__O_WOW_ONW_OW_O_WOW_OWO___________________
16 10 _ONSWSONOWSONOWONWSNONOWONWSWOWSONSON_SNONW__O_W_OWOWOWOWOWONWS__W__OWOW_ON_W_OWO_W_O_WO_W_OWO_WOW___________________
16 11 SWSNONWSWONWSWOWSONSW_WOWSONOWONWS_W____WSONOW_O_WOWOWOWOWOWSON_SON_WOWO_WS_O_WOWSO_W_OW_O_WOW_OWO___________________
16 12 _ONSWSONOWSONOWONWSNONOWONWSWOWSONSON_SNONW_WO_W_OWOWOWOWOWONWS__W__OWOW_ON_WSOWO_WSO_WO_W_OWO_WOWO__________________
16 13 SWSNONWSWONWSWOWSONSWSWOWSONOWONWS_W____WSONOWSONWOWOWOWOWOWSON_SONOWOWO_WS_O_WOWSO_W_OW_O_WOW_OWOWO_________________
16 14 _ONSWSONOWSONOWONWSNONOWONWSWOWSONSON_SNONW_WO_W_OWOWOWOWOWO_WS__W_WOWOWSON_W_OWO_WSO_WO_WSOWO_WOWOW_________________
16 15 SWSNONWSWONWSWOWSONSWSWOWSONOWONWS_W__N_WSONOWSONWOWOWOWOWOWSON_SONOWOWO_WS_O_WOWSO_W_OWSO_WOW_OWOW__________________
16 16 _ONSWSONOWSONOWONWSN_NOWO_WSWOWS_NSON_SNO_W_WO_W_OWOWOWOWOWONW___W_WOWOW_O__WSOWO_WSO_WO_WSOWO_WOWO__________________
16 17 SWSNONWSWONWSWOWS_NS_SWOWSONOWO__N_WS_N_WS_NOWS_NWOWOWOWOWOWSON_SON_WOWO_W__O_WOWSO_W_OWSO_WOWSOWOWO_________________
16 18 _ONSWSONOWS_NOWON_S__NOWO_W_WOWS_NS_N_SNO___WO___OWOWOWOWOWO_W___W__OW_W_O__W__WO_WSO_WO_WSOWO_WOWOW_________________
16 19 SWSNS_WSWSN_SWSWS_NS_SWSWS_NSWSN_SN_S_NSWS___WS__W_WSWSWSWSWS_N_____W____W______WS__W__WS__W_WS_WSWS_________________
17 0 ____SN______S___S_N_O___O_____S________________S_OSOSOSO_OS_S_NOS____S_S_______S__S_O___S__O__S______________________
17 1 N_N__S_N__S_N_____SNW__OW__S___________________O_WOWOWOWOW_____W_O______S___OS_O___SW_O___SWO________________________
17 2 _____N_SO_N_SO__S_N_O__WO________________S___OSW_OWOWOWOWO__S_NOSW__O_______W__W_S__O_WO____W________________________
17 3 N_N__S_NW_S_NW__N_SNW___WN_S__________S___O_OW_O_WOWOWOWOW_____W_O__WO__S___________W__W_O___________________________
17 4 _____N_SO_N_SO__S_N_OS___S_N_____S_O____OSWNW__W_OWOWOWOW___S_NO_W__OWO__________________W___________________________
17 5 N_N__S_NW_S_NW__N_SNW____N_SO__S_N_W_OSNWN_____O_WOWOWOWO_____SW_O__WOWO_____________________________________________
17 6 _____N_SO_N_SO__S_N_OS___S_NW__N_SN__W__O____O_W_OWOWOWOW___S_NO_W__OWOW_O___________________________________________
17 7 N_N__S_NW_S_NW__N_SNW____N_SO__S_N___O__W_O_OW_O_WOWOWOWO_____SW_O__WOWO_W__O________________________________________
17 8 _____N_SO_N_SO__S_N_OS___S_NW__N_SN_SWN__SWNW__W_OW_WOW_W___S_NO_W__OWOW_O__W_O______________________________________
17 9 N_N__S_NW_S_NW__N_SNW____N_SO__S_N___O____O___NO_W___W________SW_O__WOWO_W__O_WO_____________________________________
17 10 __SN_N_SO_N_SO__S_N_OS___S_NW__N_SN_SWN__SW__O_W____________S_N_SW___W_W____W__W_____________________________________
17 11 N_NS_S_NW_S_NW__N_SNW____N_SO__S_N___O___N_S_W_O____________N_S_N____O____N______N___________________________________
17 12 __SN_N_SO_N_SO__S_N_OS___S_NW__N_SN_SWNS_S___O_W____________S_N_____OW_______N_____NO________________________________
17 13 N_NS_S_NW_S_NW__N_SNWN_O_N_SO__S_N___O___N_S_WN_S___________N_S_N___WO_O__N_O____N__W________________________________
17 14 __SN_N_SO_N_SO__S_N_OS_W_S_NW__N_SN_SWNS_S___O________________NO____OWOWN___W______NO_____NO_________________________
17 15 N_NS_S_NW_S_NW__N_SNWN_O_N_SO__S_N___O___N_S_WN_S_O_______O_N_SWNO__WOWO__N______N__W___N__W_________________________
17 16 __SN_N_SO_N_SO__S_N_OS_W_S_NWO_N_SN_SWNS_S___O___OW______OWO___O_W__OWOW_____N_____NO_____N_____O____________________
17 17 N_NS_S_NW_S_NWO_N_SNWN_O_N_S_WO_____NOS__N_S_WN_SW______OWOWN_SWNO__WOWO_________N__W___N_____N_W____________________
17 18 __SN_N_S__N_S_WOS_N_OS_WO____OWN_SN_SWNS_S___O_________OWOWO___O_W___W_W___________NO_____N_____O_O_O________________
17 19 N_NSN__N_NS_N_NWN_SNWN_NWN_SNWNS_NS_N_SN_N_S_WN_____N_NWNWNWN_SW_________________N__W___N_____N_WNWNW________________
18 0 _O__N_O____ON__ON___O___O____ON_O____________O_N__NONONO__NON__ON___ONON_O____ONO_N_O__ON__O_ON______________________
18 1 SWS_ONW__ONW__OW_ON_W__OW_ON_WO_W____O____O__W_____W_W_WO_OW_O_W_O__WOWONW__ONWOW_ONW_OW_ONWOW_______________________
18 2 _O__WSONOWSONOWONW__O__WO_W__OW_O____W__ONW___N__O______WOWONW_ONW__OWOW_O__W_OWONW_O_WO_W_OW________________________
18 3 SWS_ONWSWONWSWOWSON_W__OW_ON_WO_W____ON_W_O______W______OWOW_O_W_O__WOWONW__O_WOW_O_W_OW_O_W_________________________
18 4 _O__WSONOWSONOWONWS__NOWONWS_OW_ON___W__ONW__O___O___O_OWOWONW_O_W__OWOW_O__W_OWO_W_O_WO_W___________________________
18 5 SWS_ONWSWONWSWOWSON__SWOWSONOWONW____ON_W_O__W_O_WO_OWOWOWOW_ONW_O__WOWO_W__O_WOW_O_W_OW_____________________________
18 6 _O__WSONOWSONOWONWS__NOWONWSWOWSON___W__O_W__O_W_OWOWOWOWOWONW_O_W__OWOW_O__W_OWO_W_O_W______________________________
18 7 SWS_ONWSWONWSWOWSONS_SWOWSONOWONWS___O__WSO__W_O_WOWOWOWOWOW_ONW_O__WOWO_W__O_WOW_O_W________________________________
18 8 _O__WSONOWSONOWONWS__NOWONWSWOWSON_ONWS_ONWS_O_W_OWOWOWOWOWONW_O_W__OWOW_O__W_OWO_W__________________________________
18 9 SWS_ONWSWONWSWOWSONS_SWOWSONOWONWS_WS___W_O__WSO_WOWOWOWOWOW_ONW_O__WOWO_W__O_WOW____________________________________
18 10 _ON_WSONOWSONOWONWS__NOWONWSWOWSON_ON___ONWS_O_WSOWOWOWOWOWONW_ONW__OWOW_O__W_OW_____________________________________
18 11 SWSNONWSWONWSWOWSONS_SWOWSONOWONWS_WS___W_ONOWSO_WOWOWOWOWOW_ONW_O__WOWO_W__O_WO_____________________________________
18 12 _ON_WSONOWSONOWONWS__NOWONWSWOWSONSON_SNONWSWO_WSOWOWOWOWOWONW_O_W__OWOW_O__W_OWO____________________________________
18 13 SWSNONWSWONWSWOWSONS_SWOWSONOWONWS_WS___WSONOWSONWOWOWOWOWOWSONW_O__WOWO_W__O_W_W____________________________________
18 14 _ON_WSONOWSONOWONWS__NOWONWSWOWSONSON_SNONWSWO_WSOWOWOWOWOWO_WSO_W__OWOW_O__W_O______________________________________
18 15 SWSNONWSWONWSWOWSONS_SWOWSONOWONWS_WS___WSONOWSONWOWOWOWOWOWSONW_O__WOWO_W____WO_____________________________________
18 16 _ON_WSONOWSONOWONWS__NOWONWSWOWSONSON_SNONWSWO_WSOWOWOWOWOWO_W_O_W__OWOW_______W_____________________________________
18 17 SWSNONWSWONWSWOWSON__SWOWSONOWO_W_SWS_N_WSONOWSONWOWOWOWOWOWSONW_O__WOWO_____________________________________________
18 18 _ON_WSONOWSONOWONWS__NOWO_WSWOWS_NSON_SNONWSWO_WSOWOWOWOWOWO_W_O_W__OWOW_O___________________________________________
18 19 SWSN__WSWSNWSWSWS_N__SW_WS_N_WSN_SNWS_N_WS_NSWS__W_WSWSWSWSWS_NW____W_W__WS__________________________________________
19 0 _____________________________________________________________________________________________________________________
19 1 N_N__________________________________________________________________________________________________________________
19 2 _____N____N__________________________________________________________________________________________________________
19 3 N_N____N____N_O_N____________________________________________________________________________________________________
19 4 _____N____N___W___N_O______N_O_______________________________________________________________________________________
19 5 N_N____N____N_O_N___WN___N___W_______________________________________________________________________________________
19 6 _____N____N___W___N_O______N___N_____________________________________________________________________________________
19 7 N_N____N____N_O_N__NWN___N_______N_______N___________________________________________________________________________
19 8 _____N____N___W___N_O______N_O_N______N____N_________________________________________________________________________
19 9 N_N____N____N_O_N__NWN___N___W___N__NO________N________________________________O_____________________________________
19 10 _____N____N___W___N_O______N_O_N_____W__O__N____N________________________O____OW_____________________________________
19 11 N_N____N____N_O_N__NWN___N___W___N__N___W_____N________________________O_W__O_W______________________________________
19 12 _____N____N___W___N_O______N_O_N__N___N____N____N_____________________OW_O__W________________________________________
19 13 N_N____N____N___N__NWN___N___W___N__N____N____N___O_________N____O___OWO_W__O________________________________________
19 14 _____N____N_______N_O______N_O_N__N___N____N____NOW___________NO_W__OWOW_O__W________________________________________
19 15 N_N____N____N___N__NWN___N___W___N__N____N____N__W__________NO_W_O__WOWO_W___________________________________________
19 16 _____N____N_______N_O______N_O_N__N___N____N____NO_______O_O_W_O_W__OWOW_____________________________________________
19 17 N_N____N____N___N___WN___N___W____N_N____N____N__W______OWOWN__W_O__WOWO_____________________________________________
19 18 _____N____N_______N_O______N___N__N___N____N____NO___O_OWOWO___O_W__OWOW_____________________________________________
19 19 N_N____N_N__N_N_N___WN___N____N__N__N____N__N_N__W__NWNWNWNWN__W____W_W___N__________________________________________